2018-06-25 06:28:02,090 INFO  HTTP_INIT_CLIENT: Starting HTTP interface connecting to server http://localhost:8765/
LOGIN SUCCESSFUL
2018-06-25 06:28:03,896 DEBUG --START--
2018-06-25 06:28:03,901 INFO  Starting - Batch - processHostData from /bcrp/prd/application/BatchManager/bin/Daily.batch
2018-06-25 06:28:03,906 INFO  Execute - Batch - processHostData
2018-06-25 06:57:10,410 INFO  Completed - Batch - processHostData from /bcrp/prd/application/BatchManager/bin/Daily.batch
2018-06-25 06:57:10,410 INFO  Finished - Batch - processHostData
2018-06-25 06:57:10,411 INFO  Starting - Batch - dailyWorkListTabsUpdate from /bcrp/prd/application/BatchManager/bin/Daily.batch
2018-06-25 06:57:10,412 INFO  Execute - Batch - dailyWorkListTabsUpdate
2018-06-25 06:57:55,404 INFO  Completed - Batch - dailyWorkListTabsUpdate from /bcrp/prd/application/BatchManager/bin/Daily.batch
2018-06-25 06:57:55,405 INFO  Finished - Batch - dailyWorkListTabsUpdate
2018-06-25 06:57:55,405 INFO  Starting - Batch - promiseEvaluation from /bcrp/prd/application/BatchManager/bin/Daily.batch
2018-06-25 06:57:55,406 INFO  Execute - Batch - promiseEvaluation
2018-06-25 07:01:16,653 INFO  Completed - Batch - promiseEvaluation from /bcrp/prd/application/BatchManager/bin/Daily.batch
2018-06-25 07:01:16,653 INFO  Finished - Batch - promiseEvaluation
2018-06-25 07:01:16,653 INFO  Starting - Batch - refreshAccountCheck from /bcrp/prd/application/BatchManager/bin/Daily.batch
2018-06-25 07:01:16,654 INFO  Execute - Batch - refreshAccountCheck
2018-06-25 07:01:16,680 INFO  Completed - Batch - refreshAccountCheck from /bcrp/prd/application/BatchManager/bin/Daily.batch
2018-06-25 07:01:16,680 INFO  Finished - Batch - refreshAccountCheck
2018-06-25 07:01:16,680 INFO  Starting - Batch - refreshAccountLoanApplication from /bcrp/prd/application/BatchManager/bin/Daily.batch
2018-06-25 07:01:16,682 INFO  Execute - Batch - refreshAccountLoanApplication
2018-06-25 07:02:01,831 INFO  Completed - Batch - refreshAccountLoanApplication from /bcrp/prd/application/BatchManager/bin/Daily.batch
2018-06-25 07:02:01,831 INFO  Finished - Batch - refreshAccountLoanApplication
2018-06-25 07:02:01,831 INFO  Starting - Batch - refreshAccountCollateral from /bcrp/prd/application/BatchManager/bin/Daily.batch
2018-06-25 07:02:01,833 INFO  Execute - Batch - refreshAccountCollateral
2018-06-25 07:03:50,106 INFO  Completed - Batch - refreshAccountCollateral from /bcrp/prd/application/BatchManager/bin/Daily.batch
2018-06-25 07:03:50,106 INFO  Finished - Batch - refreshAccountCollateral
2018-06-25 07:03:50,106 INFO  Starting - Batch - updateAccountLastStandingInstructions from /bcrp/prd/application/BatchManager/bin/Daily.batch
2018-06-25 07:03:50,108 INFO  Execute - Batch - updateAccountLastStandingInstructions
2018-06-25 07:04:22,919 INFO  Completed - Batch - updateAccountLastStandingInstructions from /bcrp/prd/application/BatchManager/bin/Daily.batch
2018-06-25 07:04:22,919 INFO  Finished - Batch - updateAccountLastStandingInstructions
2018-06-25 07:04:22,919 INFO  Starting - Batch - refreshAccountGuarantor from /bcrp/prd/application/BatchManager/bin/Daily.batch
2018-06-25 07:04:22,921 INFO  Execute - Batch - refreshAccountGuarantor
2018-06-25 07:04:32,072 INFO  Completed - Batch - refreshAccountGuarantor from /bcrp/prd/application/BatchManager/bin/Daily.batch
2018-06-25 07:04:32,072 INFO  Finished - Batch - refreshAccountGuarantor
2018-06-25 07:04:32,072 INFO  Starting - Batch - DAILY_AGENCY_PAYMENT_DELETE_BATCH from /bcrp/prd/application/BatchManager/bin/Daily.batch
2018-06-25 07:04:32,074 INFO  Execute - Batch - DAILY_AGENCY_PAYMENT_DELETE_BATCH
2018-06-25 07:04:32,147 INFO  Completed - Batch - DAILY_AGENCY_PAYMENT_DELETE_BATCH from /bcrp/prd/application/BatchManager/bin/Daily.batch
2018-06-25 07:04:32,147 INFO  Finished - Batch - DAILY_AGENCY_PAYMENT_DELETE_BATCH
2018-06-25 07:04:32,147 INFO  Starting - Batch - DAILY_AGENCY_PAYMENT_INSERT_BATCH from /bcrp/prd/application/BatchManager/bin/Daily.batch
2018-06-25 07:04:32,149 INFO  Execute - Batch - DAILY_AGENCY_PAYMENT_INSERT_BATCH
2018-06-25 07:04:49,549 INFO  Completed - Batch - DAILY_AGENCY_PAYMENT_INSERT_BATCH from /bcrp/prd/application/BatchManager/bin/Daily.batch
2018-06-25 07:04:49,549 INFO  Finished - Batch - DAILY_AGENCY_PAYMENT_INSERT_BATCH
2018-06-25 07:04:49,549 INFO  Starting - Batch - AUTOMATICALLY_UNSUCCESSFUL_EARMARK from /bcrp/prd/application/BatchManager/bin/Daily.batch
2018-06-25 07:04:49,550 INFO  Execute - Batch - AUTOMATICALLY_UNSUCCESSFUL_EARMARK
2018-06-25 07:04:49,568 INFO  Completed - Batch - AUTOMATICALLY_UNSUCCESSFUL_EARMARK from /bcrp/prd/application/BatchManager/bin/Daily.batch
2018-06-25 07:04:49,568 INFO  Finished - Batch - AUTOMATICALLY_UNSUCCESSFUL_EARMARK
2018-06-25 07:04:49,568 INFO  Starting - Batch - RnRCurrScheActualRemainingAmtUpdate from /bcrp/prd/application/BatchManager/bin/Daily.batch
2018-06-25 07:04:49,569 INFO  Execute - Batch - RnRCurrScheActualRemainingAmtUpdate
2018-06-25 07:04:50,997 INFO  Completed - Batch - RnRCurrScheActualRemainingAmtUpdate from /bcrp/prd/application/BatchManager/bin/Daily.batch
2018-06-25 07:04:50,998 INFO  Finished - Batch - RnRCurrScheActualRemainingAmtUpdate
2018-06-25 07:04:50,998 INFO  Starting - Batch - AUTOMATICALLY_UNSUCCESSFUL_VISITATION from /bcrp/prd/application/BatchManager/bin/Daily.batch
2018-06-25 07:04:50,999 INFO  Execute - Batch - AUTOMATICALLY_UNSUCCESSFUL_VISITATION
2018-06-25 07:04:51,020 INFO  Completed - Batch - AUTOMATICALLY_UNSUCCESSFUL_VISITATION from /bcrp/prd/application/BatchManager/bin/Daily.batch
2018-06-25 07:04:51,020 INFO  Finished - Batch - AUTOMATICALLY_UNSUCCESSFUL_VISITATION
2018-06-25 07:04:51,020 INFO  Starting - Batch - ledgerDaily from /bcrp/prd/application/BatchManager/bin/Daily.batch
2018-06-25 07:04:51,021 INFO  Execute - Batch - ledgerDaily
2018-06-25 07:05:59,716 INFO  Completed - Batch - ledgerDaily from /bcrp/prd/application/BatchManager/bin/Daily.batch
2018-06-25 07:05:59,716 INFO  Finished - Batch - ledgerDaily
2018-06-25 07:05:59,716 INFO  Starting - Batch - appAgencyDailyProcess from /bcrp/prd/application/BatchManager/bin/Daily.batch
2018-06-25 07:05:59,717 INFO  Execute - Batch - appAgencyDailyProcess
2018-06-25 07:07:51,255 INFO  Completed - Batch - appAgencyDailyProcess from /bcrp/prd/application/BatchManager/bin/Daily.batch
2018-06-25 07:07:51,256 INFO  Finished - Batch - appAgencyDailyProcess
2018-06-25 07:07:51,256 INFO  Starting - Batch - poolCallingPriority from /bcrp/prd/application/BatchManager/bin/Daily.batch
2018-06-25 07:07:51,257 INFO  Execute - Batch - poolCallingPriority
2018-06-25 07:07:51,763 INFO  Completed - Batch - poolCallingPriority from /bcrp/prd/application/BatchManager/bin/Daily.batch
2018-06-25 07:07:51,764 INFO  Finished - Batch - poolCallingPriority
2018-06-25 07:07:51,764 DEBUG --DONE--
