2018-05-31 21:00:01,785 INFO  HTTP_INIT_CLIENT: Starting HTTP interface connecting to server http://localhost:8765/
LOGIN SUCCESSFUL
2018-05-31 21:00:01,924 DEBUG --START--
2018-05-31 21:00:01,929 INFO  Starting - Batch - truncateScoringData from /bcrp/prd/application/BatchManager/bin/Evening_Month_End.batch
2018-05-31 21:00:01,943 INFO  Execute - Batch - truncateScoringData
2018-05-31 21:00:02,207 INFO  Completed - Batch - truncateScoringData from /bcrp/prd/application/BatchManager/bin/Evening_Month_End.batch
2018-05-31 21:00:02,207 INFO  Finished - Batch - truncateScoringData
2018-05-31 21:00:02,208 INFO  Starting - Batch - truncateAccountMiaTrend from /bcrp/prd/application/BatchManager/bin/Evening_Month_End.batch
2018-05-31 21:00:02,210 INFO  Execute - Batch - truncateAccountMiaTrend
2018-05-31 21:00:02,719 INFO  Completed - Batch - truncateAccountMiaTrend from /bcrp/prd/application/BatchManager/bin/Evening_Month_End.batch
2018-05-31 21:00:02,719 INFO  Finished - Batch - truncateAccountMiaTrend
2018-05-31 21:00:02,720 INFO  Starting - Batch - ClearAccTreatmentInfo from /bcrp/prd/application/BatchManager/bin/Evening_Month_End.batch
2018-05-31 21:00:02,721 INFO  Execute - Batch - ClearAccTreatmentInfo
2018-05-31 21:00:10,207 INFO  Completed - Batch - ClearAccTreatmentInfo from /bcrp/prd/application/BatchManager/bin/Evening_Month_End.batch
2018-05-31 21:00:10,208 INFO  Finished - Batch - ClearAccTreatmentInfo
2018-05-31 21:00:10,208 INFO  Starting - Batch - InsertAccTreatmentInfo from /bcrp/prd/application/BatchManager/bin/Evening_Month_End.batch
2018-05-31 21:00:10,209 INFO  Execute - Batch - InsertAccTreatmentInfo
2018-05-31 21:00:26,986 INFO  Completed - Batch - InsertAccTreatmentInfo from /bcrp/prd/application/BatchManager/bin/Evening_Month_End.batch
2018-05-31 21:00:26,987 INFO  Finished - Batch - InsertAccTreatmentInfo
2018-05-31 21:00:26,987 INFO  Starting - Batch - UpdateAccTreatmentInfoForPromise from /bcrp/prd/application/BatchManager/bin/Evening_Month_End.batch
2018-05-31 21:00:26,988 INFO  Execute - Batch - UpdateAccTreatmentInfoForPromise
2018-05-31 21:04:24,100 INFO  Completed - Batch - UpdateAccTreatmentInfoForPromise from /bcrp/prd/application/BatchManager/bin/Evening_Month_End.batch
2018-05-31 21:04:24,100 INFO  Finished - Batch - UpdateAccTreatmentInfoForPromise
2018-05-31 21:04:24,100 INFO  Starting - Batch - UpdateAccTreatmentInfoForCalls from /bcrp/prd/application/BatchManager/bin/Evening_Month_End.batch
2018-05-31 21:04:24,101 INFO  Execute - Batch - UpdateAccTreatmentInfoForCalls
2018-05-31 21:07:00,877 INFO  Completed - Batch - UpdateAccTreatmentInfoForCalls from /bcrp/prd/application/BatchManager/bin/Evening_Month_End.batch
2018-05-31 21:07:00,877 INFO  Finished - Batch - UpdateAccTreatmentInfoForCalls
2018-05-31 21:07:00,877 INFO  Starting - Batch - DeleteCIFTotalOS from /bcrp/prd/application/BatchManager/bin/Evening_Month_End.batch
2018-05-31 21:07:00,879 INFO  Execute - Batch - DeleteCIFTotalOS
2018-05-31 21:07:19,110 INFO  Completed - Batch - DeleteCIFTotalOS from /bcrp/prd/application/BatchManager/bin/Evening_Month_End.batch
2018-05-31 21:07:19,110 INFO  Finished - Batch - DeleteCIFTotalOS
2018-05-31 21:07:19,110 INFO  Starting - Batch - InsertCIFTotalOS from /bcrp/prd/application/BatchManager/bin/Evening_Month_End.batch
2018-05-31 21:07:19,112 INFO  Execute - Batch - InsertCIFTotalOS
2018-05-31 21:08:27,420 INFO  Completed - Batch - InsertCIFTotalOS from /bcrp/prd/application/BatchManager/bin/Evening_Month_End.batch
2018-05-31 21:08:27,420 INFO  Finished - Batch - InsertCIFTotalOS
2018-05-31 21:08:27,420 INFO  Starting - Batch - DeleteAccMarketValue from /bcrp/prd/application/BatchManager/bin/Evening_Month_End.batch
2018-05-31 21:08:27,422 INFO  Execute - Batch - DeleteAccMarketValue
2018-05-31 21:08:45,175 INFO  Completed - Batch - DeleteAccMarketValue from /bcrp/prd/application/BatchManager/bin/Evening_Month_End.batch
2018-05-31 21:08:45,175 INFO  Finished - Batch - DeleteAccMarketValue
2018-05-31 21:08:45,175 INFO  Starting - Batch - InsertAccMarketValue from /bcrp/prd/application/BatchManager/bin/Evening_Month_End.batch
2018-05-31 21:08:45,176 INFO  Execute - Batch - InsertAccMarketValue
2018-05-31 21:09:21,508 INFO  Completed - Batch - InsertAccMarketValue from /bcrp/prd/application/BatchManager/bin/Evening_Month_End.batch
2018-05-31 21:09:21,509 INFO  Finished - Batch - InsertAccMarketValue
2018-05-31 21:09:21,509 INFO  Starting - Batch - UpdateCustomerPrefixName from /bcrp/prd/application/BatchManager/bin/Evening_Month_End.batch
2018-05-31 21:09:21,510 INFO  Execute - Batch - UpdateCustomerPrefixName
2018-05-31 21:20:36,184 INFO  Completed - Batch - UpdateCustomerPrefixName from /bcrp/prd/application/BatchManager/bin/Evening_Month_End.batch
2018-05-31 21:20:36,184 INFO  Finished - Batch - UpdateCustomerPrefixName
2018-05-31 21:20:36,184 INFO  Starting - Batch - updatePmmContactInfo from /bcrp/prd/application/BatchManager/bin/Evening_Month_End.batch
2018-05-31 21:20:36,185 INFO  Execute - Batch - updatePmmContactInfo
2018-05-31 21:20:36,677 INFO  Completed - Batch - updatePmmContactInfo from /bcrp/prd/application/BatchManager/bin/Evening_Month_End.batch
2018-05-31 21:20:36,677 INFO  Finished - Batch - updatePmmContactInfo
2018-05-31 21:20:36,677 DEBUG --DONE--
