2018-06-02 09:57:13,885 INFO  HTTP_INIT_CLIENT: Starting HTTP interface connecting to server http://localhost:8765/
LOGIN SUCCESSFUL
2018-06-02 09:57:14,066 DEBUG --START--
2018-06-02 09:57:14,071 INFO  Starting - Batch - executeMgWlg from /bcrp/prd/application/BatchManager/bin/MGWorkList_2.batch
2018-06-02 09:57:14,076 INFO  Execute - Batch - executeMgWlg
2018-06-02 10:03:12,224 INFO  Completed - Batch - executeMgWlg from /bcrp/prd/application/BatchManager/bin/MGWorkList_2.batch
2018-06-02 10:03:12,224 INFO  Finished - Batch - executeMgWlg
2018-06-02 10:03:12,225 INFO  Starting - Batch - updateMgTlFirstOfTheMonthWorklistAssignmentToHistory from /bcrp/prd/application/BatchManager/bin/MGWorkList_2.batch
2018-06-02 10:03:12,226 INFO  Execute - Batch - updateMgTlFirstOfTheMonthWorklistAssignmentToHistory
2018-06-02 10:05:02,420 INFO  Completed - Batch - updateMgTlFirstOfTheMonthWorklistAssignmentToHistory from /bcrp/prd/application/BatchManager/bin/MGWorkList_2.batch
2018-06-02 10:05:02,420 INFO  Finished - Batch - updateMgTlFirstOfTheMonthWorklistAssignmentToHistory
2018-06-02 10:05:02,420 INFO  Starting - Batch - updateAccountWorklistAssignmentMg from /bcrp/prd/application/BatchManager/bin/MGWorkList_2.batch
2018-06-02 10:05:02,421 INFO  Execute - Batch - updateAccountWorklistAssignmentMg
2018-06-02 10:08:28,399 INFO  Completed - Batch - updateAccountWorklistAssignmentMg from /bcrp/prd/application/BatchManager/bin/MGWorkList_2.batch
2018-06-02 10:08:28,399 INFO  Finished - Batch - updateAccountWorklistAssignmentMg
2018-06-02 10:08:28,400 INFO  Starting - Batch - 24MonthProfileUpdate from /bcrp/prd/application/BatchManager/bin/MGWorkList_2.batch
2018-06-02 10:08:28,400 INFO  Execute - Batch - 24MonthProfileUpdate
2018-06-02 10:19:26,913 INFO  Completed - Batch - 24MonthProfileUpdate from /bcrp/prd/application/BatchManager/bin/MGWorkList_2.batch
2018-06-02 10:19:26,913 INFO  Finished - Batch - 24MonthProfileUpdate
2018-06-02 10:19:26,913 INFO  Starting - Batch - refreshSupervisoryAccountHp from /bcrp/prd/application/BatchManager/bin/MGWorkList_2.batch
2018-06-02 10:19:26,915 INFO  Execute - Batch - refreshSupervisoryAccountHp
2018-06-02 10:19:29,584 INFO  Completed - Batch - refreshSupervisoryAccountHp from /bcrp/prd/application/BatchManager/bin/MGWorkList_2.batch
2018-06-02 10:19:29,584 INFO  Finished - Batch - refreshSupervisoryAccountHp
2018-06-02 10:19:29,584 INFO  Starting - Batch - refreshSupervisoryAccountMg from /bcrp/prd/application/BatchManager/bin/MGWorkList_2.batch
2018-06-02 10:19:29,586 INFO  Execute - Batch - refreshSupervisoryAccountMg
2018-06-02 10:19:33,514 INFO  Completed - Batch - refreshSupervisoryAccountMg from /bcrp/prd/application/BatchManager/bin/MGWorkList_2.batch
2018-06-02 10:19:33,514 INFO  Finished - Batch - refreshSupervisoryAccountMg
2018-06-02 10:19:33,515 INFO  Starting - Batch - refreshSupervisoryAccountOd from /bcrp/prd/application/BatchManager/bin/MGWorkList_2.batch
2018-06-02 10:19:33,516 INFO  Execute - Batch - refreshSupervisoryAccountOd
2018-06-02 10:19:34,354 INFO  Completed - Batch - refreshSupervisoryAccountOd from /bcrp/prd/application/BatchManager/bin/MGWorkList_2.batch
2018-06-02 10:19:34,354 INFO  Finished - Batch - refreshSupervisoryAccountOd
2018-06-02 10:19:34,354 INFO  Starting - Batch - refreshSupervisoryAccountPl from /bcrp/prd/application/BatchManager/bin/MGWorkList_2.batch
2018-06-02 10:19:34,355 INFO  Execute - Batch - refreshSupervisoryAccountPl
2018-06-02 10:19:37,638 INFO  Completed - Batch - refreshSupervisoryAccountPl from /bcrp/prd/application/BatchManager/bin/MGWorkList_2.batch
2018-06-02 10:19:37,639 INFO  Finished - Batch - refreshSupervisoryAccountPl
2018-06-02 10:19:37,639 INFO  Starting - Batch - executeLegalWorklistVisualTreeHp from /bcrp/prd/application/BatchManager/bin/MGWorkList_2.batch
2018-06-02 10:19:37,640 INFO  Execute - Batch - executeLegalWorklistVisualTreeHp
2018-06-02 10:28:30,890 INFO  Completed - Batch - executeLegalWorklistVisualTreeHp from /bcrp/prd/application/BatchManager/bin/MGWorkList_2.batch
2018-06-02 10:28:30,890 INFO  Finished - Batch - executeLegalWorklistVisualTreeHp
2018-06-02 10:28:30,890 INFO  Starting - Batch - executeLegalWorklistVisualTreeOd from /bcrp/prd/application/BatchManager/bin/MGWorkList_2.batch
2018-06-02 10:28:30,892 INFO  Execute - Batch - executeLegalWorklistVisualTreeOd
2018-06-02 10:33:59,805 INFO  Completed - Batch - executeLegalWorklistVisualTreeOd from /bcrp/prd/application/BatchManager/bin/MGWorkList_2.batch
2018-06-02 10:33:59,805 INFO  Finished - Batch - executeLegalWorklistVisualTreeOd
2018-06-02 10:33:59,805 INFO  Starting - Batch - executeLegalWorklistVisualTreePl from /bcrp/prd/application/BatchManager/bin/MGWorkList_2.batch
2018-06-02 10:33:59,807 INFO  Execute - Batch - executeLegalWorklistVisualTreePl
2018-06-02 10:38:15,623 INFO  Completed - Batch - executeLegalWorklistVisualTreePl from /bcrp/prd/application/BatchManager/bin/MGWorkList_2.batch
2018-06-02 10:38:15,623 INFO  Finished - Batch - executeLegalWorklistVisualTreePl
2018-06-02 10:38:15,623 INFO  Starting - Batch - executeLegalWorklistVisualTreeMg from /bcrp/prd/application/BatchManager/bin/MGWorkList_2.batch
2018-06-02 10:38:15,624 INFO  Execute - Batch - executeLegalWorklistVisualTreeMg
2018-06-02 10:43:04,318 INFO  Completed - Batch - executeLegalWorklistVisualTreeMg from /bcrp/prd/application/BatchManager/bin/MGWorkList_2.batch
2018-06-02 10:43:04,318 INFO  Finished - Batch - executeLegalWorklistVisualTreeMg
2018-06-02 10:43:04,318 DEBUG --DONE--
