2018-06-01 17:37:44,840 INFO  HTTP_INIT_CLIENT: Starting HTTP interface connecting to server http://localhost:8765/
LOGIN SUCCESSFUL
2018-06-01 17:37:47,326 DEBUG --START--
2018-06-01 17:37:47,331 INFO  Starting - Batch - executeWlgHpFixed from /bcrp/prd/application/BatchManager/bin/Supp_PostWL_6.batch
2018-06-01 17:37:47,336 INFO  Execute - Batch - executeWlgHpFixed
2018-06-01 17:37:48,672 INFO  Completed - Batch - executeWlgHpFixed from /bcrp/prd/application/BatchManager/bin/Supp_PostWL_6.batch
2018-06-01 17:37:48,672 INFO  Finished - Batch - executeWlgHpFixed
2018-06-01 17:37:48,672 INFO  Starting - Batch - executeWlgOdFixed from /bcrp/prd/application/BatchManager/bin/Supp_PostWL_6.batch
2018-06-01 17:37:48,673 INFO  Execute - Batch - executeWlgOdFixed
2018-06-01 17:37:49,037 INFO  Completed - Batch - executeWlgOdFixed from /bcrp/prd/application/BatchManager/bin/Supp_PostWL_6.batch
2018-06-01 17:37:49,038 INFO  Finished - Batch - executeWlgOdFixed
2018-06-01 17:37:49,038 INFO  Starting - Batch - executeWlgMgFixed from /bcrp/prd/application/BatchManager/bin/Supp_PostWL_6.batch
2018-06-01 17:37:49,039 INFO  Execute - Batch - executeWlgMgFixed
2018-06-01 17:37:49,633 INFO  Completed - Batch - executeWlgMgFixed from /bcrp/prd/application/BatchManager/bin/Supp_PostWL_6.batch
2018-06-01 17:37:49,633 INFO  Finished - Batch - executeWlgMgFixed
2018-06-01 17:37:49,633 INFO  Starting - Batch - executeWlgHpFloat from /bcrp/prd/application/BatchManager/bin/Supp_PostWL_6.batch
2018-06-01 17:37:49,635 INFO  Execute - Batch - executeWlgHpFloat
2018-06-01 17:37:49,663 INFO  Completed - Batch - executeWlgHpFloat from /bcrp/prd/application/BatchManager/bin/Supp_PostWL_6.batch
2018-06-01 17:37:49,663 INFO  Finished - Batch - executeWlgHpFloat
2018-06-01 17:37:49,664 INFO  Starting - Batch - executeWlgOdFloat from /bcrp/prd/application/BatchManager/bin/Supp_PostWL_6.batch
2018-06-01 17:37:49,665 INFO  Execute - Batch - executeWlgOdFloat
2018-06-01 17:37:49,692 INFO  Completed - Batch - executeWlgOdFloat from /bcrp/prd/application/BatchManager/bin/Supp_PostWL_6.batch
2018-06-01 17:37:49,693 INFO  Finished - Batch - executeWlgOdFloat
2018-06-01 17:37:49,693 INFO  Starting - Batch - executeWlgMgFloat from /bcrp/prd/application/BatchManager/bin/Supp_PostWL_6.batch
2018-06-01 17:37:49,694 INFO  Execute - Batch - executeWlgMgFloat
2018-06-01 17:37:49,722 INFO  Completed - Batch - executeWlgMgFloat from /bcrp/prd/application/BatchManager/bin/Supp_PostWL_6.batch
2018-06-01 17:37:49,723 INFO  Finished - Batch - executeWlgMgFloat
2018-06-01 17:37:49,723 INFO  Starting - Batch - executeWlgHpAppendixA from /bcrp/prd/application/BatchManager/bin/Supp_PostWL_6.batch
2018-06-01 17:37:49,724 INFO  Execute - Batch - executeWlgHpAppendixA
2018-06-01 17:38:23,663 INFO  Completed - Batch - executeWlgHpAppendixA from /bcrp/prd/application/BatchManager/bin/Supp_PostWL_6.batch
2018-06-01 17:38:23,664 INFO  Finished - Batch - executeWlgHpAppendixA
2018-06-01 17:38:23,664 INFO  Starting - Batch - executeWlgOdAppendixA from /bcrp/prd/application/BatchManager/bin/Supp_PostWL_6.batch
2018-06-01 17:38:23,665 INFO  Execute - Batch - executeWlgOdAppendixA
2018-06-01 17:38:33,249 INFO  Completed - Batch - executeWlgOdAppendixA from /bcrp/prd/application/BatchManager/bin/Supp_PostWL_6.batch
2018-06-01 17:38:33,250 INFO  Finished - Batch - executeWlgOdAppendixA
2018-06-01 17:38:33,250 INFO  Starting - Batch - executeWlgMgAppendixA from /bcrp/prd/application/BatchManager/bin/Supp_PostWL_6.batch
2018-06-01 17:38:33,250 INFO  Execute - Batch - executeWlgMgAppendixA
2018-06-01 17:45:44,634 INFO  Completed - Batch - executeWlgMgAppendixA from /bcrp/prd/application/BatchManager/bin/Supp_PostWL_6.batch
2018-06-01 17:45:44,634 INFO  Finished - Batch - executeWlgMgAppendixA
2018-06-01 17:45:44,634 INFO  Starting - Batch - updateAccountWorklistAssignment from /bcrp/prd/application/BatchManager/bin/Supp_PostWL_6.batch
2018-06-01 17:45:44,636 INFO  Execute - Batch - updateAccountWorklistAssignment
2018-06-01 17:51:41,331 INFO  Completed - Batch - updateAccountWorklistAssignment from /bcrp/prd/application/BatchManager/bin/Supp_PostWL_6.batch
2018-06-01 17:51:41,332 INFO  Finished - Batch - updateAccountWorklistAssignment
2018-06-01 17:51:41,332 INFO  Starting - Batch - updateHpPlFirstOfTheMonthWorklistAssignmentToHistory from /bcrp/prd/application/BatchManager/bin/Supp_PostWL_6.batch
2018-06-01 17:51:41,333 INFO  Execute - Batch - updateHpPlFirstOfTheMonthWorklistAssignmentToHistory
2018-06-01 18:03:30,606 INFO  Completed - Batch - updateHpPlFirstOfTheMonthWorklistAssignmentToHistory from /bcrp/prd/application/BatchManager/bin/Supp_PostWL_6.batch
2018-06-01 18:03:30,606 INFO  Finished - Batch - updateHpPlFirstOfTheMonthWorklistAssignmentToHistory
2018-06-01 18:03:30,606 INFO  Starting - Batch - updateOdFirstOfTheMonthWorklistAssignmentToHistory from /bcrp/prd/application/BatchManager/bin/Supp_PostWL_6.batch
2018-06-01 18:03:30,608 INFO  Execute - Batch - updateOdFirstOfTheMonthWorklistAssignmentToHistory
2018-06-01 18:11:26,577 INFO  Completed - Batch - updateOdFirstOfTheMonthWorklistAssignmentToHistory from /bcrp/prd/application/BatchManager/bin/Supp_PostWL_6.batch
2018-06-01 18:11:26,578 INFO  Finished - Batch - updateOdFirstOfTheMonthWorklistAssignmentToHistory
2018-06-01 18:11:26,578 INFO  Starting - Batch - unAssignMgPreIlAccount from /bcrp/prd/application/BatchManager/bin/Supp_PostWL_6.batch
2018-06-01 18:11:26,579 INFO  Execute - Batch - unAssignMgPreIlAccount
2018-06-01 18:14:09,616 INFO  Completed - Batch - unAssignMgPreIlAccount from /bcrp/prd/application/BatchManager/bin/Supp_PostWL_6.batch
2018-06-01 18:14:09,616 INFO  Finished - Batch - unAssignMgPreIlAccount
2018-06-01 18:14:09,616 INFO  Starting - Batch - truncateScoringData from /bcrp/prd/application/BatchManager/bin/Supp_PostWL_6.batch
2018-06-01 18:14:09,617 INFO  Execute - Batch - truncateScoringData
2018-06-01 18:14:09,689 INFO  Completed - Batch - truncateScoringData from /bcrp/prd/application/BatchManager/bin/Supp_PostWL_6.batch
2018-06-01 18:14:09,689 INFO  Finished - Batch - truncateScoringData
2018-06-01 18:14:09,689 INFO  Starting - Batch - updatePaymentPlanHistory from /bcrp/prd/application/BatchManager/bin/Supp_PostWL_6.batch
2018-06-01 18:14:09,689 INFO  Execute - Batch - updatePaymentPlanHistory
2018-06-01 18:14:24,367 INFO  Completed - Batch - updatePaymentPlanHistory from /bcrp/prd/application/BatchManager/bin/Supp_PostWL_6.batch
2018-06-01 18:14:24,367 INFO  Finished - Batch - updatePaymentPlanHistory
2018-06-01 18:14:24,367 DEBUG --DONE--
