2018-06-13 20:00:02,142 INFO  HTTP_INIT_CLIENT: Starting HTTP interface connecting to server http://localhost:8765/
LOGIN SUCCESSFUL
2018-06-13 20:00:02,285 DEBUG --START--
2018-06-13 20:00:02,289 INFO  Starting - Batch - contactNumberCleansingUpdates from /bcrp/prd/application/BatchManager/bin/DailyEvening.batch
2018-06-13 20:00:02,294 INFO  Execute - Batch - contactNumberCleansingUpdates
2018-06-13 20:00:31,461 INFO  Completed - Batch - contactNumberCleansingUpdates from /bcrp/prd/application/BatchManager/bin/DailyEvening.batch
2018-06-13 20:00:31,461 INFO  Finished - Batch - contactNumberCleansingUpdates
2018-06-13 20:00:31,461 INFO  Starting - Batch - stagingSMSTreatmentUpdate from /bcrp/prd/application/BatchManager/bin/DailyEvening.batch
2018-06-13 20:00:31,463 INFO  Execute - Batch - stagingSMSTreatmentUpdate
2018-06-13 20:00:34,952 INFO  Completed - Batch - stagingSMSTreatmentUpdate from /bcrp/prd/application/BatchManager/bin/DailyEvening.batch
2018-06-13 20:00:34,953 INFO  Finished - Batch - stagingSMSTreatmentUpdate
2018-06-13 20:00:34,953 INFO  Starting - Batch - searchContactNumberRefresh from /bcrp/prd/application/BatchManager/bin/DailyEvening.batch
2018-06-13 20:00:34,954 INFO  Execute - Batch - searchContactNumberRefresh
2018-06-13 20:06:49,248 INFO  Completed - Batch - searchContactNumberRefresh from /bcrp/prd/application/BatchManager/bin/DailyEvening.batch
2018-06-13 20:06:49,248 INFO  Finished - Batch - searchContactNumberRefresh
2018-06-13 20:06:49,248 INFO  Starting - Batch - updatePmmContactInfo from /bcrp/prd/application/BatchManager/bin/DailyEvening.batch
2018-06-13 20:06:49,250 INFO  Execute - Batch - updatePmmContactInfo
2018-06-13 20:06:49,866 INFO  Completed - Batch - updatePmmContactInfo from /bcrp/prd/application/BatchManager/bin/DailyEvening.batch
2018-06-13 20:06:49,866 INFO  Finished - Batch - updatePmmContactInfo
2018-06-13 20:06:49,866 INFO  Starting - Batch - summarizeAccountHostLegalAction from /bcrp/prd/application/BatchManager/bin/DailyEvening.batch
2018-06-13 20:06:49,867 INFO  Execute - Batch - summarizeAccountHostLegalAction
2018-06-13 20:20:58,822 INFO  Completed - Batch - summarizeAccountHostLegalAction from /bcrp/prd/application/BatchManager/bin/DailyEvening.batch
2018-06-13 20:20:58,823 INFO  Finished - Batch - summarizeAccountHostLegalAction
2018-06-13 20:20:58,823 INFO  Starting - Batch - updateAccountWorklistAssignment from /bcrp/prd/application/BatchManager/bin/DailyEvening.batch
2018-06-13 20:20:58,824 INFO  Execute - Batch - updateAccountWorklistAssignment
2018-06-13 20:21:42,749 INFO  Completed - Batch - updateAccountWorklistAssignment from /bcrp/prd/application/BatchManager/bin/DailyEvening.batch
2018-06-13 20:21:42,749 INFO  Finished - Batch - updateAccountWorklistAssignment
2018-06-13 20:21:42,749 INFO  Starting - Batch - updateAccountWorklistAssignmentMg from /bcrp/prd/application/BatchManager/bin/DailyEvening.batch
2018-06-13 20:21:42,751 INFO  Execute - Batch - updateAccountWorklistAssignmentMg
2018-06-13 20:21:55,097 INFO  Completed - Batch - updateAccountWorklistAssignmentMg from /bcrp/prd/application/BatchManager/bin/DailyEvening.batch
2018-06-13 20:21:55,097 INFO  Finished - Batch - updateAccountWorklistAssignmentMg
2018-06-13 20:21:55,097 INFO  Starting - Batch - refreshAccountCorresspondenceAddress from /bcrp/prd/application/BatchManager/bin/DailyEvening.batch
2018-06-13 20:21:55,099 INFO  Execute - Batch - refreshAccountCorresspondenceAddress
2018-06-13 20:27:44,654 INFO  Completed - Batch - refreshAccountCorresspondenceAddress from /bcrp/prd/application/BatchManager/bin/DailyEvening.batch
2018-06-13 20:27:44,654 INFO  Finished - Batch - refreshAccountCorresspondenceAddress
2018-06-13 20:27:44,654 INFO  Starting - Batch - updateUserAutoInvalid from /bcrp/prd/application/BatchManager/bin/DailyEvening.batch
2018-06-13 20:27:44,656 INFO  Execute - Batch - updateUserAutoInvalid
2018-06-13 20:27:44,694 INFO  Completed - Batch - updateUserAutoInvalid from /bcrp/prd/application/BatchManager/bin/DailyEvening.batch
2018-06-13 20:27:44,694 INFO  Finished - Batch - updateUserAutoInvalid
2018-06-13 20:27:44,694 DEBUG --DONE--
