2018-06-17 21:30:01,984 INFO  HTTP_INIT_CLIENT: Starting HTTP interface connecting to server http://localhost:8765/
LOGIN SUCCESSFUL
2018-06-17 21:30:02,194 DEBUG --START--
2018-06-17 21:30:02,199 INFO  Starting - Batch - contactNumberCleansingUpdates from /bcrp/prd/application/BatchManager/bin/DailyEvening.batch
2018-06-17 21:30:02,203 INFO  Execute - Batch - contactNumberCleansingUpdates
2018-06-17 21:30:25,409 INFO  Completed - Batch - contactNumberCleansingUpdates from /bcrp/prd/application/BatchManager/bin/DailyEvening.batch
2018-06-17 21:30:25,409 INFO  Finished - Batch - contactNumberCleansingUpdates
2018-06-17 21:30:25,409 INFO  Starting - Batch - stagingSMSTreatmentUpdate from /bcrp/prd/application/BatchManager/bin/DailyEvening.batch
2018-06-17 21:30:25,411 INFO  Execute - Batch - stagingSMSTreatmentUpdate
2018-06-17 21:30:25,529 INFO  Completed - Batch - stagingSMSTreatmentUpdate from /bcrp/prd/application/BatchManager/bin/DailyEvening.batch
2018-06-17 21:30:25,530 INFO  Finished - Batch - stagingSMSTreatmentUpdate
2018-06-17 21:30:25,530 INFO  Starting - Batch - searchContactNumberRefresh from /bcrp/prd/application/BatchManager/bin/DailyEvening.batch
2018-06-17 21:30:25,531 INFO  Execute - Batch - searchContactNumberRefresh
2018-06-17 21:36:18,828 INFO  Completed - Batch - searchContactNumberRefresh from /bcrp/prd/application/BatchManager/bin/DailyEvening.batch
2018-06-17 21:36:18,828 INFO  Finished - Batch - searchContactNumberRefresh
2018-06-17 21:36:18,828 INFO  Starting - Batch - updatePmmContactInfo from /bcrp/prd/application/BatchManager/bin/DailyEvening.batch
2018-06-17 21:36:18,830 INFO  Execute - Batch - updatePmmContactInfo
2018-06-17 21:36:19,215 INFO  Completed - Batch - updatePmmContactInfo from /bcrp/prd/application/BatchManager/bin/DailyEvening.batch
2018-06-17 21:36:19,215 INFO  Finished - Batch - updatePmmContactInfo
2018-06-17 21:36:19,215 INFO  Starting - Batch - summarizeAccountHostLegalAction from /bcrp/prd/application/BatchManager/bin/DailyEvening.batch
2018-06-17 21:36:19,216 INFO  Execute - Batch - summarizeAccountHostLegalAction
2018-06-17 21:47:29,043 INFO  Completed - Batch - summarizeAccountHostLegalAction from /bcrp/prd/application/BatchManager/bin/DailyEvening.batch
2018-06-17 21:47:29,043 INFO  Finished - Batch - summarizeAccountHostLegalAction
2018-06-17 21:47:29,044 INFO  Starting - Batch - updateAccountWorklistAssignment from /bcrp/prd/application/BatchManager/bin/DailyEvening.batch
2018-06-17 21:47:29,045 INFO  Execute - Batch - updateAccountWorklistAssignment
2018-06-17 21:48:02,038 INFO  Completed - Batch - updateAccountWorklistAssignment from /bcrp/prd/application/BatchManager/bin/DailyEvening.batch
2018-06-17 21:48:02,039 INFO  Finished - Batch - updateAccountWorklistAssignment
2018-06-17 21:48:02,039 INFO  Starting - Batch - updateAccountWorklistAssignmentMg from /bcrp/prd/application/BatchManager/bin/DailyEvening.batch
2018-06-17 21:48:02,040 INFO  Execute - Batch - updateAccountWorklistAssignmentMg
2018-06-17 21:48:14,339 INFO  Completed - Batch - updateAccountWorklistAssignmentMg from /bcrp/prd/application/BatchManager/bin/DailyEvening.batch
2018-06-17 21:48:14,340 INFO  Finished - Batch - updateAccountWorklistAssignmentMg
2018-06-17 21:48:14,340 INFO  Starting - Batch - refreshAccountCorresspondenceAddress from /bcrp/prd/application/BatchManager/bin/DailyEvening.batch
2018-06-17 21:48:14,341 INFO  Execute - Batch - refreshAccountCorresspondenceAddress
2018-06-17 21:53:39,893 INFO  Completed - Batch - refreshAccountCorresspondenceAddress from /bcrp/prd/application/BatchManager/bin/DailyEvening.batch
2018-06-17 21:53:39,893 INFO  Finished - Batch - refreshAccountCorresspondenceAddress
2018-06-17 21:53:39,893 INFO  Starting - Batch - updateUserAutoInvalid from /bcrp/prd/application/BatchManager/bin/DailyEvening.batch
2018-06-17 21:53:39,894 INFO  Execute - Batch - updateUserAutoInvalid
2018-06-17 21:53:39,939 INFO  Completed - Batch - updateUserAutoInvalid from /bcrp/prd/application/BatchManager/bin/DailyEvening.batch
2018-06-17 21:53:39,939 INFO  Finished - Batch - updateUserAutoInvalid
2018-06-17 21:53:39,939 DEBUG --DONE--
