2018-06-17 13:26:03,967 INFO  HTTP_INIT_CLIENT: Starting HTTP interface connecting to server http://localhost:8765/
LOGIN SUCCESSFUL
2018-06-17 13:26:04,109 DEBUG --START--
2018-06-17 13:26:04,114 INFO  Starting - Batch - processHostData from /bcrp/prd/application/BatchManager/bin/Daily.batch
2018-06-17 13:26:04,119 INFO  Execute - Batch - processHostData
2018-06-17 13:55:22,848 INFO  Completed - Batch - processHostData from /bcrp/prd/application/BatchManager/bin/Daily.batch
2018-06-17 13:55:22,849 INFO  Finished - Batch - processHostData
2018-06-17 13:55:22,849 INFO  Starting - Batch - dailyWorkListTabsUpdate from /bcrp/prd/application/BatchManager/bin/Daily.batch
2018-06-17 13:55:22,850 INFO  Execute - Batch - dailyWorkListTabsUpdate
2018-06-17 13:56:09,386 INFO  Completed - Batch - dailyWorkListTabsUpdate from /bcrp/prd/application/BatchManager/bin/Daily.batch
2018-06-17 13:56:09,387 INFO  Finished - Batch - dailyWorkListTabsUpdate
2018-06-17 13:56:09,387 INFO  Starting - Batch - promiseEvaluation from /bcrp/prd/application/BatchManager/bin/Daily.batch
2018-06-17 13:56:09,388 INFO  Execute - Batch - promiseEvaluation
2018-06-17 13:57:59,590 INFO  Completed - Batch - promiseEvaluation from /bcrp/prd/application/BatchManager/bin/Daily.batch
2018-06-17 13:57:59,590 INFO  Finished - Batch - promiseEvaluation
2018-06-17 13:57:59,590 INFO  Starting - Batch - refreshAccountCheck from /bcrp/prd/application/BatchManager/bin/Daily.batch
2018-06-17 13:57:59,591 INFO  Execute - Batch - refreshAccountCheck
2018-06-17 13:57:59,618 INFO  Completed - Batch - refreshAccountCheck from /bcrp/prd/application/BatchManager/bin/Daily.batch
2018-06-17 13:57:59,618 INFO  Finished - Batch - refreshAccountCheck
2018-06-17 13:57:59,619 INFO  Starting - Batch - refreshAccountLoanApplication from /bcrp/prd/application/BatchManager/bin/Daily.batch
2018-06-17 13:57:59,620 INFO  Execute - Batch - refreshAccountLoanApplication
2018-06-17 13:58:57,430 INFO  Completed - Batch - refreshAccountLoanApplication from /bcrp/prd/application/BatchManager/bin/Daily.batch
2018-06-17 13:58:57,430 INFO  Finished - Batch - refreshAccountLoanApplication
2018-06-17 13:58:57,430 INFO  Starting - Batch - refreshAccountCollateral from /bcrp/prd/application/BatchManager/bin/Daily.batch
2018-06-17 13:58:57,432 INFO  Execute - Batch - refreshAccountCollateral
2018-06-17 14:00:55,098 INFO  Completed - Batch - refreshAccountCollateral from /bcrp/prd/application/BatchManager/bin/Daily.batch
2018-06-17 14:00:55,098 INFO  Finished - Batch - refreshAccountCollateral
2018-06-17 14:00:55,099 INFO  Starting - Batch - updateAccountLastStandingInstructions from /bcrp/prd/application/BatchManager/bin/Daily.batch
2018-06-17 14:00:55,100 INFO  Execute - Batch - updateAccountLastStandingInstructions
2018-06-17 14:01:34,392 INFO  Completed - Batch - updateAccountLastStandingInstructions from /bcrp/prd/application/BatchManager/bin/Daily.batch
2018-06-17 14:01:34,392 INFO  Finished - Batch - updateAccountLastStandingInstructions
2018-06-17 14:01:34,393 INFO  Starting - Batch - refreshAccountGuarantor from /bcrp/prd/application/BatchManager/bin/Daily.batch
2018-06-17 14:01:34,394 INFO  Execute - Batch - refreshAccountGuarantor
2018-06-17 14:01:43,222 INFO  Completed - Batch - refreshAccountGuarantor from /bcrp/prd/application/BatchManager/bin/Daily.batch
2018-06-17 14:01:43,223 INFO  Finished - Batch - refreshAccountGuarantor
2018-06-17 14:01:43,223 INFO  Starting - Batch - DAILY_AGENCY_PAYMENT_DELETE_BATCH from /bcrp/prd/application/BatchManager/bin/Daily.batch
2018-06-17 14:01:43,224 INFO  Execute - Batch - DAILY_AGENCY_PAYMENT_DELETE_BATCH
2018-06-17 14:01:43,281 INFO  Completed - Batch - DAILY_AGENCY_PAYMENT_DELETE_BATCH from /bcrp/prd/application/BatchManager/bin/Daily.batch
2018-06-17 14:01:43,281 INFO  Finished - Batch - DAILY_AGENCY_PAYMENT_DELETE_BATCH
2018-06-17 14:01:43,281 INFO  Starting - Batch - DAILY_AGENCY_PAYMENT_INSERT_BATCH from /bcrp/prd/application/BatchManager/bin/Daily.batch
2018-06-17 14:01:43,283 INFO  Execute - Batch - DAILY_AGENCY_PAYMENT_INSERT_BATCH
2018-06-17 14:02:04,277 INFO  Completed - Batch - DAILY_AGENCY_PAYMENT_INSERT_BATCH from /bcrp/prd/application/BatchManager/bin/Daily.batch
2018-06-17 14:02:04,278 INFO  Finished - Batch - DAILY_AGENCY_PAYMENT_INSERT_BATCH
2018-06-17 14:02:04,278 INFO  Starting - Batch - AUTOMATICALLY_UNSUCCESSFUL_EARMARK from /bcrp/prd/application/BatchManager/bin/Daily.batch
2018-06-17 14:02:04,279 INFO  Execute - Batch - AUTOMATICALLY_UNSUCCESSFUL_EARMARK
2018-06-17 14:02:04,311 INFO  Completed - Batch - AUTOMATICALLY_UNSUCCESSFUL_EARMARK from /bcrp/prd/application/BatchManager/bin/Daily.batch
2018-06-17 14:02:04,311 INFO  Finished - Batch - AUTOMATICALLY_UNSUCCESSFUL_EARMARK
2018-06-17 14:02:04,311 INFO  Starting - Batch - RnRCurrScheActualRemainingAmtUpdate from /bcrp/prd/application/BatchManager/bin/Daily.batch
2018-06-17 14:02:04,312 INFO  Execute - Batch - RnRCurrScheActualRemainingAmtUpdate
2018-06-17 14:02:05,907 INFO  Completed - Batch - RnRCurrScheActualRemainingAmtUpdate from /bcrp/prd/application/BatchManager/bin/Daily.batch
2018-06-17 14:02:05,908 INFO  Finished - Batch - RnRCurrScheActualRemainingAmtUpdate
2018-06-17 14:02:05,908 INFO  Starting - Batch - AUTOMATICALLY_UNSUCCESSFUL_VISITATION from /bcrp/prd/application/BatchManager/bin/Daily.batch
2018-06-17 14:02:05,909 INFO  Execute - Batch - AUTOMATICALLY_UNSUCCESSFUL_VISITATION
2018-06-17 14:02:05,936 INFO  Completed - Batch - AUTOMATICALLY_UNSUCCESSFUL_VISITATION from /bcrp/prd/application/BatchManager/bin/Daily.batch
2018-06-17 14:02:05,936 INFO  Finished - Batch - AUTOMATICALLY_UNSUCCESSFUL_VISITATION
2018-06-17 14:02:05,936 INFO  Starting - Batch - ledgerDaily from /bcrp/prd/application/BatchManager/bin/Daily.batch
2018-06-17 14:02:05,937 INFO  Execute - Batch - ledgerDaily
2018-06-17 14:03:26,321 INFO  Completed - Batch - ledgerDaily from /bcrp/prd/application/BatchManager/bin/Daily.batch
2018-06-17 14:03:26,321 INFO  Finished - Batch - ledgerDaily
2018-06-17 14:03:26,322 INFO  Starting - Batch - appAgencyDailyProcess from /bcrp/prd/application/BatchManager/bin/Daily.batch
2018-06-17 14:03:26,323 INFO  Execute - Batch - appAgencyDailyProcess
2018-06-17 14:05:11,907 INFO  Completed - Batch - appAgencyDailyProcess from /bcrp/prd/application/BatchManager/bin/Daily.batch
2018-06-17 14:05:11,907 INFO  Finished - Batch - appAgencyDailyProcess
2018-06-17 14:05:11,907 INFO  Starting - Batch - poolCallingPriority from /bcrp/prd/application/BatchManager/bin/Daily.batch
2018-06-17 14:05:11,908 INFO  Execute - Batch - poolCallingPriority
2018-06-17 14:05:16,105 INFO  Completed - Batch - poolCallingPriority from /bcrp/prd/application/BatchManager/bin/Daily.batch
2018-06-17 14:05:16,105 INFO  Finished - Batch - poolCallingPriority
2018-06-17 14:05:16,105 DEBUG --DONE--
