2018-06-06 20:00:02,139 INFO  HTTP_INIT_CLIENT: Starting HTTP interface connecting to server http://localhost:8765/
LOGIN SUCCESSFUL
2018-06-06 20:00:02,287 DEBUG --START--
2018-06-06 20:00:02,292 INFO  Starting - Batch - contactNumberCleansingUpdates from /bcrp/prd/application/BatchManager/bin/DailyEvening.batch
2018-06-06 20:00:02,297 INFO  Execute - Batch - contactNumberCleansingUpdates
2018-06-06 20:00:30,153 INFO  Completed - Batch - contactNumberCleansingUpdates from /bcrp/prd/application/BatchManager/bin/DailyEvening.batch
2018-06-06 20:00:30,153 INFO  Finished - Batch - contactNumberCleansingUpdates
2018-06-06 20:00:30,154 INFO  Starting - Batch - stagingSMSTreatmentUpdate from /bcrp/prd/application/BatchManager/bin/DailyEvening.batch
2018-06-06 20:00:30,155 INFO  Execute - Batch - stagingSMSTreatmentUpdate
2018-06-06 20:00:30,965 INFO  Completed - Batch - stagingSMSTreatmentUpdate from /bcrp/prd/application/BatchManager/bin/DailyEvening.batch
2018-06-06 20:00:30,966 INFO  Finished - Batch - stagingSMSTreatmentUpdate
2018-06-06 20:00:30,966 INFO  Starting - Batch - searchContactNumberRefresh from /bcrp/prd/application/BatchManager/bin/DailyEvening.batch
2018-06-06 20:00:30,967 INFO  Execute - Batch - searchContactNumberRefresh
2018-06-06 20:07:13,280 INFO  Completed - Batch - searchContactNumberRefresh from /bcrp/prd/application/BatchManager/bin/DailyEvening.batch
2018-06-06 20:07:13,280 INFO  Finished - Batch - searchContactNumberRefresh
2018-06-06 20:07:13,280 INFO  Starting - Batch - updatePmmContactInfo from /bcrp/prd/application/BatchManager/bin/DailyEvening.batch
2018-06-06 20:07:13,281 INFO  Execute - Batch - updatePmmContactInfo
2018-06-06 20:07:13,947 INFO  Completed - Batch - updatePmmContactInfo from /bcrp/prd/application/BatchManager/bin/DailyEvening.batch
2018-06-06 20:07:13,948 INFO  Finished - Batch - updatePmmContactInfo
2018-06-06 20:07:13,948 INFO  Starting - Batch - summarizeAccountHostLegalAction from /bcrp/prd/application/BatchManager/bin/DailyEvening.batch
2018-06-06 20:07:13,949 INFO  Execute - Batch - summarizeAccountHostLegalAction
2018-06-06 20:21:26,672 INFO  Completed - Batch - summarizeAccountHostLegalAction from /bcrp/prd/application/BatchManager/bin/DailyEvening.batch
2018-06-06 20:21:26,672 INFO  Finished - Batch - summarizeAccountHostLegalAction
2018-06-06 20:21:26,673 INFO  Starting - Batch - updateAccountWorklistAssignment from /bcrp/prd/application/BatchManager/bin/DailyEvening.batch
2018-06-06 20:21:26,674 INFO  Execute - Batch - updateAccountWorklistAssignment
2018-06-06 20:22:52,754 INFO  Completed - Batch - updateAccountWorklistAssignment from /bcrp/prd/application/BatchManager/bin/DailyEvening.batch
2018-06-06 20:22:52,754 INFO  Finished - Batch - updateAccountWorklistAssignment
2018-06-06 20:22:52,754 INFO  Starting - Batch - updateAccountWorklistAssignmentMg from /bcrp/prd/application/BatchManager/bin/DailyEvening.batch
2018-06-06 20:22:52,756 INFO  Execute - Batch - updateAccountWorklistAssignmentMg
2018-06-06 20:23:09,750 INFO  Completed - Batch - updateAccountWorklistAssignmentMg from /bcrp/prd/application/BatchManager/bin/DailyEvening.batch
2018-06-06 20:23:09,750 INFO  Finished - Batch - updateAccountWorklistAssignmentMg
2018-06-06 20:23:09,751 INFO  Starting - Batch - refreshAccountCorresspondenceAddress from /bcrp/prd/application/BatchManager/bin/DailyEvening.batch
2018-06-06 20:23:09,752 INFO  Execute - Batch - refreshAccountCorresspondenceAddress
2018-06-06 20:27:44,649 INFO  Completed - Batch - refreshAccountCorresspondenceAddress from /bcrp/prd/application/BatchManager/bin/DailyEvening.batch
2018-06-06 20:27:44,649 INFO  Finished - Batch - refreshAccountCorresspondenceAddress
2018-06-06 20:27:44,649 INFO  Starting - Batch - updateUserAutoInvalid from /bcrp/prd/application/BatchManager/bin/DailyEvening.batch
2018-06-06 20:27:44,651 INFO  Execute - Batch - updateUserAutoInvalid
2018-06-06 20:27:44,814 INFO  Completed - Batch - updateUserAutoInvalid from /bcrp/prd/application/BatchManager/bin/DailyEvening.batch
2018-06-06 20:27:44,814 INFO  Finished - Batch - updateUserAutoInvalid
2018-06-06 20:27:44,814 DEBUG --DONE--
