2018-06-11 07:34:02,450 INFO  HTTP_INIT_CLIENT: Starting HTTP interface connecting to server http://localhost:8765/
LOGIN SUCCESSFUL
2018-06-11 07:34:02,595 DEBUG --START--
2018-06-11 07:34:02,599 INFO  Starting - Batch - updateSupervisoryAccountHp from /bcrp/prd/application/BatchManager/bin/supervisory.batch
2018-06-11 07:34:02,604 INFO  Execute - Batch - updateSupervisoryAccountHp
2018-06-11 07:34:02,635 INFO  Completed - Batch - updateSupervisoryAccountHp from /bcrp/prd/application/BatchManager/bin/supervisory.batch
2018-06-11 07:34:02,635 INFO  Finished - Batch - updateSupervisoryAccountHp
2018-06-11 07:34:02,635 INFO  Starting - Batch - updateSupervisoryAccountUpl from /bcrp/prd/application/BatchManager/bin/supervisory.batch
2018-06-11 07:34:02,636 INFO  Execute - Batch - updateSupervisoryAccountUpl
2018-06-11 07:35:20,713 INFO  Completed - Batch - updateSupervisoryAccountUpl from /bcrp/prd/application/BatchManager/bin/supervisory.batch
2018-06-11 07:35:20,713 INFO  Finished - Batch - updateSupervisoryAccountUpl
2018-06-11 07:35:20,714 INFO  Starting - Batch - updateSupervisoryAccountOd from /bcrp/prd/application/BatchManager/bin/supervisory.batch
2018-06-11 07:35:20,715 INFO  Execute - Batch - updateSupervisoryAccountOd
2018-06-11 07:35:20,743 INFO  Completed - Batch - updateSupervisoryAccountOd from /bcrp/prd/application/BatchManager/bin/supervisory.batch
2018-06-11 07:35:20,743 INFO  Finished - Batch - updateSupervisoryAccountOd
2018-06-11 07:35:20,743 INFO  Starting - Batch - updateSupervisoryAccountMg from /bcrp/prd/application/BatchManager/bin/supervisory.batch
2018-06-11 07:35:20,745 INFO  Execute - Batch - updateSupervisoryAccountMg
2018-06-11 07:35:20,769 INFO  Completed - Batch - updateSupervisoryAccountMg from /bcrp/prd/application/BatchManager/bin/supervisory.batch
2018-06-11 07:35:20,769 INFO  Finished - Batch - updateSupervisoryAccountMg
2018-06-11 07:35:20,769 DEBUG --DONE--
