2018-06-22 07:18:01,701 INFO  HTTP_INIT_CLIENT: Starting HTTP interface connecting to server http://localhost:8765/
LOGIN SUCCESSFUL
2018-06-22 07:18:01,841 DEBUG --START--
2018-06-22 07:18:01,845 INFO  Starting - Batch - updateSupervisoryAccountHp from /bcrp/prd/application/BatchManager/bin/supervisory.batch
2018-06-22 07:18:01,851 INFO  Execute - Batch - updateSupervisoryAccountHp
2018-06-22 07:20:45,920 INFO  Completed - Batch - updateSupervisoryAccountHp from /bcrp/prd/application/BatchManager/bin/supervisory.batch
2018-06-22 07:20:45,921 INFO  Finished - Batch - updateSupervisoryAccountHp
2018-06-22 07:20:45,921 INFO  Starting - Batch - updateSupervisoryAccountUpl from /bcrp/prd/application/BatchManager/bin/supervisory.batch
2018-06-22 07:20:45,922 INFO  Execute - Batch - updateSupervisoryAccountUpl
2018-06-22 07:21:23,662 INFO  Completed - Batch - updateSupervisoryAccountUpl from /bcrp/prd/application/BatchManager/bin/supervisory.batch
2018-06-22 07:21:23,662 INFO  Finished - Batch - updateSupervisoryAccountUpl
2018-06-22 07:21:23,663 INFO  Starting - Batch - updateSupervisoryAccountOd from /bcrp/prd/application/BatchManager/bin/supervisory.batch
2018-06-22 07:21:23,664 INFO  Execute - Batch - updateSupervisoryAccountOd
2018-06-22 07:25:38,723 INFO  Completed - Batch - updateSupervisoryAccountOd from /bcrp/prd/application/BatchManager/bin/supervisory.batch
2018-06-22 07:25:38,724 INFO  Finished - Batch - updateSupervisoryAccountOd
2018-06-22 07:25:38,724 INFO  Starting - Batch - updateSupervisoryAccountMg from /bcrp/prd/application/BatchManager/bin/supervisory.batch
2018-06-22 07:25:38,725 INFO  Execute - Batch - updateSupervisoryAccountMg
2018-06-22 07:26:25,108 INFO  Completed - Batch - updateSupervisoryAccountMg from /bcrp/prd/application/BatchManager/bin/supervisory.batch
2018-06-22 07:26:25,108 INFO  Finished - Batch - updateSupervisoryAccountMg
2018-06-22 07:26:25,108 DEBUG --DONE--
