2018-06-28 20:00:01,704 INFO  HTTP_INIT_CLIENT: Starting HTTP interface connecting to server http://localhost:8765/
LOGIN SUCCESSFUL
2018-06-28 20:00:01,840 DEBUG --START--
2018-06-28 20:00:01,844 INFO  Starting - Batch - contactNumberCleansingUpdates from /bcrp/prd/application/BatchManager/bin/DailyEvening.batch
2018-06-28 20:00:01,849 INFO  Execute - Batch - contactNumberCleansingUpdates
2018-06-28 20:00:34,122 INFO  Completed - Batch - contactNumberCleansingUpdates from /bcrp/prd/application/BatchManager/bin/DailyEvening.batch
2018-06-28 20:00:34,123 INFO  Finished - Batch - contactNumberCleansingUpdates
2018-06-28 20:00:34,123 INFO  Starting - Batch - stagingSMSTreatmentUpdate from /bcrp/prd/application/BatchManager/bin/DailyEvening.batch
2018-06-28 20:00:34,124 INFO  Execute - Batch - stagingSMSTreatmentUpdate
2018-06-28 20:01:08,073 INFO  Completed - Batch - stagingSMSTreatmentUpdate from /bcrp/prd/application/BatchManager/bin/DailyEvening.batch
2018-06-28 20:01:08,073 INFO  Finished - Batch - stagingSMSTreatmentUpdate
2018-06-28 20:01:08,073 INFO  Starting - Batch - searchContactNumberRefresh from /bcrp/prd/application/BatchManager/bin/DailyEvening.batch
2018-06-28 20:01:08,074 INFO  Execute - Batch - searchContactNumberRefresh
2018-06-28 20:08:09,410 INFO  Completed - Batch - searchContactNumberRefresh from /bcrp/prd/application/BatchManager/bin/DailyEvening.batch
2018-06-28 20:08:09,410 INFO  Finished - Batch - searchContactNumberRefresh
2018-06-28 20:08:09,411 INFO  Starting - Batch - updatePmmContactInfo from /bcrp/prd/application/BatchManager/bin/DailyEvening.batch
2018-06-28 20:08:09,412 INFO  Execute - Batch - updatePmmContactInfo
2018-06-28 20:08:11,841 INFO  Completed - Batch - updatePmmContactInfo from /bcrp/prd/application/BatchManager/bin/DailyEvening.batch
2018-06-28 20:08:11,841 INFO  Finished - Batch - updatePmmContactInfo
2018-06-28 20:08:11,842 INFO  Starting - Batch - summarizeAccountHostLegalAction from /bcrp/prd/application/BatchManager/bin/DailyEvening.batch
2018-06-28 20:08:11,843 INFO  Execute - Batch - summarizeAccountHostLegalAction
2018-06-28 20:22:52,185 INFO  Completed - Batch - summarizeAccountHostLegalAction from /bcrp/prd/application/BatchManager/bin/DailyEvening.batch
2018-06-28 20:22:52,185 INFO  Finished - Batch - summarizeAccountHostLegalAction
2018-06-28 20:22:52,185 INFO  Starting - Batch - updateAccountWorklistAssignment from /bcrp/prd/application/BatchManager/bin/DailyEvening.batch
2018-06-28 20:22:52,187 INFO  Execute - Batch - updateAccountWorklistAssignment
2018-06-28 20:23:55,063 INFO  Completed - Batch - updateAccountWorklistAssignment from /bcrp/prd/application/BatchManager/bin/DailyEvening.batch
2018-06-28 20:23:55,063 INFO  Finished - Batch - updateAccountWorklistAssignment
2018-06-28 20:23:55,063 INFO  Starting - Batch - updateAccountWorklistAssignmentMg from /bcrp/prd/application/BatchManager/bin/DailyEvening.batch
2018-06-28 20:23:55,065 INFO  Execute - Batch - updateAccountWorklistAssignmentMg
2018-06-28 20:24:09,151 INFO  Completed - Batch - updateAccountWorklistAssignmentMg from /bcrp/prd/application/BatchManager/bin/DailyEvening.batch
2018-06-28 20:24:09,151 INFO  Finished - Batch - updateAccountWorklistAssignmentMg
2018-06-28 20:24:09,151 INFO  Starting - Batch - refreshAccountCorresspondenceAddress from /bcrp/prd/application/BatchManager/bin/DailyEvening.batch
2018-06-28 20:24:09,153 INFO  Execute - Batch - refreshAccountCorresspondenceAddress
2018-06-28 20:30:34,441 INFO  Completed - Batch - refreshAccountCorresspondenceAddress from /bcrp/prd/application/BatchManager/bin/DailyEvening.batch
2018-06-28 20:30:34,441 INFO  Finished - Batch - refreshAccountCorresspondenceAddress
2018-06-28 20:30:34,441 INFO  Starting - Batch - updateUserAutoInvalid from /bcrp/prd/application/BatchManager/bin/DailyEvening.batch
2018-06-28 20:30:34,442 INFO  Execute - Batch - updateUserAutoInvalid
2018-06-28 20:30:34,488 INFO  Completed - Batch - updateUserAutoInvalid from /bcrp/prd/application/BatchManager/bin/DailyEvening.batch
2018-06-28 20:30:34,489 INFO  Finished - Batch - updateUserAutoInvalid
2018-06-28 20:30:34,489 DEBUG --DONE--
