2018-06-30 07:03:02,293 INFO  HTTP_INIT_CLIENT: Starting HTTP interface connecting to server http://localhost:8765/
LOGIN SUCCESSFUL
2018-06-30 07:03:03,988 DEBUG --START--
2018-06-30 07:03:03,993 INFO  Starting - Batch - processHostData from /bcrp/prd/application/BatchManager/bin/Daily.batch
2018-06-30 07:03:03,998 INFO  Execute - Batch - processHostData
2018-06-30 07:35:13,166 INFO  Completed - Batch - processHostData from /bcrp/prd/application/BatchManager/bin/Daily.batch
2018-06-30 07:35:13,166 INFO  Finished - Batch - processHostData
2018-06-30 07:35:13,166 INFO  Starting - Batch - dailyWorkListTabsUpdate from /bcrp/prd/application/BatchManager/bin/Daily.batch
2018-06-30 07:35:13,168 INFO  Execute - Batch - dailyWorkListTabsUpdate
2018-06-30 07:36:35,023 INFO  Completed - Batch - dailyWorkListTabsUpdate from /bcrp/prd/application/BatchManager/bin/Daily.batch
2018-06-30 07:36:35,023 INFO  Finished - Batch - dailyWorkListTabsUpdate
2018-06-30 07:36:35,023 INFO  Starting - Batch - promiseEvaluation from /bcrp/prd/application/BatchManager/bin/Daily.batch
2018-06-30 07:36:35,025 INFO  Execute - Batch - promiseEvaluation
2018-06-30 07:51:07,784 INFO  Completed - Batch - promiseEvaluation from /bcrp/prd/application/BatchManager/bin/Daily.batch
2018-06-30 07:51:07,784 INFO  Finished - Batch - promiseEvaluation
2018-06-30 07:51:07,785 INFO  Starting - Batch - refreshAccountCheck from /bcrp/prd/application/BatchManager/bin/Daily.batch
2018-06-30 07:51:07,786 INFO  Execute - Batch - refreshAccountCheck
2018-06-30 07:51:07,815 INFO  Completed - Batch - refreshAccountCheck from /bcrp/prd/application/BatchManager/bin/Daily.batch
2018-06-30 07:51:07,815 INFO  Finished - Batch - refreshAccountCheck
2018-06-30 07:51:07,816 INFO  Starting - Batch - refreshAccountLoanApplication from /bcrp/prd/application/BatchManager/bin/Daily.batch
2018-06-30 07:51:07,817 INFO  Execute - Batch - refreshAccountLoanApplication
2018-06-30 07:52:08,076 INFO  Completed - Batch - refreshAccountLoanApplication from /bcrp/prd/application/BatchManager/bin/Daily.batch
2018-06-30 07:52:08,076 INFO  Finished - Batch - refreshAccountLoanApplication
2018-06-30 07:52:08,076 INFO  Starting - Batch - refreshAccountCollateral from /bcrp/prd/application/BatchManager/bin/Daily.batch
2018-06-30 07:52:08,078 INFO  Execute - Batch - refreshAccountCollateral
2018-06-30 07:55:06,118 INFO  Completed - Batch - refreshAccountCollateral from /bcrp/prd/application/BatchManager/bin/Daily.batch
2018-06-30 07:55:06,119 INFO  Finished - Batch - refreshAccountCollateral
2018-06-30 07:55:06,119 INFO  Starting - Batch - updateAccountLastStandingInstructions from /bcrp/prd/application/BatchManager/bin/Daily.batch
2018-06-30 07:55:06,120 INFO  Execute - Batch - updateAccountLastStandingInstructions
2018-06-30 07:55:40,974 INFO  Completed - Batch - updateAccountLastStandingInstructions from /bcrp/prd/application/BatchManager/bin/Daily.batch
2018-06-30 07:55:40,974 INFO  Finished - Batch - updateAccountLastStandingInstructions
2018-06-30 07:55:40,974 INFO  Starting - Batch - refreshAccountGuarantor from /bcrp/prd/application/BatchManager/bin/Daily.batch
2018-06-30 07:55:40,976 INFO  Execute - Batch - refreshAccountGuarantor
2018-06-30 07:55:49,550 INFO  Completed - Batch - refreshAccountGuarantor from /bcrp/prd/application/BatchManager/bin/Daily.batch
2018-06-30 07:55:49,550 INFO  Finished - Batch - refreshAccountGuarantor
2018-06-30 07:55:49,551 INFO  Starting - Batch - DAILY_AGENCY_PAYMENT_DELETE_BATCH from /bcrp/prd/application/BatchManager/bin/Daily.batch
2018-06-30 07:55:49,552 INFO  Execute - Batch - DAILY_AGENCY_PAYMENT_DELETE_BATCH
2018-06-30 07:55:49,648 INFO  Completed - Batch - DAILY_AGENCY_PAYMENT_DELETE_BATCH from /bcrp/prd/application/BatchManager/bin/Daily.batch
2018-06-30 07:55:49,648 INFO  Finished - Batch - DAILY_AGENCY_PAYMENT_DELETE_BATCH
2018-06-30 07:55:49,648 INFO  Starting - Batch - DAILY_AGENCY_PAYMENT_INSERT_BATCH from /bcrp/prd/application/BatchManager/bin/Daily.batch
2018-06-30 07:55:49,650 INFO  Execute - Batch - DAILY_AGENCY_PAYMENT_INSERT_BATCH
2018-06-30 07:56:15,098 INFO  Completed - Batch - DAILY_AGENCY_PAYMENT_INSERT_BATCH from /bcrp/prd/application/BatchManager/bin/Daily.batch
2018-06-30 07:56:15,098 INFO  Finished - Batch - DAILY_AGENCY_PAYMENT_INSERT_BATCH
2018-06-30 07:56:15,098 INFO  Starting - Batch - AUTOMATICALLY_UNSUCCESSFUL_EARMARK from /bcrp/prd/application/BatchManager/bin/Daily.batch
2018-06-30 07:56:15,099 INFO  Execute - Batch - AUTOMATICALLY_UNSUCCESSFUL_EARMARK
2018-06-30 07:56:15,130 INFO  Completed - Batch - AUTOMATICALLY_UNSUCCESSFUL_EARMARK from /bcrp/prd/application/BatchManager/bin/Daily.batch
2018-06-30 07:56:15,130 INFO  Finished - Batch - AUTOMATICALLY_UNSUCCESSFUL_EARMARK
2018-06-30 07:56:15,130 INFO  Starting - Batch - RnRCurrScheActualRemainingAmtUpdate from /bcrp/prd/application/BatchManager/bin/Daily.batch
2018-06-30 07:56:15,131 INFO  Execute - Batch - RnRCurrScheActualRemainingAmtUpdate
2018-06-30 07:56:16,704 INFO  Completed - Batch - RnRCurrScheActualRemainingAmtUpdate from /bcrp/prd/application/BatchManager/bin/Daily.batch
2018-06-30 07:56:16,704 INFO  Finished - Batch - RnRCurrScheActualRemainingAmtUpdate
2018-06-30 07:56:16,704 INFO  Starting - Batch - AUTOMATICALLY_UNSUCCESSFUL_VISITATION from /bcrp/prd/application/BatchManager/bin/Daily.batch
2018-06-30 07:56:16,705 INFO  Execute - Batch - AUTOMATICALLY_UNSUCCESSFUL_VISITATION
2018-06-30 07:56:16,734 INFO  Completed - Batch - AUTOMATICALLY_UNSUCCESSFUL_VISITATION from /bcrp/prd/application/BatchManager/bin/Daily.batch
2018-06-30 07:56:16,734 INFO  Finished - Batch - AUTOMATICALLY_UNSUCCESSFUL_VISITATION
2018-06-30 07:56:16,734 INFO  Starting - Batch - ledgerDaily from /bcrp/prd/application/BatchManager/bin/Daily.batch
2018-06-30 07:56:16,735 INFO  Execute - Batch - ledgerDaily
2018-06-30 07:57:44,879 INFO  Completed - Batch - ledgerDaily from /bcrp/prd/application/BatchManager/bin/Daily.batch
2018-06-30 07:57:44,880 INFO  Finished - Batch - ledgerDaily
2018-06-30 07:57:44,880 INFO  Starting - Batch - appAgencyDailyProcess from /bcrp/prd/application/BatchManager/bin/Daily.batch
2018-06-30 07:57:44,881 INFO  Execute - Batch - appAgencyDailyProcess
2018-06-30 08:03:28,590 INFO  Completed - Batch - appAgencyDailyProcess from /bcrp/prd/application/BatchManager/bin/Daily.batch
2018-06-30 08:03:28,591 INFO  Finished - Batch - appAgencyDailyProcess
2018-06-30 08:03:28,591 INFO  Starting - Batch - poolCallingPriority from /bcrp/prd/application/BatchManager/bin/Daily.batch
2018-06-30 08:03:28,592 INFO  Execute - Batch - poolCallingPriority
2018-06-30 08:03:32,876 INFO  Completed - Batch - poolCallingPriority from /bcrp/prd/application/BatchManager/bin/Daily.batch
2018-06-30 08:03:32,877 INFO  Finished - Batch - poolCallingPriority
2018-06-30 08:03:32,877 DEBUG --DONE--
