2018-06-08 06:36:02,372 INFO  HTTP_INIT_CLIENT: Starting HTTP interface connecting to server http://localhost:8765/
LOGIN SUCCESSFUL
2018-06-08 06:36:03,255 DEBUG --START--
2018-06-08 06:36:03,260 INFO  Starting - Batch - processHostData from /bcrp/prd/application/BatchManager/bin/Daily.batch
2018-06-08 06:36:03,265 INFO  Execute - Batch - processHostData
2018-06-08 07:05:08,964 INFO  Completed - Batch - processHostData from /bcrp/prd/application/BatchManager/bin/Daily.batch
2018-06-08 07:05:08,964 INFO  Finished - Batch - processHostData
2018-06-08 07:05:08,964 INFO  Starting - Batch - dailyWorkListTabsUpdate from /bcrp/prd/application/BatchManager/bin/Daily.batch
2018-06-08 07:05:08,966 INFO  Execute - Batch - dailyWorkListTabsUpdate
2018-06-08 07:06:01,154 INFO  Completed - Batch - dailyWorkListTabsUpdate from /bcrp/prd/application/BatchManager/bin/Daily.batch
2018-06-08 07:06:01,154 INFO  Finished - Batch - dailyWorkListTabsUpdate
2018-06-08 07:06:01,154 INFO  Starting - Batch - promiseEvaluation from /bcrp/prd/application/BatchManager/bin/Daily.batch
2018-06-08 07:06:01,155 INFO  Execute - Batch - promiseEvaluation
2018-06-08 07:10:46,551 INFO  Completed - Batch - promiseEvaluation from /bcrp/prd/application/BatchManager/bin/Daily.batch
2018-06-08 07:10:46,552 INFO  Finished - Batch - promiseEvaluation
2018-06-08 07:10:46,552 INFO  Starting - Batch - refreshAccountCheck from /bcrp/prd/application/BatchManager/bin/Daily.batch
2018-06-08 07:10:46,553 INFO  Execute - Batch - refreshAccountCheck
2018-06-08 07:10:46,580 INFO  Completed - Batch - refreshAccountCheck from /bcrp/prd/application/BatchManager/bin/Daily.batch
2018-06-08 07:10:46,580 INFO  Finished - Batch - refreshAccountCheck
2018-06-08 07:10:46,580 INFO  Starting - Batch - refreshAccountLoanApplication from /bcrp/prd/application/BatchManager/bin/Daily.batch
2018-06-08 07:10:46,582 INFO  Execute - Batch - refreshAccountLoanApplication
2018-06-08 07:11:31,811 INFO  Completed - Batch - refreshAccountLoanApplication from /bcrp/prd/application/BatchManager/bin/Daily.batch
2018-06-08 07:11:31,811 INFO  Finished - Batch - refreshAccountLoanApplication
2018-06-08 07:11:31,812 INFO  Starting - Batch - refreshAccountCollateral from /bcrp/prd/application/BatchManager/bin/Daily.batch
2018-06-08 07:11:31,813 INFO  Execute - Batch - refreshAccountCollateral
2018-06-08 07:13:14,941 INFO  Completed - Batch - refreshAccountCollateral from /bcrp/prd/application/BatchManager/bin/Daily.batch
2018-06-08 07:13:14,941 INFO  Finished - Batch - refreshAccountCollateral
2018-06-08 07:13:14,941 INFO  Starting - Batch - updateAccountLastStandingInstructions from /bcrp/prd/application/BatchManager/bin/Daily.batch
2018-06-08 07:13:14,943 INFO  Execute - Batch - updateAccountLastStandingInstructions
2018-06-08 07:13:59,791 INFO  Completed - Batch - updateAccountLastStandingInstructions from /bcrp/prd/application/BatchManager/bin/Daily.batch
2018-06-08 07:13:59,792 INFO  Finished - Batch - updateAccountLastStandingInstructions
2018-06-08 07:13:59,792 INFO  Starting - Batch - refreshAccountGuarantor from /bcrp/prd/application/BatchManager/bin/Daily.batch
2018-06-08 07:13:59,793 INFO  Execute - Batch - refreshAccountGuarantor
2018-06-08 07:14:07,566 INFO  Completed - Batch - refreshAccountGuarantor from /bcrp/prd/application/BatchManager/bin/Daily.batch
2018-06-08 07:14:07,567 INFO  Finished - Batch - refreshAccountGuarantor
2018-06-08 07:14:07,567 INFO  Starting - Batch - DAILY_AGENCY_PAYMENT_DELETE_BATCH from /bcrp/prd/application/BatchManager/bin/Daily.batch
2018-06-08 07:14:07,568 INFO  Execute - Batch - DAILY_AGENCY_PAYMENT_DELETE_BATCH
2018-06-08 07:14:07,633 INFO  Completed - Batch - DAILY_AGENCY_PAYMENT_DELETE_BATCH from /bcrp/prd/application/BatchManager/bin/Daily.batch
2018-06-08 07:14:07,633 INFO  Finished - Batch - DAILY_AGENCY_PAYMENT_DELETE_BATCH
2018-06-08 07:14:07,633 INFO  Starting - Batch - DAILY_AGENCY_PAYMENT_INSERT_BATCH from /bcrp/prd/application/BatchManager/bin/Daily.batch
2018-06-08 07:14:07,633 INFO  Execute - Batch - DAILY_AGENCY_PAYMENT_INSERT_BATCH
2018-06-08 07:14:24,656 INFO  Completed - Batch - DAILY_AGENCY_PAYMENT_INSERT_BATCH from /bcrp/prd/application/BatchManager/bin/Daily.batch
2018-06-08 07:14:24,656 INFO  Finished - Batch - DAILY_AGENCY_PAYMENT_INSERT_BATCH
2018-06-08 07:14:24,656 INFO  Starting - Batch - AUTOMATICALLY_UNSUCCESSFUL_EARMARK from /bcrp/prd/application/BatchManager/bin/Daily.batch
2018-06-08 07:14:24,657 INFO  Execute - Batch - AUTOMATICALLY_UNSUCCESSFUL_EARMARK
2018-06-08 07:14:24,684 INFO  Completed - Batch - AUTOMATICALLY_UNSUCCESSFUL_EARMARK from /bcrp/prd/application/BatchManager/bin/Daily.batch
2018-06-08 07:14:24,684 INFO  Finished - Batch - AUTOMATICALLY_UNSUCCESSFUL_EARMARK
2018-06-08 07:14:24,684 INFO  Starting - Batch - RnRCurrScheActualRemainingAmtUpdate from /bcrp/prd/application/BatchManager/bin/Daily.batch
2018-06-08 07:14:24,685 INFO  Execute - Batch - RnRCurrScheActualRemainingAmtUpdate
2018-06-08 07:14:26,182 INFO  Completed - Batch - RnRCurrScheActualRemainingAmtUpdate from /bcrp/prd/application/BatchManager/bin/Daily.batch
2018-06-08 07:14:26,182 INFO  Finished - Batch - RnRCurrScheActualRemainingAmtUpdate
2018-06-08 07:14:26,182 INFO  Starting - Batch - AUTOMATICALLY_UNSUCCESSFUL_VISITATION from /bcrp/prd/application/BatchManager/bin/Daily.batch
2018-06-08 07:14:26,183 INFO  Execute - Batch - AUTOMATICALLY_UNSUCCESSFUL_VISITATION
2018-06-08 07:14:26,235 INFO  Completed - Batch - AUTOMATICALLY_UNSUCCESSFUL_VISITATION from /bcrp/prd/application/BatchManager/bin/Daily.batch
2018-06-08 07:14:26,235 INFO  Finished - Batch - AUTOMATICALLY_UNSUCCESSFUL_VISITATION
2018-06-08 07:14:26,235 INFO  Starting - Batch - ledgerDaily from /bcrp/prd/application/BatchManager/bin/Daily.batch
2018-06-08 07:14:26,236 INFO  Execute - Batch - ledgerDaily
2018-06-08 07:15:40,930 INFO  Completed - Batch - ledgerDaily from /bcrp/prd/application/BatchManager/bin/Daily.batch
2018-06-08 07:15:40,930 INFO  Finished - Batch - ledgerDaily
2018-06-08 07:15:40,930 INFO  Starting - Batch - appAgencyDailyProcess from /bcrp/prd/application/BatchManager/bin/Daily.batch
2018-06-08 07:15:40,931 INFO  Execute - Batch - appAgencyDailyProcess
2018-06-08 07:18:42,480 INFO  Completed - Batch - appAgencyDailyProcess from /bcrp/prd/application/BatchManager/bin/Daily.batch
2018-06-08 07:18:42,480 INFO  Finished - Batch - appAgencyDailyProcess
2018-06-08 07:18:42,480 INFO  Starting - Batch - poolCallingPriority from /bcrp/prd/application/BatchManager/bin/Daily.batch
2018-06-08 07:18:42,481 INFO  Execute - Batch - poolCallingPriority
2018-06-08 07:18:46,247 INFO  Completed - Batch - poolCallingPriority from /bcrp/prd/application/BatchManager/bin/Daily.batch
2018-06-08 07:18:46,247 INFO  Finished - Batch - poolCallingPriority
2018-06-08 07:18:46,247 DEBUG --DONE--
