2018-06-03 21:30:01,754 INFO  HTTP_INIT_CLIENT: Starting HTTP interface connecting to server http://localhost:8765/
LOGIN SUCCESSFUL
2018-06-03 21:30:01,941 DEBUG --START--
2018-06-03 21:30:01,945 INFO  Starting - Batch - contactNumberCleansingUpdates from /bcrp/prd/application/BatchManager/bin/DailyEvening.batch
2018-06-03 21:30:01,950 INFO  Execute - Batch - contactNumberCleansingUpdates
2018-06-03 21:30:31,953 INFO  Completed - Batch - contactNumberCleansingUpdates from /bcrp/prd/application/BatchManager/bin/DailyEvening.batch
2018-06-03 21:30:31,954 INFO  Finished - Batch - contactNumberCleansingUpdates
2018-06-03 21:30:31,954 INFO  Starting - Batch - stagingSMSTreatmentUpdate from /bcrp/prd/application/BatchManager/bin/DailyEvening.batch
2018-06-03 21:30:31,955 INFO  Execute - Batch - stagingSMSTreatmentUpdate
2018-06-03 21:30:32,082 INFO  Completed - Batch - stagingSMSTreatmentUpdate from /bcrp/prd/application/BatchManager/bin/DailyEvening.batch
2018-06-03 21:30:32,082 INFO  Finished - Batch - stagingSMSTreatmentUpdate
2018-06-03 21:30:32,082 INFO  Starting - Batch - searchContactNumberRefresh from /bcrp/prd/application/BatchManager/bin/DailyEvening.batch
2018-06-03 21:30:32,083 INFO  Execute - Batch - searchContactNumberRefresh
2018-06-03 21:36:34,557 INFO  Completed - Batch - searchContactNumberRefresh from /bcrp/prd/application/BatchManager/bin/DailyEvening.batch
2018-06-03 21:36:34,557 INFO  Finished - Batch - searchContactNumberRefresh
2018-06-03 21:36:34,557 INFO  Starting - Batch - updatePmmContactInfo from /bcrp/prd/application/BatchManager/bin/DailyEvening.batch
2018-06-03 21:36:34,558 INFO  Execute - Batch - updatePmmContactInfo
2018-06-03 21:36:34,946 INFO  Completed - Batch - updatePmmContactInfo from /bcrp/prd/application/BatchManager/bin/DailyEvening.batch
2018-06-03 21:36:34,947 INFO  Finished - Batch - updatePmmContactInfo
2018-06-03 21:36:34,947 INFO  Starting - Batch - summarizeAccountHostLegalAction from /bcrp/prd/application/BatchManager/bin/DailyEvening.batch
2018-06-03 21:36:34,948 INFO  Execute - Batch - summarizeAccountHostLegalAction
2018-06-03 21:45:57,190 INFO  Completed - Batch - summarizeAccountHostLegalAction from /bcrp/prd/application/BatchManager/bin/DailyEvening.batch
2018-06-03 21:45:57,190 INFO  Finished - Batch - summarizeAccountHostLegalAction
2018-06-03 21:45:57,191 INFO  Starting - Batch - updateAccountWorklistAssignment from /bcrp/prd/application/BatchManager/bin/DailyEvening.batch
2018-06-03 21:45:57,192 INFO  Execute - Batch - updateAccountWorklistAssignment
2018-06-03 21:47:23,758 INFO  Completed - Batch - updateAccountWorklistAssignment from /bcrp/prd/application/BatchManager/bin/DailyEvening.batch
2018-06-03 21:47:23,758 INFO  Finished - Batch - updateAccountWorklistAssignment
2018-06-03 21:47:23,758 INFO  Starting - Batch - updateAccountWorklistAssignmentMg from /bcrp/prd/application/BatchManager/bin/DailyEvening.batch
2018-06-03 21:47:23,760 INFO  Execute - Batch - updateAccountWorklistAssignmentMg
2018-06-03 21:47:42,019 INFO  Completed - Batch - updateAccountWorklistAssignmentMg from /bcrp/prd/application/BatchManager/bin/DailyEvening.batch
2018-06-03 21:47:42,019 INFO  Finished - Batch - updateAccountWorklistAssignmentMg
2018-06-03 21:47:42,019 INFO  Starting - Batch - refreshAccountCorresspondenceAddress from /bcrp/prd/application/BatchManager/bin/DailyEvening.batch
2018-06-03 21:47:42,021 INFO  Execute - Batch - refreshAccountCorresspondenceAddress
2018-06-03 21:51:03,530 INFO  Completed - Batch - refreshAccountCorresspondenceAddress from /bcrp/prd/application/BatchManager/bin/DailyEvening.batch
2018-06-03 21:51:03,531 INFO  Finished - Batch - refreshAccountCorresspondenceAddress
2018-06-03 21:51:03,531 INFO  Starting - Batch - updateUserAutoInvalid from /bcrp/prd/application/BatchManager/bin/DailyEvening.batch
2018-06-03 21:51:03,532 INFO  Execute - Batch - updateUserAutoInvalid
2018-06-03 21:51:03,601 INFO  Completed - Batch - updateUserAutoInvalid from /bcrp/prd/application/BatchManager/bin/DailyEvening.batch
2018-06-03 21:51:03,601 INFO  Finished - Batch - updateUserAutoInvalid
2018-06-03 21:51:03,601 DEBUG --DONE--
