2018-06-19 06:33:02,352 INFO  HTTP_INIT_CLIENT: Starting HTTP interface connecting to server http://localhost:8765/
LOGIN SUCCESSFUL
2018-06-19 06:33:04,111 DEBUG --START--
2018-06-19 06:33:04,117 INFO  Starting - Batch - processHostData from /bcrp/prd/application/BatchManager/bin/Daily.batch
2018-06-19 06:33:04,122 INFO  Execute - Batch - processHostData
2018-06-19 07:02:14,496 INFO  Completed - Batch - processHostData from /bcrp/prd/application/BatchManager/bin/Daily.batch
2018-06-19 07:02:14,496 INFO  Finished - Batch - processHostData
2018-06-19 07:02:14,496 INFO  Starting - Batch - dailyWorkListTabsUpdate from /bcrp/prd/application/BatchManager/bin/Daily.batch
2018-06-19 07:02:14,498 INFO  Execute - Batch - dailyWorkListTabsUpdate
2018-06-19 07:03:00,777 INFO  Completed - Batch - dailyWorkListTabsUpdate from /bcrp/prd/application/BatchManager/bin/Daily.batch
2018-06-19 07:03:00,778 INFO  Finished - Batch - dailyWorkListTabsUpdate
2018-06-19 07:03:00,778 INFO  Starting - Batch - promiseEvaluation from /bcrp/prd/application/BatchManager/bin/Daily.batch
2018-06-19 07:03:00,779 INFO  Execute - Batch - promiseEvaluation
2018-06-19 07:07:48,692 INFO  Completed - Batch - promiseEvaluation from /bcrp/prd/application/BatchManager/bin/Daily.batch
2018-06-19 07:07:48,692 INFO  Finished - Batch - promiseEvaluation
2018-06-19 07:07:48,692 INFO  Starting - Batch - refreshAccountCheck from /bcrp/prd/application/BatchManager/bin/Daily.batch
2018-06-19 07:07:48,693 INFO  Execute - Batch - refreshAccountCheck
2018-06-19 07:07:48,725 INFO  Completed - Batch - refreshAccountCheck from /bcrp/prd/application/BatchManager/bin/Daily.batch
2018-06-19 07:07:48,725 INFO  Finished - Batch - refreshAccountCheck
2018-06-19 07:07:48,725 INFO  Starting - Batch - refreshAccountLoanApplication from /bcrp/prd/application/BatchManager/bin/Daily.batch
2018-06-19 07:07:48,726 INFO  Execute - Batch - refreshAccountLoanApplication
2018-06-19 07:08:38,213 INFO  Completed - Batch - refreshAccountLoanApplication from /bcrp/prd/application/BatchManager/bin/Daily.batch
2018-06-19 07:08:38,213 INFO  Finished - Batch - refreshAccountLoanApplication
2018-06-19 07:08:38,214 INFO  Starting - Batch - refreshAccountCollateral from /bcrp/prd/application/BatchManager/bin/Daily.batch
2018-06-19 07:08:38,215 INFO  Execute - Batch - refreshAccountCollateral
2018-06-19 07:10:32,684 INFO  Completed - Batch - refreshAccountCollateral from /bcrp/prd/application/BatchManager/bin/Daily.batch
2018-06-19 07:10:32,685 INFO  Finished - Batch - refreshAccountCollateral
2018-06-19 07:10:32,685 INFO  Starting - Batch - updateAccountLastStandingInstructions from /bcrp/prd/application/BatchManager/bin/Daily.batch
2018-06-19 07:10:32,686 INFO  Execute - Batch - updateAccountLastStandingInstructions
2018-06-19 07:11:07,359 INFO  Completed - Batch - updateAccountLastStandingInstructions from /bcrp/prd/application/BatchManager/bin/Daily.batch
2018-06-19 07:11:07,359 INFO  Finished - Batch - updateAccountLastStandingInstructions
2018-06-19 07:11:07,360 INFO  Starting - Batch - refreshAccountGuarantor from /bcrp/prd/application/BatchManager/bin/Daily.batch
2018-06-19 07:11:07,361 INFO  Execute - Batch - refreshAccountGuarantor
2018-06-19 07:11:14,369 INFO  Completed - Batch - refreshAccountGuarantor from /bcrp/prd/application/BatchManager/bin/Daily.batch
2018-06-19 07:11:14,369 INFO  Finished - Batch - refreshAccountGuarantor
2018-06-19 07:11:14,369 INFO  Starting - Batch - DAILY_AGENCY_PAYMENT_DELETE_BATCH from /bcrp/prd/application/BatchManager/bin/Daily.batch
2018-06-19 07:11:14,370 INFO  Execute - Batch - DAILY_AGENCY_PAYMENT_DELETE_BATCH
2018-06-19 07:11:14,445 INFO  Completed - Batch - DAILY_AGENCY_PAYMENT_DELETE_BATCH from /bcrp/prd/application/BatchManager/bin/Daily.batch
2018-06-19 07:11:14,445 INFO  Finished - Batch - DAILY_AGENCY_PAYMENT_DELETE_BATCH
2018-06-19 07:11:14,445 INFO  Starting - Batch - DAILY_AGENCY_PAYMENT_INSERT_BATCH from /bcrp/prd/application/BatchManager/bin/Daily.batch
2018-06-19 07:11:14,447 INFO  Execute - Batch - DAILY_AGENCY_PAYMENT_INSERT_BATCH
2018-06-19 07:11:32,493 INFO  Completed - Batch - DAILY_AGENCY_PAYMENT_INSERT_BATCH from /bcrp/prd/application/BatchManager/bin/Daily.batch
2018-06-19 07:11:32,493 INFO  Finished - Batch - DAILY_AGENCY_PAYMENT_INSERT_BATCH
2018-06-19 07:11:32,493 INFO  Starting - Batch - AUTOMATICALLY_UNSUCCESSFUL_EARMARK from /bcrp/prd/application/BatchManager/bin/Daily.batch
2018-06-19 07:11:32,494 INFO  Execute - Batch - AUTOMATICALLY_UNSUCCESSFUL_EARMARK
2018-06-19 07:11:32,522 INFO  Completed - Batch - AUTOMATICALLY_UNSUCCESSFUL_EARMARK from /bcrp/prd/application/BatchManager/bin/Daily.batch
2018-06-19 07:11:32,522 INFO  Finished - Batch - AUTOMATICALLY_UNSUCCESSFUL_EARMARK
2018-06-19 07:11:32,522 INFO  Starting - Batch - RnRCurrScheActualRemainingAmtUpdate from /bcrp/prd/application/BatchManager/bin/Daily.batch
2018-06-19 07:11:32,523 INFO  Execute - Batch - RnRCurrScheActualRemainingAmtUpdate
2018-06-19 07:11:33,975 INFO  Completed - Batch - RnRCurrScheActualRemainingAmtUpdate from /bcrp/prd/application/BatchManager/bin/Daily.batch
2018-06-19 07:11:33,975 INFO  Finished - Batch - RnRCurrScheActualRemainingAmtUpdate
2018-06-19 07:11:33,975 INFO  Starting - Batch - AUTOMATICALLY_UNSUCCESSFUL_VISITATION from /bcrp/prd/application/BatchManager/bin/Daily.batch
2018-06-19 07:11:33,976 INFO  Execute - Batch - AUTOMATICALLY_UNSUCCESSFUL_VISITATION
2018-06-19 07:11:34,004 INFO  Completed - Batch - AUTOMATICALLY_UNSUCCESSFUL_VISITATION from /bcrp/prd/application/BatchManager/bin/Daily.batch
2018-06-19 07:11:34,004 INFO  Finished - Batch - AUTOMATICALLY_UNSUCCESSFUL_VISITATION
2018-06-19 07:11:34,004 INFO  Starting - Batch - ledgerDaily from /bcrp/prd/application/BatchManager/bin/Daily.batch
2018-06-19 07:11:34,005 INFO  Execute - Batch - ledgerDaily
2018-06-19 07:12:41,779 INFO  Completed - Batch - ledgerDaily from /bcrp/prd/application/BatchManager/bin/Daily.batch
2018-06-19 07:12:41,779 INFO  Finished - Batch - ledgerDaily
2018-06-19 07:12:41,779 INFO  Starting - Batch - appAgencyDailyProcess from /bcrp/prd/application/BatchManager/bin/Daily.batch
2018-06-19 07:12:41,780 INFO  Execute - Batch - appAgencyDailyProcess
2018-06-19 07:14:57,640 INFO  Completed - Batch - appAgencyDailyProcess from /bcrp/prd/application/BatchManager/bin/Daily.batch
2018-06-19 07:14:57,641 INFO  Finished - Batch - appAgencyDailyProcess
2018-06-19 07:14:57,641 INFO  Starting - Batch - poolCallingPriority from /bcrp/prd/application/BatchManager/bin/Daily.batch
2018-06-19 07:14:57,642 INFO  Execute - Batch - poolCallingPriority
2018-06-19 07:15:01,614 INFO  Completed - Batch - poolCallingPriority from /bcrp/prd/application/BatchManager/bin/Daily.batch
2018-06-19 07:15:01,614 INFO  Finished - Batch - poolCallingPriority
2018-06-19 07:15:01,614 DEBUG --DONE--
