2018-06-27 08:39:02,009 INFO  HTTP_INIT_CLIENT: Starting HTTP interface connecting to server http://localhost:8765/
LOGIN SUCCESSFUL
2018-06-27 08:39:02,146 DEBUG --START--
2018-06-27 08:39:02,150 INFO  Starting - Batch - executeWlgHpIlAdhoc from /bcrp/prd/application/BatchManager/bin/DailyAdhocAssignment.batch
2018-06-27 08:39:02,155 INFO  Execute - Batch - executeWlgHpIlAdhoc
2018-06-27 08:39:02,168 INFO  Completed - Batch - executeWlgHpIlAdhoc from /bcrp/prd/application/BatchManager/bin/DailyAdhocAssignment.batch
2018-06-27 08:39:02,168 INFO  Finished - Batch - executeWlgHpIlAdhoc
2018-06-27 08:39:02,168 INFO  Starting - Batch - executeWlgHpPreIlAdhoc from /bcrp/prd/application/BatchManager/bin/DailyAdhocAssignment.batch
2018-06-27 08:39:02,169 INFO  Execute - Batch - executeWlgHpPreIlAdhoc
2018-06-27 08:39:02,179 INFO  Completed - Batch - executeWlgHpPreIlAdhoc from /bcrp/prd/application/BatchManager/bin/DailyAdhocAssignment.batch
2018-06-27 08:39:02,179 INFO  Finished - Batch - executeWlgHpPreIlAdhoc
2018-06-27 08:39:02,179 INFO  Starting - Batch - executeWlgPlIlAdhoc from /bcrp/prd/application/BatchManager/bin/DailyAdhocAssignment.batch
2018-06-27 08:39:02,181 INFO  Execute - Batch - executeWlgPlIlAdhoc
2018-06-27 08:39:02,195 INFO  Completed - Batch - executeWlgPlIlAdhoc from /bcrp/prd/application/BatchManager/bin/DailyAdhocAssignment.batch
2018-06-27 08:39:02,195 INFO  Finished - Batch - executeWlgPlIlAdhoc
2018-06-27 08:39:02,195 INFO  Starting - Batch - executeWlgPlPreIlAdhoc from /bcrp/prd/application/BatchManager/bin/DailyAdhocAssignment.batch
2018-06-27 08:39:02,196 INFO  Execute - Batch - executeWlgPlPreIlAdhoc
2018-06-27 08:39:02,209 INFO  Completed - Batch - executeWlgPlPreIlAdhoc from /bcrp/prd/application/BatchManager/bin/DailyAdhocAssignment.batch
2018-06-27 08:39:02,209 INFO  Finished - Batch - executeWlgPlPreIlAdhoc
2018-06-27 08:39:02,209 INFO  Starting - Batch - executeWlgMgIlAdhoc from /bcrp/prd/application/BatchManager/bin/DailyAdhocAssignment.batch
2018-06-27 08:39:02,210 INFO  Execute - Batch - executeWlgMgIlAdhoc
2018-06-27 08:39:02,224 INFO  Completed - Batch - executeWlgMgIlAdhoc from /bcrp/prd/application/BatchManager/bin/DailyAdhocAssignment.batch
2018-06-27 08:39:02,224 INFO  Finished - Batch - executeWlgMgIlAdhoc
2018-06-27 08:39:02,224 INFO  Starting - Batch - executeWlgMgPreIlAdhoc from /bcrp/prd/application/BatchManager/bin/DailyAdhocAssignment.batch
2018-06-27 08:39:02,226 INFO  Execute - Batch - executeWlgMgPreIlAdhoc
2018-06-27 08:39:02,240 INFO  Completed - Batch - executeWlgMgPreIlAdhoc from /bcrp/prd/application/BatchManager/bin/DailyAdhocAssignment.batch
2018-06-27 08:39:02,240 INFO  Finished - Batch - executeWlgMgPreIlAdhoc
2018-06-27 08:39:02,240 INFO  Starting - Batch - executeWlgOdIlAdhoc from /bcrp/prd/application/BatchManager/bin/DailyAdhocAssignment.batch
2018-06-27 08:39:02,242 INFO  Execute - Batch - executeWlgOdIlAdhoc
2018-06-27 08:39:02,255 INFO  Completed - Batch - executeWlgOdIlAdhoc from /bcrp/prd/application/BatchManager/bin/DailyAdhocAssignment.batch
2018-06-27 08:39:02,255 INFO  Finished - Batch - executeWlgOdIlAdhoc
2018-06-27 08:39:02,255 INFO  Starting - Batch - executeWlgOdPreIlAdhoc from /bcrp/prd/application/BatchManager/bin/DailyAdhocAssignment.batch
2018-06-27 08:39:02,256 INFO  Execute - Batch - executeWlgOdPreIlAdhoc
2018-06-27 08:39:02,269 INFO  Completed - Batch - executeWlgOdPreIlAdhoc from /bcrp/prd/application/BatchManager/bin/DailyAdhocAssignment.batch
2018-06-27 08:39:02,269 INFO  Finished - Batch - executeWlgOdPreIlAdhoc
2018-06-27 08:39:02,270 DEBUG --DONE--
