2018-06-05 07:07:08,461 INFO  HTTP_INIT_CLIENT: Starting HTTP interface connecting to server http://localhost:8765
LOGIN SUCCESSFUL
2018-06-05 07:07:09,104 DEBUG --START--
2018-06-05 07:07:09,110 INFO  Starting - Batch - processHostData from /carma/application/BatchManager/bin/Daily.batch
2018-06-05 07:07:09,116 INFO  Execute - Batch - processHostData
2018-06-05 07:31:14,080 INFO  Completed - Batch - processHostData from /carma/application/BatchManager/bin/Daily.batch
2018-06-05 07:31:14,081 INFO  Finished - Batch - processHostData
2018-06-05 07:31:14,081 INFO  Starting - Batch - appPaidEvaluationProcess from /carma/application/BatchManager/bin/Daily.batch
2018-06-05 07:31:14,081 INFO  Execute - Batch - appPaidEvaluationProcess
2018-06-05 07:31:51,030 INFO  Completed - Batch - appPaidEvaluationProcess from /carma/application/BatchManager/bin/Daily.batch
2018-06-05 07:31:51,030 INFO  Finished - Batch - appPaidEvaluationProcess
2018-06-05 07:31:51,031 INFO  Starting - Batch - ctiExtraction from /carma/application/BatchManager/bin/Daily.batch
2018-06-05 07:31:51,031 INFO  Execute - Batch - ctiExtraction
2018-06-05 07:36:25,823 INFO  Completed - Batch - ctiExtraction from /carma/application/BatchManager/bin/Daily.batch
2018-06-05 07:36:25,823 INFO  Finished - Batch - ctiExtraction
2018-06-05 07:36:25,823 INFO  Starting - Batch - promiseEvaluation from /carma/application/BatchManager/bin/Daily.batch
2018-06-05 07:36:25,824 INFO  Execute - Batch - promiseEvaluation
2018-06-05 07:37:59,246 INFO  Completed - Batch - promiseEvaluation from /carma/application/BatchManager/bin/Daily.batch
2018-06-05 07:37:59,246 INFO  Finished - Batch - promiseEvaluation
2018-06-05 07:37:59,246 INFO  Starting - Batch - appDailyProcess from /carma/application/BatchManager/bin/Daily.batch
2018-06-05 07:37:59,247 INFO  Execute - Batch - appDailyProcess
2018-06-05 07:41:14,540 INFO  Completed - Batch - appDailyProcess from /carma/application/BatchManager/bin/Daily.batch
2018-06-05 07:41:14,540 INFO  Finished - Batch - appDailyProcess
2018-06-05 07:41:14,540 INFO  Starting - Batch - updateSettlementProposal from /carma/application/BatchManager/bin/Daily.batch
2018-06-05 07:41:14,541 INFO  Execute - Batch - updateSettlementProposal
2018-06-05 07:41:16,086 INFO  Completed - Batch - updateSettlementProposal from /carma/application/BatchManager/bin/Daily.batch
2018-06-05 07:41:16,086 INFO  Finished - Batch - updateSettlementProposal
2018-06-05 07:41:16,086 INFO  Starting - Batch - poolCallingPriority from /carma/application/BatchManager/bin/Daily.batch
2018-06-05 07:41:16,087 INFO  Execute - Batch - poolCallingPriority
2018-06-05 07:41:16,128 INFO  Completed - Batch - poolCallingPriority from /carma/application/BatchManager/bin/Daily.batch
2018-06-05 07:41:16,128 INFO  Finished - Batch - poolCallingPriority
2018-06-05 07:41:16,128 DEBUG --DONE--
