2018-06-12 07:51:09,044 INFO  HTTP_INIT_CLIENT: Starting HTTP interface connecting to server http://localhost:8765
LOGIN SUCCESSFUL
2018-06-12 07:51:09,223 DEBUG --START--
2018-06-12 07:51:09,228 INFO  Starting - Batch - processHostData from /carma/application/BatchManager/bin/Daily.batch
2018-06-12 07:51:09,235 INFO  Execute - Batch - processHostData
2018-06-12 08:06:58,968 INFO  Completed - Batch - processHostData from /carma/application/BatchManager/bin/Daily.batch
2018-06-12 08:06:58,969 INFO  Finished - Batch - processHostData
2018-06-12 08:06:58,969 INFO  Starting - Batch - appPaidEvaluationProcess from /carma/application/BatchManager/bin/Daily.batch
2018-06-12 08:06:58,969 INFO  Execute - Batch - appPaidEvaluationProcess
2018-06-12 08:07:36,933 INFO  Completed - Batch - appPaidEvaluationProcess from /carma/application/BatchManager/bin/Daily.batch
2018-06-12 08:07:36,933 INFO  Finished - Batch - appPaidEvaluationProcess
2018-06-12 08:07:36,933 INFO  Starting - Batch - ctiExtraction from /carma/application/BatchManager/bin/Daily.batch
2018-06-12 08:07:36,934 INFO  Execute - Batch - ctiExtraction
2018-06-12 08:11:28,446 INFO  Completed - Batch - ctiExtraction from /carma/application/BatchManager/bin/Daily.batch
2018-06-12 08:11:28,446 INFO  Finished - Batch - ctiExtraction
2018-06-12 08:11:28,446 INFO  Starting - Batch - promiseEvaluation from /carma/application/BatchManager/bin/Daily.batch
2018-06-12 08:11:28,447 INFO  Execute - Batch - promiseEvaluation
2018-06-12 08:14:05,078 INFO  Completed - Batch - promiseEvaluation from /carma/application/BatchManager/bin/Daily.batch
2018-06-12 08:14:05,078 INFO  Finished - Batch - promiseEvaluation
2018-06-12 08:14:05,078 INFO  Starting - Batch - appDailyProcess from /carma/application/BatchManager/bin/Daily.batch
2018-06-12 08:14:05,079 INFO  Execute - Batch - appDailyProcess
2018-06-12 08:17:19,850 INFO  Completed - Batch - appDailyProcess from /carma/application/BatchManager/bin/Daily.batch
2018-06-12 08:17:19,850 INFO  Finished - Batch - appDailyProcess
2018-06-12 08:17:19,851 INFO  Starting - Batch - updateSettlementProposal from /carma/application/BatchManager/bin/Daily.batch
2018-06-12 08:17:19,851 INFO  Execute - Batch - updateSettlementProposal
2018-06-12 08:17:21,671 INFO  Completed - Batch - updateSettlementProposal from /carma/application/BatchManager/bin/Daily.batch
2018-06-12 08:17:21,672 INFO  Finished - Batch - updateSettlementProposal
2018-06-12 08:17:21,672 INFO  Starting - Batch - poolCallingPriority from /carma/application/BatchManager/bin/Daily.batch
2018-06-12 08:17:21,672 INFO  Execute - Batch - poolCallingPriority
2018-06-12 08:17:21,710 INFO  Completed - Batch - poolCallingPriority from /carma/application/BatchManager/bin/Daily.batch
2018-06-12 08:17:21,710 INFO  Finished - Batch - poolCallingPriority
2018-06-12 08:17:21,710 DEBUG --DONE--
