2018-06-08 09:00:10,152 INFO  HTTP_INIT_CLIENT: Starting HTTP interface connecting to server http://localhost:8765
LOGIN SUCCESSFUL
2018-06-08 09:00:10,470 DEBUG --START--
2018-06-08 09:00:10,476 INFO  Starting - Batch - processHostData from /carma/application/BatchManager/bin/Daily.batch
2018-06-08 09:00:10,482 INFO  Execute - Batch - processHostData
2018-06-08 09:25:35,220 INFO  Completed - Batch - processHostData from /carma/application/BatchManager/bin/Daily.batch
2018-06-08 09:25:35,220 INFO  Finished - Batch - processHostData
2018-06-08 09:25:35,220 INFO  Starting - Batch - appPaidEvaluationProcess from /carma/application/BatchManager/bin/Daily.batch
2018-06-08 09:25:35,221 INFO  Execute - Batch - appPaidEvaluationProcess
2018-06-08 09:26:22,225 INFO  Completed - Batch - appPaidEvaluationProcess from /carma/application/BatchManager/bin/Daily.batch
2018-06-08 09:26:22,225 INFO  Finished - Batch - appPaidEvaluationProcess
2018-06-08 09:26:22,226 INFO  Starting - Batch - ctiExtraction from /carma/application/BatchManager/bin/Daily.batch
2018-06-08 09:26:22,226 INFO  Execute - Batch - ctiExtraction
2018-06-08 09:31:27,088 INFO  Completed - Batch - ctiExtraction from /carma/application/BatchManager/bin/Daily.batch
2018-06-08 09:31:27,088 INFO  Finished - Batch - ctiExtraction
2018-06-08 09:31:27,088 INFO  Starting - Batch - promiseEvaluation from /carma/application/BatchManager/bin/Daily.batch
2018-06-08 09:31:27,089 INFO  Execute - Batch - promiseEvaluation
2018-06-08 09:34:13,233 INFO  Completed - Batch - promiseEvaluation from /carma/application/BatchManager/bin/Daily.batch
2018-06-08 09:34:13,234 INFO  Finished - Batch - promiseEvaluation
2018-06-08 09:34:13,234 INFO  Starting - Batch - appDailyProcess from /carma/application/BatchManager/bin/Daily.batch
2018-06-08 09:34:13,234 INFO  Execute - Batch - appDailyProcess
2018-06-08 09:38:19,546 INFO  Completed - Batch - appDailyProcess from /carma/application/BatchManager/bin/Daily.batch
2018-06-08 09:38:19,546 INFO  Finished - Batch - appDailyProcess
2018-06-08 09:38:19,546 INFO  Starting - Batch - updateSettlementProposal from /carma/application/BatchManager/bin/Daily.batch
2018-06-08 09:38:19,547 INFO  Execute - Batch - updateSettlementProposal
2018-06-08 09:38:22,474 INFO  Completed - Batch - updateSettlementProposal from /carma/application/BatchManager/bin/Daily.batch
2018-06-08 09:38:22,474 INFO  Finished - Batch - updateSettlementProposal
2018-06-08 09:38:22,474 INFO  Starting - Batch - poolCallingPriority from /carma/application/BatchManager/bin/Daily.batch
2018-06-08 09:38:22,475 INFO  Execute - Batch - poolCallingPriority
2018-06-08 09:38:22,529 INFO  Completed - Batch - poolCallingPriority from /carma/application/BatchManager/bin/Daily.batch
2018-06-08 09:38:22,529 INFO  Finished - Batch - poolCallingPriority
2018-06-08 09:38:22,529 DEBUG --DONE--
