2018-06-09 07:09:06,768 INFO  HTTP_INIT_CLIENT: Starting HTTP interface connecting to server http://localhost:8765
LOGIN SUCCESSFUL
2018-06-09 07:09:07,494 DEBUG --START--
2018-06-09 07:09:07,500 INFO  Starting - Batch - processHostData from /carma/application/BatchManager/bin/Daily.batch
2018-06-09 07:09:07,506 INFO  Execute - Batch - processHostData
2018-06-09 07:26:54,934 INFO  Completed - Batch - processHostData from /carma/application/BatchManager/bin/Daily.batch
2018-06-09 07:26:54,934 INFO  Finished - Batch - processHostData
2018-06-09 07:26:54,934 INFO  Starting - Batch - appPaidEvaluationProcess from /carma/application/BatchManager/bin/Daily.batch
2018-06-09 07:26:54,935 INFO  Execute - Batch - appPaidEvaluationProcess
2018-06-09 07:27:34,853 INFO  Completed - Batch - appPaidEvaluationProcess from /carma/application/BatchManager/bin/Daily.batch
2018-06-09 07:27:34,853 INFO  Finished - Batch - appPaidEvaluationProcess
2018-06-09 07:27:34,853 INFO  Starting - Batch - ctiExtraction from /carma/application/BatchManager/bin/Daily.batch
2018-06-09 07:27:34,854 INFO  Execute - Batch - ctiExtraction
2018-06-09 07:31:49,934 INFO  Completed - Batch - ctiExtraction from /carma/application/BatchManager/bin/Daily.batch
2018-06-09 07:31:49,934 INFO  Finished - Batch - ctiExtraction
2018-06-09 07:31:49,934 INFO  Starting - Batch - promiseEvaluation from /carma/application/BatchManager/bin/Daily.batch
2018-06-09 07:31:49,935 INFO  Execute - Batch - promiseEvaluation
2018-06-09 07:33:59,028 INFO  Completed - Batch - promiseEvaluation from /carma/application/BatchManager/bin/Daily.batch
2018-06-09 07:33:59,028 INFO  Finished - Batch - promiseEvaluation
2018-06-09 07:33:59,029 INFO  Starting - Batch - appDailyProcess from /carma/application/BatchManager/bin/Daily.batch
2018-06-09 07:33:59,029 INFO  Execute - Batch - appDailyProcess
2018-06-09 07:37:07,074 INFO  Completed - Batch - appDailyProcess from /carma/application/BatchManager/bin/Daily.batch
2018-06-09 07:37:07,074 INFO  Finished - Batch - appDailyProcess
2018-06-09 07:37:07,074 INFO  Starting - Batch - updateSettlementProposal from /carma/application/BatchManager/bin/Daily.batch
2018-06-09 07:37:07,075 INFO  Execute - Batch - updateSettlementProposal
2018-06-09 07:37:07,948 ERROR Batch failed with return code: SPAWNED_THREAD_ERROR
2018-06-09 07:37:07,948 INFO  Completed - Batch - updateSettlementProposal from /carma/application/BatchManager/bin/Daily.batch
2018-06-09 07:37:07,948 ERROR Error - Batch - updateSettlementProposal
com.profitera.descriptor.business.ServiceException
	at com.profitera.client.RemoteProgressThread.execute(RemoteProgressThread.java:107)
	at com.profitera.client.ProgressThread.doExecute(ProgressThread.java:54)
	at com.profitera.client.ProgressThread.run(ProgressThread.java:45)
	at com.profitera.batch.main.BatchExe.executeBatch(BatchExe.java:170)
	at com.profitera.batch.main.BatchExe.main(BatchExe.java:245)
