2018-06-13 08:32:09,751 INFO  HTTP_INIT_CLIENT: Starting HTTP interface connecting to server http://localhost:8765
LOGIN SUCCESSFUL
2018-06-13 08:32:09,905 DEBUG --START--
2018-06-13 08:32:09,911 INFO  Starting - Batch - processHostData from /carma/application/BatchManager/bin/Daily.batch
2018-06-13 08:32:09,918 INFO  Execute - Batch - processHostData
2018-06-13 08:53:38,417 INFO  Completed - Batch - processHostData from /carma/application/BatchManager/bin/Daily.batch
2018-06-13 08:53:38,418 INFO  Finished - Batch - processHostData
2018-06-13 08:53:38,418 INFO  Starting - Batch - appPaidEvaluationProcess from /carma/application/BatchManager/bin/Daily.batch
2018-06-13 08:53:38,419 INFO  Execute - Batch - appPaidEvaluationProcess
2018-06-13 08:54:23,929 INFO  Completed - Batch - appPaidEvaluationProcess from /carma/application/BatchManager/bin/Daily.batch
2018-06-13 08:54:23,929 INFO  Finished - Batch - appPaidEvaluationProcess
2018-06-13 08:54:23,930 INFO  Starting - Batch - ctiExtraction from /carma/application/BatchManager/bin/Daily.batch
2018-06-13 08:54:23,930 INFO  Execute - Batch - ctiExtraction
2018-06-13 08:58:57,635 INFO  Completed - Batch - ctiExtraction from /carma/application/BatchManager/bin/Daily.batch
2018-06-13 08:58:57,635 INFO  Finished - Batch - ctiExtraction
2018-06-13 08:58:57,635 INFO  Starting - Batch - promiseEvaluation from /carma/application/BatchManager/bin/Daily.batch
2018-06-13 08:58:57,636 INFO  Execute - Batch - promiseEvaluation
2018-06-13 09:01:39,197 INFO  Completed - Batch - promiseEvaluation from /carma/application/BatchManager/bin/Daily.batch
2018-06-13 09:01:39,197 INFO  Finished - Batch - promiseEvaluation
2018-06-13 09:01:39,197 INFO  Starting - Batch - appDailyProcess from /carma/application/BatchManager/bin/Daily.batch
2018-06-13 09:01:39,198 INFO  Execute - Batch - appDailyProcess
2018-06-13 09:05:59,016 INFO  Completed - Batch - appDailyProcess from /carma/application/BatchManager/bin/Daily.batch
2018-06-13 09:05:59,016 INFO  Finished - Batch - appDailyProcess
2018-06-13 09:05:59,016 INFO  Starting - Batch - updateSettlementProposal from /carma/application/BatchManager/bin/Daily.batch
2018-06-13 09:05:59,017 INFO  Execute - Batch - updateSettlementProposal
2018-06-13 09:06:00,709 INFO  Completed - Batch - updateSettlementProposal from /carma/application/BatchManager/bin/Daily.batch
2018-06-13 09:06:00,710 INFO  Finished - Batch - updateSettlementProposal
2018-06-13 09:06:00,710 INFO  Starting - Batch - poolCallingPriority from /carma/application/BatchManager/bin/Daily.batch
2018-06-13 09:06:00,710 INFO  Execute - Batch - poolCallingPriority
2018-06-13 09:06:00,746 INFO  Completed - Batch - poolCallingPriority from /carma/application/BatchManager/bin/Daily.batch
2018-06-13 09:06:00,746 INFO  Finished - Batch - poolCallingPriority
2018-06-13 09:06:00,746 DEBUG --DONE--
