2018-06-11 06:27:06,411 INFO  HTTP_INIT_CLIENT: Starting HTTP interface connecting to server http://localhost:8765
LOGIN SUCCESSFUL
2018-06-11 06:27:06,662 DEBUG --START--
2018-06-11 06:27:06,667 INFO  Starting - Batch - processHostData from /carma/application/BatchManager/bin/Daily.batch
2018-06-11 06:27:06,674 INFO  Execute - Batch - processHostData
2018-06-11 06:33:49,563 INFO  Completed - Batch - processHostData from /carma/application/BatchManager/bin/Daily.batch
2018-06-11 06:33:49,563 INFO  Finished - Batch - processHostData
2018-06-11 06:33:49,563 INFO  Starting - Batch - appPaidEvaluationProcess from /carma/application/BatchManager/bin/Daily.batch
2018-06-11 06:33:49,564 INFO  Execute - Batch - appPaidEvaluationProcess
2018-06-11 06:34:23,885 INFO  Completed - Batch - appPaidEvaluationProcess from /carma/application/BatchManager/bin/Daily.batch
2018-06-11 06:34:23,885 INFO  Finished - Batch - appPaidEvaluationProcess
2018-06-11 06:34:23,885 INFO  Starting - Batch - ctiExtraction from /carma/application/BatchManager/bin/Daily.batch
2018-06-11 06:34:23,886 INFO  Execute - Batch - ctiExtraction
2018-06-11 06:38:41,834 INFO  Completed - Batch - ctiExtraction from /carma/application/BatchManager/bin/Daily.batch
2018-06-11 06:38:41,835 INFO  Finished - Batch - ctiExtraction
2018-06-11 06:38:41,835 INFO  Starting - Batch - promiseEvaluation from /carma/application/BatchManager/bin/Daily.batch
2018-06-11 06:38:41,835 INFO  Execute - Batch - promiseEvaluation
2018-06-11 06:39:16,078 INFO  Completed - Batch - promiseEvaluation from /carma/application/BatchManager/bin/Daily.batch
2018-06-11 06:39:16,079 INFO  Finished - Batch - promiseEvaluation
2018-06-11 06:39:16,079 INFO  Starting - Batch - appDailyProcess from /carma/application/BatchManager/bin/Daily.batch
2018-06-11 06:39:16,079 INFO  Execute - Batch - appDailyProcess
2018-06-11 06:42:54,872 INFO  Completed - Batch - appDailyProcess from /carma/application/BatchManager/bin/Daily.batch
2018-06-11 06:42:54,872 INFO  Finished - Batch - appDailyProcess
2018-06-11 06:42:54,872 INFO  Starting - Batch - updateSettlementProposal from /carma/application/BatchManager/bin/Daily.batch
2018-06-11 06:42:54,873 INFO  Execute - Batch - updateSettlementProposal
2018-06-11 06:42:56,464 INFO  Completed - Batch - updateSettlementProposal from /carma/application/BatchManager/bin/Daily.batch
2018-06-11 06:42:56,464 INFO  Finished - Batch - updateSettlementProposal
2018-06-11 06:42:56,464 INFO  Starting - Batch - poolCallingPriority from /carma/application/BatchManager/bin/Daily.batch
2018-06-11 06:42:56,465 INFO  Execute - Batch - poolCallingPriority
2018-06-11 06:42:56,513 INFO  Completed - Batch - poolCallingPriority from /carma/application/BatchManager/bin/Daily.batch
2018-06-11 06:42:56,513 INFO  Finished - Batch - poolCallingPriority
2018-06-11 06:42:56,513 DEBUG --DONE--
