2018-06-28 08:08:08,752 INFO  HTTP_INIT_CLIENT: Starting HTTP interface connecting to server http://localhost:8765
LOGIN SUCCESSFUL
2018-06-28 08:08:08,919 DEBUG --START--
2018-06-28 08:08:08,925 INFO  Starting - Batch - processHostData from /carma/application/BatchManager/bin/Daily.batch
2018-06-28 08:08:08,931 INFO  Execute - Batch - processHostData
2018-06-28 08:45:02,200 INFO  Completed - Batch - processHostData from /carma/application/BatchManager/bin/Daily.batch
2018-06-28 08:45:02,200 INFO  Finished - Batch - processHostData
2018-06-28 08:45:02,200 INFO  Starting - Batch - appPaidEvaluationProcess from /carma/application/BatchManager/bin/Daily.batch
2018-06-28 08:45:02,201 INFO  Execute - Batch - appPaidEvaluationProcess
2018-06-28 08:45:54,522 INFO  Completed - Batch - appPaidEvaluationProcess from /carma/application/BatchManager/bin/Daily.batch
2018-06-28 08:45:54,522 INFO  Finished - Batch - appPaidEvaluationProcess
2018-06-28 08:45:54,523 INFO  Starting - Batch - ctiExtraction from /carma/application/BatchManager/bin/Daily.batch
2018-06-28 08:45:54,523 INFO  Execute - Batch - ctiExtraction
2018-06-28 08:48:45,900 INFO  Completed - Batch - ctiExtraction from /carma/application/BatchManager/bin/Daily.batch
2018-06-28 08:48:45,900 INFO  Finished - Batch - ctiExtraction
2018-06-28 08:48:45,900 INFO  Starting - Batch - promiseEvaluation from /carma/application/BatchManager/bin/Daily.batch
2018-06-28 08:48:45,901 INFO  Execute - Batch - promiseEvaluation
2018-06-28 08:51:06,772 INFO  Completed - Batch - promiseEvaluation from /carma/application/BatchManager/bin/Daily.batch
2018-06-28 08:51:06,772 INFO  Finished - Batch - promiseEvaluation
2018-06-28 08:51:06,773 INFO  Starting - Batch - appDailyProcess from /carma/application/BatchManager/bin/Daily.batch
2018-06-28 08:51:06,773 INFO  Execute - Batch - appDailyProcess
2018-06-28 08:55:04,031 INFO  Completed - Batch - appDailyProcess from /carma/application/BatchManager/bin/Daily.batch
2018-06-28 08:55:04,032 INFO  Finished - Batch - appDailyProcess
2018-06-28 08:55:04,032 INFO  Starting - Batch - updateSettlementProposal from /carma/application/BatchManager/bin/Daily.batch
2018-06-28 08:55:04,032 INFO  Execute - Batch - updateSettlementProposal
2018-06-28 08:55:06,628 INFO  Completed - Batch - updateSettlementProposal from /carma/application/BatchManager/bin/Daily.batch
2018-06-28 08:55:06,629 INFO  Finished - Batch - updateSettlementProposal
2018-06-28 08:55:06,629 INFO  Starting - Batch - poolCallingPriority from /carma/application/BatchManager/bin/Daily.batch
2018-06-28 08:55:06,629 INFO  Execute - Batch - poolCallingPriority
2018-06-28 08:55:06,667 INFO  Completed - Batch - poolCallingPriority from /carma/application/BatchManager/bin/Daily.batch
2018-06-28 08:55:06,667 INFO  Finished - Batch - poolCallingPriority
2018-06-28 08:55:06,667 DEBUG --DONE--
