2018-06-24 06:52:07,336 INFO  HTTP_INIT_CLIENT: Starting HTTP interface connecting to server http://localhost:8765
LOGIN SUCCESSFUL
2018-06-24 06:52:20,128 DEBUG --START--
2018-06-24 06:52:20,134 INFO  Starting - Batch - processHostData from /carma/application/BatchManager/bin/Daily.batch
2018-06-24 06:52:20,142 INFO  Execute - Batch - processHostData
2018-06-24 07:03:54,186 INFO  Completed - Batch - processHostData from /carma/application/BatchManager/bin/Daily.batch
2018-06-24 07:03:54,186 INFO  Finished - Batch - processHostData
2018-06-24 07:03:54,186 INFO  Starting - Batch - appPaidEvaluationProcess from /carma/application/BatchManager/bin/Daily.batch
2018-06-24 07:03:54,187 INFO  Execute - Batch - appPaidEvaluationProcess
2018-06-24 07:04:22,990 INFO  Completed - Batch - appPaidEvaluationProcess from /carma/application/BatchManager/bin/Daily.batch
2018-06-24 07:04:22,990 INFO  Finished - Batch - appPaidEvaluationProcess
2018-06-24 07:04:22,990 INFO  Starting - Batch - ctiExtraction from /carma/application/BatchManager/bin/Daily.batch
2018-06-24 07:04:22,991 INFO  Execute - Batch - ctiExtraction
2018-06-24 07:07:56,327 INFO  Completed - Batch - ctiExtraction from /carma/application/BatchManager/bin/Daily.batch
2018-06-24 07:07:56,327 INFO  Finished - Batch - ctiExtraction
2018-06-24 07:07:56,327 INFO  Starting - Batch - promiseEvaluation from /carma/application/BatchManager/bin/Daily.batch
2018-06-24 07:07:56,328 INFO  Execute - Batch - promiseEvaluation
2018-06-24 07:08:40,232 INFO  Completed - Batch - promiseEvaluation from /carma/application/BatchManager/bin/Daily.batch
2018-06-24 07:08:40,233 INFO  Finished - Batch - promiseEvaluation
2018-06-24 07:08:40,233 INFO  Starting - Batch - appDailyProcess from /carma/application/BatchManager/bin/Daily.batch
2018-06-24 07:08:40,233 INFO  Execute - Batch - appDailyProcess
2018-06-24 07:11:55,482 INFO  Completed - Batch - appDailyProcess from /carma/application/BatchManager/bin/Daily.batch
2018-06-24 07:11:55,482 INFO  Finished - Batch - appDailyProcess
2018-06-24 07:11:55,482 INFO  Starting - Batch - updateSettlementProposal from /carma/application/BatchManager/bin/Daily.batch
2018-06-24 07:11:55,483 INFO  Execute - Batch - updateSettlementProposal
2018-06-24 07:11:56,268 ERROR Batch failed with return code: SPAWNED_THREAD_ERROR
2018-06-24 07:11:56,269 INFO  Completed - Batch - updateSettlementProposal from /carma/application/BatchManager/bin/Daily.batch
2018-06-24 07:11:56,269 ERROR Error - Batch - updateSettlementProposal
com.profitera.descriptor.business.ServiceException
	at com.profitera.client.RemoteProgressThread.execute(RemoteProgressThread.java:107)
	at com.profitera.client.ProgressThread.doExecute(ProgressThread.java:54)
	at com.profitera.client.ProgressThread.run(ProgressThread.java:45)
	at com.profitera.batch.main.BatchExe.executeBatch(BatchExe.java:170)
	at com.profitera.batch.main.BatchExe.main(BatchExe.java:245)
