2018-06-30 07:06:07,864 INFO  HTTP_INIT_CLIENT: Starting HTTP interface connecting to server http://localhost:8765
LOGIN SUCCESSFUL
2018-06-30 07:06:18,918 DEBUG --START--
2018-06-30 07:06:18,923 INFO  Starting - Batch - processHostData from /carma/application/BatchManager/bin/Daily.batch
2018-06-30 07:06:18,931 INFO  Execute - Batch - processHostData
2018-06-30 08:05:20,936 INFO  Completed - Batch - processHostData from /carma/application/BatchManager/bin/Daily.batch
2018-06-30 08:05:20,936 INFO  Finished - Batch - processHostData
2018-06-30 08:05:20,936 INFO  Starting - Batch - appPaidEvaluationProcess from /carma/application/BatchManager/bin/Daily.batch
2018-06-30 08:05:20,937 INFO  Execute - Batch - appPaidEvaluationProcess
2018-06-30 08:05:52,124 INFO  Completed - Batch - appPaidEvaluationProcess from /carma/application/BatchManager/bin/Daily.batch
2018-06-30 08:05:52,124 INFO  Finished - Batch - appPaidEvaluationProcess
2018-06-30 08:05:52,124 INFO  Starting - Batch - ctiExtraction from /carma/application/BatchManager/bin/Daily.batch
2018-06-30 08:05:52,125 INFO  Execute - Batch - ctiExtraction
2018-06-30 08:08:09,282 INFO  Completed - Batch - ctiExtraction from /carma/application/BatchManager/bin/Daily.batch
2018-06-30 08:08:09,282 INFO  Finished - Batch - ctiExtraction
2018-06-30 08:08:09,282 INFO  Starting - Batch - promiseEvaluation from /carma/application/BatchManager/bin/Daily.batch
2018-06-30 08:08:09,283 INFO  Execute - Batch - promiseEvaluation
2018-06-30 08:11:12,025 INFO  Completed - Batch - promiseEvaluation from /carma/application/BatchManager/bin/Daily.batch
2018-06-30 08:11:12,026 INFO  Finished - Batch - promiseEvaluation
2018-06-30 08:11:12,026 INFO  Starting - Batch - appDailyProcess from /carma/application/BatchManager/bin/Daily.batch
2018-06-30 08:11:12,026 INFO  Execute - Batch - appDailyProcess
2018-06-30 08:14:24,520 INFO  Completed - Batch - appDailyProcess from /carma/application/BatchManager/bin/Daily.batch
2018-06-30 08:14:24,520 INFO  Finished - Batch - appDailyProcess
2018-06-30 08:14:24,520 INFO  Starting - Batch - updateSettlementProposal from /carma/application/BatchManager/bin/Daily.batch
2018-06-30 08:14:24,521 INFO  Execute - Batch - updateSettlementProposal
2018-06-30 08:14:26,524 ERROR Batch failed with return code: SPAWNED_THREAD_ERROR
2018-06-30 08:14:26,524 INFO  Completed - Batch - updateSettlementProposal from /carma/application/BatchManager/bin/Daily.batch
2018-06-30 08:14:26,524 ERROR Error - Batch - updateSettlementProposal
com.profitera.descriptor.business.ServiceException
	at com.profitera.client.RemoteProgressThread.execute(RemoteProgressThread.java:107)
	at com.profitera.client.ProgressThread.doExecute(ProgressThread.java:54)
	at com.profitera.client.ProgressThread.run(ProgressThread.java:45)
	at com.profitera.batch.main.BatchExe.executeBatch(BatchExe.java:170)
	at com.profitera.batch.main.BatchExe.main(BatchExe.java:245)
