2018-06-26 07:43:08,439 INFO  HTTP_INIT_CLIENT: Starting HTTP interface connecting to server http://localhost:8765
LOGIN SUCCESSFUL
2018-06-26 07:43:08,617 DEBUG --START--
2018-06-26 07:43:08,623 INFO  Starting - Batch - processHostData from /carma/application/BatchManager/bin/Daily.batch
2018-06-26 07:43:08,630 INFO  Execute - Batch - processHostData
2018-06-26 08:13:44,932 INFO  Completed - Batch - processHostData from /carma/application/BatchManager/bin/Daily.batch
2018-06-26 08:13:44,932 INFO  Finished - Batch - processHostData
2018-06-26 08:13:44,932 INFO  Starting - Batch - appPaidEvaluationProcess from /carma/application/BatchManager/bin/Daily.batch
2018-06-26 08:13:44,933 INFO  Execute - Batch - appPaidEvaluationProcess
2018-06-26 08:14:18,555 INFO  Completed - Batch - appPaidEvaluationProcess from /carma/application/BatchManager/bin/Daily.batch
2018-06-26 08:14:18,556 INFO  Finished - Batch - appPaidEvaluationProcess
2018-06-26 08:14:18,556 INFO  Starting - Batch - ctiExtraction from /carma/application/BatchManager/bin/Daily.batch
2018-06-26 08:14:18,557 INFO  Execute - Batch - ctiExtraction
2018-06-26 08:17:26,301 INFO  Completed - Batch - ctiExtraction from /carma/application/BatchManager/bin/Daily.batch
2018-06-26 08:17:26,301 INFO  Finished - Batch - ctiExtraction
2018-06-26 08:17:26,301 INFO  Starting - Batch - promiseEvaluation from /carma/application/BatchManager/bin/Daily.batch
2018-06-26 08:17:26,302 INFO  Execute - Batch - promiseEvaluation
2018-06-26 08:19:21,293 INFO  Completed - Batch - promiseEvaluation from /carma/application/BatchManager/bin/Daily.batch
2018-06-26 08:19:21,293 INFO  Finished - Batch - promiseEvaluation
2018-06-26 08:19:21,293 INFO  Starting - Batch - appDailyProcess from /carma/application/BatchManager/bin/Daily.batch
2018-06-26 08:19:21,294 INFO  Execute - Batch - appDailyProcess
2018-06-26 08:22:40,604 INFO  Completed - Batch - appDailyProcess from /carma/application/BatchManager/bin/Daily.batch
2018-06-26 08:22:40,604 INFO  Finished - Batch - appDailyProcess
2018-06-26 08:22:40,604 INFO  Starting - Batch - updateSettlementProposal from /carma/application/BatchManager/bin/Daily.batch
2018-06-26 08:22:40,605 INFO  Execute - Batch - updateSettlementProposal
2018-06-26 08:22:42,793 INFO  Completed - Batch - updateSettlementProposal from /carma/application/BatchManager/bin/Daily.batch
2018-06-26 08:22:42,794 INFO  Finished - Batch - updateSettlementProposal
2018-06-26 08:22:42,794 INFO  Starting - Batch - poolCallingPriority from /carma/application/BatchManager/bin/Daily.batch
2018-06-26 08:22:42,795 INFO  Execute - Batch - poolCallingPriority
2018-06-26 08:22:42,834 INFO  Completed - Batch - poolCallingPriority from /carma/application/BatchManager/bin/Daily.batch
2018-06-26 08:22:42,835 INFO  Finished - Batch - poolCallingPriority
2018-06-26 08:22:42,835 DEBUG --DONE--
