2018-07-06 05:57:08,893 DEBUG --START--

2018-07-06 05:57:08,898 INFO  Starting - Batch - processHostData from /carma/application/BatchManager/bin/Daily.batch

2018-07-06 05:57:08,906 INFO  Execute - Batch - processHostData

2018-07-06 06:01:57,003 INFO  Completed - Batch - processHostData from /carma/application/BatchManager/bin/Daily.batch

2018-07-06 06:01:57,003 INFO  Finished - Batch - processHostData

2018-07-06 06:01:57,003 INFO  Starting - Batch - appPaidEvaluationProcess from /carma/application/BatchManager/bin/Daily.batch

2018-07-06 06:01:57,004 INFO  Execute - Batch - appPaidEvaluationProcess

2018-07-06 06:02:53,021 INFO  Completed - Batch - appPaidEvaluationProcess from /carma/application/BatchManager/bin/Daily.batch

2018-07-06 06:02:53,022 INFO  Finished - Batch - appPaidEvaluationProcess

2018-07-06 06:02:53,022 INFO  Starting - Batch - promiseEvaluation from /carma/application/BatchManager/bin/Daily.batch

2018-07-06 06:02:53,022 INFO  Execute - Batch - promiseEvaluation

2018-07-06 06:02:53,266 INFO  Completed - Batch - promiseEvaluation from /carma/application/BatchManager/bin/Daily.batch

2018-07-06 06:02:53,266 INFO  Finished - Batch - promiseEvaluation

2018-07-06 06:02:53,266 INFO  Starting - Batch - ctiExtraction from /carma/application/BatchManager/bin/Daily.batch

2018-07-06 06:02:53,267 INFO  Execute - Batch - ctiExtraction

2018-07-06 06:03:37,583 INFO  Completed - Batch - ctiExtraction from /carma/application/BatchManager/bin/Daily.batch

2018-07-06 06:03:37,583 INFO  Finished - Batch - ctiExtraction

2018-07-06 06:03:37,583 INFO  Starting - Batch - appDailyProcess from /carma/application/BatchManager/bin/Daily.batch

2018-07-06 06:03:37,584 INFO  Execute - Batch - appDailyProcess

2018-07-06 06:06:02,885 INFO  Completed - Batch - appDailyProcess from /carma/application/BatchManager/bin/Daily.batch

2018-07-06 06:06:02,885 INFO  Finished - Batch - appDailyProcess

2018-07-06 06:06:02,885 INFO  Starting - Batch - updateSettlementProposal from /carma/application/BatchManager/bin/Daily.batch

2018-07-06 06:06:02,886 INFO  Execute - Batch - updateSettlementProposal

2018-07-06 06:06:03,464 INFO  Completed - Batch - updateSettlementProposal from /carma/application/BatchManager/bin/Daily.batch

2018-07-06 06:06:03,464 INFO  Finished - Batch - updateSettlementProposal

2018-07-06 06:06:03,465 INFO  Starting - Batch - poolCallingPriority from /carma/application/BatchManager/bin/Daily.batch

2018-07-06 06:06:03,465 INFO  Execute - Batch - poolCallingPriority

2018-07-06 06:06:06,429 INFO  Completed - Batch - poolCallingPriority from /carma/application/BatchManager/bin/Daily.batch

2018-07-06 06:06:06,429 INFO  Finished - Batch - poolCallingPriority

2018-07-06 06:06:06,429 DEBUG --DONE--
