2018-06-01 10:48:10,955 INFO  HTTP_INIT_CLIENT: Starting HTTP interface connecting to server http://localhost:8765
LOGIN SUCCESSFUL
2018-06-01 10:48:11,116 DEBUG --START--
2018-06-01 10:48:11,122 INFO  Starting - Batch - processHostData from /carma/application/BatchManager/bin/Daily.batch
2018-06-01 10:48:11,129 INFO  Execute - Batch - processHostData
2018-06-01 12:00:59,873 INFO  Completed - Batch - processHostData from /carma/application/BatchManager/bin/Daily.batch
2018-06-01 12:00:59,873 INFO  Finished - Batch - processHostData
2018-06-01 12:00:59,873 INFO  Starting - Batch - appPaidEvaluationProcess from /carma/application/BatchManager/bin/Daily.batch
2018-06-01 12:00:59,874 INFO  Execute - Batch - appPaidEvaluationProcess
2018-06-01 12:01:31,503 INFO  Completed - Batch - appPaidEvaluationProcess from /carma/application/BatchManager/bin/Daily.batch
2018-06-01 12:01:31,503 INFO  Finished - Batch - appPaidEvaluationProcess
2018-06-01 12:01:31,503 INFO  Starting - Batch - ctiExtraction from /carma/application/BatchManager/bin/Daily.batch
2018-06-01 12:01:31,504 INFO  Execute - Batch - ctiExtraction
2018-06-01 12:04:39,733 INFO  Completed - Batch - ctiExtraction from /carma/application/BatchManager/bin/Daily.batch
2018-06-01 12:04:39,733 INFO  Finished - Batch - ctiExtraction
2018-06-01 12:04:39,733 INFO  Starting - Batch - promiseEvaluation from /carma/application/BatchManager/bin/Daily.batch
2018-06-01 12:04:39,734 INFO  Execute - Batch - promiseEvaluation
2018-06-01 12:09:08,963 INFO  Completed - Batch - promiseEvaluation from /carma/application/BatchManager/bin/Daily.batch
2018-06-01 12:09:08,963 INFO  Finished - Batch - promiseEvaluation
2018-06-01 12:09:08,963 INFO  Starting - Batch - appDailyProcess from /carma/application/BatchManager/bin/Daily.batch
2018-06-01 12:09:08,964 INFO  Execute - Batch - appDailyProcess
2018-06-01 12:13:00,196 INFO  Completed - Batch - appDailyProcess from /carma/application/BatchManager/bin/Daily.batch
2018-06-01 12:13:00,196 INFO  Finished - Batch - appDailyProcess
2018-06-01 12:13:00,196 INFO  Starting - Batch - updateSettlementProposal from /carma/application/BatchManager/bin/Daily.batch
2018-06-01 12:13:00,197 INFO  Execute - Batch - updateSettlementProposal
2018-06-01 12:13:04,861 INFO  Completed - Batch - updateSettlementProposal from /carma/application/BatchManager/bin/Daily.batch
2018-06-01 12:13:04,861 INFO  Finished - Batch - updateSettlementProposal
2018-06-01 12:13:04,861 INFO  Starting - Batch - poolCallingPriority from /carma/application/BatchManager/bin/Daily.batch
2018-06-01 12:13:04,862 INFO  Execute - Batch - poolCallingPriority
2018-06-01 12:13:04,903 INFO  Completed - Batch - poolCallingPriority from /carma/application/BatchManager/bin/Daily.batch
2018-06-01 12:13:04,903 INFO  Finished - Batch - poolCallingPriority
2018-06-01 12:13:04,903 DEBUG --DONE--
