dc_stats_mbsb_2018-08-07.json
dc_stats_mbsb_2018-08-07.json
dc_stats_mbsb_2018-08-07.json
dc_stats_mbsb_2018-08-07.json
dc_stats_mbsb_2018-08-07.json
dc_stats_mbsb_2018-08-07.json
dc_stats_mbsb_2018-08-07.json
dc_stats_mbsb_2018-08-07.json
dc_stats_mbsb_2018-08-07.json
dc_stats_mbsb_2018-08-07.json
dc_stats_mbsb_2018-08-27.json
dc_stats_mbsb_2018-08-07.json
dc_stats_mbsb_2018-08-07.json
dc_stats_mbsb_2018-08-07.json
dc_stats_mbsb_2018-08-07.json
dc_stats_mbsb_2018-08-07.json
dc_stats_mbsb_2018-08-07.json
dc_stats_mbsb_2018-08-07.json
dc_stats_mbsb_2018-08-07.json
dc_stats_mbsb_2018-08-07.json
dc_stats_mbsb_2018-08-07.json
dc_stats_mbsb_2018-08-07.json
dc_stats_mbsb_2018-08-07.json
dc_stats_mbsb_2018-08-07.json
dc_stats_mbsb_2018-08-07.json
dc_stats_mbsb_2018-08-07.json
dc_stats_mbsb_2018-08-07.json
dc_stats_mbsb_2018-08-07.json
dc_stats_mbsb_2018-08-08.json
dc_stats_mbsb_2018-08-08.json
dc_stats_mbsb_2018-08-08.json
dc_stats_mbsb_2018-08-08.json
dc_stats_mbsb_2018-08-08.json
dc_stats_mbsb_2018-08-09.json
dc_stats_mbsb_2018-08-09.json
dc_stats_mbsb_2018-08-09.json
dc_stats_mbsb_2018-08-09.json
dc_stats_mbsb_2018-08-09.json
dc_stats_mbsb_2018-08-10.json
dc_stats_mbsb_2018-08-07.json
dc_stats_yyc_2018-09-14.json
dc_stats_yyc_2018-09-14.json
dc_stats_yyc_2018-09-14.json
dc_stats_yyc_2018-09-15.json
dc_stats_yyc_2018-09-15.json
dc_stats_yyc_2018-09-15.json
dc_stats_yyc_2018-09-15.json
dc_stats_pbk_2018-09-15.json
dc_stats_pelita_2018-09-15.json
dc_stats_cco_2018-09-15.json
dc_stats_mbsb_2018-09-15.json
dc_stats_yyc_2018-09-16.json
dc_stats_pbk_2018-09-16.json
dc_stats_pelita_2018-09-16.json
dc_stats_cco_2018-09-16.json
dc_stats_mbsb_2018-09-16.json
dc_stats_yyc_2018-09-15.json
dc_stats_pbk_2018-09-15.json
dc_stats_pelita_2018-09-15.json
dc_stats_cco_2018-09-15.json
dc_stats_mbsb_2018-09-15.json
dc_stats_yyc_2018-09-15.json
dc_stats_pelita_2018-09-15.json
dc_stats_mbsb_2018-09-15.json
dc_stats_yyc_2018-09-22.json
dc_stats_yyc_2018-10-01.json
dc_stats_yyc_2018-10-01.json
