2018-06-30 20:00:01,325 INFO  HTTP_INIT_CLIENT: Starting HTTP interface connecting to server http://localhost:8765/
LOGIN SUCCESSFUL
2018-06-30 20:00:01,569 DEBUG --START--
2018-06-30 20:00:01,574 INFO  Starting - Batch - contactNumberCleansingUpdates from /bcrp/prd/application/BatchManager/bin/DailyEvening.batch
2018-06-30 20:00:01,580 INFO  Execute - Batch - contactNumberCleansingUpdates
2018-06-30 20:00:42,699 INFO  Completed - Batch - contactNumberCleansingUpdates from /bcrp/prd/application/BatchManager/bin/DailyEvening.batch
2018-06-30 20:00:42,699 INFO  Finished - Batch - contactNumberCleansingUpdates
2018-06-30 20:00:42,699 INFO  Starting - Batch - stagingSMSTreatmentUpdate from /bcrp/prd/application/BatchManager/bin/DailyEvening.batch
2018-06-30 20:00:42,700 INFO  Execute - Batch - stagingSMSTreatmentUpdate
2018-06-30 20:00:42,821 INFO  Completed - Batch - stagingSMSTreatmentUpdate from /bcrp/prd/application/BatchManager/bin/DailyEvening.batch
2018-06-30 20:00:42,821 INFO  Finished - Batch - stagingSMSTreatmentUpdate
2018-06-30 20:00:42,822 INFO  Starting - Batch - searchContactNumberRefresh from /bcrp/prd/application/BatchManager/bin/DailyEvening.batch
2018-06-30 20:00:42,823 INFO  Execute - Batch - searchContactNumberRefresh
2018-06-30 20:08:47,259 INFO  Completed - Batch - searchContactNumberRefresh from /bcrp/prd/application/BatchManager/bin/DailyEvening.batch
2018-06-30 20:08:47,260 INFO  Finished - Batch - searchContactNumberRefresh
2018-06-30 20:08:47,260 INFO  Starting - Batch - updatePmmContactInfo from /bcrp/prd/application/BatchManager/bin/DailyEvening.batch
2018-06-30 20:08:47,262 INFO  Execute - Batch - updatePmmContactInfo
2018-06-30 20:08:47,719 INFO  Completed - Batch - updatePmmContactInfo from /bcrp/prd/application/BatchManager/bin/DailyEvening.batch
2018-06-30 20:08:47,719 INFO  Finished - Batch - updatePmmContactInfo
2018-06-30 20:08:47,719 INFO  Starting - Batch - summarizeAccountHostLegalAction from /bcrp/prd/application/BatchManager/bin/DailyEvening.batch
2018-06-30 20:08:47,721 INFO  Execute - Batch - summarizeAccountHostLegalAction
2018-06-30 20:25:36,418 INFO  Completed - Batch - summarizeAccountHostLegalAction from /bcrp/prd/application/BatchManager/bin/DailyEvening.batch
2018-06-30 20:25:36,418 INFO  Finished - Batch - summarizeAccountHostLegalAction
2018-06-30 20:25:36,418 INFO  Starting - Batch - updateAccountWorklistAssignment from /bcrp/prd/application/BatchManager/bin/DailyEvening.batch
2018-06-30 20:25:36,419 INFO  Execute - Batch - updateAccountWorklistAssignment
2018-06-30 20:26:47,327 INFO  Completed - Batch - updateAccountWorklistAssignment from /bcrp/prd/application/BatchManager/bin/DailyEvening.batch
2018-06-30 20:26:47,327 INFO  Finished - Batch - updateAccountWorklistAssignment
2018-06-30 20:26:47,327 INFO  Starting - Batch - updateAccountWorklistAssignmentMg from /bcrp/prd/application/BatchManager/bin/DailyEvening.batch
2018-06-30 20:26:47,329 INFO  Execute - Batch - updateAccountWorklistAssignmentMg
2018-06-30 20:27:02,600 INFO  Completed - Batch - updateAccountWorklistAssignmentMg from /bcrp/prd/application/BatchManager/bin/DailyEvening.batch
2018-06-30 20:27:02,601 INFO  Finished - Batch - updateAccountWorklistAssignmentMg
2018-06-30 20:27:02,601 INFO  Starting - Batch - refreshAccountCorresspondenceAddress from /bcrp/prd/application/BatchManager/bin/DailyEvening.batch
2018-06-30 20:27:02,602 INFO  Execute - Batch - refreshAccountCorresspondenceAddress
2018-06-30 20:33:07,510 INFO  Completed - Batch - refreshAccountCorresspondenceAddress from /bcrp/prd/application/BatchManager/bin/DailyEvening.batch
2018-06-30 20:33:07,510 INFO  Finished - Batch - refreshAccountCorresspondenceAddress
2018-06-30 20:33:07,511 INFO  Starting - Batch - updateUserAutoInvalid from /bcrp/prd/application/BatchManager/bin/DailyEvening.batch
2018-06-30 20:33:07,512 INFO  Execute - Batch - updateUserAutoInvalid
2018-06-30 20:33:07,663 INFO  Completed - Batch - updateUserAutoInvalid from /bcrp/prd/application/BatchManager/bin/DailyEvening.batch
2018-06-30 20:33:07,664 INFO  Finished - Batch - updateUserAutoInvalid
2018-06-30 20:33:07,664 DEBUG --DONE--
