2018-06-12 20:00:01,615 INFO  HTTP_INIT_CLIENT: Starting HTTP interface connecting to server http://localhost:8765/
LOGIN SUCCESSFUL
2018-06-12 20:00:01,795 DEBUG --START--
2018-06-12 20:00:01,800 INFO  Starting - Batch - contactNumberCleansingUpdates from /bcrp/prd/application/BatchManager/bin/DailyEvening.batch
2018-06-12 20:00:01,805 INFO  Execute - Batch - contactNumberCleansingUpdates
2018-06-12 20:00:30,567 INFO  Completed - Batch - contactNumberCleansingUpdates from /bcrp/prd/application/BatchManager/bin/DailyEvening.batch
2018-06-12 20:00:30,567 INFO  Finished - Batch - contactNumberCleansingUpdates
2018-06-12 20:00:30,567 INFO  Starting - Batch - stagingSMSTreatmentUpdate from /bcrp/prd/application/BatchManager/bin/DailyEvening.batch
2018-06-12 20:00:30,569 INFO  Execute - Batch - stagingSMSTreatmentUpdate
2018-06-12 20:00:32,676 INFO  Completed - Batch - stagingSMSTreatmentUpdate from /bcrp/prd/application/BatchManager/bin/DailyEvening.batch
2018-06-12 20:00:32,677 INFO  Finished - Batch - stagingSMSTreatmentUpdate
2018-06-12 20:00:32,677 INFO  Starting - Batch - searchContactNumberRefresh from /bcrp/prd/application/BatchManager/bin/DailyEvening.batch
2018-06-12 20:00:32,678 INFO  Execute - Batch - searchContactNumberRefresh
2018-06-12 20:06:57,301 INFO  Completed - Batch - searchContactNumberRefresh from /bcrp/prd/application/BatchManager/bin/DailyEvening.batch
2018-06-12 20:06:57,302 INFO  Finished - Batch - searchContactNumberRefresh
2018-06-12 20:06:57,302 INFO  Starting - Batch - updatePmmContactInfo from /bcrp/prd/application/BatchManager/bin/DailyEvening.batch
2018-06-12 20:06:57,303 INFO  Execute - Batch - updatePmmContactInfo
2018-06-12 20:06:57,833 INFO  Completed - Batch - updatePmmContactInfo from /bcrp/prd/application/BatchManager/bin/DailyEvening.batch
2018-06-12 20:06:57,833 INFO  Finished - Batch - updatePmmContactInfo
2018-06-12 20:06:57,833 INFO  Starting - Batch - summarizeAccountHostLegalAction from /bcrp/prd/application/BatchManager/bin/DailyEvening.batch
2018-06-12 20:06:57,834 INFO  Execute - Batch - summarizeAccountHostLegalAction
2018-06-12 20:18:20,057 INFO  Completed - Batch - summarizeAccountHostLegalAction from /bcrp/prd/application/BatchManager/bin/DailyEvening.batch
2018-06-12 20:18:20,057 INFO  Finished - Batch - summarizeAccountHostLegalAction
2018-06-12 20:18:20,057 INFO  Starting - Batch - updateAccountWorklistAssignment from /bcrp/prd/application/BatchManager/bin/DailyEvening.batch
2018-06-12 20:18:20,059 INFO  Execute - Batch - updateAccountWorklistAssignment
2018-06-12 20:19:16,107 INFO  Completed - Batch - updateAccountWorklistAssignment from /bcrp/prd/application/BatchManager/bin/DailyEvening.batch
2018-06-12 20:19:16,107 INFO  Finished - Batch - updateAccountWorklistAssignment
2018-06-12 20:19:16,107 INFO  Starting - Batch - updateAccountWorklistAssignmentMg from /bcrp/prd/application/BatchManager/bin/DailyEvening.batch
2018-06-12 20:19:16,109 INFO  Execute - Batch - updateAccountWorklistAssignmentMg
2018-06-12 20:19:29,183 INFO  Completed - Batch - updateAccountWorklistAssignmentMg from /bcrp/prd/application/BatchManager/bin/DailyEvening.batch
2018-06-12 20:19:29,183 INFO  Finished - Batch - updateAccountWorklistAssignmentMg
2018-06-12 20:19:29,183 INFO  Starting - Batch - refreshAccountCorresspondenceAddress from /bcrp/prd/application/BatchManager/bin/DailyEvening.batch
2018-06-12 20:19:29,184 INFO  Execute - Batch - refreshAccountCorresspondenceAddress
2018-06-12 20:25:15,886 INFO  Completed - Batch - refreshAccountCorresspondenceAddress from /bcrp/prd/application/BatchManager/bin/DailyEvening.batch
2018-06-12 20:25:15,886 INFO  Finished - Batch - refreshAccountCorresspondenceAddress
2018-06-12 20:25:15,886 INFO  Starting - Batch - updateUserAutoInvalid from /bcrp/prd/application/BatchManager/bin/DailyEvening.batch
2018-06-12 20:25:15,888 INFO  Execute - Batch - updateUserAutoInvalid
2018-06-12 20:25:15,925 INFO  Completed - Batch - updateUserAutoInvalid from /bcrp/prd/application/BatchManager/bin/DailyEvening.batch
2018-06-12 20:25:15,925 INFO  Finished - Batch - updateUserAutoInvalid
2018-06-12 20:25:15,925 DEBUG --DONE--
