2018-06-20 07:25:02,329 INFO  HTTP_INIT_CLIENT: Starting HTTP interface connecting to server http://localhost:8765/
LOGIN SUCCESSFUL
2018-06-20 07:25:02,470 DEBUG --START--
2018-06-20 07:25:02,474 INFO  Starting - Batch - updateSupervisoryAccountHp from /bcrp/prd/application/BatchManager/bin/supervisory.batch
2018-06-20 07:25:02,480 INFO  Execute - Batch - updateSupervisoryAccountHp
2018-06-20 07:28:05,659 INFO  Completed - Batch - updateSupervisoryAccountHp from /bcrp/prd/application/BatchManager/bin/supervisory.batch
2018-06-20 07:28:05,659 INFO  Finished - Batch - updateSupervisoryAccountHp
2018-06-20 07:28:05,660 INFO  Starting - Batch - updateSupervisoryAccountUpl from /bcrp/prd/application/BatchManager/bin/supervisory.batch
2018-06-20 07:28:05,661 INFO  Execute - Batch - updateSupervisoryAccountUpl
2018-06-20 07:28:43,913 INFO  Completed - Batch - updateSupervisoryAccountUpl from /bcrp/prd/application/BatchManager/bin/supervisory.batch
2018-06-20 07:28:43,913 INFO  Finished - Batch - updateSupervisoryAccountUpl
2018-06-20 07:28:43,913 INFO  Starting - Batch - updateSupervisoryAccountOd from /bcrp/prd/application/BatchManager/bin/supervisory.batch
2018-06-20 07:28:43,915 INFO  Execute - Batch - updateSupervisoryAccountOd
2018-06-20 07:33:01,577 INFO  Completed - Batch - updateSupervisoryAccountOd from /bcrp/prd/application/BatchManager/bin/supervisory.batch
2018-06-20 07:33:01,577 INFO  Finished - Batch - updateSupervisoryAccountOd
2018-06-20 07:33:01,578 INFO  Starting - Batch - updateSupervisoryAccountMg from /bcrp/prd/application/BatchManager/bin/supervisory.batch
2018-06-20 07:33:01,579 INFO  Execute - Batch - updateSupervisoryAccountMg
2018-06-20 07:33:47,693 INFO  Completed - Batch - updateSupervisoryAccountMg from /bcrp/prd/application/BatchManager/bin/supervisory.batch
2018-06-20 07:33:47,694 INFO  Finished - Batch - updateSupervisoryAccountMg
2018-06-20 07:33:47,694 DEBUG --DONE--
