2018-06-23 06:18:02,023 INFO  HTTP_INIT_CLIENT: Starting HTTP interface connecting to server http://localhost:8765/
LOGIN SUCCESSFUL
2018-06-23 06:18:02,380 DEBUG --START--
2018-06-23 06:18:02,385 INFO  Starting - Batch - processHostData from /bcrp/prd/application/BatchManager/bin/Daily.batch
2018-06-23 06:18:02,390 INFO  Execute - Batch - processHostData
2018-06-23 06:46:56,086 INFO  Completed - Batch - processHostData from /bcrp/prd/application/BatchManager/bin/Daily.batch
2018-06-23 06:46:56,086 INFO  Finished - Batch - processHostData
2018-06-23 06:46:56,086 INFO  Starting - Batch - dailyWorkListTabsUpdate from /bcrp/prd/application/BatchManager/bin/Daily.batch
2018-06-23 06:46:56,088 INFO  Execute - Batch - dailyWorkListTabsUpdate
2018-06-23 06:47:41,494 INFO  Completed - Batch - dailyWorkListTabsUpdate from /bcrp/prd/application/BatchManager/bin/Daily.batch
2018-06-23 06:47:41,494 INFO  Finished - Batch - dailyWorkListTabsUpdate
2018-06-23 06:47:41,494 INFO  Starting - Batch - promiseEvaluation from /bcrp/prd/application/BatchManager/bin/Daily.batch
2018-06-23 06:47:41,496 INFO  Execute - Batch - promiseEvaluation
2018-06-23 06:53:27,829 INFO  Completed - Batch - promiseEvaluation from /bcrp/prd/application/BatchManager/bin/Daily.batch
2018-06-23 06:53:27,829 INFO  Finished - Batch - promiseEvaluation
2018-06-23 06:53:27,829 INFO  Starting - Batch - refreshAccountCheck from /bcrp/prd/application/BatchManager/bin/Daily.batch
2018-06-23 06:53:27,831 INFO  Execute - Batch - refreshAccountCheck
2018-06-23 06:53:27,856 INFO  Completed - Batch - refreshAccountCheck from /bcrp/prd/application/BatchManager/bin/Daily.batch
2018-06-23 06:53:27,856 INFO  Finished - Batch - refreshAccountCheck
2018-06-23 06:53:27,857 INFO  Starting - Batch - refreshAccountLoanApplication from /bcrp/prd/application/BatchManager/bin/Daily.batch
2018-06-23 06:53:27,858 INFO  Execute - Batch - refreshAccountLoanApplication
2018-06-23 06:54:22,786 INFO  Completed - Batch - refreshAccountLoanApplication from /bcrp/prd/application/BatchManager/bin/Daily.batch
2018-06-23 06:54:22,786 INFO  Finished - Batch - refreshAccountLoanApplication
2018-06-23 06:54:22,786 INFO  Starting - Batch - refreshAccountCollateral from /bcrp/prd/application/BatchManager/bin/Daily.batch
2018-06-23 06:54:22,788 INFO  Execute - Batch - refreshAccountCollateral
2018-06-23 06:56:14,202 INFO  Completed - Batch - refreshAccountCollateral from /bcrp/prd/application/BatchManager/bin/Daily.batch
2018-06-23 06:56:14,202 INFO  Finished - Batch - refreshAccountCollateral
2018-06-23 06:56:14,203 INFO  Starting - Batch - updateAccountLastStandingInstructions from /bcrp/prd/application/BatchManager/bin/Daily.batch
2018-06-23 06:56:14,204 INFO  Execute - Batch - updateAccountLastStandingInstructions
2018-06-23 06:56:49,611 INFO  Completed - Batch - updateAccountLastStandingInstructions from /bcrp/prd/application/BatchManager/bin/Daily.batch
2018-06-23 06:56:49,612 INFO  Finished - Batch - updateAccountLastStandingInstructions
2018-06-23 06:56:49,612 INFO  Starting - Batch - refreshAccountGuarantor from /bcrp/prd/application/BatchManager/bin/Daily.batch
2018-06-23 06:56:49,614 INFO  Execute - Batch - refreshAccountGuarantor
2018-06-23 06:56:58,080 INFO  Completed - Batch - refreshAccountGuarantor from /bcrp/prd/application/BatchManager/bin/Daily.batch
2018-06-23 06:56:58,080 INFO  Finished - Batch - refreshAccountGuarantor
2018-06-23 06:56:58,081 INFO  Starting - Batch - DAILY_AGENCY_PAYMENT_DELETE_BATCH from /bcrp/prd/application/BatchManager/bin/Daily.batch
2018-06-23 06:56:58,082 INFO  Execute - Batch - DAILY_AGENCY_PAYMENT_DELETE_BATCH
2018-06-23 06:56:58,157 INFO  Completed - Batch - DAILY_AGENCY_PAYMENT_DELETE_BATCH from /bcrp/prd/application/BatchManager/bin/Daily.batch
2018-06-23 06:56:58,157 INFO  Finished - Batch - DAILY_AGENCY_PAYMENT_DELETE_BATCH
2018-06-23 06:56:58,158 INFO  Starting - Batch - DAILY_AGENCY_PAYMENT_INSERT_BATCH from /bcrp/prd/application/BatchManager/bin/Daily.batch
2018-06-23 06:56:58,159 INFO  Execute - Batch - DAILY_AGENCY_PAYMENT_INSERT_BATCH
2018-06-23 06:57:18,343 INFO  Completed - Batch - DAILY_AGENCY_PAYMENT_INSERT_BATCH from /bcrp/prd/application/BatchManager/bin/Daily.batch
2018-06-23 06:57:18,343 INFO  Finished - Batch - DAILY_AGENCY_PAYMENT_INSERT_BATCH
2018-06-23 06:57:18,344 INFO  Starting - Batch - AUTOMATICALLY_UNSUCCESSFUL_EARMARK from /bcrp/prd/application/BatchManager/bin/Daily.batch
2018-06-23 06:57:18,345 INFO  Execute - Batch - AUTOMATICALLY_UNSUCCESSFUL_EARMARK
2018-06-23 06:57:18,372 INFO  Completed - Batch - AUTOMATICALLY_UNSUCCESSFUL_EARMARK from /bcrp/prd/application/BatchManager/bin/Daily.batch
2018-06-23 06:57:18,372 INFO  Finished - Batch - AUTOMATICALLY_UNSUCCESSFUL_EARMARK
2018-06-23 06:57:18,372 INFO  Starting - Batch - RnRCurrScheActualRemainingAmtUpdate from /bcrp/prd/application/BatchManager/bin/Daily.batch
2018-06-23 06:57:18,373 INFO  Execute - Batch - RnRCurrScheActualRemainingAmtUpdate
2018-06-23 06:57:19,871 INFO  Completed - Batch - RnRCurrScheActualRemainingAmtUpdate from /bcrp/prd/application/BatchManager/bin/Daily.batch
2018-06-23 06:57:19,871 INFO  Finished - Batch - RnRCurrScheActualRemainingAmtUpdate
2018-06-23 06:57:19,871 INFO  Starting - Batch - AUTOMATICALLY_UNSUCCESSFUL_VISITATION from /bcrp/prd/application/BatchManager/bin/Daily.batch
2018-06-23 06:57:19,872 INFO  Execute - Batch - AUTOMATICALLY_UNSUCCESSFUL_VISITATION
2018-06-23 06:57:19,974 INFO  Completed - Batch - AUTOMATICALLY_UNSUCCESSFUL_VISITATION from /bcrp/prd/application/BatchManager/bin/Daily.batch
2018-06-23 06:57:19,974 INFO  Finished - Batch - AUTOMATICALLY_UNSUCCESSFUL_VISITATION
2018-06-23 06:57:19,975 INFO  Starting - Batch - ledgerDaily from /bcrp/prd/application/BatchManager/bin/Daily.batch
2018-06-23 06:57:19,976 INFO  Execute - Batch - ledgerDaily
2018-06-23 06:58:27,859 INFO  Completed - Batch - ledgerDaily from /bcrp/prd/application/BatchManager/bin/Daily.batch
2018-06-23 06:58:27,859 INFO  Finished - Batch - ledgerDaily
2018-06-23 06:58:27,859 INFO  Starting - Batch - appAgencyDailyProcess from /bcrp/prd/application/BatchManager/bin/Daily.batch
2018-06-23 06:58:27,859 INFO  Execute - Batch - appAgencyDailyProcess
2018-06-23 07:01:17,502 INFO  Completed - Batch - appAgencyDailyProcess from /bcrp/prd/application/BatchManager/bin/Daily.batch
2018-06-23 07:01:17,502 INFO  Finished - Batch - appAgencyDailyProcess
2018-06-23 07:01:17,502 INFO  Starting - Batch - poolCallingPriority from /bcrp/prd/application/BatchManager/bin/Daily.batch
2018-06-23 07:01:17,503 INFO  Execute - Batch - poolCallingPriority
2018-06-23 07:01:21,460 INFO  Completed - Batch - poolCallingPriority from /bcrp/prd/application/BatchManager/bin/Daily.batch
2018-06-23 07:01:21,461 INFO  Finished - Batch - poolCallingPriority
2018-06-23 07:01:21,461 DEBUG --DONE--
