2018-06-22 20:00:02,065 INFO  HTTP_INIT_CLIENT: Starting HTTP interface connecting to server http://localhost:8765/
LOGIN SUCCESSFUL
2018-06-22 20:00:02,252 DEBUG --START--
2018-06-22 20:00:02,256 INFO  Starting - Batch - contactNumberCleansingUpdates from /bcrp/prd/application/BatchManager/bin/DailyEvening.batch
2018-06-22 20:00:02,261 INFO  Execute - Batch - contactNumberCleansingUpdates
2018-06-22 20:00:42,469 INFO  Completed - Batch - contactNumberCleansingUpdates from /bcrp/prd/application/BatchManager/bin/DailyEvening.batch
2018-06-22 20:00:42,469 INFO  Finished - Batch - contactNumberCleansingUpdates
2018-06-22 20:00:42,470 INFO  Starting - Batch - stagingSMSTreatmentUpdate from /bcrp/prd/application/BatchManager/bin/DailyEvening.batch
2018-06-22 20:00:42,471 INFO  Execute - Batch - stagingSMSTreatmentUpdate
2018-06-22 20:01:07,051 INFO  Completed - Batch - stagingSMSTreatmentUpdate from /bcrp/prd/application/BatchManager/bin/DailyEvening.batch
2018-06-22 20:01:07,052 INFO  Finished - Batch - stagingSMSTreatmentUpdate
2018-06-22 20:01:07,052 INFO  Starting - Batch - searchContactNumberRefresh from /bcrp/prd/application/BatchManager/bin/DailyEvening.batch
2018-06-22 20:01:07,053 INFO  Execute - Batch - searchContactNumberRefresh
2018-06-22 20:07:39,026 INFO  Completed - Batch - searchContactNumberRefresh from /bcrp/prd/application/BatchManager/bin/DailyEvening.batch
2018-06-22 20:07:39,027 INFO  Finished - Batch - searchContactNumberRefresh
2018-06-22 20:07:39,027 INFO  Starting - Batch - updatePmmContactInfo from /bcrp/prd/application/BatchManager/bin/DailyEvening.batch
2018-06-22 20:07:39,028 INFO  Execute - Batch - updatePmmContactInfo
2018-06-22 20:07:39,598 INFO  Completed - Batch - updatePmmContactInfo from /bcrp/prd/application/BatchManager/bin/DailyEvening.batch
2018-06-22 20:07:39,599 INFO  Finished - Batch - updatePmmContactInfo
2018-06-22 20:07:39,599 INFO  Starting - Batch - summarizeAccountHostLegalAction from /bcrp/prd/application/BatchManager/bin/DailyEvening.batch
2018-06-22 20:07:39,599 INFO  Execute - Batch - summarizeAccountHostLegalAction
2018-06-22 20:22:36,568 INFO  Completed - Batch - summarizeAccountHostLegalAction from /bcrp/prd/application/BatchManager/bin/DailyEvening.batch
2018-06-22 20:22:36,568 INFO  Finished - Batch - summarizeAccountHostLegalAction
2018-06-22 20:22:36,568 INFO  Starting - Batch - updateAccountWorklistAssignment from /bcrp/prd/application/BatchManager/bin/DailyEvening.batch
2018-06-22 20:22:36,570 INFO  Execute - Batch - updateAccountWorklistAssignment
2018-06-22 20:23:35,089 INFO  Completed - Batch - updateAccountWorklistAssignment from /bcrp/prd/application/BatchManager/bin/DailyEvening.batch
2018-06-22 20:23:35,089 INFO  Finished - Batch - updateAccountWorklistAssignment
2018-06-22 20:23:35,089 INFO  Starting - Batch - updateAccountWorklistAssignmentMg from /bcrp/prd/application/BatchManager/bin/DailyEvening.batch
2018-06-22 20:23:35,091 INFO  Execute - Batch - updateAccountWorklistAssignmentMg
2018-06-22 20:23:47,844 INFO  Completed - Batch - updateAccountWorklistAssignmentMg from /bcrp/prd/application/BatchManager/bin/DailyEvening.batch
2018-06-22 20:23:47,844 INFO  Finished - Batch - updateAccountWorklistAssignmentMg
2018-06-22 20:23:47,844 INFO  Starting - Batch - refreshAccountCorresspondenceAddress from /bcrp/prd/application/BatchManager/bin/DailyEvening.batch
2018-06-22 20:23:47,845 INFO  Execute - Batch - refreshAccountCorresspondenceAddress
2018-06-22 20:30:21,034 INFO  Completed - Batch - refreshAccountCorresspondenceAddress from /bcrp/prd/application/BatchManager/bin/DailyEvening.batch
2018-06-22 20:30:21,035 INFO  Finished - Batch - refreshAccountCorresspondenceAddress
2018-06-22 20:30:21,035 INFO  Starting - Batch - updateUserAutoInvalid from /bcrp/prd/application/BatchManager/bin/DailyEvening.batch
2018-06-22 20:30:21,036 INFO  Execute - Batch - updateUserAutoInvalid
2018-06-22 20:30:21,075 INFO  Completed - Batch - updateUserAutoInvalid from /bcrp/prd/application/BatchManager/bin/DailyEvening.batch
2018-06-22 20:30:21,075 INFO  Finished - Batch - updateUserAutoInvalid
2018-06-22 20:30:21,076 DEBUG --DONE--
