2018-06-07 06:23:02,287 INFO  HTTP_INIT_CLIENT: Starting HTTP interface connecting to server http://localhost:8765/
LOGIN SUCCESSFUL
2018-06-07 06:23:03,489 DEBUG --START--
2018-06-07 06:23:03,494 INFO  Starting - Batch - processHostData from /bcrp/prd/application/BatchManager/bin/Daily.batch
2018-06-07 06:23:03,500 INFO  Execute - Batch - processHostData
2018-06-07 06:51:52,532 INFO  Completed - Batch - processHostData from /bcrp/prd/application/BatchManager/bin/Daily.batch
2018-06-07 06:51:52,532 INFO  Finished - Batch - processHostData
2018-06-07 06:51:52,532 INFO  Starting - Batch - dailyWorkListTabsUpdate from /bcrp/prd/application/BatchManager/bin/Daily.batch
2018-06-07 06:51:52,533 INFO  Execute - Batch - dailyWorkListTabsUpdate
2018-06-07 06:52:38,098 INFO  Completed - Batch - dailyWorkListTabsUpdate from /bcrp/prd/application/BatchManager/bin/Daily.batch
2018-06-07 06:52:38,098 INFO  Finished - Batch - dailyWorkListTabsUpdate
2018-06-07 06:52:38,098 INFO  Starting - Batch - promiseEvaluation from /bcrp/prd/application/BatchManager/bin/Daily.batch
2018-06-07 06:52:38,100 INFO  Execute - Batch - promiseEvaluation
2018-06-07 06:56:36,328 INFO  Completed - Batch - promiseEvaluation from /bcrp/prd/application/BatchManager/bin/Daily.batch
2018-06-07 06:56:36,328 INFO  Finished - Batch - promiseEvaluation
2018-06-07 06:56:36,328 INFO  Starting - Batch - refreshAccountCheck from /bcrp/prd/application/BatchManager/bin/Daily.batch
2018-06-07 06:56:36,330 INFO  Execute - Batch - refreshAccountCheck
2018-06-07 06:56:36,354 INFO  Completed - Batch - refreshAccountCheck from /bcrp/prd/application/BatchManager/bin/Daily.batch
2018-06-07 06:56:36,355 INFO  Finished - Batch - refreshAccountCheck
2018-06-07 06:56:36,355 INFO  Starting - Batch - refreshAccountLoanApplication from /bcrp/prd/application/BatchManager/bin/Daily.batch
2018-06-07 06:56:36,356 INFO  Execute - Batch - refreshAccountLoanApplication
2018-06-07 06:57:22,234 INFO  Completed - Batch - refreshAccountLoanApplication from /bcrp/prd/application/BatchManager/bin/Daily.batch
2018-06-07 06:57:22,234 INFO  Finished - Batch - refreshAccountLoanApplication
2018-06-07 06:57:22,235 INFO  Starting - Batch - refreshAccountCollateral from /bcrp/prd/application/BatchManager/bin/Daily.batch
2018-06-07 06:57:22,236 INFO  Execute - Batch - refreshAccountCollateral
2018-06-07 06:58:54,135 INFO  Completed - Batch - refreshAccountCollateral from /bcrp/prd/application/BatchManager/bin/Daily.batch
2018-06-07 06:58:54,136 INFO  Finished - Batch - refreshAccountCollateral
2018-06-07 06:58:54,136 INFO  Starting - Batch - updateAccountLastStandingInstructions from /bcrp/prd/application/BatchManager/bin/Daily.batch
2018-06-07 06:58:54,137 INFO  Execute - Batch - updateAccountLastStandingInstructions
2018-06-07 06:59:38,065 INFO  Completed - Batch - updateAccountLastStandingInstructions from /bcrp/prd/application/BatchManager/bin/Daily.batch
2018-06-07 06:59:38,066 INFO  Finished - Batch - updateAccountLastStandingInstructions
2018-06-07 06:59:38,066 INFO  Starting - Batch - refreshAccountGuarantor from /bcrp/prd/application/BatchManager/bin/Daily.batch
2018-06-07 06:59:38,067 INFO  Execute - Batch - refreshAccountGuarantor
2018-06-07 06:59:44,978 INFO  Completed - Batch - refreshAccountGuarantor from /bcrp/prd/application/BatchManager/bin/Daily.batch
2018-06-07 06:59:44,978 INFO  Finished - Batch - refreshAccountGuarantor
2018-06-07 06:59:44,978 INFO  Starting - Batch - DAILY_AGENCY_PAYMENT_DELETE_BATCH from /bcrp/prd/application/BatchManager/bin/Daily.batch
2018-06-07 06:59:44,979 INFO  Execute - Batch - DAILY_AGENCY_PAYMENT_DELETE_BATCH
2018-06-07 06:59:45,052 INFO  Completed - Batch - DAILY_AGENCY_PAYMENT_DELETE_BATCH from /bcrp/prd/application/BatchManager/bin/Daily.batch
2018-06-07 06:59:45,052 INFO  Finished - Batch - DAILY_AGENCY_PAYMENT_DELETE_BATCH
2018-06-07 06:59:45,052 INFO  Starting - Batch - DAILY_AGENCY_PAYMENT_INSERT_BATCH from /bcrp/prd/application/BatchManager/bin/Daily.batch
2018-06-07 06:59:45,053 INFO  Execute - Batch - DAILY_AGENCY_PAYMENT_INSERT_BATCH
2018-06-07 07:00:02,415 INFO  Completed - Batch - DAILY_AGENCY_PAYMENT_INSERT_BATCH from /bcrp/prd/application/BatchManager/bin/Daily.batch
2018-06-07 07:00:02,415 INFO  Finished - Batch - DAILY_AGENCY_PAYMENT_INSERT_BATCH
2018-06-07 07:00:02,415 INFO  Starting - Batch - AUTOMATICALLY_UNSUCCESSFUL_EARMARK from /bcrp/prd/application/BatchManager/bin/Daily.batch
2018-06-07 07:00:02,417 INFO  Execute - Batch - AUTOMATICALLY_UNSUCCESSFUL_EARMARK
2018-06-07 07:00:02,440 INFO  Completed - Batch - AUTOMATICALLY_UNSUCCESSFUL_EARMARK from /bcrp/prd/application/BatchManager/bin/Daily.batch
2018-06-07 07:00:02,440 INFO  Finished - Batch - AUTOMATICALLY_UNSUCCESSFUL_EARMARK
2018-06-07 07:00:02,441 INFO  Starting - Batch - RnRCurrScheActualRemainingAmtUpdate from /bcrp/prd/application/BatchManager/bin/Daily.batch
2018-06-07 07:00:02,441 INFO  Execute - Batch - RnRCurrScheActualRemainingAmtUpdate
2018-06-07 07:00:03,947 INFO  Completed - Batch - RnRCurrScheActualRemainingAmtUpdate from /bcrp/prd/application/BatchManager/bin/Daily.batch
2018-06-07 07:00:03,947 INFO  Finished - Batch - RnRCurrScheActualRemainingAmtUpdate
2018-06-07 07:00:03,948 INFO  Starting - Batch - AUTOMATICALLY_UNSUCCESSFUL_VISITATION from /bcrp/prd/application/BatchManager/bin/Daily.batch
2018-06-07 07:00:03,949 INFO  Execute - Batch - AUTOMATICALLY_UNSUCCESSFUL_VISITATION
2018-06-07 07:00:04,012 INFO  Completed - Batch - AUTOMATICALLY_UNSUCCESSFUL_VISITATION from /bcrp/prd/application/BatchManager/bin/Daily.batch
2018-06-07 07:00:04,012 INFO  Finished - Batch - AUTOMATICALLY_UNSUCCESSFUL_VISITATION
2018-06-07 07:00:04,012 INFO  Starting - Batch - ledgerDaily from /bcrp/prd/application/BatchManager/bin/Daily.batch
2018-06-07 07:00:04,013 INFO  Execute - Batch - ledgerDaily
2018-06-07 07:01:09,293 INFO  Completed - Batch - ledgerDaily from /bcrp/prd/application/BatchManager/bin/Daily.batch
2018-06-07 07:01:09,293 INFO  Finished - Batch - ledgerDaily
2018-06-07 07:01:09,293 INFO  Starting - Batch - appAgencyDailyProcess from /bcrp/prd/application/BatchManager/bin/Daily.batch
2018-06-07 07:01:09,294 INFO  Execute - Batch - appAgencyDailyProcess
2018-06-07 07:03:57,187 INFO  Completed - Batch - appAgencyDailyProcess from /bcrp/prd/application/BatchManager/bin/Daily.batch
2018-06-07 07:03:57,187 INFO  Finished - Batch - appAgencyDailyProcess
2018-06-07 07:03:57,187 INFO  Starting - Batch - poolCallingPriority from /bcrp/prd/application/BatchManager/bin/Daily.batch
2018-06-07 07:03:57,188 INFO  Execute - Batch - poolCallingPriority
2018-06-07 07:03:57,415 INFO  Completed - Batch - poolCallingPriority from /bcrp/prd/application/BatchManager/bin/Daily.batch
2018-06-07 07:03:57,415 INFO  Finished - Batch - poolCallingPriority
2018-06-07 07:03:57,415 DEBUG --DONE--
