2018-06-07 07:28:02,002 INFO  HTTP_INIT_CLIENT: Starting HTTP interface connecting to server http://localhost:8765/
LOGIN SUCCESSFUL
2018-06-07 07:28:02,138 DEBUG --START--
2018-06-07 07:28:02,143 INFO  Starting - Batch - updateSupervisoryAccountHp from /bcrp/prd/application/BatchManager/bin/supervisory.batch
2018-06-07 07:28:02,148 INFO  Execute - Batch - updateSupervisoryAccountHp
2018-06-07 07:28:02,169 INFO  Completed - Batch - updateSupervisoryAccountHp from /bcrp/prd/application/BatchManager/bin/supervisory.batch
2018-06-07 07:28:02,170 INFO  Finished - Batch - updateSupervisoryAccountHp
2018-06-07 07:28:02,170 INFO  Starting - Batch - updateSupervisoryAccountUpl from /bcrp/prd/application/BatchManager/bin/supervisory.batch
2018-06-07 07:28:02,171 INFO  Execute - Batch - updateSupervisoryAccountUpl
2018-06-07 07:28:02,192 INFO  Completed - Batch - updateSupervisoryAccountUpl from /bcrp/prd/application/BatchManager/bin/supervisory.batch
2018-06-07 07:28:02,192 INFO  Finished - Batch - updateSupervisoryAccountUpl
2018-06-07 07:28:02,192 INFO  Starting - Batch - updateSupervisoryAccountOd from /bcrp/prd/application/BatchManager/bin/supervisory.batch
2018-06-07 07:28:02,193 INFO  Execute - Batch - updateSupervisoryAccountOd
2018-06-07 07:28:02,213 INFO  Completed - Batch - updateSupervisoryAccountOd from /bcrp/prd/application/BatchManager/bin/supervisory.batch
2018-06-07 07:28:02,213 INFO  Finished - Batch - updateSupervisoryAccountOd
2018-06-07 07:28:02,213 INFO  Starting - Batch - updateSupervisoryAccountMg from /bcrp/prd/application/BatchManager/bin/supervisory.batch
2018-06-07 07:28:02,215 INFO  Execute - Batch - updateSupervisoryAccountMg
2018-06-07 07:28:02,234 INFO  Completed - Batch - updateSupervisoryAccountMg from /bcrp/prd/application/BatchManager/bin/supervisory.batch
2018-06-07 07:28:02,234 INFO  Finished - Batch - updateSupervisoryAccountMg
2018-06-07 07:28:02,235 DEBUG --DONE--
