2018-06-24 13:31:03,437 INFO  HTTP_INIT_CLIENT: Starting HTTP interface connecting to server http://localhost:8765/
LOGIN SUCCESSFUL
2018-06-24 13:31:03,615 DEBUG --START--
2018-06-24 13:31:03,620 INFO  Starting - Batch - processHostData from /bcrp/prd/application/BatchManager/bin/Daily.batch
2018-06-24 13:31:03,625 INFO  Execute - Batch - processHostData
2018-06-24 14:00:48,068 INFO  Completed - Batch - processHostData from /bcrp/prd/application/BatchManager/bin/Daily.batch
2018-06-24 14:00:48,068 INFO  Finished - Batch - processHostData
2018-06-24 14:00:48,068 INFO  Starting - Batch - dailyWorkListTabsUpdate from /bcrp/prd/application/BatchManager/bin/Daily.batch
2018-06-24 14:00:48,069 INFO  Execute - Batch - dailyWorkListTabsUpdate
2018-06-24 14:01:46,769 INFO  Completed - Batch - dailyWorkListTabsUpdate from /bcrp/prd/application/BatchManager/bin/Daily.batch
2018-06-24 14:01:46,769 INFO  Finished - Batch - dailyWorkListTabsUpdate
2018-06-24 14:01:46,769 INFO  Starting - Batch - promiseEvaluation from /bcrp/prd/application/BatchManager/bin/Daily.batch
2018-06-24 14:01:46,770 INFO  Execute - Batch - promiseEvaluation
2018-06-24 14:05:22,742 INFO  Completed - Batch - promiseEvaluation from /bcrp/prd/application/BatchManager/bin/Daily.batch
2018-06-24 14:05:22,742 INFO  Finished - Batch - promiseEvaluation
2018-06-24 14:05:22,743 INFO  Starting - Batch - refreshAccountCheck from /bcrp/prd/application/BatchManager/bin/Daily.batch
2018-06-24 14:05:22,744 INFO  Execute - Batch - refreshAccountCheck
2018-06-24 14:05:22,785 INFO  Completed - Batch - refreshAccountCheck from /bcrp/prd/application/BatchManager/bin/Daily.batch
2018-06-24 14:05:22,785 INFO  Finished - Batch - refreshAccountCheck
2018-06-24 14:05:22,785 INFO  Starting - Batch - refreshAccountLoanApplication from /bcrp/prd/application/BatchManager/bin/Daily.batch
2018-06-24 14:05:22,786 INFO  Execute - Batch - refreshAccountLoanApplication
2018-06-24 14:06:16,556 INFO  Completed - Batch - refreshAccountLoanApplication from /bcrp/prd/application/BatchManager/bin/Daily.batch
2018-06-24 14:06:16,556 INFO  Finished - Batch - refreshAccountLoanApplication
2018-06-24 14:06:16,556 INFO  Starting - Batch - refreshAccountCollateral from /bcrp/prd/application/BatchManager/bin/Daily.batch
2018-06-24 14:06:16,557 INFO  Execute - Batch - refreshAccountCollateral
2018-06-24 14:08:28,492 INFO  Completed - Batch - refreshAccountCollateral from /bcrp/prd/application/BatchManager/bin/Daily.batch
2018-06-24 14:08:28,492 INFO  Finished - Batch - refreshAccountCollateral
2018-06-24 14:08:28,492 INFO  Starting - Batch - updateAccountLastStandingInstructions from /bcrp/prd/application/BatchManager/bin/Daily.batch
2018-06-24 14:08:28,494 INFO  Execute - Batch - updateAccountLastStandingInstructions
2018-06-24 14:08:56,123 INFO  Completed - Batch - updateAccountLastStandingInstructions from /bcrp/prd/application/BatchManager/bin/Daily.batch
2018-06-24 14:08:56,123 INFO  Finished - Batch - updateAccountLastStandingInstructions
2018-06-24 14:08:56,123 INFO  Starting - Batch - refreshAccountGuarantor from /bcrp/prd/application/BatchManager/bin/Daily.batch
2018-06-24 14:08:56,124 INFO  Execute - Batch - refreshAccountGuarantor
2018-06-24 14:09:05,015 INFO  Completed - Batch - refreshAccountGuarantor from /bcrp/prd/application/BatchManager/bin/Daily.batch
2018-06-24 14:09:05,015 INFO  Finished - Batch - refreshAccountGuarantor
2018-06-24 14:09:05,016 INFO  Starting - Batch - DAILY_AGENCY_PAYMENT_DELETE_BATCH from /bcrp/prd/application/BatchManager/bin/Daily.batch
2018-06-24 14:09:05,017 INFO  Execute - Batch - DAILY_AGENCY_PAYMENT_DELETE_BATCH
2018-06-24 14:09:05,078 INFO  Completed - Batch - DAILY_AGENCY_PAYMENT_DELETE_BATCH from /bcrp/prd/application/BatchManager/bin/Daily.batch
2018-06-24 14:09:05,078 INFO  Finished - Batch - DAILY_AGENCY_PAYMENT_DELETE_BATCH
2018-06-24 14:09:05,078 INFO  Starting - Batch - DAILY_AGENCY_PAYMENT_INSERT_BATCH from /bcrp/prd/application/BatchManager/bin/Daily.batch
2018-06-24 14:09:05,079 INFO  Execute - Batch - DAILY_AGENCY_PAYMENT_INSERT_BATCH
2018-06-24 14:09:25,158 INFO  Completed - Batch - DAILY_AGENCY_PAYMENT_INSERT_BATCH from /bcrp/prd/application/BatchManager/bin/Daily.batch
2018-06-24 14:09:25,159 INFO  Finished - Batch - DAILY_AGENCY_PAYMENT_INSERT_BATCH
2018-06-24 14:09:25,159 INFO  Starting - Batch - AUTOMATICALLY_UNSUCCESSFUL_EARMARK from /bcrp/prd/application/BatchManager/bin/Daily.batch
2018-06-24 14:09:25,160 INFO  Execute - Batch - AUTOMATICALLY_UNSUCCESSFUL_EARMARK
2018-06-24 14:09:25,185 INFO  Completed - Batch - AUTOMATICALLY_UNSUCCESSFUL_EARMARK from /bcrp/prd/application/BatchManager/bin/Daily.batch
2018-06-24 14:09:25,185 INFO  Finished - Batch - AUTOMATICALLY_UNSUCCESSFUL_EARMARK
2018-06-24 14:09:25,185 INFO  Starting - Batch - RnRCurrScheActualRemainingAmtUpdate from /bcrp/prd/application/BatchManager/bin/Daily.batch
2018-06-24 14:09:25,186 INFO  Execute - Batch - RnRCurrScheActualRemainingAmtUpdate
2018-06-24 14:09:26,628 INFO  Completed - Batch - RnRCurrScheActualRemainingAmtUpdate from /bcrp/prd/application/BatchManager/bin/Daily.batch
2018-06-24 14:09:26,628 INFO  Finished - Batch - RnRCurrScheActualRemainingAmtUpdate
2018-06-24 14:09:26,629 INFO  Starting - Batch - AUTOMATICALLY_UNSUCCESSFUL_VISITATION from /bcrp/prd/application/BatchManager/bin/Daily.batch
2018-06-24 14:09:26,630 INFO  Execute - Batch - AUTOMATICALLY_UNSUCCESSFUL_VISITATION
2018-06-24 14:09:26,720 INFO  Completed - Batch - AUTOMATICALLY_UNSUCCESSFUL_VISITATION from /bcrp/prd/application/BatchManager/bin/Daily.batch
2018-06-24 14:09:26,720 INFO  Finished - Batch - AUTOMATICALLY_UNSUCCESSFUL_VISITATION
2018-06-24 14:09:26,720 INFO  Starting - Batch - ledgerDaily from /bcrp/prd/application/BatchManager/bin/Daily.batch
2018-06-24 14:09:26,721 INFO  Execute - Batch - ledgerDaily
2018-06-24 14:10:43,205 INFO  Completed - Batch - ledgerDaily from /bcrp/prd/application/BatchManager/bin/Daily.batch
2018-06-24 14:10:43,205 INFO  Finished - Batch - ledgerDaily
2018-06-24 14:10:43,205 INFO  Starting - Batch - appAgencyDailyProcess from /bcrp/prd/application/BatchManager/bin/Daily.batch
2018-06-24 14:10:43,206 INFO  Execute - Batch - appAgencyDailyProcess
2018-06-24 14:12:40,323 INFO  Completed - Batch - appAgencyDailyProcess from /bcrp/prd/application/BatchManager/bin/Daily.batch
2018-06-24 14:12:40,324 INFO  Finished - Batch - appAgencyDailyProcess
2018-06-24 14:12:40,324 INFO  Starting - Batch - poolCallingPriority from /bcrp/prd/application/BatchManager/bin/Daily.batch
2018-06-24 14:12:40,324 INFO  Execute - Batch - poolCallingPriority
2018-06-24 14:12:45,210 INFO  Completed - Batch - poolCallingPriority from /bcrp/prd/application/BatchManager/bin/Daily.batch
2018-06-24 14:12:45,210 INFO  Finished - Batch - poolCallingPriority
2018-06-24 14:12:45,210 DEBUG --DONE--
