2018-06-01 11:54:53,608 INFO  HTTP_INIT_CLIENT: Starting HTTP interface connecting to server http://localhost:8765/
LOGIN SUCCESSFUL
2018-06-01 11:54:57,859 DEBUG --START--
2018-06-01 11:54:57,864 INFO  Starting - Batch - segmentationForeclosureEvaluation from /bcrp/prd/application/BatchManager/bin/Segment_WLbdr_3.batch
2018-06-01 11:54:57,869 INFO  Execute - Batch - segmentationForeclosureEvaluation
2018-06-01 11:59:23,065 INFO  Completed - Batch - segmentationForeclosureEvaluation from /bcrp/prd/application/BatchManager/bin/Segment_WLbdr_3.batch
2018-06-01 11:59:23,066 INFO  Finished - Batch - segmentationForeclosureEvaluation
2018-06-01 11:59:23,066 INFO  Starting - Batch - segmentationRepossesionEvaluation from /bcrp/prd/application/BatchManager/bin/Segment_WLbdr_3.batch
2018-06-01 11:59:23,067 INFO  Execute - Batch - segmentationRepossesionEvaluation
2018-06-01 12:44:55,166 INFO  Completed - Batch - segmentationRepossesionEvaluation from /bcrp/prd/application/BatchManager/bin/Segment_WLbdr_3.batch
2018-06-01 12:44:55,167 INFO  Finished - Batch - segmentationRepossesionEvaluation
2018-06-01 12:44:55,167 INFO  Starting - Batch - segmentationAccountEvaluation from /bcrp/prd/application/BatchManager/bin/Segment_WLbdr_3.batch
2018-06-01 12:44:55,168 INFO  Execute - Batch - segmentationAccountEvaluation
2018-06-01 14:17:53,066 INFO  Completed - Batch - segmentationAccountEvaluation from /bcrp/prd/application/BatchManager/bin/Segment_WLbdr_3.batch
2018-06-01 14:17:53,066 INFO  Finished - Batch - segmentationAccountEvaluation
2018-06-01 14:17:53,067 INFO  Starting - Batch - segmentationCivilEvaluation from /bcrp/prd/application/BatchManager/bin/Segment_WLbdr_3.batch
2018-06-01 14:17:53,067 INFO  Execute - Batch - segmentationCivilEvaluation
2018-06-01 14:24:46,590 INFO  Completed - Batch - segmentationCivilEvaluation from /bcrp/prd/application/BatchManager/bin/Segment_WLbdr_3.batch
2018-06-01 14:24:46,590 INFO  Finished - Batch - segmentationCivilEvaluation
2018-06-01 14:24:46,591 INFO  Starting - Batch - segmentationPaymentEvaluation from /bcrp/prd/application/BatchManager/bin/Segment_WLbdr_3.batch
2018-06-01 14:24:46,591 INFO  Execute - Batch - segmentationPaymentEvaluation
2018-06-01 15:00:49,808 INFO  Completed - Batch - segmentationPaymentEvaluation from /bcrp/prd/application/BatchManager/bin/Segment_WLbdr_3.batch
2018-06-01 15:00:49,808 INFO  Finished - Batch - segmentationPaymentEvaluation
2018-06-01 15:00:49,808 INFO  Starting - Batch - refreshAccountSegmentation from /bcrp/prd/application/BatchManager/bin/Segment_WLbdr_3.batch
2018-06-01 15:00:49,809 INFO  Execute - Batch - refreshAccountSegmentation
2018-06-01 15:19:29,137 INFO  Completed - Batch - refreshAccountSegmentation from /bcrp/prd/application/BatchManager/bin/Segment_WLbdr_3.batch
2018-06-01 15:19:29,137 INFO  Finished - Batch - refreshAccountSegmentation
2018-06-01 15:19:29,137 INFO  Starting - Batch - executeWlgHpBdr from /bcrp/prd/application/BatchManager/bin/Segment_WLbdr_3.batch
2018-06-01 15:19:29,139 INFO  Execute - Batch - executeWlgHpBdr
2018-06-01 15:19:29,172 INFO  Completed - Batch - executeWlgHpBdr from /bcrp/prd/application/BatchManager/bin/Segment_WLbdr_3.batch
2018-06-01 15:19:29,172 INFO  Finished - Batch - executeWlgHpBdr
2018-06-01 15:19:29,172 INFO  Starting - Batch - executeWlgUplBdr from /bcrp/prd/application/BatchManager/bin/Segment_WLbdr_3.batch
2018-06-01 15:19:29,174 INFO  Execute - Batch - executeWlgUplBdr
2018-06-01 15:19:29,196 INFO  Completed - Batch - executeWlgUplBdr from /bcrp/prd/application/BatchManager/bin/Segment_WLbdr_3.batch
2018-06-01 15:19:29,196 INFO  Finished - Batch - executeWlgUplBdr
2018-06-01 15:19:29,196 INFO  Starting - Batch - executeWlgOdBdr from /bcrp/prd/application/BatchManager/bin/Segment_WLbdr_3.batch
2018-06-01 15:19:29,197 INFO  Execute - Batch - executeWlgOdBdr
2018-06-01 15:19:29,213 INFO  Completed - Batch - executeWlgOdBdr from /bcrp/prd/application/BatchManager/bin/Segment_WLbdr_3.batch
2018-06-01 15:19:29,213 INFO  Finished - Batch - executeWlgOdBdr
2018-06-01 15:19:29,213 INFO  Starting - Batch - executeWlgMgBdr from /bcrp/prd/application/BatchManager/bin/Segment_WLbdr_3.batch
2018-06-01 15:19:29,214 INFO  Execute - Batch - executeWlgMgBdr
2018-06-01 15:19:29,238 INFO  Completed - Batch - executeWlgMgBdr from /bcrp/prd/application/BatchManager/bin/Segment_WLbdr_3.batch
2018-06-01 15:19:29,238 INFO  Finished - Batch - executeWlgMgBdr
2018-06-01 15:19:29,239 DEBUG --DONE--
