2018-06-14 06:19:01,814 INFO  HTTP_INIT_CLIENT: Starting HTTP interface connecting to server http://localhost:8765/
LOGIN SUCCESSFUL
2018-06-14 06:19:02,398 DEBUG --START--
2018-06-14 06:19:02,403 INFO  Starting - Batch - processHostData from /bcrp/prd/application/BatchManager/bin/Daily.batch
2018-06-14 06:19:02,408 INFO  Execute - Batch - processHostData
2018-06-14 06:48:16,507 INFO  Completed - Batch - processHostData from /bcrp/prd/application/BatchManager/bin/Daily.batch
2018-06-14 06:48:16,507 INFO  Finished - Batch - processHostData
2018-06-14 06:48:16,507 INFO  Starting - Batch - dailyWorkListTabsUpdate from /bcrp/prd/application/BatchManager/bin/Daily.batch
2018-06-14 06:48:16,509 INFO  Execute - Batch - dailyWorkListTabsUpdate
2018-06-14 06:49:02,196 INFO  Completed - Batch - dailyWorkListTabsUpdate from /bcrp/prd/application/BatchManager/bin/Daily.batch
2018-06-14 06:49:02,196 INFO  Finished - Batch - dailyWorkListTabsUpdate
2018-06-14 06:49:02,197 INFO  Starting - Batch - promiseEvaluation from /bcrp/prd/application/BatchManager/bin/Daily.batch
2018-06-14 06:49:02,198 INFO  Execute - Batch - promiseEvaluation
2018-06-14 06:54:08,759 INFO  Completed - Batch - promiseEvaluation from /bcrp/prd/application/BatchManager/bin/Daily.batch
2018-06-14 06:54:08,759 INFO  Finished - Batch - promiseEvaluation
2018-06-14 06:54:08,759 INFO  Starting - Batch - refreshAccountCheck from /bcrp/prd/application/BatchManager/bin/Daily.batch
2018-06-14 06:54:08,761 INFO  Execute - Batch - refreshAccountCheck
2018-06-14 06:54:08,785 INFO  Completed - Batch - refreshAccountCheck from /bcrp/prd/application/BatchManager/bin/Daily.batch
2018-06-14 06:54:08,785 INFO  Finished - Batch - refreshAccountCheck
2018-06-14 06:54:08,785 INFO  Starting - Batch - refreshAccountLoanApplication from /bcrp/prd/application/BatchManager/bin/Daily.batch
2018-06-14 06:54:08,787 INFO  Execute - Batch - refreshAccountLoanApplication
2018-06-14 06:54:57,601 INFO  Completed - Batch - refreshAccountLoanApplication from /bcrp/prd/application/BatchManager/bin/Daily.batch
2018-06-14 06:54:57,602 INFO  Finished - Batch - refreshAccountLoanApplication
2018-06-14 06:54:57,602 INFO  Starting - Batch - refreshAccountCollateral from /bcrp/prd/application/BatchManager/bin/Daily.batch
2018-06-14 06:54:57,603 INFO  Execute - Batch - refreshAccountCollateral
2018-06-14 06:56:58,695 INFO  Completed - Batch - refreshAccountCollateral from /bcrp/prd/application/BatchManager/bin/Daily.batch
2018-06-14 06:56:58,695 INFO  Finished - Batch - refreshAccountCollateral
2018-06-14 06:56:58,696 INFO  Starting - Batch - updateAccountLastStandingInstructions from /bcrp/prd/application/BatchManager/bin/Daily.batch
2018-06-14 06:56:58,697 INFO  Execute - Batch - updateAccountLastStandingInstructions
2018-06-14 06:57:35,658 INFO  Completed - Batch - updateAccountLastStandingInstructions from /bcrp/prd/application/BatchManager/bin/Daily.batch
2018-06-14 06:57:35,658 INFO  Finished - Batch - updateAccountLastStandingInstructions
2018-06-14 06:57:35,658 INFO  Starting - Batch - refreshAccountGuarantor from /bcrp/prd/application/BatchManager/bin/Daily.batch
2018-06-14 06:57:35,660 INFO  Execute - Batch - refreshAccountGuarantor
2018-06-14 06:57:44,110 INFO  Completed - Batch - refreshAccountGuarantor from /bcrp/prd/application/BatchManager/bin/Daily.batch
2018-06-14 06:57:44,110 INFO  Finished - Batch - refreshAccountGuarantor
2018-06-14 06:57:44,110 INFO  Starting - Batch - DAILY_AGENCY_PAYMENT_DELETE_BATCH from /bcrp/prd/application/BatchManager/bin/Daily.batch
2018-06-14 06:57:44,111 INFO  Execute - Batch - DAILY_AGENCY_PAYMENT_DELETE_BATCH
2018-06-14 06:57:44,189 INFO  Completed - Batch - DAILY_AGENCY_PAYMENT_DELETE_BATCH from /bcrp/prd/application/BatchManager/bin/Daily.batch
2018-06-14 06:57:44,189 INFO  Finished - Batch - DAILY_AGENCY_PAYMENT_DELETE_BATCH
2018-06-14 06:57:44,189 INFO  Starting - Batch - DAILY_AGENCY_PAYMENT_INSERT_BATCH from /bcrp/prd/application/BatchManager/bin/Daily.batch
2018-06-14 06:57:44,190 INFO  Execute - Batch - DAILY_AGENCY_PAYMENT_INSERT_BATCH
2018-06-14 06:58:01,565 INFO  Completed - Batch - DAILY_AGENCY_PAYMENT_INSERT_BATCH from /bcrp/prd/application/BatchManager/bin/Daily.batch
2018-06-14 06:58:01,565 INFO  Finished - Batch - DAILY_AGENCY_PAYMENT_INSERT_BATCH
2018-06-14 06:58:01,565 INFO  Starting - Batch - AUTOMATICALLY_UNSUCCESSFUL_EARMARK from /bcrp/prd/application/BatchManager/bin/Daily.batch
2018-06-14 06:58:01,567 INFO  Execute - Batch - AUTOMATICALLY_UNSUCCESSFUL_EARMARK
2018-06-14 06:58:01,603 INFO  Completed - Batch - AUTOMATICALLY_UNSUCCESSFUL_EARMARK from /bcrp/prd/application/BatchManager/bin/Daily.batch
2018-06-14 06:58:01,603 INFO  Finished - Batch - AUTOMATICALLY_UNSUCCESSFUL_EARMARK
2018-06-14 06:58:01,603 INFO  Starting - Batch - RnRCurrScheActualRemainingAmtUpdate from /bcrp/prd/application/BatchManager/bin/Daily.batch
2018-06-14 06:58:01,604 INFO  Execute - Batch - RnRCurrScheActualRemainingAmtUpdate
2018-06-14 06:58:03,206 INFO  Completed - Batch - RnRCurrScheActualRemainingAmtUpdate from /bcrp/prd/application/BatchManager/bin/Daily.batch
2018-06-14 06:58:03,207 INFO  Finished - Batch - RnRCurrScheActualRemainingAmtUpdate
2018-06-14 06:58:03,207 INFO  Starting - Batch - AUTOMATICALLY_UNSUCCESSFUL_VISITATION from /bcrp/prd/application/BatchManager/bin/Daily.batch
2018-06-14 06:58:03,208 INFO  Execute - Batch - AUTOMATICALLY_UNSUCCESSFUL_VISITATION
2018-06-14 06:58:03,291 INFO  Completed - Batch - AUTOMATICALLY_UNSUCCESSFUL_VISITATION from /bcrp/prd/application/BatchManager/bin/Daily.batch
2018-06-14 06:58:03,291 INFO  Finished - Batch - AUTOMATICALLY_UNSUCCESSFUL_VISITATION
2018-06-14 06:58:03,291 INFO  Starting - Batch - ledgerDaily from /bcrp/prd/application/BatchManager/bin/Daily.batch
2018-06-14 06:58:03,292 INFO  Execute - Batch - ledgerDaily
2018-06-14 06:59:27,104 INFO  Completed - Batch - ledgerDaily from /bcrp/prd/application/BatchManager/bin/Daily.batch
2018-06-14 06:59:27,104 INFO  Finished - Batch - ledgerDaily
2018-06-14 06:59:27,104 INFO  Starting - Batch - appAgencyDailyProcess from /bcrp/prd/application/BatchManager/bin/Daily.batch
2018-06-14 06:59:27,105 INFO  Execute - Batch - appAgencyDailyProcess
2018-06-14 07:01:52,317 INFO  Completed - Batch - appAgencyDailyProcess from /bcrp/prd/application/BatchManager/bin/Daily.batch
2018-06-14 07:01:52,317 INFO  Finished - Batch - appAgencyDailyProcess
2018-06-14 07:01:52,317 INFO  Starting - Batch - poolCallingPriority from /bcrp/prd/application/BatchManager/bin/Daily.batch
2018-06-14 07:01:52,318 INFO  Execute - Batch - poolCallingPriority
2018-06-14 07:01:56,248 INFO  Completed - Batch - poolCallingPriority from /bcrp/prd/application/BatchManager/bin/Daily.batch
2018-06-14 07:01:56,248 INFO  Finished - Batch - poolCallingPriority
2018-06-14 07:01:56,249 DEBUG --DONE--
