2018-06-06 06:27:01,979 INFO  HTTP_INIT_CLIENT: Starting HTTP interface connecting to server http://localhost:8765/
LOGIN SUCCESSFUL
2018-06-06 06:27:02,338 DEBUG --START--
2018-06-06 06:27:02,343 INFO  Starting - Batch - processHostData from /bcrp/prd/application/BatchManager/bin/Daily.batch
2018-06-06 06:27:02,348 INFO  Execute - Batch - processHostData
2018-06-06 06:56:32,823 INFO  Completed - Batch - processHostData from /bcrp/prd/application/BatchManager/bin/Daily.batch
2018-06-06 06:56:32,823 INFO  Finished - Batch - processHostData
2018-06-06 06:56:32,824 INFO  Starting - Batch - dailyWorkListTabsUpdate from /bcrp/prd/application/BatchManager/bin/Daily.batch
2018-06-06 06:56:32,824 INFO  Execute - Batch - dailyWorkListTabsUpdate
2018-06-06 06:57:20,758 INFO  Completed - Batch - dailyWorkListTabsUpdate from /bcrp/prd/application/BatchManager/bin/Daily.batch
2018-06-06 06:57:20,758 INFO  Finished - Batch - dailyWorkListTabsUpdate
2018-06-06 06:57:20,759 INFO  Starting - Batch - promiseEvaluation from /bcrp/prd/application/BatchManager/bin/Daily.batch
2018-06-06 06:57:20,760 INFO  Execute - Batch - promiseEvaluation
2018-06-06 07:00:49,857 INFO  Completed - Batch - promiseEvaluation from /bcrp/prd/application/BatchManager/bin/Daily.batch
2018-06-06 07:00:49,857 INFO  Finished - Batch - promiseEvaluation
2018-06-06 07:00:49,857 INFO  Starting - Batch - refreshAccountCheck from /bcrp/prd/application/BatchManager/bin/Daily.batch
2018-06-06 07:00:49,859 INFO  Execute - Batch - refreshAccountCheck
2018-06-06 07:00:49,885 INFO  Completed - Batch - refreshAccountCheck from /bcrp/prd/application/BatchManager/bin/Daily.batch
2018-06-06 07:00:49,885 INFO  Finished - Batch - refreshAccountCheck
2018-06-06 07:00:49,885 INFO  Starting - Batch - refreshAccountLoanApplication from /bcrp/prd/application/BatchManager/bin/Daily.batch
2018-06-06 07:00:49,887 INFO  Execute - Batch - refreshAccountLoanApplication
2018-06-06 07:01:37,190 INFO  Completed - Batch - refreshAccountLoanApplication from /bcrp/prd/application/BatchManager/bin/Daily.batch
2018-06-06 07:01:37,191 INFO  Finished - Batch - refreshAccountLoanApplication
2018-06-06 07:01:37,191 INFO  Starting - Batch - refreshAccountCollateral from /bcrp/prd/application/BatchManager/bin/Daily.batch
2018-06-06 07:01:37,192 INFO  Execute - Batch - refreshAccountCollateral
2018-06-06 07:03:14,732 INFO  Completed - Batch - refreshAccountCollateral from /bcrp/prd/application/BatchManager/bin/Daily.batch
2018-06-06 07:03:14,732 INFO  Finished - Batch - refreshAccountCollateral
2018-06-06 07:03:14,732 INFO  Starting - Batch - updateAccountLastStandingInstructions from /bcrp/prd/application/BatchManager/bin/Daily.batch
2018-06-06 07:03:14,734 INFO  Execute - Batch - updateAccountLastStandingInstructions
2018-06-06 07:03:58,778 INFO  Completed - Batch - updateAccountLastStandingInstructions from /bcrp/prd/application/BatchManager/bin/Daily.batch
2018-06-06 07:03:58,778 INFO  Finished - Batch - updateAccountLastStandingInstructions
2018-06-06 07:03:58,778 INFO  Starting - Batch - refreshAccountGuarantor from /bcrp/prd/application/BatchManager/bin/Daily.batch
2018-06-06 07:03:58,780 INFO  Execute - Batch - refreshAccountGuarantor
2018-06-06 07:04:05,726 INFO  Completed - Batch - refreshAccountGuarantor from /bcrp/prd/application/BatchManager/bin/Daily.batch
2018-06-06 07:04:05,726 INFO  Finished - Batch - refreshAccountGuarantor
2018-06-06 07:04:05,726 INFO  Starting - Batch - DAILY_AGENCY_PAYMENT_DELETE_BATCH from /bcrp/prd/application/BatchManager/bin/Daily.batch
2018-06-06 07:04:05,727 INFO  Execute - Batch - DAILY_AGENCY_PAYMENT_DELETE_BATCH
2018-06-06 07:04:05,792 INFO  Completed - Batch - DAILY_AGENCY_PAYMENT_DELETE_BATCH from /bcrp/prd/application/BatchManager/bin/Daily.batch
2018-06-06 07:04:05,793 INFO  Finished - Batch - DAILY_AGENCY_PAYMENT_DELETE_BATCH
2018-06-06 07:04:05,793 INFO  Starting - Batch - DAILY_AGENCY_PAYMENT_INSERT_BATCH from /bcrp/prd/application/BatchManager/bin/Daily.batch
2018-06-06 07:04:05,794 INFO  Execute - Batch - DAILY_AGENCY_PAYMENT_INSERT_BATCH
2018-06-06 07:04:29,775 INFO  Completed - Batch - DAILY_AGENCY_PAYMENT_INSERT_BATCH from /bcrp/prd/application/BatchManager/bin/Daily.batch
2018-06-06 07:04:29,776 INFO  Finished - Batch - DAILY_AGENCY_PAYMENT_INSERT_BATCH
2018-06-06 07:04:29,776 INFO  Starting - Batch - AUTOMATICALLY_UNSUCCESSFUL_EARMARK from /bcrp/prd/application/BatchManager/bin/Daily.batch
2018-06-06 07:04:29,777 INFO  Execute - Batch - AUTOMATICALLY_UNSUCCESSFUL_EARMARK
2018-06-06 07:04:29,848 INFO  Completed - Batch - AUTOMATICALLY_UNSUCCESSFUL_EARMARK from /bcrp/prd/application/BatchManager/bin/Daily.batch
2018-06-06 07:04:29,848 INFO  Finished - Batch - AUTOMATICALLY_UNSUCCESSFUL_EARMARK
2018-06-06 07:04:29,848 INFO  Starting - Batch - RnRCurrScheActualRemainingAmtUpdate from /bcrp/prd/application/BatchManager/bin/Daily.batch
2018-06-06 07:04:29,849 INFO  Execute - Batch - RnRCurrScheActualRemainingAmtUpdate
2018-06-06 07:04:31,510 INFO  Completed - Batch - RnRCurrScheActualRemainingAmtUpdate from /bcrp/prd/application/BatchManager/bin/Daily.batch
2018-06-06 07:04:31,510 INFO  Finished - Batch - RnRCurrScheActualRemainingAmtUpdate
2018-06-06 07:04:31,510 INFO  Starting - Batch - AUTOMATICALLY_UNSUCCESSFUL_VISITATION from /bcrp/prd/application/BatchManager/bin/Daily.batch
2018-06-06 07:04:31,511 INFO  Execute - Batch - AUTOMATICALLY_UNSUCCESSFUL_VISITATION
2018-06-06 07:04:31,540 INFO  Completed - Batch - AUTOMATICALLY_UNSUCCESSFUL_VISITATION from /bcrp/prd/application/BatchManager/bin/Daily.batch
2018-06-06 07:04:31,541 INFO  Finished - Batch - AUTOMATICALLY_UNSUCCESSFUL_VISITATION
2018-06-06 07:04:31,541 INFO  Starting - Batch - ledgerDaily from /bcrp/prd/application/BatchManager/bin/Daily.batch
2018-06-06 07:04:31,542 INFO  Execute - Batch - ledgerDaily
2018-06-06 07:05:54,956 INFO  Completed - Batch - ledgerDaily from /bcrp/prd/application/BatchManager/bin/Daily.batch
2018-06-06 07:05:54,957 INFO  Finished - Batch - ledgerDaily
2018-06-06 07:05:54,957 INFO  Starting - Batch - appAgencyDailyProcess from /bcrp/prd/application/BatchManager/bin/Daily.batch
2018-06-06 07:05:54,958 INFO  Execute - Batch - appAgencyDailyProcess
2018-06-06 07:08:53,886 INFO  Completed - Batch - appAgencyDailyProcess from /bcrp/prd/application/BatchManager/bin/Daily.batch
2018-06-06 07:08:53,886 INFO  Finished - Batch - appAgencyDailyProcess
2018-06-06 07:08:53,886 INFO  Starting - Batch - poolCallingPriority from /bcrp/prd/application/BatchManager/bin/Daily.batch
2018-06-06 07:08:53,888 INFO  Execute - Batch - poolCallingPriority
2018-06-06 07:08:54,109 INFO  Completed - Batch - poolCallingPriority from /bcrp/prd/application/BatchManager/bin/Daily.batch
2018-06-06 07:08:54,110 INFO  Finished - Batch - poolCallingPriority
2018-06-06 07:08:54,110 DEBUG --DONE--
