2018-06-26 07:32:02,130 INFO  HTTP_INIT_CLIENT: Starting HTTP interface connecting to server http://localhost:8765/
LOGIN SUCCESSFUL
2018-06-26 07:32:02,296 DEBUG --START--
2018-06-26 07:32:02,301 INFO  Starting - Batch - updateSupervisoryAccountHp from /bcrp/prd/application/BatchManager/bin/supervisory.batch
2018-06-26 07:32:02,306 INFO  Execute - Batch - updateSupervisoryAccountHp
2018-06-26 07:34:13,062 INFO  Completed - Batch - updateSupervisoryAccountHp from /bcrp/prd/application/BatchManager/bin/supervisory.batch
2018-06-26 07:34:13,062 INFO  Finished - Batch - updateSupervisoryAccountHp
2018-06-26 07:34:13,062 INFO  Starting - Batch - updateSupervisoryAccountUpl from /bcrp/prd/application/BatchManager/bin/supervisory.batch
2018-06-26 07:34:13,064 INFO  Execute - Batch - updateSupervisoryAccountUpl
2018-06-26 07:34:40,174 INFO  Completed - Batch - updateSupervisoryAccountUpl from /bcrp/prd/application/BatchManager/bin/supervisory.batch
2018-06-26 07:34:40,175 INFO  Finished - Batch - updateSupervisoryAccountUpl
2018-06-26 07:34:40,175 INFO  Starting - Batch - updateSupervisoryAccountOd from /bcrp/prd/application/BatchManager/bin/supervisory.batch
2018-06-26 07:34:40,176 INFO  Execute - Batch - updateSupervisoryAccountOd
2018-06-26 07:38:52,455 INFO  Completed - Batch - updateSupervisoryAccountOd from /bcrp/prd/application/BatchManager/bin/supervisory.batch
2018-06-26 07:38:52,455 INFO  Finished - Batch - updateSupervisoryAccountOd
2018-06-26 07:38:52,455 INFO  Starting - Batch - updateSupervisoryAccountMg from /bcrp/prd/application/BatchManager/bin/supervisory.batch
2018-06-26 07:38:52,457 INFO  Execute - Batch - updateSupervisoryAccountMg
2018-06-26 07:39:36,623 INFO  Completed - Batch - updateSupervisoryAccountMg from /bcrp/prd/application/BatchManager/bin/supervisory.batch
2018-06-26 07:39:36,624 INFO  Finished - Batch - updateSupervisoryAccountMg
2018-06-26 07:39:36,624 DEBUG --DONE--
