2018-06-27 20:00:01,935 INFO  HTTP_INIT_CLIENT: Starting HTTP interface connecting to server http://localhost:8765/
LOGIN SUCCESSFUL
2018-06-27 20:00:02,065 DEBUG --START--
2018-06-27 20:00:02,069 INFO  Starting - Batch - contactNumberCleansingUpdates from /bcrp/prd/application/BatchManager/bin/DailyEvening.batch
2018-06-27 20:00:02,074 INFO  Execute - Batch - contactNumberCleansingUpdates
2018-06-27 20:00:33,097 INFO  Completed - Batch - contactNumberCleansingUpdates from /bcrp/prd/application/BatchManager/bin/DailyEvening.batch
2018-06-27 20:00:33,097 INFO  Finished - Batch - contactNumberCleansingUpdates
2018-06-27 20:00:33,097 INFO  Starting - Batch - stagingSMSTreatmentUpdate from /bcrp/prd/application/BatchManager/bin/DailyEvening.batch
2018-06-27 20:00:33,098 INFO  Execute - Batch - stagingSMSTreatmentUpdate
2018-06-27 20:00:40,155 INFO  Completed - Batch - stagingSMSTreatmentUpdate from /bcrp/prd/application/BatchManager/bin/DailyEvening.batch
2018-06-27 20:00:40,155 INFO  Finished - Batch - stagingSMSTreatmentUpdate
2018-06-27 20:00:40,155 INFO  Starting - Batch - searchContactNumberRefresh from /bcrp/prd/application/BatchManager/bin/DailyEvening.batch
2018-06-27 20:00:40,157 INFO  Execute - Batch - searchContactNumberRefresh
2018-06-27 20:07:14,945 INFO  Completed - Batch - searchContactNumberRefresh from /bcrp/prd/application/BatchManager/bin/DailyEvening.batch
2018-06-27 20:07:14,946 INFO  Finished - Batch - searchContactNumberRefresh
2018-06-27 20:07:14,946 INFO  Starting - Batch - updatePmmContactInfo from /bcrp/prd/application/BatchManager/bin/DailyEvening.batch
2018-06-27 20:07:14,947 INFO  Execute - Batch - updatePmmContactInfo
2018-06-27 20:07:16,058 INFO  Completed - Batch - updatePmmContactInfo from /bcrp/prd/application/BatchManager/bin/DailyEvening.batch
2018-06-27 20:07:16,059 INFO  Finished - Batch - updatePmmContactInfo
2018-06-27 20:07:16,059 INFO  Starting - Batch - summarizeAccountHostLegalAction from /bcrp/prd/application/BatchManager/bin/DailyEvening.batch
2018-06-27 20:07:16,060 INFO  Execute - Batch - summarizeAccountHostLegalAction
2018-06-27 20:22:36,907 INFO  Completed - Batch - summarizeAccountHostLegalAction from /bcrp/prd/application/BatchManager/bin/DailyEvening.batch
2018-06-27 20:22:36,907 INFO  Finished - Batch - summarizeAccountHostLegalAction
2018-06-27 20:22:36,907 INFO  Starting - Batch - updateAccountWorklistAssignment from /bcrp/prd/application/BatchManager/bin/DailyEvening.batch
2018-06-27 20:22:36,909 INFO  Execute - Batch - updateAccountWorklistAssignment
2018-06-27 20:23:34,724 INFO  Completed - Batch - updateAccountWorklistAssignment from /bcrp/prd/application/BatchManager/bin/DailyEvening.batch
2018-06-27 20:23:34,725 INFO  Finished - Batch - updateAccountWorklistAssignment
2018-06-27 20:23:34,725 INFO  Starting - Batch - updateAccountWorklistAssignmentMg from /bcrp/prd/application/BatchManager/bin/DailyEvening.batch
2018-06-27 20:23:34,726 INFO  Execute - Batch - updateAccountWorklistAssignmentMg
2018-06-27 20:23:48,258 INFO  Completed - Batch - updateAccountWorklistAssignmentMg from /bcrp/prd/application/BatchManager/bin/DailyEvening.batch
2018-06-27 20:23:48,258 INFO  Finished - Batch - updateAccountWorklistAssignmentMg
2018-06-27 20:23:48,258 INFO  Starting - Batch - refreshAccountCorresspondenceAddress from /bcrp/prd/application/BatchManager/bin/DailyEvening.batch
2018-06-27 20:23:48,260 INFO  Execute - Batch - refreshAccountCorresspondenceAddress
2018-06-27 20:30:06,313 INFO  Completed - Batch - refreshAccountCorresspondenceAddress from /bcrp/prd/application/BatchManager/bin/DailyEvening.batch
2018-06-27 20:30:06,314 INFO  Finished - Batch - refreshAccountCorresspondenceAddress
2018-06-27 20:30:06,314 INFO  Starting - Batch - updateUserAutoInvalid from /bcrp/prd/application/BatchManager/bin/DailyEvening.batch
2018-06-27 20:30:06,315 INFO  Execute - Batch - updateUserAutoInvalid
2018-06-27 20:30:06,367 INFO  Completed - Batch - updateUserAutoInvalid from /bcrp/prd/application/BatchManager/bin/DailyEvening.batch
2018-06-27 20:30:06,367 INFO  Finished - Batch - updateUserAutoInvalid
2018-06-27 20:30:06,367 DEBUG --DONE--
