2018-06-07 20:00:01,898 INFO  HTTP_INIT_CLIENT: Starting HTTP interface connecting to server http://localhost:8765/
LOGIN SUCCESSFUL
2018-06-07 20:00:02,050 DEBUG --START--
2018-06-07 20:00:02,055 INFO  Starting - Batch - contactNumberCleansingUpdates from /bcrp/prd/application/BatchManager/bin/DailyEvening.batch
2018-06-07 20:00:02,060 INFO  Execute - Batch - contactNumberCleansingUpdates
2018-06-07 20:00:47,466 INFO  Completed - Batch - contactNumberCleansingUpdates from /bcrp/prd/application/BatchManager/bin/DailyEvening.batch
2018-06-07 20:00:47,467 INFO  Finished - Batch - contactNumberCleansingUpdates
2018-06-07 20:00:47,467 INFO  Starting - Batch - stagingSMSTreatmentUpdate from /bcrp/prd/application/BatchManager/bin/DailyEvening.batch
2018-06-07 20:00:47,469 INFO  Execute - Batch - stagingSMSTreatmentUpdate
2018-06-07 20:01:26,016 INFO  Completed - Batch - stagingSMSTreatmentUpdate from /bcrp/prd/application/BatchManager/bin/DailyEvening.batch
2018-06-07 20:01:26,017 INFO  Finished - Batch - stagingSMSTreatmentUpdate
2018-06-07 20:01:26,017 INFO  Starting - Batch - searchContactNumberRefresh from /bcrp/prd/application/BatchManager/bin/DailyEvening.batch
2018-06-07 20:01:26,018 INFO  Execute - Batch - searchContactNumberRefresh
2018-06-07 20:11:58,328 INFO  Completed - Batch - searchContactNumberRefresh from /bcrp/prd/application/BatchManager/bin/DailyEvening.batch
2018-06-07 20:11:58,329 INFO  Finished - Batch - searchContactNumberRefresh
2018-06-07 20:11:58,329 INFO  Starting - Batch - updatePmmContactInfo from /bcrp/prd/application/BatchManager/bin/DailyEvening.batch
2018-06-07 20:11:58,330 INFO  Execute - Batch - updatePmmContactInfo
2018-06-07 20:11:59,326 INFO  Completed - Batch - updatePmmContactInfo from /bcrp/prd/application/BatchManager/bin/DailyEvening.batch
2018-06-07 20:11:59,326 INFO  Finished - Batch - updatePmmContactInfo
2018-06-07 20:11:59,327 INFO  Starting - Batch - summarizeAccountHostLegalAction from /bcrp/prd/application/BatchManager/bin/DailyEvening.batch
2018-06-07 20:11:59,328 INFO  Execute - Batch - summarizeAccountHostLegalAction
2018-06-07 20:35:55,313 INFO  Completed - Batch - summarizeAccountHostLegalAction from /bcrp/prd/application/BatchManager/bin/DailyEvening.batch
2018-06-07 20:35:55,314 INFO  Finished - Batch - summarizeAccountHostLegalAction
2018-06-07 20:35:55,314 INFO  Starting - Batch - updateAccountWorklistAssignment from /bcrp/prd/application/BatchManager/bin/DailyEvening.batch
2018-06-07 20:35:55,315 INFO  Execute - Batch - updateAccountWorklistAssignment
2018-06-07 20:38:57,248 INFO  Completed - Batch - updateAccountWorklistAssignment from /bcrp/prd/application/BatchManager/bin/DailyEvening.batch
2018-06-07 20:38:57,249 INFO  Finished - Batch - updateAccountWorklistAssignment
2018-06-07 20:38:57,249 INFO  Starting - Batch - updateAccountWorklistAssignmentMg from /bcrp/prd/application/BatchManager/bin/DailyEvening.batch
2018-06-07 20:38:57,250 INFO  Execute - Batch - updateAccountWorklistAssignmentMg
2018-06-07 20:39:20,938 INFO  Completed - Batch - updateAccountWorklistAssignmentMg from /bcrp/prd/application/BatchManager/bin/DailyEvening.batch
2018-06-07 20:39:20,938 INFO  Finished - Batch - updateAccountWorklistAssignmentMg
2018-06-07 20:39:20,938 INFO  Starting - Batch - refreshAccountCorresspondenceAddress from /bcrp/prd/application/BatchManager/bin/DailyEvening.batch
2018-06-07 20:39:20,939 INFO  Execute - Batch - refreshAccountCorresspondenceAddress
2018-06-07 20:50:57,743 INFO  Completed - Batch - refreshAccountCorresspondenceAddress from /bcrp/prd/application/BatchManager/bin/DailyEvening.batch
2018-06-07 20:50:57,743 INFO  Finished - Batch - refreshAccountCorresspondenceAddress
2018-06-07 20:50:57,743 INFO  Starting - Batch - updateUserAutoInvalid from /bcrp/prd/application/BatchManager/bin/DailyEvening.batch
2018-06-07 20:50:57,745 INFO  Execute - Batch - updateUserAutoInvalid
2018-06-07 20:50:57,813 INFO  Completed - Batch - updateUserAutoInvalid from /bcrp/prd/application/BatchManager/bin/DailyEvening.batch
2018-06-07 20:50:57,813 INFO  Finished - Batch - updateUserAutoInvalid
2018-06-07 20:50:57,813 DEBUG --DONE--
