2018-06-10 13:27:03,928 INFO  HTTP_INIT_CLIENT: Starting HTTP interface connecting to server http://localhost:8765/
LOGIN SUCCESSFUL
2018-06-10 13:27:04,080 DEBUG --START--
2018-06-10 13:27:04,085 INFO  Starting - Batch - processHostData from /bcrp/prd/application/BatchManager/bin/Daily.batch
2018-06-10 13:27:04,090 INFO  Execute - Batch - processHostData
2018-06-10 13:56:09,512 INFO  Completed - Batch - processHostData from /bcrp/prd/application/BatchManager/bin/Daily.batch
2018-06-10 13:56:09,512 INFO  Finished - Batch - processHostData
2018-06-10 13:56:09,512 INFO  Starting - Batch - dailyWorkListTabsUpdate from /bcrp/prd/application/BatchManager/bin/Daily.batch
2018-06-10 13:56:09,513 INFO  Execute - Batch - dailyWorkListTabsUpdate
2018-06-10 13:56:55,254 INFO  Completed - Batch - dailyWorkListTabsUpdate from /bcrp/prd/application/BatchManager/bin/Daily.batch
2018-06-10 13:56:55,255 INFO  Finished - Batch - dailyWorkListTabsUpdate
2018-06-10 13:56:55,255 INFO  Starting - Batch - promiseEvaluation from /bcrp/prd/application/BatchManager/bin/Daily.batch
2018-06-10 13:56:55,256 INFO  Execute - Batch - promiseEvaluation
2018-06-10 13:59:04,606 INFO  Completed - Batch - promiseEvaluation from /bcrp/prd/application/BatchManager/bin/Daily.batch
2018-06-10 13:59:04,607 INFO  Finished - Batch - promiseEvaluation
2018-06-10 13:59:04,607 INFO  Starting - Batch - refreshAccountCheck from /bcrp/prd/application/BatchManager/bin/Daily.batch
2018-06-10 13:59:04,608 INFO  Execute - Batch - refreshAccountCheck
2018-06-10 13:59:04,630 INFO  Completed - Batch - refreshAccountCheck from /bcrp/prd/application/BatchManager/bin/Daily.batch
2018-06-10 13:59:04,630 INFO  Finished - Batch - refreshAccountCheck
2018-06-10 13:59:04,630 INFO  Starting - Batch - refreshAccountLoanApplication from /bcrp/prd/application/BatchManager/bin/Daily.batch
2018-06-10 13:59:04,632 INFO  Execute - Batch - refreshAccountLoanApplication
2018-06-10 14:00:00,866 INFO  Completed - Batch - refreshAccountLoanApplication from /bcrp/prd/application/BatchManager/bin/Daily.batch
2018-06-10 14:00:00,866 INFO  Finished - Batch - refreshAccountLoanApplication
2018-06-10 14:00:00,866 INFO  Starting - Batch - refreshAccountCollateral from /bcrp/prd/application/BatchManager/bin/Daily.batch
2018-06-10 14:00:00,868 INFO  Execute - Batch - refreshAccountCollateral
2018-06-10 14:02:34,220 INFO  Completed - Batch - refreshAccountCollateral from /bcrp/prd/application/BatchManager/bin/Daily.batch
2018-06-10 14:02:34,221 INFO  Finished - Batch - refreshAccountCollateral
2018-06-10 14:02:34,221 INFO  Starting - Batch - updateAccountLastStandingInstructions from /bcrp/prd/application/BatchManager/bin/Daily.batch
2018-06-10 14:02:34,222 INFO  Execute - Batch - updateAccountLastStandingInstructions
2018-06-10 14:03:27,472 INFO  Completed - Batch - updateAccountLastStandingInstructions from /bcrp/prd/application/BatchManager/bin/Daily.batch
2018-06-10 14:03:27,473 INFO  Finished - Batch - updateAccountLastStandingInstructions
2018-06-10 14:03:27,473 INFO  Starting - Batch - refreshAccountGuarantor from /bcrp/prd/application/BatchManager/bin/Daily.batch
2018-06-10 14:03:27,474 INFO  Execute - Batch - refreshAccountGuarantor
2018-06-10 14:03:36,415 INFO  Completed - Batch - refreshAccountGuarantor from /bcrp/prd/application/BatchManager/bin/Daily.batch
2018-06-10 14:03:36,415 INFO  Finished - Batch - refreshAccountGuarantor
2018-06-10 14:03:36,415 INFO  Starting - Batch - DAILY_AGENCY_PAYMENT_DELETE_BATCH from /bcrp/prd/application/BatchManager/bin/Daily.batch
2018-06-10 14:03:36,417 INFO  Execute - Batch - DAILY_AGENCY_PAYMENT_DELETE_BATCH
2018-06-10 14:03:36,485 INFO  Completed - Batch - DAILY_AGENCY_PAYMENT_DELETE_BATCH from /bcrp/prd/application/BatchManager/bin/Daily.batch
2018-06-10 14:03:36,485 INFO  Finished - Batch - DAILY_AGENCY_PAYMENT_DELETE_BATCH
2018-06-10 14:03:36,486 INFO  Starting - Batch - DAILY_AGENCY_PAYMENT_INSERT_BATCH from /bcrp/prd/application/BatchManager/bin/Daily.batch
2018-06-10 14:03:36,487 INFO  Execute - Batch - DAILY_AGENCY_PAYMENT_INSERT_BATCH
2018-06-10 14:03:57,812 INFO  Completed - Batch - DAILY_AGENCY_PAYMENT_INSERT_BATCH from /bcrp/prd/application/BatchManager/bin/Daily.batch
2018-06-10 14:03:57,812 INFO  Finished - Batch - DAILY_AGENCY_PAYMENT_INSERT_BATCH
2018-06-10 14:03:57,812 INFO  Starting - Batch - AUTOMATICALLY_UNSUCCESSFUL_EARMARK from /bcrp/prd/application/BatchManager/bin/Daily.batch
2018-06-10 14:03:57,814 INFO  Execute - Batch - AUTOMATICALLY_UNSUCCESSFUL_EARMARK
2018-06-10 14:03:57,839 INFO  Completed - Batch - AUTOMATICALLY_UNSUCCESSFUL_EARMARK from /bcrp/prd/application/BatchManager/bin/Daily.batch
2018-06-10 14:03:57,839 INFO  Finished - Batch - AUTOMATICALLY_UNSUCCESSFUL_EARMARK
2018-06-10 14:03:57,839 INFO  Starting - Batch - RnRCurrScheActualRemainingAmtUpdate from /bcrp/prd/application/BatchManager/bin/Daily.batch
2018-06-10 14:03:57,840 INFO  Execute - Batch - RnRCurrScheActualRemainingAmtUpdate
2018-06-10 14:03:59,345 INFO  Completed - Batch - RnRCurrScheActualRemainingAmtUpdate from /bcrp/prd/application/BatchManager/bin/Daily.batch
2018-06-10 14:03:59,345 INFO  Finished - Batch - RnRCurrScheActualRemainingAmtUpdate
2018-06-10 14:03:59,345 INFO  Starting - Batch - AUTOMATICALLY_UNSUCCESSFUL_VISITATION from /bcrp/prd/application/BatchManager/bin/Daily.batch
2018-06-10 14:03:59,346 INFO  Execute - Batch - AUTOMATICALLY_UNSUCCESSFUL_VISITATION
2018-06-10 14:03:59,373 INFO  Completed - Batch - AUTOMATICALLY_UNSUCCESSFUL_VISITATION from /bcrp/prd/application/BatchManager/bin/Daily.batch
2018-06-10 14:03:59,373 INFO  Finished - Batch - AUTOMATICALLY_UNSUCCESSFUL_VISITATION
2018-06-10 14:03:59,373 INFO  Starting - Batch - ledgerDaily from /bcrp/prd/application/BatchManager/bin/Daily.batch
2018-06-10 14:03:59,374 INFO  Execute - Batch - ledgerDaily
2018-06-10 14:05:13,154 INFO  Completed - Batch - ledgerDaily from /bcrp/prd/application/BatchManager/bin/Daily.batch
2018-06-10 14:05:13,154 INFO  Finished - Batch - ledgerDaily
2018-06-10 14:05:13,155 INFO  Starting - Batch - appAgencyDailyProcess from /bcrp/prd/application/BatchManager/bin/Daily.batch
2018-06-10 14:05:13,156 INFO  Execute - Batch - appAgencyDailyProcess
2018-06-10 14:07:05,913 INFO  Completed - Batch - appAgencyDailyProcess from /bcrp/prd/application/BatchManager/bin/Daily.batch
2018-06-10 14:07:05,914 INFO  Finished - Batch - appAgencyDailyProcess
2018-06-10 14:07:05,914 INFO  Starting - Batch - poolCallingPriority from /bcrp/prd/application/BatchManager/bin/Daily.batch
2018-06-10 14:07:05,915 INFO  Execute - Batch - poolCallingPriority
2018-06-10 14:07:09,870 INFO  Completed - Batch - poolCallingPriority from /bcrp/prd/application/BatchManager/bin/Daily.batch
2018-06-10 14:07:09,870 INFO  Finished - Batch - poolCallingPriority
2018-06-10 14:07:09,870 DEBUG --DONE--
