2018-06-10 21:30:02,158 INFO  HTTP_INIT_CLIENT: Starting HTTP interface connecting to server http://localhost:8765/
LOGIN SUCCESSFUL
2018-06-10 21:30:02,420 DEBUG --START--
2018-06-10 21:30:02,425 INFO  Starting - Batch - contactNumberCleansingUpdates from /bcrp/prd/application/BatchManager/bin/DailyEvening.batch
2018-06-10 21:30:02,430 INFO  Execute - Batch - contactNumberCleansingUpdates
2018-06-10 21:30:26,070 INFO  Completed - Batch - contactNumberCleansingUpdates from /bcrp/prd/application/BatchManager/bin/DailyEvening.batch
2018-06-10 21:30:26,070 INFO  Finished - Batch - contactNumberCleansingUpdates
2018-06-10 21:30:26,070 INFO  Starting - Batch - stagingSMSTreatmentUpdate from /bcrp/prd/application/BatchManager/bin/DailyEvening.batch
2018-06-10 21:30:26,072 INFO  Execute - Batch - stagingSMSTreatmentUpdate
2018-06-10 21:30:26,190 INFO  Completed - Batch - stagingSMSTreatmentUpdate from /bcrp/prd/application/BatchManager/bin/DailyEvening.batch
2018-06-10 21:30:26,190 INFO  Finished - Batch - stagingSMSTreatmentUpdate
2018-06-10 21:30:26,191 INFO  Starting - Batch - searchContactNumberRefresh from /bcrp/prd/application/BatchManager/bin/DailyEvening.batch
2018-06-10 21:30:26,192 INFO  Execute - Batch - searchContactNumberRefresh
2018-06-10 21:36:13,895 INFO  Completed - Batch - searchContactNumberRefresh from /bcrp/prd/application/BatchManager/bin/DailyEvening.batch
2018-06-10 21:36:13,896 INFO  Finished - Batch - searchContactNumberRefresh
2018-06-10 21:36:13,896 INFO  Starting - Batch - updatePmmContactInfo from /bcrp/prd/application/BatchManager/bin/DailyEvening.batch
2018-06-10 21:36:13,897 INFO  Execute - Batch - updatePmmContactInfo
2018-06-10 21:36:14,279 INFO  Completed - Batch - updatePmmContactInfo from /bcrp/prd/application/BatchManager/bin/DailyEvening.batch
2018-06-10 21:36:14,279 INFO  Finished - Batch - updatePmmContactInfo
2018-06-10 21:36:14,280 INFO  Starting - Batch - summarizeAccountHostLegalAction from /bcrp/prd/application/BatchManager/bin/DailyEvening.batch
2018-06-10 21:36:14,281 INFO  Execute - Batch - summarizeAccountHostLegalAction
2018-06-10 21:45:01,247 INFO  Completed - Batch - summarizeAccountHostLegalAction from /bcrp/prd/application/BatchManager/bin/DailyEvening.batch
2018-06-10 21:45:01,248 INFO  Finished - Batch - summarizeAccountHostLegalAction
2018-06-10 21:45:01,248 INFO  Starting - Batch - updateAccountWorklistAssignment from /bcrp/prd/application/BatchManager/bin/DailyEvening.batch
2018-06-10 21:45:01,249 INFO  Execute - Batch - updateAccountWorklistAssignment
2018-06-10 21:45:34,412 INFO  Completed - Batch - updateAccountWorklistAssignment from /bcrp/prd/application/BatchManager/bin/DailyEvening.batch
2018-06-10 21:45:34,412 INFO  Finished - Batch - updateAccountWorklistAssignment
2018-06-10 21:45:34,412 INFO  Starting - Batch - updateAccountWorklistAssignmentMg from /bcrp/prd/application/BatchManager/bin/DailyEvening.batch
2018-06-10 21:45:34,414 INFO  Execute - Batch - updateAccountWorklistAssignmentMg
2018-06-10 21:45:46,647 INFO  Completed - Batch - updateAccountWorklistAssignmentMg from /bcrp/prd/application/BatchManager/bin/DailyEvening.batch
2018-06-10 21:45:46,647 INFO  Finished - Batch - updateAccountWorklistAssignmentMg
2018-06-10 21:45:46,647 INFO  Starting - Batch - refreshAccountCorresspondenceAddress from /bcrp/prd/application/BatchManager/bin/DailyEvening.batch
2018-06-10 21:45:46,649 INFO  Execute - Batch - refreshAccountCorresspondenceAddress
2018-06-10 21:50:46,770 INFO  Completed - Batch - refreshAccountCorresspondenceAddress from /bcrp/prd/application/BatchManager/bin/DailyEvening.batch
2018-06-10 21:50:46,771 INFO  Finished - Batch - refreshAccountCorresspondenceAddress
2018-06-10 21:50:46,771 INFO  Starting - Batch - updateUserAutoInvalid from /bcrp/prd/application/BatchManager/bin/DailyEvening.batch
2018-06-10 21:50:46,772 INFO  Execute - Batch - updateUserAutoInvalid
2018-06-10 21:50:46,842 INFO  Completed - Batch - updateUserAutoInvalid from /bcrp/prd/application/BatchManager/bin/DailyEvening.batch
2018-06-10 21:50:46,842 INFO  Finished - Batch - updateUserAutoInvalid
2018-06-10 21:50:46,842 DEBUG --DONE--
