2018-06-13 07:28:02,344 INFO  HTTP_INIT_CLIENT: Starting HTTP interface connecting to server http://localhost:8765/
LOGIN SUCCESSFUL
2018-06-13 07:28:02,513 DEBUG --START--
2018-06-13 07:28:02,518 INFO  Starting - Batch - updateSupervisoryAccountHp from /bcrp/prd/application/BatchManager/bin/supervisory.batch
2018-06-13 07:28:02,522 INFO  Execute - Batch - updateSupervisoryAccountHp
2018-06-13 07:28:02,560 INFO  Completed - Batch - updateSupervisoryAccountHp from /bcrp/prd/application/BatchManager/bin/supervisory.batch
2018-06-13 07:28:02,560 INFO  Finished - Batch - updateSupervisoryAccountHp
2018-06-13 07:28:02,560 INFO  Starting - Batch - updateSupervisoryAccountUpl from /bcrp/prd/application/BatchManager/bin/supervisory.batch
2018-06-13 07:28:02,561 INFO  Execute - Batch - updateSupervisoryAccountUpl
2018-06-13 07:29:46,622 INFO  Completed - Batch - updateSupervisoryAccountUpl from /bcrp/prd/application/BatchManager/bin/supervisory.batch
2018-06-13 07:29:46,623 INFO  Finished - Batch - updateSupervisoryAccountUpl
2018-06-13 07:29:46,623 INFO  Starting - Batch - updateSupervisoryAccountOd from /bcrp/prd/application/BatchManager/bin/supervisory.batch
2018-06-13 07:29:46,624 INFO  Execute - Batch - updateSupervisoryAccountOd
2018-06-13 07:29:46,645 INFO  Completed - Batch - updateSupervisoryAccountOd from /bcrp/prd/application/BatchManager/bin/supervisory.batch
2018-06-13 07:29:46,645 INFO  Finished - Batch - updateSupervisoryAccountOd
2018-06-13 07:29:46,645 INFO  Starting - Batch - updateSupervisoryAccountMg from /bcrp/prd/application/BatchManager/bin/supervisory.batch
2018-06-13 07:29:46,647 INFO  Execute - Batch - updateSupervisoryAccountMg
2018-06-13 07:29:46,667 INFO  Completed - Batch - updateSupervisoryAccountMg from /bcrp/prd/application/BatchManager/bin/supervisory.batch
2018-06-13 07:29:46,668 INFO  Finished - Batch - updateSupervisoryAccountMg
2018-06-13 07:29:46,668 DEBUG --DONE--
