2018-06-15 20:00:01,781 INFO  HTTP_INIT_CLIENT: Starting HTTP interface connecting to server http://localhost:8765/
LOGIN SUCCESSFUL
2018-06-15 20:00:01,899 DEBUG --START--
2018-06-15 20:00:01,905 INFO  Starting - Batch - contactNumberCleansingUpdates from /bcrp/prd/application/BatchManager/bin/DailyEvening.batch
2018-06-15 20:00:01,910 INFO  Execute - Batch - contactNumberCleansingUpdates
2018-06-15 20:00:31,173 INFO  Completed - Batch - contactNumberCleansingUpdates from /bcrp/prd/application/BatchManager/bin/DailyEvening.batch
2018-06-15 20:00:31,174 INFO  Finished - Batch - contactNumberCleansingUpdates
2018-06-15 20:00:31,174 INFO  Starting - Batch - stagingSMSTreatmentUpdate from /bcrp/prd/application/BatchManager/bin/DailyEvening.batch
2018-06-15 20:00:31,176 INFO  Execute - Batch - stagingSMSTreatmentUpdate
2018-06-15 20:00:31,295 INFO  Completed - Batch - stagingSMSTreatmentUpdate from /bcrp/prd/application/BatchManager/bin/DailyEvening.batch
2018-06-15 20:00:31,296 INFO  Finished - Batch - stagingSMSTreatmentUpdate
2018-06-15 20:00:31,296 INFO  Starting - Batch - searchContactNumberRefresh from /bcrp/prd/application/BatchManager/bin/DailyEvening.batch
2018-06-15 20:00:31,297 INFO  Execute - Batch - searchContactNumberRefresh
2018-06-15 20:06:44,890 INFO  Completed - Batch - searchContactNumberRefresh from /bcrp/prd/application/BatchManager/bin/DailyEvening.batch
2018-06-15 20:06:44,890 INFO  Finished - Batch - searchContactNumberRefresh
2018-06-15 20:06:44,891 INFO  Starting - Batch - updatePmmContactInfo from /bcrp/prd/application/BatchManager/bin/DailyEvening.batch
2018-06-15 20:06:44,892 INFO  Execute - Batch - updatePmmContactInfo
2018-06-15 20:06:45,221 INFO  Completed - Batch - updatePmmContactInfo from /bcrp/prd/application/BatchManager/bin/DailyEvening.batch
2018-06-15 20:06:45,222 INFO  Finished - Batch - updatePmmContactInfo
2018-06-15 20:06:45,222 INFO  Starting - Batch - summarizeAccountHostLegalAction from /bcrp/prd/application/BatchManager/bin/DailyEvening.batch
2018-06-15 20:06:45,223 INFO  Execute - Batch - summarizeAccountHostLegalAction
2018-06-15 20:20:41,220 INFO  Completed - Batch - summarizeAccountHostLegalAction from /bcrp/prd/application/BatchManager/bin/DailyEvening.batch
2018-06-15 20:20:41,220 INFO  Finished - Batch - summarizeAccountHostLegalAction
2018-06-15 20:20:41,220 INFO  Starting - Batch - updateAccountWorklistAssignment from /bcrp/prd/application/BatchManager/bin/DailyEvening.batch
2018-06-15 20:20:41,222 INFO  Execute - Batch - updateAccountWorklistAssignment
2018-06-15 20:21:16,325 INFO  Completed - Batch - updateAccountWorklistAssignment from /bcrp/prd/application/BatchManager/bin/DailyEvening.batch
2018-06-15 20:21:16,326 INFO  Finished - Batch - updateAccountWorklistAssignment
2018-06-15 20:21:16,326 INFO  Starting - Batch - updateAccountWorklistAssignmentMg from /bcrp/prd/application/BatchManager/bin/DailyEvening.batch
2018-06-15 20:21:16,327 INFO  Execute - Batch - updateAccountWorklistAssignmentMg
2018-06-15 20:21:28,737 INFO  Completed - Batch - updateAccountWorklistAssignmentMg from /bcrp/prd/application/BatchManager/bin/DailyEvening.batch
2018-06-15 20:21:28,738 INFO  Finished - Batch - updateAccountWorklistAssignmentMg
2018-06-15 20:21:28,738 INFO  Starting - Batch - refreshAccountCorresspondenceAddress from /bcrp/prd/application/BatchManager/bin/DailyEvening.batch
2018-06-15 20:21:28,739 INFO  Execute - Batch - refreshAccountCorresspondenceAddress
2018-06-15 20:27:08,866 INFO  Completed - Batch - refreshAccountCorresspondenceAddress from /bcrp/prd/application/BatchManager/bin/DailyEvening.batch
2018-06-15 20:27:08,866 INFO  Finished - Batch - refreshAccountCorresspondenceAddress
2018-06-15 20:27:08,866 INFO  Starting - Batch - updateUserAutoInvalid from /bcrp/prd/application/BatchManager/bin/DailyEvening.batch
2018-06-15 20:27:08,868 INFO  Execute - Batch - updateUserAutoInvalid
2018-06-15 20:27:08,932 INFO  Completed - Batch - updateUserAutoInvalid from /bcrp/prd/application/BatchManager/bin/DailyEvening.batch
2018-06-15 20:27:08,932 INFO  Finished - Batch - updateUserAutoInvalid
2018-06-15 20:27:08,932 DEBUG --DONE--
