2018-06-21 07:18:01,852 INFO  HTTP_INIT_CLIENT: Starting HTTP interface connecting to server http://localhost:8765/
LOGIN SUCCESSFUL
2018-06-21 07:18:02,041 DEBUG --START--
2018-06-21 07:18:02,046 INFO  Starting - Batch - updateSupervisoryAccountHp from /bcrp/prd/application/BatchManager/bin/supervisory.batch
2018-06-21 07:18:02,052 INFO  Execute - Batch - updateSupervisoryAccountHp
2018-06-21 07:20:48,998 INFO  Completed - Batch - updateSupervisoryAccountHp from /bcrp/prd/application/BatchManager/bin/supervisory.batch
2018-06-21 07:20:48,999 INFO  Finished - Batch - updateSupervisoryAccountHp
2018-06-21 07:20:48,999 INFO  Starting - Batch - updateSupervisoryAccountUpl from /bcrp/prd/application/BatchManager/bin/supervisory.batch
2018-06-21 07:20:49,000 INFO  Execute - Batch - updateSupervisoryAccountUpl
2018-06-21 07:21:26,279 INFO  Completed - Batch - updateSupervisoryAccountUpl from /bcrp/prd/application/BatchManager/bin/supervisory.batch
2018-06-21 07:21:26,279 INFO  Finished - Batch - updateSupervisoryAccountUpl
2018-06-21 07:21:26,279 INFO  Starting - Batch - updateSupervisoryAccountOd from /bcrp/prd/application/BatchManager/bin/supervisory.batch
2018-06-21 07:21:26,281 INFO  Execute - Batch - updateSupervisoryAccountOd
2018-06-21 07:25:32,704 INFO  Completed - Batch - updateSupervisoryAccountOd from /bcrp/prd/application/BatchManager/bin/supervisory.batch
2018-06-21 07:25:32,704 INFO  Finished - Batch - updateSupervisoryAccountOd
2018-06-21 07:25:32,705 INFO  Starting - Batch - updateSupervisoryAccountMg from /bcrp/prd/application/BatchManager/bin/supervisory.batch
2018-06-21 07:25:32,706 INFO  Execute - Batch - updateSupervisoryAccountMg
2018-06-21 07:26:18,837 INFO  Completed - Batch - updateSupervisoryAccountMg from /bcrp/prd/application/BatchManager/bin/supervisory.batch
2018-06-21 07:26:18,837 INFO  Finished - Batch - updateSupervisoryAccountMg
2018-06-21 07:26:18,837 DEBUG --DONE--
