2018-06-12 06:49:02,295 INFO  HTTP_INIT_CLIENT: Starting HTTP interface connecting to server http://localhost:8765/
LOGIN SUCCESSFUL
2018-06-12 06:49:02,665 DEBUG --START--
2018-06-12 06:49:02,670 INFO  Starting - Batch - processHostData from /bcrp/prd/application/BatchManager/bin/Daily.batch
2018-06-12 06:49:02,675 INFO  Execute - Batch - processHostData
2018-06-12 07:18:16,230 INFO  Completed - Batch - processHostData from /bcrp/prd/application/BatchManager/bin/Daily.batch
2018-06-12 07:18:16,230 INFO  Finished - Batch - processHostData
2018-06-12 07:18:16,231 INFO  Starting - Batch - dailyWorkListTabsUpdate from /bcrp/prd/application/BatchManager/bin/Daily.batch
2018-06-12 07:18:16,232 INFO  Execute - Batch - dailyWorkListTabsUpdate
2018-06-12 07:18:54,746 INFO  Completed - Batch - dailyWorkListTabsUpdate from /bcrp/prd/application/BatchManager/bin/Daily.batch
2018-06-12 07:18:54,746 INFO  Finished - Batch - dailyWorkListTabsUpdate
2018-06-12 07:18:54,746 INFO  Starting - Batch - promiseEvaluation from /bcrp/prd/application/BatchManager/bin/Daily.batch
2018-06-12 07:18:54,747 INFO  Execute - Batch - promiseEvaluation
2018-06-12 07:24:09,870 INFO  Completed - Batch - promiseEvaluation from /bcrp/prd/application/BatchManager/bin/Daily.batch
2018-06-12 07:24:09,870 INFO  Finished - Batch - promiseEvaluation
2018-06-12 07:24:09,870 INFO  Starting - Batch - refreshAccountCheck from /bcrp/prd/application/BatchManager/bin/Daily.batch
2018-06-12 07:24:09,871 INFO  Execute - Batch - refreshAccountCheck
2018-06-12 07:24:09,905 INFO  Completed - Batch - refreshAccountCheck from /bcrp/prd/application/BatchManager/bin/Daily.batch
2018-06-12 07:24:09,905 INFO  Finished - Batch - refreshAccountCheck
2018-06-12 07:24:09,905 INFO  Starting - Batch - refreshAccountLoanApplication from /bcrp/prd/application/BatchManager/bin/Daily.batch
2018-06-12 07:24:09,906 INFO  Execute - Batch - refreshAccountLoanApplication
2018-06-12 07:25:10,045 INFO  Completed - Batch - refreshAccountLoanApplication from /bcrp/prd/application/BatchManager/bin/Daily.batch
2018-06-12 07:25:10,045 INFO  Finished - Batch - refreshAccountLoanApplication
2018-06-12 07:25:10,046 INFO  Starting - Batch - refreshAccountCollateral from /bcrp/prd/application/BatchManager/bin/Daily.batch
2018-06-12 07:25:10,047 INFO  Execute - Batch - refreshAccountCollateral
2018-06-12 07:27:21,567 INFO  Completed - Batch - refreshAccountCollateral from /bcrp/prd/application/BatchManager/bin/Daily.batch
2018-06-12 07:27:21,567 INFO  Finished - Batch - refreshAccountCollateral
2018-06-12 07:27:21,567 INFO  Starting - Batch - updateAccountLastStandingInstructions from /bcrp/prd/application/BatchManager/bin/Daily.batch
2018-06-12 07:27:21,569 INFO  Execute - Batch - updateAccountLastStandingInstructions
2018-06-12 07:27:57,481 INFO  Completed - Batch - updateAccountLastStandingInstructions from /bcrp/prd/application/BatchManager/bin/Daily.batch
2018-06-12 07:27:57,482 INFO  Finished - Batch - updateAccountLastStandingInstructions
2018-06-12 07:27:57,482 INFO  Starting - Batch - refreshAccountGuarantor from /bcrp/prd/application/BatchManager/bin/Daily.batch
2018-06-12 07:27:57,483 INFO  Execute - Batch - refreshAccountGuarantor
2018-06-12 07:28:06,412 INFO  Completed - Batch - refreshAccountGuarantor from /bcrp/prd/application/BatchManager/bin/Daily.batch
2018-06-12 07:28:06,413 INFO  Finished - Batch - refreshAccountGuarantor
2018-06-12 07:28:06,413 INFO  Starting - Batch - DAILY_AGENCY_PAYMENT_DELETE_BATCH from /bcrp/prd/application/BatchManager/bin/Daily.batch
2018-06-12 07:28:06,414 INFO  Execute - Batch - DAILY_AGENCY_PAYMENT_DELETE_BATCH
2018-06-12 07:28:06,491 INFO  Completed - Batch - DAILY_AGENCY_PAYMENT_DELETE_BATCH from /bcrp/prd/application/BatchManager/bin/Daily.batch
2018-06-12 07:28:06,491 INFO  Finished - Batch - DAILY_AGENCY_PAYMENT_DELETE_BATCH
2018-06-12 07:28:06,491 INFO  Starting - Batch - DAILY_AGENCY_PAYMENT_INSERT_BATCH from /bcrp/prd/application/BatchManager/bin/Daily.batch
2018-06-12 07:28:06,491 INFO  Execute - Batch - DAILY_AGENCY_PAYMENT_INSERT_BATCH
2018-06-12 07:28:24,297 INFO  Completed - Batch - DAILY_AGENCY_PAYMENT_INSERT_BATCH from /bcrp/prd/application/BatchManager/bin/Daily.batch
2018-06-12 07:28:24,297 INFO  Finished - Batch - DAILY_AGENCY_PAYMENT_INSERT_BATCH
2018-06-12 07:28:24,297 INFO  Starting - Batch - AUTOMATICALLY_UNSUCCESSFUL_EARMARK from /bcrp/prd/application/BatchManager/bin/Daily.batch
2018-06-12 07:28:24,299 INFO  Execute - Batch - AUTOMATICALLY_UNSUCCESSFUL_EARMARK
2018-06-12 07:28:24,328 INFO  Completed - Batch - AUTOMATICALLY_UNSUCCESSFUL_EARMARK from /bcrp/prd/application/BatchManager/bin/Daily.batch
2018-06-12 07:28:24,328 INFO  Finished - Batch - AUTOMATICALLY_UNSUCCESSFUL_EARMARK
2018-06-12 07:28:24,328 INFO  Starting - Batch - RnRCurrScheActualRemainingAmtUpdate from /bcrp/prd/application/BatchManager/bin/Daily.batch
2018-06-12 07:28:24,329 INFO  Execute - Batch - RnRCurrScheActualRemainingAmtUpdate
2018-06-12 07:28:25,831 INFO  Completed - Batch - RnRCurrScheActualRemainingAmtUpdate from /bcrp/prd/application/BatchManager/bin/Daily.batch
2018-06-12 07:28:25,831 INFO  Finished - Batch - RnRCurrScheActualRemainingAmtUpdate
2018-06-12 07:28:25,831 INFO  Starting - Batch - AUTOMATICALLY_UNSUCCESSFUL_VISITATION from /bcrp/prd/application/BatchManager/bin/Daily.batch
2018-06-12 07:28:25,831 INFO  Execute - Batch - AUTOMATICALLY_UNSUCCESSFUL_VISITATION
2018-06-12 07:28:25,860 INFO  Completed - Batch - AUTOMATICALLY_UNSUCCESSFUL_VISITATION from /bcrp/prd/application/BatchManager/bin/Daily.batch
2018-06-12 07:28:25,860 INFO  Finished - Batch - AUTOMATICALLY_UNSUCCESSFUL_VISITATION
2018-06-12 07:28:25,860 INFO  Starting - Batch - ledgerDaily from /bcrp/prd/application/BatchManager/bin/Daily.batch
2018-06-12 07:28:25,860 INFO  Execute - Batch - ledgerDaily
2018-06-12 07:29:37,850 INFO  Completed - Batch - ledgerDaily from /bcrp/prd/application/BatchManager/bin/Daily.batch
2018-06-12 07:29:37,850 INFO  Finished - Batch - ledgerDaily
2018-06-12 07:29:37,850 INFO  Starting - Batch - appAgencyDailyProcess from /bcrp/prd/application/BatchManager/bin/Daily.batch
2018-06-12 07:29:37,851 INFO  Execute - Batch - appAgencyDailyProcess
2018-06-12 07:32:19,185 INFO  Completed - Batch - appAgencyDailyProcess from /bcrp/prd/application/BatchManager/bin/Daily.batch
2018-06-12 07:32:19,186 INFO  Finished - Batch - appAgencyDailyProcess
2018-06-12 07:32:19,186 INFO  Starting - Batch - poolCallingPriority from /bcrp/prd/application/BatchManager/bin/Daily.batch
2018-06-12 07:32:19,187 INFO  Execute - Batch - poolCallingPriority
2018-06-12 07:32:23,261 INFO  Completed - Batch - poolCallingPriority from /bcrp/prd/application/BatchManager/bin/Daily.batch
2018-06-12 07:32:23,261 INFO  Finished - Batch - poolCallingPriority
2018-06-12 07:32:23,261 DEBUG --DONE--
