2018-06-21 20:00:02,023 INFO  HTTP_INIT_CLIENT: Starting HTTP interface connecting to server http://localhost:8765/
LOGIN SUCCESSFUL
2018-06-21 20:00:02,155 DEBUG --START--
2018-06-21 20:00:02,160 INFO  Starting - Batch - contactNumberCleansingUpdates from /bcrp/prd/application/BatchManager/bin/DailyEvening.batch
2018-06-21 20:00:02,165 INFO  Execute - Batch - contactNumberCleansingUpdates
2018-06-21 20:00:35,095 INFO  Completed - Batch - contactNumberCleansingUpdates from /bcrp/prd/application/BatchManager/bin/DailyEvening.batch
2018-06-21 20:00:35,095 INFO  Finished - Batch - contactNumberCleansingUpdates
2018-06-21 20:00:35,095 INFO  Starting - Batch - stagingSMSTreatmentUpdate from /bcrp/prd/application/BatchManager/bin/DailyEvening.batch
2018-06-21 20:00:35,097 INFO  Execute - Batch - stagingSMSTreatmentUpdate
2018-06-21 20:00:53,751 INFO  Completed - Batch - stagingSMSTreatmentUpdate from /bcrp/prd/application/BatchManager/bin/DailyEvening.batch
2018-06-21 20:00:53,751 INFO  Finished - Batch - stagingSMSTreatmentUpdate
2018-06-21 20:00:53,751 INFO  Starting - Batch - searchContactNumberRefresh from /bcrp/prd/application/BatchManager/bin/DailyEvening.batch
2018-06-21 20:00:53,752 INFO  Execute - Batch - searchContactNumberRefresh
2018-06-21 20:07:22,851 INFO  Completed - Batch - searchContactNumberRefresh from /bcrp/prd/application/BatchManager/bin/DailyEvening.batch
2018-06-21 20:07:22,851 INFO  Finished - Batch - searchContactNumberRefresh
2018-06-21 20:07:22,851 INFO  Starting - Batch - updatePmmContactInfo from /bcrp/prd/application/BatchManager/bin/DailyEvening.batch
2018-06-21 20:07:22,853 INFO  Execute - Batch - updatePmmContactInfo
2018-06-21 20:07:23,623 INFO  Completed - Batch - updatePmmContactInfo from /bcrp/prd/application/BatchManager/bin/DailyEvening.batch
2018-06-21 20:07:23,624 INFO  Finished - Batch - updatePmmContactInfo
2018-06-21 20:07:23,624 INFO  Starting - Batch - summarizeAccountHostLegalAction from /bcrp/prd/application/BatchManager/bin/DailyEvening.batch
2018-06-21 20:07:23,625 INFO  Execute - Batch - summarizeAccountHostLegalAction
2018-06-21 20:21:55,908 INFO  Completed - Batch - summarizeAccountHostLegalAction from /bcrp/prd/application/BatchManager/bin/DailyEvening.batch
2018-06-21 20:21:55,908 INFO  Finished - Batch - summarizeAccountHostLegalAction
2018-06-21 20:21:55,909 INFO  Starting - Batch - updateAccountWorklistAssignment from /bcrp/prd/application/BatchManager/bin/DailyEvening.batch
2018-06-21 20:21:55,910 INFO  Execute - Batch - updateAccountWorklistAssignment
2018-06-21 20:22:33,128 INFO  Completed - Batch - updateAccountWorklistAssignment from /bcrp/prd/application/BatchManager/bin/DailyEvening.batch
2018-06-21 20:22:33,129 INFO  Finished - Batch - updateAccountWorklistAssignment
2018-06-21 20:22:33,129 INFO  Starting - Batch - updateAccountWorklistAssignmentMg from /bcrp/prd/application/BatchManager/bin/DailyEvening.batch
2018-06-21 20:22:33,130 INFO  Execute - Batch - updateAccountWorklistAssignmentMg
2018-06-21 20:22:48,298 INFO  Completed - Batch - updateAccountWorklistAssignmentMg from /bcrp/prd/application/BatchManager/bin/DailyEvening.batch
2018-06-21 20:22:48,299 INFO  Finished - Batch - updateAccountWorklistAssignmentMg
2018-06-21 20:22:48,299 INFO  Starting - Batch - refreshAccountCorresspondenceAddress from /bcrp/prd/application/BatchManager/bin/DailyEvening.batch
2018-06-21 20:22:48,300 INFO  Execute - Batch - refreshAccountCorresspondenceAddress
2018-06-21 20:28:52,354 INFO  Completed - Batch - refreshAccountCorresspondenceAddress from /bcrp/prd/application/BatchManager/bin/DailyEvening.batch
2018-06-21 20:28:52,354 INFO  Finished - Batch - refreshAccountCorresspondenceAddress
2018-06-21 20:28:52,354 INFO  Starting - Batch - updateUserAutoInvalid from /bcrp/prd/application/BatchManager/bin/DailyEvening.batch
2018-06-21 20:28:52,356 INFO  Execute - Batch - updateUserAutoInvalid
2018-06-21 20:28:52,402 INFO  Completed - Batch - updateUserAutoInvalid from /bcrp/prd/application/BatchManager/bin/DailyEvening.batch
2018-06-21 20:28:52,402 INFO  Finished - Batch - updateUserAutoInvalid
2018-06-21 20:28:52,402 DEBUG --DONE--
