2018-06-05 06:47:02,350 INFO  HTTP_INIT_CLIENT: Starting HTTP interface connecting to server http://localhost:8765/
LOGIN SUCCESSFUL
2018-06-05 06:47:03,593 DEBUG --START--
2018-06-05 06:47:03,598 INFO  Starting - Batch - processHostData from /bcrp/prd/application/BatchManager/bin/Daily.batch
2018-06-05 06:47:03,604 INFO  Execute - Batch - processHostData
2018-06-05 07:16:15,676 INFO  Completed - Batch - processHostData from /bcrp/prd/application/BatchManager/bin/Daily.batch
2018-06-05 07:16:15,676 INFO  Finished - Batch - processHostData
2018-06-05 07:16:15,677 INFO  Starting - Batch - dailyWorkListTabsUpdate from /bcrp/prd/application/BatchManager/bin/Daily.batch
2018-06-05 07:16:15,678 INFO  Execute - Batch - dailyWorkListTabsUpdate
2018-06-05 07:17:03,817 INFO  Completed - Batch - dailyWorkListTabsUpdate from /bcrp/prd/application/BatchManager/bin/Daily.batch
2018-06-05 07:17:03,817 INFO  Finished - Batch - dailyWorkListTabsUpdate
2018-06-05 07:17:03,818 INFO  Starting - Batch - promiseEvaluation from /bcrp/prd/application/BatchManager/bin/Daily.batch
2018-06-05 07:17:03,819 INFO  Execute - Batch - promiseEvaluation
2018-06-05 07:19:45,406 INFO  Completed - Batch - promiseEvaluation from /bcrp/prd/application/BatchManager/bin/Daily.batch
2018-06-05 07:19:45,406 INFO  Finished - Batch - promiseEvaluation
2018-06-05 07:19:45,406 INFO  Starting - Batch - refreshAccountCheck from /bcrp/prd/application/BatchManager/bin/Daily.batch
2018-06-05 07:19:45,408 INFO  Execute - Batch - refreshAccountCheck
2018-06-05 07:19:45,433 INFO  Completed - Batch - refreshAccountCheck from /bcrp/prd/application/BatchManager/bin/Daily.batch
2018-06-05 07:19:45,433 INFO  Finished - Batch - refreshAccountCheck
2018-06-05 07:19:45,433 INFO  Starting - Batch - refreshAccountLoanApplication from /bcrp/prd/application/BatchManager/bin/Daily.batch
2018-06-05 07:19:45,435 INFO  Execute - Batch - refreshAccountLoanApplication
2018-06-05 07:20:31,986 INFO  Completed - Batch - refreshAccountLoanApplication from /bcrp/prd/application/BatchManager/bin/Daily.batch
2018-06-05 07:20:31,986 INFO  Finished - Batch - refreshAccountLoanApplication
2018-06-05 07:20:31,986 INFO  Starting - Batch - refreshAccountCollateral from /bcrp/prd/application/BatchManager/bin/Daily.batch
2018-06-05 07:20:31,988 INFO  Execute - Batch - refreshAccountCollateral
2018-06-05 07:22:13,846 INFO  Completed - Batch - refreshAccountCollateral from /bcrp/prd/application/BatchManager/bin/Daily.batch
2018-06-05 07:22:13,846 INFO  Finished - Batch - refreshAccountCollateral
2018-06-05 07:22:13,846 INFO  Starting - Batch - updateAccountLastStandingInstructions from /bcrp/prd/application/BatchManager/bin/Daily.batch
2018-06-05 07:22:13,848 INFO  Execute - Batch - updateAccountLastStandingInstructions
2018-06-05 07:22:58,140 INFO  Completed - Batch - updateAccountLastStandingInstructions from /bcrp/prd/application/BatchManager/bin/Daily.batch
2018-06-05 07:22:58,141 INFO  Finished - Batch - updateAccountLastStandingInstructions
2018-06-05 07:22:58,141 INFO  Starting - Batch - refreshAccountGuarantor from /bcrp/prd/application/BatchManager/bin/Daily.batch
2018-06-05 07:22:58,141 INFO  Execute - Batch - refreshAccountGuarantor
2018-06-05 07:23:05,256 INFO  Completed - Batch - refreshAccountGuarantor from /bcrp/prd/application/BatchManager/bin/Daily.batch
2018-06-05 07:23:05,256 INFO  Finished - Batch - refreshAccountGuarantor
2018-06-05 07:23:05,256 INFO  Starting - Batch - DAILY_AGENCY_PAYMENT_DELETE_BATCH from /bcrp/prd/application/BatchManager/bin/Daily.batch
2018-06-05 07:23:05,258 INFO  Execute - Batch - DAILY_AGENCY_PAYMENT_DELETE_BATCH
2018-06-05 07:23:05,329 INFO  Completed - Batch - DAILY_AGENCY_PAYMENT_DELETE_BATCH from /bcrp/prd/application/BatchManager/bin/Daily.batch
2018-06-05 07:23:05,329 INFO  Finished - Batch - DAILY_AGENCY_PAYMENT_DELETE_BATCH
2018-06-05 07:23:05,329 INFO  Starting - Batch - DAILY_AGENCY_PAYMENT_INSERT_BATCH from /bcrp/prd/application/BatchManager/bin/Daily.batch
2018-06-05 07:23:05,330 INFO  Execute - Batch - DAILY_AGENCY_PAYMENT_INSERT_BATCH
2018-06-05 07:23:21,575 INFO  Completed - Batch - DAILY_AGENCY_PAYMENT_INSERT_BATCH from /bcrp/prd/application/BatchManager/bin/Daily.batch
2018-06-05 07:23:21,575 INFO  Finished - Batch - DAILY_AGENCY_PAYMENT_INSERT_BATCH
2018-06-05 07:23:21,575 INFO  Starting - Batch - AUTOMATICALLY_UNSUCCESSFUL_EARMARK from /bcrp/prd/application/BatchManager/bin/Daily.batch
2018-06-05 07:23:21,577 INFO  Execute - Batch - AUTOMATICALLY_UNSUCCESSFUL_EARMARK
2018-06-05 07:23:21,602 INFO  Completed - Batch - AUTOMATICALLY_UNSUCCESSFUL_EARMARK from /bcrp/prd/application/BatchManager/bin/Daily.batch
2018-06-05 07:23:21,602 INFO  Finished - Batch - AUTOMATICALLY_UNSUCCESSFUL_EARMARK
2018-06-05 07:23:21,602 INFO  Starting - Batch - RnRCurrScheActualRemainingAmtUpdate from /bcrp/prd/application/BatchManager/bin/Daily.batch
2018-06-05 07:23:21,603 INFO  Execute - Batch - RnRCurrScheActualRemainingAmtUpdate
2018-06-05 07:23:23,068 INFO  Completed - Batch - RnRCurrScheActualRemainingAmtUpdate from /bcrp/prd/application/BatchManager/bin/Daily.batch
2018-06-05 07:23:23,069 INFO  Finished - Batch - RnRCurrScheActualRemainingAmtUpdate
2018-06-05 07:23:23,069 INFO  Starting - Batch - AUTOMATICALLY_UNSUCCESSFUL_VISITATION from /bcrp/prd/application/BatchManager/bin/Daily.batch
2018-06-05 07:23:23,070 INFO  Execute - Batch - AUTOMATICALLY_UNSUCCESSFUL_VISITATION
2018-06-05 07:23:23,096 INFO  Completed - Batch - AUTOMATICALLY_UNSUCCESSFUL_VISITATION from /bcrp/prd/application/BatchManager/bin/Daily.batch
2018-06-05 07:23:23,096 INFO  Finished - Batch - AUTOMATICALLY_UNSUCCESSFUL_VISITATION
2018-06-05 07:23:23,097 INFO  Starting - Batch - ledgerDaily from /bcrp/prd/application/BatchManager/bin/Daily.batch
2018-06-05 07:23:23,098 INFO  Execute - Batch - ledgerDaily
2018-06-05 07:24:28,675 INFO  Completed - Batch - ledgerDaily from /bcrp/prd/application/BatchManager/bin/Daily.batch
2018-06-05 07:24:28,675 INFO  Finished - Batch - ledgerDaily
2018-06-05 07:24:28,675 INFO  Starting - Batch - appAgencyDailyProcess from /bcrp/prd/application/BatchManager/bin/Daily.batch
2018-06-05 07:24:28,676 INFO  Execute - Batch - appAgencyDailyProcess
2018-06-05 07:27:31,355 INFO  Completed - Batch - appAgencyDailyProcess from /bcrp/prd/application/BatchManager/bin/Daily.batch
2018-06-05 07:27:31,356 INFO  Finished - Batch - appAgencyDailyProcess
2018-06-05 07:27:31,356 INFO  Starting - Batch - poolCallingPriority from /bcrp/prd/application/BatchManager/bin/Daily.batch
2018-06-05 07:27:31,357 INFO  Execute - Batch - poolCallingPriority
2018-06-05 07:27:31,571 INFO  Completed - Batch - poolCallingPriority from /bcrp/prd/application/BatchManager/bin/Daily.batch
2018-06-05 07:27:31,571 INFO  Finished - Batch - poolCallingPriority
2018-06-05 07:27:31,572 DEBUG --DONE--
