2018-06-02 20:00:02,137 INFO  HTTP_INIT_CLIENT: Starting HTTP interface connecting to server http://localhost:8765/
LOGIN SUCCESSFUL
2018-06-02 20:00:02,325 DEBUG --START--
2018-06-02 20:00:02,330 INFO  Starting - Batch - contactNumberCleansingUpdates from /bcrp/prd/application/BatchManager/bin/DailyEvening.batch
2018-06-02 20:00:02,335 INFO  Execute - Batch - contactNumberCleansingUpdates
2018-06-02 20:00:34,089 INFO  Completed - Batch - contactNumberCleansingUpdates from /bcrp/prd/application/BatchManager/bin/DailyEvening.batch
2018-06-02 20:00:34,089 INFO  Finished - Batch - contactNumberCleansingUpdates
2018-06-02 20:00:34,089 INFO  Starting - Batch - stagingSMSTreatmentUpdate from /bcrp/prd/application/BatchManager/bin/DailyEvening.batch
2018-06-02 20:00:34,091 INFO  Execute - Batch - stagingSMSTreatmentUpdate
2018-06-02 20:00:34,217 INFO  Completed - Batch - stagingSMSTreatmentUpdate from /bcrp/prd/application/BatchManager/bin/DailyEvening.batch
2018-06-02 20:00:34,218 INFO  Finished - Batch - stagingSMSTreatmentUpdate
2018-06-02 20:00:34,218 INFO  Starting - Batch - searchContactNumberRefresh from /bcrp/prd/application/BatchManager/bin/DailyEvening.batch
2018-06-02 20:00:34,219 INFO  Execute - Batch - searchContactNumberRefresh
2018-06-02 20:09:46,340 INFO  Completed - Batch - searchContactNumberRefresh from /bcrp/prd/application/BatchManager/bin/DailyEvening.batch
2018-06-02 20:09:46,340 INFO  Finished - Batch - searchContactNumberRefresh
2018-06-02 20:09:46,340 INFO  Starting - Batch - updatePmmContactInfo from /bcrp/prd/application/BatchManager/bin/DailyEvening.batch
2018-06-02 20:09:46,342 INFO  Execute - Batch - updatePmmContactInfo
2018-06-02 20:09:46,674 INFO  Completed - Batch - updatePmmContactInfo from /bcrp/prd/application/BatchManager/bin/DailyEvening.batch
2018-06-02 20:09:46,674 INFO  Finished - Batch - updatePmmContactInfo
2018-06-02 20:09:46,674 INFO  Starting - Batch - summarizeAccountHostLegalAction from /bcrp/prd/application/BatchManager/bin/DailyEvening.batch
2018-06-02 20:09:46,676 INFO  Execute - Batch - summarizeAccountHostLegalAction
2018-06-02 20:30:19,020 INFO  Completed - Batch - summarizeAccountHostLegalAction from /bcrp/prd/application/BatchManager/bin/DailyEvening.batch
2018-06-02 20:30:19,020 INFO  Finished - Batch - summarizeAccountHostLegalAction
2018-06-02 20:30:19,020 INFO  Starting - Batch - updateAccountWorklistAssignment from /bcrp/prd/application/BatchManager/bin/DailyEvening.batch
2018-06-02 20:30:19,022 INFO  Execute - Batch - updateAccountWorklistAssignment
2018-06-02 20:33:25,237 INFO  Completed - Batch - updateAccountWorklistAssignment from /bcrp/prd/application/BatchManager/bin/DailyEvening.batch
2018-06-02 20:33:25,238 INFO  Finished - Batch - updateAccountWorklistAssignment
2018-06-02 20:33:25,238 INFO  Starting - Batch - updateAccountWorklistAssignmentMg from /bcrp/prd/application/BatchManager/bin/DailyEvening.batch
2018-06-02 20:33:25,239 INFO  Execute - Batch - updateAccountWorklistAssignmentMg
2018-06-02 20:33:49,849 INFO  Completed - Batch - updateAccountWorklistAssignmentMg from /bcrp/prd/application/BatchManager/bin/DailyEvening.batch
2018-06-02 20:33:49,850 INFO  Finished - Batch - updateAccountWorklistAssignmentMg
2018-06-02 20:33:49,850 INFO  Starting - Batch - refreshAccountCorresspondenceAddress from /bcrp/prd/application/BatchManager/bin/DailyEvening.batch
2018-06-02 20:33:49,851 INFO  Execute - Batch - refreshAccountCorresspondenceAddress
2018-06-02 20:40:33,283 INFO  Completed - Batch - refreshAccountCorresspondenceAddress from /bcrp/prd/application/BatchManager/bin/DailyEvening.batch
2018-06-02 20:40:33,283 INFO  Finished - Batch - refreshAccountCorresspondenceAddress
2018-06-02 20:40:33,283 INFO  Starting - Batch - updateUserAutoInvalid from /bcrp/prd/application/BatchManager/bin/DailyEvening.batch
2018-06-02 20:40:33,285 INFO  Execute - Batch - updateUserAutoInvalid
2018-06-02 20:40:33,381 INFO  Completed - Batch - updateUserAutoInvalid from /bcrp/prd/application/BatchManager/bin/DailyEvening.batch
2018-06-02 20:40:33,381 INFO  Finished - Batch - updateUserAutoInvalid
2018-06-02 20:40:33,381 DEBUG --DONE--
