2018-06-15 07:26:01,884 INFO  HTTP_INIT_CLIENT: Starting HTTP interface connecting to server http://localhost:8765/
LOGIN SUCCESSFUL
2018-06-15 07:26:02,026 DEBUG --START--
2018-06-15 07:26:02,031 INFO  Starting - Batch - updateSupervisoryAccountHp from /bcrp/prd/application/BatchManager/bin/supervisory.batch
2018-06-15 07:26:02,036 INFO  Execute - Batch - updateSupervisoryAccountHp
2018-06-15 07:26:02,058 INFO  Completed - Batch - updateSupervisoryAccountHp from /bcrp/prd/application/BatchManager/bin/supervisory.batch
2018-06-15 07:26:02,059 INFO  Finished - Batch - updateSupervisoryAccountHp
2018-06-15 07:26:02,059 INFO  Starting - Batch - updateSupervisoryAccountUpl from /bcrp/prd/application/BatchManager/bin/supervisory.batch
2018-06-15 07:26:02,060 INFO  Execute - Batch - updateSupervisoryAccountUpl
2018-06-15 07:26:02,079 INFO  Completed - Batch - updateSupervisoryAccountUpl from /bcrp/prd/application/BatchManager/bin/supervisory.batch
2018-06-15 07:26:02,080 INFO  Finished - Batch - updateSupervisoryAccountUpl
2018-06-15 07:26:02,080 INFO  Starting - Batch - updateSupervisoryAccountOd from /bcrp/prd/application/BatchManager/bin/supervisory.batch
2018-06-15 07:26:02,081 INFO  Execute - Batch - updateSupervisoryAccountOd
2018-06-15 07:26:02,103 INFO  Completed - Batch - updateSupervisoryAccountOd from /bcrp/prd/application/BatchManager/bin/supervisory.batch
2018-06-15 07:26:02,103 INFO  Finished - Batch - updateSupervisoryAccountOd
2018-06-15 07:26:02,103 INFO  Starting - Batch - updateSupervisoryAccountMg from /bcrp/prd/application/BatchManager/bin/supervisory.batch
2018-06-15 07:26:02,104 INFO  Execute - Batch - updateSupervisoryAccountMg
2018-06-15 07:26:02,125 INFO  Completed - Batch - updateSupervisoryAccountMg from /bcrp/prd/application/BatchManager/bin/supervisory.batch
2018-06-15 07:26:02,125 INFO  Finished - Batch - updateSupervisoryAccountMg
2018-06-15 07:26:02,125 DEBUG --DONE--
