2018-06-01 10:05:40,103 INFO  HTTP_INIT_CLIENT: Starting HTTP interface connecting to server http://localhost:8765/
LOGIN SUCCESSFUL
2018-06-01 10:05:40,363 DEBUG --START--
2018-06-01 10:05:40,367 INFO  Starting - Batch - uplselfcureupdate from /bcrp/prd/application/BatchManager/bin/Selfcure_Scoring_2.batch
2018-06-01 10:05:40,373 INFO  Execute - Batch - uplselfcureupdate
2018-06-01 10:19:51,532 INFO  Completed - Batch - uplselfcureupdate from /bcrp/prd/application/BatchManager/bin/Selfcure_Scoring_2.batch
2018-06-01 10:19:51,533 INFO  Finished - Batch - uplselfcureupdate
2018-06-01 10:19:51,533 INFO  Starting - Batch - scoringMiaTrendAnalysis from /bcrp/prd/application/BatchManager/bin/Selfcure_Scoring_2.batch
2018-06-01 10:19:51,534 INFO  Execute - Batch - scoringMiaTrendAnalysis
2018-06-01 10:33:59,759 INFO  Completed - Batch - scoringMiaTrendAnalysis from /bcrp/prd/application/BatchManager/bin/Selfcure_Scoring_2.batch
2018-06-01 10:33:59,759 INFO  Finished - Batch - scoringMiaTrendAnalysis
2018-06-01 10:33:59,759 INFO  Starting - Rules - 861 from /bcrp/prd/application/BatchManager/bin/Selfcure_Scoring_2.batch
2018-06-01 10:33:59,770 INFO  Execute - Rules - 861
2018-06-01 11:42:09,662 INFO  Completed - Rules - 861 from /bcrp/prd/application/BatchManager/bin/Selfcure_Scoring_2.batch
2018-06-01 11:42:09,662 INFO  Finished - Rules - 861
2018-06-01 11:42:09,662 INFO  Starting - Batch - deleteOldScoring from /bcrp/prd/application/BatchManager/bin/Selfcure_Scoring_2.batch
2018-06-01 11:42:09,664 INFO  Execute - Batch - deleteOldScoring
2018-06-01 11:42:32,781 INFO  Completed - Batch - deleteOldScoring from /bcrp/prd/application/BatchManager/bin/Selfcure_Scoring_2.batch
2018-06-01 11:42:32,782 INFO  Finished - Batch - deleteOldScoring
2018-06-01 11:42:32,782 INFO  Starting - Batch - getScoringDetails from /bcrp/prd/application/BatchManager/bin/Selfcure_Scoring_2.batch
2018-06-01 11:42:32,783 INFO  Execute - Batch - getScoringDetails
2018-06-01 11:50:50,820 INFO  Completed - Batch - getScoringDetails from /bcrp/prd/application/BatchManager/bin/Selfcure_Scoring_2.batch
2018-06-01 11:50:50,820 INFO  Finished - Batch - getScoringDetails
2018-06-01 11:50:50,820 DEBUG --DONE--
