2018-06-28 07:29:01,889 INFO  HTTP_INIT_CLIENT: Starting HTTP interface connecting to server http://localhost:8765/
LOGIN SUCCESSFUL
2018-06-28 07:29:02,057 DEBUG --START--
2018-06-28 07:29:02,061 INFO  Starting - Batch - executeWlgHpIlAdhoc from /bcrp/prd/application/BatchManager/bin/DailyAdhocAssignment.batch
2018-06-28 07:29:02,067 INFO  Execute - Batch - executeWlgHpIlAdhoc
2018-06-28 07:29:02,078 INFO  Completed - Batch - executeWlgHpIlAdhoc from /bcrp/prd/application/BatchManager/bin/DailyAdhocAssignment.batch
2018-06-28 07:29:02,078 INFO  Finished - Batch - executeWlgHpIlAdhoc
2018-06-28 07:29:02,078 INFO  Starting - Batch - executeWlgHpPreIlAdhoc from /bcrp/prd/application/BatchManager/bin/DailyAdhocAssignment.batch
2018-06-28 07:29:02,079 INFO  Execute - Batch - executeWlgHpPreIlAdhoc
2018-06-28 07:29:02,089 INFO  Completed - Batch - executeWlgHpPreIlAdhoc from /bcrp/prd/application/BatchManager/bin/DailyAdhocAssignment.batch
2018-06-28 07:29:02,089 INFO  Finished - Batch - executeWlgHpPreIlAdhoc
2018-06-28 07:29:02,089 INFO  Starting - Batch - executeWlgPlIlAdhoc from /bcrp/prd/application/BatchManager/bin/DailyAdhocAssignment.batch
2018-06-28 07:29:02,090 INFO  Execute - Batch - executeWlgPlIlAdhoc
2018-06-28 07:29:02,102 INFO  Completed - Batch - executeWlgPlIlAdhoc from /bcrp/prd/application/BatchManager/bin/DailyAdhocAssignment.batch
2018-06-28 07:29:02,103 INFO  Finished - Batch - executeWlgPlIlAdhoc
2018-06-28 07:29:02,103 INFO  Starting - Batch - executeWlgPlPreIlAdhoc from /bcrp/prd/application/BatchManager/bin/DailyAdhocAssignment.batch
2018-06-28 07:29:02,104 INFO  Execute - Batch - executeWlgPlPreIlAdhoc
2018-06-28 07:29:02,116 INFO  Completed - Batch - executeWlgPlPreIlAdhoc from /bcrp/prd/application/BatchManager/bin/DailyAdhocAssignment.batch
2018-06-28 07:29:02,117 INFO  Finished - Batch - executeWlgPlPreIlAdhoc
2018-06-28 07:29:02,117 INFO  Starting - Batch - executeWlgMgIlAdhoc from /bcrp/prd/application/BatchManager/bin/DailyAdhocAssignment.batch
2018-06-28 07:29:02,118 INFO  Execute - Batch - executeWlgMgIlAdhoc
2018-06-28 07:29:02,130 INFO  Completed - Batch - executeWlgMgIlAdhoc from /bcrp/prd/application/BatchManager/bin/DailyAdhocAssignment.batch
2018-06-28 07:29:02,131 INFO  Finished - Batch - executeWlgMgIlAdhoc
2018-06-28 07:29:02,131 INFO  Starting - Batch - executeWlgMgPreIlAdhoc from /bcrp/prd/application/BatchManager/bin/DailyAdhocAssignment.batch
2018-06-28 07:29:02,132 INFO  Execute - Batch - executeWlgMgPreIlAdhoc
2018-06-28 07:29:02,145 INFO  Completed - Batch - executeWlgMgPreIlAdhoc from /bcrp/prd/application/BatchManager/bin/DailyAdhocAssignment.batch
2018-06-28 07:29:02,145 INFO  Finished - Batch - executeWlgMgPreIlAdhoc
2018-06-28 07:29:02,145 INFO  Starting - Batch - executeWlgOdIlAdhoc from /bcrp/prd/application/BatchManager/bin/DailyAdhocAssignment.batch
2018-06-28 07:29:02,147 INFO  Execute - Batch - executeWlgOdIlAdhoc
2018-06-28 07:29:02,158 INFO  Completed - Batch - executeWlgOdIlAdhoc from /bcrp/prd/application/BatchManager/bin/DailyAdhocAssignment.batch
2018-06-28 07:29:02,159 INFO  Finished - Batch - executeWlgOdIlAdhoc
2018-06-28 07:29:02,159 INFO  Starting - Batch - executeWlgOdPreIlAdhoc from /bcrp/prd/application/BatchManager/bin/DailyAdhocAssignment.batch
2018-06-28 07:29:02,160 INFO  Execute - Batch - executeWlgOdPreIlAdhoc
2018-06-28 07:29:02,172 INFO  Completed - Batch - executeWlgOdPreIlAdhoc from /bcrp/prd/application/BatchManager/bin/DailyAdhocAssignment.batch
2018-06-28 07:29:02,172 INFO  Finished - Batch - executeWlgOdPreIlAdhoc
2018-06-28 07:29:02,173 DEBUG --DONE--
