2018-06-19 07:32:01,830 INFO  HTTP_INIT_CLIENT: Starting HTTP interface connecting to server http://localhost:8765/
LOGIN SUCCESSFUL
2018-06-19 07:32:01,965 DEBUG --START--
2018-06-19 07:32:01,970 INFO  Starting - Batch - executeWlgHpIlAdhoc from /bcrp/prd/application/BatchManager/bin/DailyAdhocAssignment.batch
2018-06-19 07:32:01,975 INFO  Execute - Batch - executeWlgHpIlAdhoc
2018-06-19 07:32:01,989 INFO  Completed - Batch - executeWlgHpIlAdhoc from /bcrp/prd/application/BatchManager/bin/DailyAdhocAssignment.batch
2018-06-19 07:32:01,989 INFO  Finished - Batch - executeWlgHpIlAdhoc
2018-06-19 07:32:01,989 INFO  Starting - Batch - executeWlgHpPreIlAdhoc from /bcrp/prd/application/BatchManager/bin/DailyAdhocAssignment.batch
2018-06-19 07:32:01,990 INFO  Execute - Batch - executeWlgHpPreIlAdhoc
2018-06-19 07:39:21,234 INFO  Completed - Batch - executeWlgHpPreIlAdhoc from /bcrp/prd/application/BatchManager/bin/DailyAdhocAssignment.batch
2018-06-19 07:39:21,234 INFO  Finished - Batch - executeWlgHpPreIlAdhoc
2018-06-19 07:39:21,234 INFO  Starting - Batch - executeWlgPlIlAdhoc from /bcrp/prd/application/BatchManager/bin/DailyAdhocAssignment.batch
2018-06-19 07:39:21,235 INFO  Execute - Batch - executeWlgPlIlAdhoc
2018-06-19 07:39:21,250 INFO  Completed - Batch - executeWlgPlIlAdhoc from /bcrp/prd/application/BatchManager/bin/DailyAdhocAssignment.batch
2018-06-19 07:39:21,251 INFO  Finished - Batch - executeWlgPlIlAdhoc
2018-06-19 07:39:21,251 INFO  Starting - Batch - executeWlgPlPreIlAdhoc from /bcrp/prd/application/BatchManager/bin/DailyAdhocAssignment.batch
2018-06-19 07:39:21,252 INFO  Execute - Batch - executeWlgPlPreIlAdhoc
2018-06-19 07:40:46,844 INFO  Completed - Batch - executeWlgPlPreIlAdhoc from /bcrp/prd/application/BatchManager/bin/DailyAdhocAssignment.batch
2018-06-19 07:40:46,845 INFO  Finished - Batch - executeWlgPlPreIlAdhoc
2018-06-19 07:40:46,845 INFO  Starting - Batch - executeWlgMgIlAdhoc from /bcrp/prd/application/BatchManager/bin/DailyAdhocAssignment.batch
2018-06-19 07:40:46,846 INFO  Execute - Batch - executeWlgMgIlAdhoc
2018-06-19 07:40:46,860 INFO  Completed - Batch - executeWlgMgIlAdhoc from /bcrp/prd/application/BatchManager/bin/DailyAdhocAssignment.batch
2018-06-19 07:40:46,860 INFO  Finished - Batch - executeWlgMgIlAdhoc
2018-06-19 07:40:46,860 INFO  Starting - Batch - executeWlgMgPreIlAdhoc from /bcrp/prd/application/BatchManager/bin/DailyAdhocAssignment.batch
2018-06-19 07:40:46,861 INFO  Execute - Batch - executeWlgMgPreIlAdhoc
2018-06-19 07:40:46,875 INFO  Completed - Batch - executeWlgMgPreIlAdhoc from /bcrp/prd/application/BatchManager/bin/DailyAdhocAssignment.batch
2018-06-19 07:40:46,875 INFO  Finished - Batch - executeWlgMgPreIlAdhoc
2018-06-19 07:40:46,875 INFO  Starting - Batch - executeWlgOdIlAdhoc from /bcrp/prd/application/BatchManager/bin/DailyAdhocAssignment.batch
2018-06-19 07:40:46,876 INFO  Execute - Batch - executeWlgOdIlAdhoc
2018-06-19 07:40:46,889 INFO  Completed - Batch - executeWlgOdIlAdhoc from /bcrp/prd/application/BatchManager/bin/DailyAdhocAssignment.batch
2018-06-19 07:40:46,889 INFO  Finished - Batch - executeWlgOdIlAdhoc
2018-06-19 07:40:46,889 INFO  Starting - Batch - executeWlgOdPreIlAdhoc from /bcrp/prd/application/BatchManager/bin/DailyAdhocAssignment.batch
2018-06-19 07:40:46,891 INFO  Execute - Batch - executeWlgOdPreIlAdhoc
2018-06-19 07:40:46,903 INFO  Completed - Batch - executeWlgOdPreIlAdhoc from /bcrp/prd/application/BatchManager/bin/DailyAdhocAssignment.batch
2018-06-19 07:40:46,903 INFO  Finished - Batch - executeWlgOdPreIlAdhoc
2018-06-19 07:40:46,903 DEBUG --DONE--
