2018-06-11 07:24:01,953 INFO  HTTP_INIT_CLIENT: Starting HTTP interface connecting to server http://localhost:8765/
LOGIN SUCCESSFUL
2018-06-11 07:24:02,105 DEBUG --START--
2018-06-11 07:24:02,110 INFO  Starting - Batch - executeWlgHpIlAdhoc from /bcrp/prd/application/BatchManager/bin/DailyAdhocAssignment.batch
2018-06-11 07:24:02,115 INFO  Execute - Batch - executeWlgHpIlAdhoc
2018-06-11 07:24:02,142 INFO  Completed - Batch - executeWlgHpIlAdhoc from /bcrp/prd/application/BatchManager/bin/DailyAdhocAssignment.batch
2018-06-11 07:24:02,142 INFO  Finished - Batch - executeWlgHpIlAdhoc
2018-06-11 07:24:02,142 INFO  Starting - Batch - executeWlgHpPreIlAdhoc from /bcrp/prd/application/BatchManager/bin/DailyAdhocAssignment.batch
2018-06-11 07:24:02,143 INFO  Execute - Batch - executeWlgHpPreIlAdhoc
2018-06-11 07:32:11,162 INFO  Completed - Batch - executeWlgHpPreIlAdhoc from /bcrp/prd/application/BatchManager/bin/DailyAdhocAssignment.batch
2018-06-11 07:32:11,162 INFO  Finished - Batch - executeWlgHpPreIlAdhoc
2018-06-11 07:32:11,162 INFO  Starting - Batch - executeWlgPlIlAdhoc from /bcrp/prd/application/BatchManager/bin/DailyAdhocAssignment.batch
2018-06-11 07:32:11,164 INFO  Execute - Batch - executeWlgPlIlAdhoc
2018-06-11 07:32:11,177 INFO  Completed - Batch - executeWlgPlIlAdhoc from /bcrp/prd/application/BatchManager/bin/DailyAdhocAssignment.batch
2018-06-11 07:32:11,177 INFO  Finished - Batch - executeWlgPlIlAdhoc
2018-06-11 07:32:11,178 INFO  Starting - Batch - executeWlgPlPreIlAdhoc from /bcrp/prd/application/BatchManager/bin/DailyAdhocAssignment.batch
2018-06-11 07:32:11,179 INFO  Execute - Batch - executeWlgPlPreIlAdhoc
2018-06-11 07:33:40,139 INFO  Completed - Batch - executeWlgPlPreIlAdhoc from /bcrp/prd/application/BatchManager/bin/DailyAdhocAssignment.batch
2018-06-11 07:33:40,140 INFO  Finished - Batch - executeWlgPlPreIlAdhoc
2018-06-11 07:33:40,140 INFO  Starting - Batch - executeWlgMgIlAdhoc from /bcrp/prd/application/BatchManager/bin/DailyAdhocAssignment.batch
2018-06-11 07:33:40,141 INFO  Execute - Batch - executeWlgMgIlAdhoc
2018-06-11 07:33:40,156 INFO  Completed - Batch - executeWlgMgIlAdhoc from /bcrp/prd/application/BatchManager/bin/DailyAdhocAssignment.batch
2018-06-11 07:33:40,156 INFO  Finished - Batch - executeWlgMgIlAdhoc
2018-06-11 07:33:40,156 INFO  Starting - Batch - executeWlgMgPreIlAdhoc from /bcrp/prd/application/BatchManager/bin/DailyAdhocAssignment.batch
2018-06-11 07:33:40,158 INFO  Execute - Batch - executeWlgMgPreIlAdhoc
2018-06-11 07:33:40,172 INFO  Completed - Batch - executeWlgMgPreIlAdhoc from /bcrp/prd/application/BatchManager/bin/DailyAdhocAssignment.batch
2018-06-11 07:33:40,173 INFO  Finished - Batch - executeWlgMgPreIlAdhoc
2018-06-11 07:33:40,173 INFO  Starting - Batch - executeWlgOdIlAdhoc from /bcrp/prd/application/BatchManager/bin/DailyAdhocAssignment.batch
2018-06-11 07:33:40,174 INFO  Execute - Batch - executeWlgOdIlAdhoc
2018-06-11 07:33:40,187 INFO  Completed - Batch - executeWlgOdIlAdhoc from /bcrp/prd/application/BatchManager/bin/DailyAdhocAssignment.batch
2018-06-11 07:33:40,187 INFO  Finished - Batch - executeWlgOdIlAdhoc
2018-06-11 07:33:40,187 INFO  Starting - Batch - executeWlgOdPreIlAdhoc from /bcrp/prd/application/BatchManager/bin/DailyAdhocAssignment.batch
2018-06-11 07:33:40,188 INFO  Execute - Batch - executeWlgOdPreIlAdhoc
2018-06-11 07:33:40,200 INFO  Completed - Batch - executeWlgOdPreIlAdhoc from /bcrp/prd/application/BatchManager/bin/DailyAdhocAssignment.batch
2018-06-11 07:33:40,201 INFO  Finished - Batch - executeWlgOdPreIlAdhoc
2018-06-11 07:33:40,201 DEBUG --DONE--
