2018-06-26 07:31:01,647 INFO  HTTP_INIT_CLIENT: Starting HTTP interface connecting to server http://localhost:8765/
LOGIN SUCCESSFUL
2018-06-26 07:31:01,773 DEBUG --START--
2018-06-26 07:31:01,777 INFO  Starting - Batch - executeWlgHpIlAdhoc from /bcrp/prd/application/BatchManager/bin/DailyAdhocAssignment.batch
2018-06-26 07:31:01,782 INFO  Execute - Batch - executeWlgHpIlAdhoc
2018-06-26 07:31:01,812 INFO  Completed - Batch - executeWlgHpIlAdhoc from /bcrp/prd/application/BatchManager/bin/DailyAdhocAssignment.batch
2018-06-26 07:31:01,812 INFO  Finished - Batch - executeWlgHpIlAdhoc
2018-06-26 07:31:01,813 INFO  Starting - Batch - executeWlgHpPreIlAdhoc from /bcrp/prd/application/BatchManager/bin/DailyAdhocAssignment.batch
2018-06-26 07:31:01,814 INFO  Execute - Batch - executeWlgHpPreIlAdhoc
2018-06-26 07:31:01,828 INFO  Completed - Batch - executeWlgHpPreIlAdhoc from /bcrp/prd/application/BatchManager/bin/DailyAdhocAssignment.batch
2018-06-26 07:31:01,828 INFO  Finished - Batch - executeWlgHpPreIlAdhoc
2018-06-26 07:31:01,829 INFO  Starting - Batch - executeWlgPlIlAdhoc from /bcrp/prd/application/BatchManager/bin/DailyAdhocAssignment.batch
2018-06-26 07:31:01,830 INFO  Execute - Batch - executeWlgPlIlAdhoc
2018-06-26 07:31:01,842 INFO  Completed - Batch - executeWlgPlIlAdhoc from /bcrp/prd/application/BatchManager/bin/DailyAdhocAssignment.batch
2018-06-26 07:31:01,842 INFO  Finished - Batch - executeWlgPlIlAdhoc
2018-06-26 07:31:01,842 INFO  Starting - Batch - executeWlgPlPreIlAdhoc from /bcrp/prd/application/BatchManager/bin/DailyAdhocAssignment.batch
2018-06-26 07:31:01,843 INFO  Execute - Batch - executeWlgPlPreIlAdhoc
2018-06-26 07:31:01,856 INFO  Completed - Batch - executeWlgPlPreIlAdhoc from /bcrp/prd/application/BatchManager/bin/DailyAdhocAssignment.batch
2018-06-26 07:31:01,856 INFO  Finished - Batch - executeWlgPlPreIlAdhoc
2018-06-26 07:31:01,856 INFO  Starting - Batch - executeWlgMgIlAdhoc from /bcrp/prd/application/BatchManager/bin/DailyAdhocAssignment.batch
2018-06-26 07:31:01,857 INFO  Execute - Batch - executeWlgMgIlAdhoc
2018-06-26 07:31:01,908 INFO  Completed - Batch - executeWlgMgIlAdhoc from /bcrp/prd/application/BatchManager/bin/DailyAdhocAssignment.batch
2018-06-26 07:31:01,908 INFO  Finished - Batch - executeWlgMgIlAdhoc
2018-06-26 07:31:01,908 INFO  Starting - Batch - executeWlgMgPreIlAdhoc from /bcrp/prd/application/BatchManager/bin/DailyAdhocAssignment.batch
2018-06-26 07:31:01,909 INFO  Execute - Batch - executeWlgMgPreIlAdhoc
2018-06-26 07:31:01,926 INFO  Completed - Batch - executeWlgMgPreIlAdhoc from /bcrp/prd/application/BatchManager/bin/DailyAdhocAssignment.batch
2018-06-26 07:31:01,926 INFO  Finished - Batch - executeWlgMgPreIlAdhoc
2018-06-26 07:31:01,927 INFO  Starting - Batch - executeWlgOdIlAdhoc from /bcrp/prd/application/BatchManager/bin/DailyAdhocAssignment.batch
2018-06-26 07:31:01,928 INFO  Execute - Batch - executeWlgOdIlAdhoc
2018-06-26 07:31:01,939 INFO  Completed - Batch - executeWlgOdIlAdhoc from /bcrp/prd/application/BatchManager/bin/DailyAdhocAssignment.batch
2018-06-26 07:31:01,939 INFO  Finished - Batch - executeWlgOdIlAdhoc
2018-06-26 07:31:01,939 INFO  Starting - Batch - executeWlgOdPreIlAdhoc from /bcrp/prd/application/BatchManager/bin/DailyAdhocAssignment.batch
2018-06-26 07:31:01,940 INFO  Execute - Batch - executeWlgOdPreIlAdhoc
2018-06-26 07:31:01,951 INFO  Completed - Batch - executeWlgOdPreIlAdhoc from /bcrp/prd/application/BatchManager/bin/DailyAdhocAssignment.batch
2018-06-26 07:31:01,951 INFO  Finished - Batch - executeWlgOdPreIlAdhoc
2018-06-26 07:31:01,952 DEBUG --DONE--
