2018-06-12 07:48:02,056 INFO  HTTP_INIT_CLIENT: Starting HTTP interface connecting to server http://localhost:8765/
LOGIN SUCCESSFUL
2018-06-12 07:48:02,205 DEBUG --START--
2018-06-12 07:48:02,209 INFO  Starting - Batch - executeWlgHpIlAdhoc from /bcrp/prd/application/BatchManager/bin/DailyAdhocAssignment.batch
2018-06-12 07:48:02,214 INFO  Execute - Batch - executeWlgHpIlAdhoc
2018-06-12 07:48:02,227 INFO  Completed - Batch - executeWlgHpIlAdhoc from /bcrp/prd/application/BatchManager/bin/DailyAdhocAssignment.batch
2018-06-12 07:48:02,227 INFO  Finished - Batch - executeWlgHpIlAdhoc
2018-06-12 07:48:02,227 INFO  Starting - Batch - executeWlgHpPreIlAdhoc from /bcrp/prd/application/BatchManager/bin/DailyAdhocAssignment.batch
2018-06-12 07:48:02,228 INFO  Execute - Batch - executeWlgHpPreIlAdhoc
2018-06-12 07:56:28,009 INFO  Completed - Batch - executeWlgHpPreIlAdhoc from /bcrp/prd/application/BatchManager/bin/DailyAdhocAssignment.batch
2018-06-12 07:56:28,010 INFO  Finished - Batch - executeWlgHpPreIlAdhoc
2018-06-12 07:56:28,010 INFO  Starting - Batch - executeWlgPlIlAdhoc from /bcrp/prd/application/BatchManager/bin/DailyAdhocAssignment.batch
2018-06-12 07:56:28,011 INFO  Execute - Batch - executeWlgPlIlAdhoc
2018-06-12 07:56:28,053 INFO  Completed - Batch - executeWlgPlIlAdhoc from /bcrp/prd/application/BatchManager/bin/DailyAdhocAssignment.batch
2018-06-12 07:56:28,053 INFO  Finished - Batch - executeWlgPlIlAdhoc
2018-06-12 07:56:28,054 INFO  Starting - Batch - executeWlgPlPreIlAdhoc from /bcrp/prd/application/BatchManager/bin/DailyAdhocAssignment.batch
2018-06-12 07:56:28,055 INFO  Execute - Batch - executeWlgPlPreIlAdhoc
2018-06-12 07:57:57,195 INFO  Completed - Batch - executeWlgPlPreIlAdhoc from /bcrp/prd/application/BatchManager/bin/DailyAdhocAssignment.batch
2018-06-12 07:57:57,195 INFO  Finished - Batch - executeWlgPlPreIlAdhoc
2018-06-12 07:57:57,196 INFO  Starting - Batch - executeWlgMgIlAdhoc from /bcrp/prd/application/BatchManager/bin/DailyAdhocAssignment.batch
2018-06-12 07:57:57,197 INFO  Execute - Batch - executeWlgMgIlAdhoc
2018-06-12 07:57:57,212 INFO  Completed - Batch - executeWlgMgIlAdhoc from /bcrp/prd/application/BatchManager/bin/DailyAdhocAssignment.batch
2018-06-12 07:57:57,212 INFO  Finished - Batch - executeWlgMgIlAdhoc
2018-06-12 07:57:57,212 INFO  Starting - Batch - executeWlgMgPreIlAdhoc from /bcrp/prd/application/BatchManager/bin/DailyAdhocAssignment.batch
2018-06-12 07:57:57,213 INFO  Execute - Batch - executeWlgMgPreIlAdhoc
2018-06-12 07:57:57,224 INFO  Completed - Batch - executeWlgMgPreIlAdhoc from /bcrp/prd/application/BatchManager/bin/DailyAdhocAssignment.batch
2018-06-12 07:57:57,224 INFO  Finished - Batch - executeWlgMgPreIlAdhoc
2018-06-12 07:57:57,225 INFO  Starting - Batch - executeWlgOdIlAdhoc from /bcrp/prd/application/BatchManager/bin/DailyAdhocAssignment.batch
2018-06-12 07:57:57,226 INFO  Execute - Batch - executeWlgOdIlAdhoc
2018-06-12 07:57:57,238 INFO  Completed - Batch - executeWlgOdIlAdhoc from /bcrp/prd/application/BatchManager/bin/DailyAdhocAssignment.batch
2018-06-12 07:57:57,238 INFO  Finished - Batch - executeWlgOdIlAdhoc
2018-06-12 07:57:57,238 INFO  Starting - Batch - executeWlgOdPreIlAdhoc from /bcrp/prd/application/BatchManager/bin/DailyAdhocAssignment.batch
2018-06-12 07:57:57,240 INFO  Execute - Batch - executeWlgOdPreIlAdhoc
2018-06-12 07:57:57,252 INFO  Completed - Batch - executeWlgOdPreIlAdhoc from /bcrp/prd/application/BatchManager/bin/DailyAdhocAssignment.batch
2018-06-12 07:57:57,252 INFO  Finished - Batch - executeWlgOdPreIlAdhoc
2018-06-12 07:57:57,252 DEBUG --DONE--
