2018-06-15 07:17:02,410 INFO  HTTP_INIT_CLIENT: Starting HTTP interface connecting to server http://localhost:8765/
LOGIN SUCCESSFUL
2018-06-15 07:17:02,557 DEBUG --START--
2018-06-15 07:17:02,562 INFO  Starting - Batch - executeWlgHpIlAdhoc from /bcrp/prd/application/BatchManager/bin/DailyAdhocAssignment.batch
2018-06-15 07:17:02,567 INFO  Execute - Batch - executeWlgHpIlAdhoc
2018-06-15 07:17:02,579 INFO  Completed - Batch - executeWlgHpIlAdhoc from /bcrp/prd/application/BatchManager/bin/DailyAdhocAssignment.batch
2018-06-15 07:17:02,579 INFO  Finished - Batch - executeWlgHpIlAdhoc
2018-06-15 07:17:02,579 INFO  Starting - Batch - executeWlgHpPreIlAdhoc from /bcrp/prd/application/BatchManager/bin/DailyAdhocAssignment.batch
2018-06-15 07:17:02,580 INFO  Execute - Batch - executeWlgHpPreIlAdhoc
2018-06-15 07:23:48,584 INFO  Completed - Batch - executeWlgHpPreIlAdhoc from /bcrp/prd/application/BatchManager/bin/DailyAdhocAssignment.batch
2018-06-15 07:23:48,584 INFO  Finished - Batch - executeWlgHpPreIlAdhoc
2018-06-15 07:23:48,584 INFO  Starting - Batch - executeWlgPlIlAdhoc from /bcrp/prd/application/BatchManager/bin/DailyAdhocAssignment.batch
2018-06-15 07:23:48,586 INFO  Execute - Batch - executeWlgPlIlAdhoc
2018-06-15 07:23:48,599 INFO  Completed - Batch - executeWlgPlIlAdhoc from /bcrp/prd/application/BatchManager/bin/DailyAdhocAssignment.batch
2018-06-15 07:23:48,599 INFO  Finished - Batch - executeWlgPlIlAdhoc
2018-06-15 07:23:48,600 INFO  Starting - Batch - executeWlgPlPreIlAdhoc from /bcrp/prd/application/BatchManager/bin/DailyAdhocAssignment.batch
2018-06-15 07:23:48,601 INFO  Execute - Batch - executeWlgPlPreIlAdhoc
2018-06-15 07:25:16,695 INFO  Completed - Batch - executeWlgPlPreIlAdhoc from /bcrp/prd/application/BatchManager/bin/DailyAdhocAssignment.batch
2018-06-15 07:25:16,696 INFO  Finished - Batch - executeWlgPlPreIlAdhoc
2018-06-15 07:25:16,696 INFO  Starting - Batch - executeWlgMgIlAdhoc from /bcrp/prd/application/BatchManager/bin/DailyAdhocAssignment.batch
2018-06-15 07:25:16,697 INFO  Execute - Batch - executeWlgMgIlAdhoc
2018-06-15 07:25:16,713 INFO  Completed - Batch - executeWlgMgIlAdhoc from /bcrp/prd/application/BatchManager/bin/DailyAdhocAssignment.batch
2018-06-15 07:25:16,713 INFO  Finished - Batch - executeWlgMgIlAdhoc
2018-06-15 07:25:16,713 INFO  Starting - Batch - executeWlgMgPreIlAdhoc from /bcrp/prd/application/BatchManager/bin/DailyAdhocAssignment.batch
2018-06-15 07:25:16,714 INFO  Execute - Batch - executeWlgMgPreIlAdhoc
2018-06-15 07:25:16,730 INFO  Completed - Batch - executeWlgMgPreIlAdhoc from /bcrp/prd/application/BatchManager/bin/DailyAdhocAssignment.batch
2018-06-15 07:25:16,730 INFO  Finished - Batch - executeWlgMgPreIlAdhoc
2018-06-15 07:25:16,730 INFO  Starting - Batch - executeWlgOdIlAdhoc from /bcrp/prd/application/BatchManager/bin/DailyAdhocAssignment.batch
2018-06-15 07:25:16,731 INFO  Execute - Batch - executeWlgOdIlAdhoc
2018-06-15 07:25:16,746 INFO  Completed - Batch - executeWlgOdIlAdhoc from /bcrp/prd/application/BatchManager/bin/DailyAdhocAssignment.batch
2018-06-15 07:25:16,746 INFO  Finished - Batch - executeWlgOdIlAdhoc
2018-06-15 07:25:16,746 INFO  Starting - Batch - executeWlgOdPreIlAdhoc from /bcrp/prd/application/BatchManager/bin/DailyAdhocAssignment.batch
2018-06-15 07:25:16,747 INFO  Execute - Batch - executeWlgOdPreIlAdhoc
2018-06-15 07:25:16,763 INFO  Completed - Batch - executeWlgOdPreIlAdhoc from /bcrp/prd/application/BatchManager/bin/DailyAdhocAssignment.batch
2018-06-15 07:25:16,763 INFO  Finished - Batch - executeWlgOdPreIlAdhoc
2018-06-15 07:25:16,763 DEBUG --DONE--
