2018-06-10 08:17:08,182 INFO  HTTP_INIT_CLIENT: Starting HTTP interface connecting to server http://localhost:8765
LOGIN SUCCESSFUL
2018-06-10 08:17:08,387 DEBUG --START--
2018-06-10 08:17:08,393 INFO  Starting - Batch - processHostData from /carma/application/BatchManager/bin/Daily.batch
2018-06-10 08:17:08,400 INFO  Execute - Batch - processHostData
2018-06-10 08:28:46,399 INFO  Completed - Batch - processHostData from /carma/application/BatchManager/bin/Daily.batch
2018-06-10 08:28:46,400 INFO  Finished - Batch - processHostData
2018-06-10 08:28:46,400 INFO  Starting - Batch - appPaidEvaluationProcess from /carma/application/BatchManager/bin/Daily.batch
2018-06-10 08:28:46,401 INFO  Execute - Batch - appPaidEvaluationProcess
2018-06-10 08:29:14,204 INFO  Completed - Batch - appPaidEvaluationProcess from /carma/application/BatchManager/bin/Daily.batch
2018-06-10 08:29:14,204 INFO  Finished - Batch - appPaidEvaluationProcess
2018-06-10 08:29:14,204 INFO  Starting - Batch - ctiExtraction from /carma/application/BatchManager/bin/Daily.batch
2018-06-10 08:29:14,205 INFO  Execute - Batch - ctiExtraction
2018-06-10 08:33:23,457 INFO  Completed - Batch - ctiExtraction from /carma/application/BatchManager/bin/Daily.batch
2018-06-10 08:33:23,457 INFO  Finished - Batch - ctiExtraction
2018-06-10 08:33:23,457 INFO  Starting - Batch - promiseEvaluation from /carma/application/BatchManager/bin/Daily.batch
2018-06-10 08:33:23,458 INFO  Execute - Batch - promiseEvaluation
2018-06-10 08:33:59,248 INFO  Completed - Batch - promiseEvaluation from /carma/application/BatchManager/bin/Daily.batch
2018-06-10 08:33:59,248 INFO  Finished - Batch - promiseEvaluation
2018-06-10 08:33:59,249 INFO  Starting - Batch - appDailyProcess from /carma/application/BatchManager/bin/Daily.batch
2018-06-10 08:33:59,249 INFO  Execute - Batch - appDailyProcess
2018-06-10 08:37:08,627 INFO  Completed - Batch - appDailyProcess from /carma/application/BatchManager/bin/Daily.batch
2018-06-10 08:37:08,627 INFO  Finished - Batch - appDailyProcess
2018-06-10 08:37:08,627 INFO  Starting - Batch - updateSettlementProposal from /carma/application/BatchManager/bin/Daily.batch
2018-06-10 08:37:08,628 INFO  Execute - Batch - updateSettlementProposal
2018-06-10 08:37:09,814 INFO  Completed - Batch - updateSettlementProposal from /carma/application/BatchManager/bin/Daily.batch
2018-06-10 08:37:09,815 INFO  Finished - Batch - updateSettlementProposal
2018-06-10 08:37:09,815 INFO  Starting - Batch - poolCallingPriority from /carma/application/BatchManager/bin/Daily.batch
2018-06-10 08:37:09,816 INFO  Execute - Batch - poolCallingPriority
2018-06-10 08:37:09,854 INFO  Completed - Batch - poolCallingPriority from /carma/application/BatchManager/bin/Daily.batch
2018-06-10 08:37:09,854 INFO  Finished - Batch - poolCallingPriority
2018-06-10 08:37:09,854 DEBUG --DONE--
