2018-06-29 07:30:08,239 INFO  HTTP_INIT_CLIENT: Starting HTTP interface connecting to server http://localhost:8765
LOGIN SUCCESSFUL
2018-06-29 07:30:09,113 DEBUG --START--
2018-06-29 07:30:09,118 INFO  Starting - Batch - processHostData from /carma/application/BatchManager/bin/Daily.batch
2018-06-29 07:30:09,125 INFO  Execute - Batch - processHostData
2018-06-29 08:16:26,267 INFO  Completed - Batch - processHostData from /carma/application/BatchManager/bin/Daily.batch
2018-06-29 08:16:26,267 INFO  Finished - Batch - processHostData
2018-06-29 08:16:26,267 INFO  Starting - Batch - appPaidEvaluationProcess from /carma/application/BatchManager/bin/Daily.batch
2018-06-29 08:16:26,268 INFO  Execute - Batch - appPaidEvaluationProcess
2018-06-29 08:16:59,685 INFO  Completed - Batch - appPaidEvaluationProcess from /carma/application/BatchManager/bin/Daily.batch
2018-06-29 08:16:59,685 INFO  Finished - Batch - appPaidEvaluationProcess
2018-06-29 08:16:59,685 INFO  Starting - Batch - ctiExtraction from /carma/application/BatchManager/bin/Daily.batch
2018-06-29 08:16:59,686 INFO  Execute - Batch - ctiExtraction
2018-06-29 08:19:38,350 INFO  Completed - Batch - ctiExtraction from /carma/application/BatchManager/bin/Daily.batch
2018-06-29 08:19:38,350 INFO  Finished - Batch - ctiExtraction
2018-06-29 08:19:38,350 INFO  Starting - Batch - promiseEvaluation from /carma/application/BatchManager/bin/Daily.batch
2018-06-29 08:19:38,351 INFO  Execute - Batch - promiseEvaluation
2018-06-29 08:21:57,882 INFO  Completed - Batch - promiseEvaluation from /carma/application/BatchManager/bin/Daily.batch
2018-06-29 08:21:57,882 INFO  Finished - Batch - promiseEvaluation
2018-06-29 08:21:57,882 INFO  Starting - Batch - appDailyProcess from /carma/application/BatchManager/bin/Daily.batch
2018-06-29 08:21:57,883 INFO  Execute - Batch - appDailyProcess
2018-06-29 08:25:21,675 INFO  Completed - Batch - appDailyProcess from /carma/application/BatchManager/bin/Daily.batch
2018-06-29 08:25:21,675 INFO  Finished - Batch - appDailyProcess
2018-06-29 08:25:21,675 INFO  Starting - Batch - updateSettlementProposal from /carma/application/BatchManager/bin/Daily.batch
2018-06-29 08:25:21,676 INFO  Execute - Batch - updateSettlementProposal
2018-06-29 08:25:23,621 ERROR Batch failed with return code: SPAWNED_THREAD_ERROR
2018-06-29 08:25:23,621 INFO  Completed - Batch - updateSettlementProposal from /carma/application/BatchManager/bin/Daily.batch
2018-06-29 08:25:23,622 ERROR Error - Batch - updateSettlementProposal
com.profitera.descriptor.business.ServiceException
	at com.profitera.client.RemoteProgressThread.execute(RemoteProgressThread.java:107)
	at com.profitera.client.ProgressThread.doExecute(ProgressThread.java:54)
	at com.profitera.client.ProgressThread.run(ProgressThread.java:45)
	at com.profitera.batch.main.BatchExe.executeBatch(BatchExe.java:170)
	at com.profitera.batch.main.BatchExe.main(BatchExe.java:245)
