2018-06-22 06:18:02,259 INFO  HTTP_INIT_CLIENT: Starting HTTP interface connecting to server http://localhost:8765/
LOGIN SUCCESSFUL
2018-06-22 06:18:03,887 DEBUG --START--
2018-06-22 06:18:03,892 INFO  Starting - Batch - processHostData from /bcrp/prd/application/BatchManager/bin/Daily.batch
2018-06-22 06:18:03,897 INFO  Execute - Batch - processHostData
2018-06-22 06:47:14,776 INFO  Completed - Batch - processHostData from /bcrp/prd/application/BatchManager/bin/Daily.batch
2018-06-22 06:47:14,776 INFO  Finished - Batch - processHostData
2018-06-22 06:47:14,776 INFO  Starting - Batch - dailyWorkListTabsUpdate from /bcrp/prd/application/BatchManager/bin/Daily.batch
2018-06-22 06:47:14,778 INFO  Execute - Batch - dailyWorkListTabsUpdate
2018-06-22 06:48:09,586 INFO  Completed - Batch - dailyWorkListTabsUpdate from /bcrp/prd/application/BatchManager/bin/Daily.batch
2018-06-22 06:48:09,586 INFO  Finished - Batch - dailyWorkListTabsUpdate
2018-06-22 06:48:09,586 INFO  Starting - Batch - promiseEvaluation from /bcrp/prd/application/BatchManager/bin/Daily.batch
2018-06-22 06:48:09,588 INFO  Execute - Batch - promiseEvaluation
2018-06-22 06:53:45,173 INFO  Completed - Batch - promiseEvaluation from /bcrp/prd/application/BatchManager/bin/Daily.batch
2018-06-22 06:53:45,173 INFO  Finished - Batch - promiseEvaluation
2018-06-22 06:53:45,173 INFO  Starting - Batch - refreshAccountCheck from /bcrp/prd/application/BatchManager/bin/Daily.batch
2018-06-22 06:53:45,174 INFO  Execute - Batch - refreshAccountCheck
2018-06-22 06:53:45,198 INFO  Completed - Batch - refreshAccountCheck from /bcrp/prd/application/BatchManager/bin/Daily.batch
2018-06-22 06:53:45,198 INFO  Finished - Batch - refreshAccountCheck
2018-06-22 06:53:45,198 INFO  Starting - Batch - refreshAccountLoanApplication from /bcrp/prd/application/BatchManager/bin/Daily.batch
2018-06-22 06:53:45,199 INFO  Execute - Batch - refreshAccountLoanApplication
2018-06-22 06:54:32,638 INFO  Completed - Batch - refreshAccountLoanApplication from /bcrp/prd/application/BatchManager/bin/Daily.batch
2018-06-22 06:54:32,639 INFO  Finished - Batch - refreshAccountLoanApplication
2018-06-22 06:54:32,639 INFO  Starting - Batch - refreshAccountCollateral from /bcrp/prd/application/BatchManager/bin/Daily.batch
2018-06-22 06:54:32,640 INFO  Execute - Batch - refreshAccountCollateral
2018-06-22 06:56:17,486 INFO  Completed - Batch - refreshAccountCollateral from /bcrp/prd/application/BatchManager/bin/Daily.batch
2018-06-22 06:56:17,486 INFO  Finished - Batch - refreshAccountCollateral
2018-06-22 06:56:17,487 INFO  Starting - Batch - updateAccountLastStandingInstructions from /bcrp/prd/application/BatchManager/bin/Daily.batch
2018-06-22 06:56:17,488 INFO  Execute - Batch - updateAccountLastStandingInstructions
2018-06-22 06:56:52,335 INFO  Completed - Batch - updateAccountLastStandingInstructions from /bcrp/prd/application/BatchManager/bin/Daily.batch
2018-06-22 06:56:52,335 INFO  Finished - Batch - updateAccountLastStandingInstructions
2018-06-22 06:56:52,335 INFO  Starting - Batch - refreshAccountGuarantor from /bcrp/prd/application/BatchManager/bin/Daily.batch
2018-06-22 06:56:52,336 INFO  Execute - Batch - refreshAccountGuarantor
2018-06-22 06:56:59,271 INFO  Completed - Batch - refreshAccountGuarantor from /bcrp/prd/application/BatchManager/bin/Daily.batch
2018-06-22 06:56:59,271 INFO  Finished - Batch - refreshAccountGuarantor
2018-06-22 06:56:59,271 INFO  Starting - Batch - DAILY_AGENCY_PAYMENT_DELETE_BATCH from /bcrp/prd/application/BatchManager/bin/Daily.batch
2018-06-22 06:56:59,273 INFO  Execute - Batch - DAILY_AGENCY_PAYMENT_DELETE_BATCH
2018-06-22 06:56:59,347 INFO  Completed - Batch - DAILY_AGENCY_PAYMENT_DELETE_BATCH from /bcrp/prd/application/BatchManager/bin/Daily.batch
2018-06-22 06:56:59,347 INFO  Finished - Batch - DAILY_AGENCY_PAYMENT_DELETE_BATCH
2018-06-22 06:56:59,347 INFO  Starting - Batch - DAILY_AGENCY_PAYMENT_INSERT_BATCH from /bcrp/prd/application/BatchManager/bin/Daily.batch
2018-06-22 06:56:59,348 INFO  Execute - Batch - DAILY_AGENCY_PAYMENT_INSERT_BATCH
2018-06-22 06:57:18,778 INFO  Completed - Batch - DAILY_AGENCY_PAYMENT_INSERT_BATCH from /bcrp/prd/application/BatchManager/bin/Daily.batch
2018-06-22 06:57:18,778 INFO  Finished - Batch - DAILY_AGENCY_PAYMENT_INSERT_BATCH
2018-06-22 06:57:18,778 INFO  Starting - Batch - AUTOMATICALLY_UNSUCCESSFUL_EARMARK from /bcrp/prd/application/BatchManager/bin/Daily.batch
2018-06-22 06:57:18,779 INFO  Execute - Batch - AUTOMATICALLY_UNSUCCESSFUL_EARMARK
2018-06-22 06:57:18,805 INFO  Completed - Batch - AUTOMATICALLY_UNSUCCESSFUL_EARMARK from /bcrp/prd/application/BatchManager/bin/Daily.batch
2018-06-22 06:57:18,805 INFO  Finished - Batch - AUTOMATICALLY_UNSUCCESSFUL_EARMARK
2018-06-22 06:57:18,805 INFO  Starting - Batch - RnRCurrScheActualRemainingAmtUpdate from /bcrp/prd/application/BatchManager/bin/Daily.batch
2018-06-22 06:57:18,806 INFO  Execute - Batch - RnRCurrScheActualRemainingAmtUpdate
2018-06-22 06:57:20,300 INFO  Completed - Batch - RnRCurrScheActualRemainingAmtUpdate from /bcrp/prd/application/BatchManager/bin/Daily.batch
2018-06-22 06:57:20,301 INFO  Finished - Batch - RnRCurrScheActualRemainingAmtUpdate
2018-06-22 06:57:20,301 INFO  Starting - Batch - AUTOMATICALLY_UNSUCCESSFUL_VISITATION from /bcrp/prd/application/BatchManager/bin/Daily.batch
2018-06-22 06:57:20,302 INFO  Execute - Batch - AUTOMATICALLY_UNSUCCESSFUL_VISITATION
2018-06-22 06:57:20,328 INFO  Completed - Batch - AUTOMATICALLY_UNSUCCESSFUL_VISITATION from /bcrp/prd/application/BatchManager/bin/Daily.batch
2018-06-22 06:57:20,328 INFO  Finished - Batch - AUTOMATICALLY_UNSUCCESSFUL_VISITATION
2018-06-22 06:57:20,328 INFO  Starting - Batch - ledgerDaily from /bcrp/prd/application/BatchManager/bin/Daily.batch
2018-06-22 06:57:20,329 INFO  Execute - Batch - ledgerDaily
2018-06-22 06:58:34,521 INFO  Completed - Batch - ledgerDaily from /bcrp/prd/application/BatchManager/bin/Daily.batch
2018-06-22 06:58:34,522 INFO  Finished - Batch - ledgerDaily
2018-06-22 06:58:34,522 INFO  Starting - Batch - appAgencyDailyProcess from /bcrp/prd/application/BatchManager/bin/Daily.batch
2018-06-22 06:58:34,523 INFO  Execute - Batch - appAgencyDailyProcess
2018-06-22 07:01:31,066 INFO  Completed - Batch - appAgencyDailyProcess from /bcrp/prd/application/BatchManager/bin/Daily.batch
2018-06-22 07:01:31,066 INFO  Finished - Batch - appAgencyDailyProcess
2018-06-22 07:01:31,066 INFO  Starting - Batch - poolCallingPriority from /bcrp/prd/application/BatchManager/bin/Daily.batch
2018-06-22 07:01:31,067 INFO  Execute - Batch - poolCallingPriority
2018-06-22 07:01:35,036 INFO  Completed - Batch - poolCallingPriority from /bcrp/prd/application/BatchManager/bin/Daily.batch
2018-06-22 07:01:35,036 INFO  Finished - Batch - poolCallingPriority
2018-06-22 07:01:35,036 DEBUG --DONE--
