2018-06-27 08:39:02,572 INFO  HTTP_INIT_CLIENT: Starting HTTP interface connecting to server http://localhost:8765/
LOGIN SUCCESSFUL
2018-06-27 08:39:02,715 DEBUG --START--
2018-06-27 08:39:02,719 INFO  Starting - Batch - updateSupervisoryAccountHp from /bcrp/prd/application/BatchManager/bin/supervisory.batch
2018-06-27 08:39:02,724 INFO  Execute - Batch - updateSupervisoryAccountHp
2018-06-27 08:39:02,752 INFO  Completed - Batch - updateSupervisoryAccountHp from /bcrp/prd/application/BatchManager/bin/supervisory.batch
2018-06-27 08:39:02,752 INFO  Finished - Batch - updateSupervisoryAccountHp
2018-06-27 08:39:02,752 INFO  Starting - Batch - updateSupervisoryAccountUpl from /bcrp/prd/application/BatchManager/bin/supervisory.batch
2018-06-27 08:39:02,753 INFO  Execute - Batch - updateSupervisoryAccountUpl
2018-06-27 08:40:53,181 INFO  Completed - Batch - updateSupervisoryAccountUpl from /bcrp/prd/application/BatchManager/bin/supervisory.batch
2018-06-27 08:40:53,181 INFO  Finished - Batch - updateSupervisoryAccountUpl
2018-06-27 08:40:53,182 INFO  Starting - Batch - updateSupervisoryAccountOd from /bcrp/prd/application/BatchManager/bin/supervisory.batch
2018-06-27 08:40:53,183 INFO  Execute - Batch - updateSupervisoryAccountOd
2018-06-27 08:40:53,207 INFO  Completed - Batch - updateSupervisoryAccountOd from /bcrp/prd/application/BatchManager/bin/supervisory.batch
2018-06-27 08:40:53,207 INFO  Finished - Batch - updateSupervisoryAccountOd
2018-06-27 08:40:53,207 INFO  Starting - Batch - updateSupervisoryAccountMg from /bcrp/prd/application/BatchManager/bin/supervisory.batch
2018-06-27 08:40:53,209 INFO  Execute - Batch - updateSupervisoryAccountMg
2018-06-27 08:40:53,228 INFO  Completed - Batch - updateSupervisoryAccountMg from /bcrp/prd/application/BatchManager/bin/supervisory.batch
2018-06-27 08:40:53,228 INFO  Finished - Batch - updateSupervisoryAccountMg
2018-06-27 08:40:53,228 DEBUG --DONE--
