2018-06-09 06:47:52,733 INFO  HTTP_INIT_CLIENT: Starting HTTP interface connecting to server http://localhost:8765/
LOGIN SUCCESSFUL
2018-06-09 06:47:53,333 DEBUG --START--
2018-06-09 06:47:53,338 INFO  Starting - Batch - processHostData from /bcrp/prd/application/BatchManager/bin/Daily.batch
2018-06-09 06:47:53,343 INFO  Execute - Batch - processHostData
2018-06-09 07:17:00,268 INFO  Completed - Batch - processHostData from /bcrp/prd/application/BatchManager/bin/Daily.batch
2018-06-09 07:17:00,268 INFO  Finished - Batch - processHostData
2018-06-09 07:17:00,268 INFO  Starting - Batch - dailyWorkListTabsUpdate from /bcrp/prd/application/BatchManager/bin/Daily.batch
2018-06-09 07:17:00,270 INFO  Execute - Batch - dailyWorkListTabsUpdate
2018-06-09 07:17:46,174 INFO  Completed - Batch - dailyWorkListTabsUpdate from /bcrp/prd/application/BatchManager/bin/Daily.batch
2018-06-09 07:17:46,174 INFO  Finished - Batch - dailyWorkListTabsUpdate
2018-06-09 07:17:46,175 INFO  Starting - Batch - promiseEvaluation from /bcrp/prd/application/BatchManager/bin/Daily.batch
2018-06-09 07:17:46,176 INFO  Execute - Batch - promiseEvaluation
2018-06-09 07:23:14,503 INFO  Completed - Batch - promiseEvaluation from /bcrp/prd/application/BatchManager/bin/Daily.batch
2018-06-09 07:23:14,504 INFO  Finished - Batch - promiseEvaluation
2018-06-09 07:23:14,504 INFO  Starting - Batch - refreshAccountCheck from /bcrp/prd/application/BatchManager/bin/Daily.batch
2018-06-09 07:23:14,505 INFO  Execute - Batch - refreshAccountCheck
2018-06-09 07:23:14,587 INFO  Completed - Batch - refreshAccountCheck from /bcrp/prd/application/BatchManager/bin/Daily.batch
2018-06-09 07:23:14,587 INFO  Finished - Batch - refreshAccountCheck
2018-06-09 07:23:14,587 INFO  Starting - Batch - refreshAccountLoanApplication from /bcrp/prd/application/BatchManager/bin/Daily.batch
2018-06-09 07:23:14,588 INFO  Execute - Batch - refreshAccountLoanApplication
2018-06-09 07:24:12,628 INFO  Completed - Batch - refreshAccountLoanApplication from /bcrp/prd/application/BatchManager/bin/Daily.batch
2018-06-09 07:24:12,628 INFO  Finished - Batch - refreshAccountLoanApplication
2018-06-09 07:24:12,629 INFO  Starting - Batch - refreshAccountCollateral from /bcrp/prd/application/BatchManager/bin/Daily.batch
2018-06-09 07:24:12,630 INFO  Execute - Batch - refreshAccountCollateral
2018-06-09 07:26:12,223 INFO  Completed - Batch - refreshAccountCollateral from /bcrp/prd/application/BatchManager/bin/Daily.batch
2018-06-09 07:26:12,223 INFO  Finished - Batch - refreshAccountCollateral
2018-06-09 07:26:12,223 INFO  Starting - Batch - updateAccountLastStandingInstructions from /bcrp/prd/application/BatchManager/bin/Daily.batch
2018-06-09 07:26:12,225 INFO  Execute - Batch - updateAccountLastStandingInstructions
2018-06-09 07:26:59,546 INFO  Completed - Batch - updateAccountLastStandingInstructions from /bcrp/prd/application/BatchManager/bin/Daily.batch
2018-06-09 07:26:59,546 INFO  Finished - Batch - updateAccountLastStandingInstructions
2018-06-09 07:26:59,547 INFO  Starting - Batch - refreshAccountGuarantor from /bcrp/prd/application/BatchManager/bin/Daily.batch
2018-06-09 07:26:59,548 INFO  Execute - Batch - refreshAccountGuarantor
2018-06-09 07:27:11,464 INFO  Completed - Batch - refreshAccountGuarantor from /bcrp/prd/application/BatchManager/bin/Daily.batch
2018-06-09 07:27:11,465 INFO  Finished - Batch - refreshAccountGuarantor
2018-06-09 07:27:11,465 INFO  Starting - Batch - DAILY_AGENCY_PAYMENT_DELETE_BATCH from /bcrp/prd/application/BatchManager/bin/Daily.batch
2018-06-09 07:27:11,466 INFO  Execute - Batch - DAILY_AGENCY_PAYMENT_DELETE_BATCH
2018-06-09 07:27:11,604 INFO  Completed - Batch - DAILY_AGENCY_PAYMENT_DELETE_BATCH from /bcrp/prd/application/BatchManager/bin/Daily.batch
2018-06-09 07:27:11,605 INFO  Finished - Batch - DAILY_AGENCY_PAYMENT_DELETE_BATCH
2018-06-09 07:27:11,605 INFO  Starting - Batch - DAILY_AGENCY_PAYMENT_INSERT_BATCH from /bcrp/prd/application/BatchManager/bin/Daily.batch
2018-06-09 07:27:11,606 INFO  Execute - Batch - DAILY_AGENCY_PAYMENT_INSERT_BATCH
2018-06-09 07:27:31,952 INFO  Completed - Batch - DAILY_AGENCY_PAYMENT_INSERT_BATCH from /bcrp/prd/application/BatchManager/bin/Daily.batch
2018-06-09 07:27:31,952 INFO  Finished - Batch - DAILY_AGENCY_PAYMENT_INSERT_BATCH
2018-06-09 07:27:31,952 INFO  Starting - Batch - AUTOMATICALLY_UNSUCCESSFUL_EARMARK from /bcrp/prd/application/BatchManager/bin/Daily.batch
2018-06-09 07:27:31,953 INFO  Execute - Batch - AUTOMATICALLY_UNSUCCESSFUL_EARMARK
2018-06-09 07:27:31,985 INFO  Completed - Batch - AUTOMATICALLY_UNSUCCESSFUL_EARMARK from /bcrp/prd/application/BatchManager/bin/Daily.batch
2018-06-09 07:27:31,985 INFO  Finished - Batch - AUTOMATICALLY_UNSUCCESSFUL_EARMARK
2018-06-09 07:27:31,986 INFO  Starting - Batch - RnRCurrScheActualRemainingAmtUpdate from /bcrp/prd/application/BatchManager/bin/Daily.batch
2018-06-09 07:27:31,986 INFO  Execute - Batch - RnRCurrScheActualRemainingAmtUpdate
2018-06-09 07:27:33,439 INFO  Completed - Batch - RnRCurrScheActualRemainingAmtUpdate from /bcrp/prd/application/BatchManager/bin/Daily.batch
2018-06-09 07:27:33,439 INFO  Finished - Batch - RnRCurrScheActualRemainingAmtUpdate
2018-06-09 07:27:33,439 INFO  Starting - Batch - AUTOMATICALLY_UNSUCCESSFUL_VISITATION from /bcrp/prd/application/BatchManager/bin/Daily.batch
2018-06-09 07:27:33,440 INFO  Execute - Batch - AUTOMATICALLY_UNSUCCESSFUL_VISITATION
2018-06-09 07:27:33,473 INFO  Completed - Batch - AUTOMATICALLY_UNSUCCESSFUL_VISITATION from /bcrp/prd/application/BatchManager/bin/Daily.batch
2018-06-09 07:27:33,473 INFO  Finished - Batch - AUTOMATICALLY_UNSUCCESSFUL_VISITATION
2018-06-09 07:27:33,473 INFO  Starting - Batch - ledgerDaily from /bcrp/prd/application/BatchManager/bin/Daily.batch
2018-06-09 07:27:33,474 INFO  Execute - Batch - ledgerDaily
2018-06-09 07:28:44,292 INFO  Completed - Batch - ledgerDaily from /bcrp/prd/application/BatchManager/bin/Daily.batch
2018-06-09 07:28:44,293 INFO  Finished - Batch - ledgerDaily
2018-06-09 07:28:44,293 INFO  Starting - Batch - appAgencyDailyProcess from /bcrp/prd/application/BatchManager/bin/Daily.batch
2018-06-09 07:28:44,294 INFO  Execute - Batch - appAgencyDailyProcess
2018-06-09 07:31:28,859 INFO  Completed - Batch - appAgencyDailyProcess from /bcrp/prd/application/BatchManager/bin/Daily.batch
2018-06-09 07:31:28,859 INFO  Finished - Batch - appAgencyDailyProcess
2018-06-09 07:31:28,859 INFO  Starting - Batch - poolCallingPriority from /bcrp/prd/application/BatchManager/bin/Daily.batch
2018-06-09 07:31:28,860 INFO  Execute - Batch - poolCallingPriority
2018-06-09 07:31:33,084 INFO  Completed - Batch - poolCallingPriority from /bcrp/prd/application/BatchManager/bin/Daily.batch
2018-06-09 07:31:33,084 INFO  Finished - Batch - poolCallingPriority
2018-06-09 07:31:33,084 DEBUG --DONE--
