2018-06-13 06:20:02,070 INFO  HTTP_INIT_CLIENT: Starting HTTP interface connecting to server http://localhost:8765/
LOGIN SUCCESSFUL
2018-06-13 06:20:04,529 DEBUG --START--
2018-06-13 06:20:04,535 INFO  Starting - Batch - processHostData from /bcrp/prd/application/BatchManager/bin/Daily.batch
2018-06-13 06:20:04,540 INFO  Execute - Batch - processHostData
2018-06-13 06:49:17,099 INFO  Completed - Batch - processHostData from /bcrp/prd/application/BatchManager/bin/Daily.batch
2018-06-13 06:49:17,100 INFO  Finished - Batch - processHostData
2018-06-13 06:49:17,100 INFO  Starting - Batch - dailyWorkListTabsUpdate from /bcrp/prd/application/BatchManager/bin/Daily.batch
2018-06-13 06:49:17,101 INFO  Execute - Batch - dailyWorkListTabsUpdate
2018-06-13 06:50:01,118 INFO  Completed - Batch - dailyWorkListTabsUpdate from /bcrp/prd/application/BatchManager/bin/Daily.batch
2018-06-13 06:50:01,118 INFO  Finished - Batch - dailyWorkListTabsUpdate
2018-06-13 06:50:01,118 INFO  Starting - Batch - promiseEvaluation from /bcrp/prd/application/BatchManager/bin/Daily.batch
2018-06-13 06:50:01,120 INFO  Execute - Batch - promiseEvaluation
2018-06-13 06:55:03,248 INFO  Completed - Batch - promiseEvaluation from /bcrp/prd/application/BatchManager/bin/Daily.batch
2018-06-13 06:55:03,249 INFO  Finished - Batch - promiseEvaluation
2018-06-13 06:55:03,249 INFO  Starting - Batch - refreshAccountCheck from /bcrp/prd/application/BatchManager/bin/Daily.batch
2018-06-13 06:55:03,250 INFO  Execute - Batch - refreshAccountCheck
2018-06-13 06:55:03,274 INFO  Completed - Batch - refreshAccountCheck from /bcrp/prd/application/BatchManager/bin/Daily.batch
2018-06-13 06:55:03,274 INFO  Finished - Batch - refreshAccountCheck
2018-06-13 06:55:03,274 INFO  Starting - Batch - refreshAccountLoanApplication from /bcrp/prd/application/BatchManager/bin/Daily.batch
2018-06-13 06:55:03,275 INFO  Execute - Batch - refreshAccountLoanApplication
2018-06-13 06:56:05,296 INFO  Completed - Batch - refreshAccountLoanApplication from /bcrp/prd/application/BatchManager/bin/Daily.batch
2018-06-13 06:56:05,297 INFO  Finished - Batch - refreshAccountLoanApplication
2018-06-13 06:56:05,297 INFO  Starting - Batch - refreshAccountCollateral from /bcrp/prd/application/BatchManager/bin/Daily.batch
2018-06-13 06:56:05,298 INFO  Execute - Batch - refreshAccountCollateral
2018-06-13 06:58:14,161 INFO  Completed - Batch - refreshAccountCollateral from /bcrp/prd/application/BatchManager/bin/Daily.batch
2018-06-13 06:58:14,161 INFO  Finished - Batch - refreshAccountCollateral
2018-06-13 06:58:14,162 INFO  Starting - Batch - updateAccountLastStandingInstructions from /bcrp/prd/application/BatchManager/bin/Daily.batch
2018-06-13 06:58:14,163 INFO  Execute - Batch - updateAccountLastStandingInstructions
2018-06-13 06:58:51,604 INFO  Completed - Batch - updateAccountLastStandingInstructions from /bcrp/prd/application/BatchManager/bin/Daily.batch
2018-06-13 06:58:51,605 INFO  Finished - Batch - updateAccountLastStandingInstructions
2018-06-13 06:58:51,605 INFO  Starting - Batch - refreshAccountGuarantor from /bcrp/prd/application/BatchManager/bin/Daily.batch
2018-06-13 06:58:51,606 INFO  Execute - Batch - refreshAccountGuarantor
2018-06-13 06:59:00,630 INFO  Completed - Batch - refreshAccountGuarantor from /bcrp/prd/application/BatchManager/bin/Daily.batch
2018-06-13 06:59:00,631 INFO  Finished - Batch - refreshAccountGuarantor
2018-06-13 06:59:00,631 INFO  Starting - Batch - DAILY_AGENCY_PAYMENT_DELETE_BATCH from /bcrp/prd/application/BatchManager/bin/Daily.batch
2018-06-13 06:59:00,632 INFO  Execute - Batch - DAILY_AGENCY_PAYMENT_DELETE_BATCH
2018-06-13 06:59:00,712 INFO  Completed - Batch - DAILY_AGENCY_PAYMENT_DELETE_BATCH from /bcrp/prd/application/BatchManager/bin/Daily.batch
2018-06-13 06:59:00,712 INFO  Finished - Batch - DAILY_AGENCY_PAYMENT_DELETE_BATCH
2018-06-13 06:59:00,712 INFO  Starting - Batch - DAILY_AGENCY_PAYMENT_INSERT_BATCH from /bcrp/prd/application/BatchManager/bin/Daily.batch
2018-06-13 06:59:00,713 INFO  Execute - Batch - DAILY_AGENCY_PAYMENT_INSERT_BATCH
2018-06-13 06:59:17,369 INFO  Completed - Batch - DAILY_AGENCY_PAYMENT_INSERT_BATCH from /bcrp/prd/application/BatchManager/bin/Daily.batch
2018-06-13 06:59:17,369 INFO  Finished - Batch - DAILY_AGENCY_PAYMENT_INSERT_BATCH
2018-06-13 06:59:17,370 INFO  Starting - Batch - AUTOMATICALLY_UNSUCCESSFUL_EARMARK from /bcrp/prd/application/BatchManager/bin/Daily.batch
2018-06-13 06:59:17,371 INFO  Execute - Batch - AUTOMATICALLY_UNSUCCESSFUL_EARMARK
2018-06-13 06:59:17,398 INFO  Completed - Batch - AUTOMATICALLY_UNSUCCESSFUL_EARMARK from /bcrp/prd/application/BatchManager/bin/Daily.batch
2018-06-13 06:59:17,398 INFO  Finished - Batch - AUTOMATICALLY_UNSUCCESSFUL_EARMARK
2018-06-13 06:59:17,399 INFO  Starting - Batch - RnRCurrScheActualRemainingAmtUpdate from /bcrp/prd/application/BatchManager/bin/Daily.batch
2018-06-13 06:59:17,400 INFO  Execute - Batch - RnRCurrScheActualRemainingAmtUpdate
2018-06-13 06:59:18,888 INFO  Completed - Batch - RnRCurrScheActualRemainingAmtUpdate from /bcrp/prd/application/BatchManager/bin/Daily.batch
2018-06-13 06:59:18,888 INFO  Finished - Batch - RnRCurrScheActualRemainingAmtUpdate
2018-06-13 06:59:18,888 INFO  Starting - Batch - AUTOMATICALLY_UNSUCCESSFUL_VISITATION from /bcrp/prd/application/BatchManager/bin/Daily.batch
2018-06-13 06:59:18,889 INFO  Execute - Batch - AUTOMATICALLY_UNSUCCESSFUL_VISITATION
2018-06-13 06:59:18,918 INFO  Completed - Batch - AUTOMATICALLY_UNSUCCESSFUL_VISITATION from /bcrp/prd/application/BatchManager/bin/Daily.batch
2018-06-13 06:59:18,918 INFO  Finished - Batch - AUTOMATICALLY_UNSUCCESSFUL_VISITATION
2018-06-13 06:59:18,918 INFO  Starting - Batch - ledgerDaily from /bcrp/prd/application/BatchManager/bin/Daily.batch
2018-06-13 06:59:18,919 INFO  Execute - Batch - ledgerDaily
2018-06-13 07:00:23,399 INFO  Completed - Batch - ledgerDaily from /bcrp/prd/application/BatchManager/bin/Daily.batch
2018-06-13 07:00:23,399 INFO  Finished - Batch - ledgerDaily
2018-06-13 07:00:23,399 INFO  Starting - Batch - appAgencyDailyProcess from /bcrp/prd/application/BatchManager/bin/Daily.batch
2018-06-13 07:00:23,400 INFO  Execute - Batch - appAgencyDailyProcess
2018-06-13 07:02:51,919 INFO  Completed - Batch - appAgencyDailyProcess from /bcrp/prd/application/BatchManager/bin/Daily.batch
2018-06-13 07:02:51,919 INFO  Finished - Batch - appAgencyDailyProcess
2018-06-13 07:02:51,919 INFO  Starting - Batch - poolCallingPriority from /bcrp/prd/application/BatchManager/bin/Daily.batch
2018-06-13 07:02:51,920 INFO  Execute - Batch - poolCallingPriority
2018-06-13 07:02:55,856 INFO  Completed - Batch - poolCallingPriority from /bcrp/prd/application/BatchManager/bin/Daily.batch
2018-06-13 07:02:55,856 INFO  Finished - Batch - poolCallingPriority
2018-06-13 07:02:55,856 DEBUG --DONE--
