2018-06-08 07:45:01,766 INFO  HTTP_INIT_CLIENT: Starting HTTP interface connecting to server http://localhost:8765/
LOGIN SUCCESSFUL
2018-06-08 07:45:01,939 DEBUG --START--
2018-06-08 07:45:01,944 INFO  Starting - Batch - updateSupervisoryAccountHp from /bcrp/prd/application/BatchManager/bin/supervisory.batch
2018-06-08 07:45:01,949 INFO  Execute - Batch - updateSupervisoryAccountHp
2018-06-08 07:45:01,972 INFO  Completed - Batch - updateSupervisoryAccountHp from /bcrp/prd/application/BatchManager/bin/supervisory.batch
2018-06-08 07:45:01,972 INFO  Finished - Batch - updateSupervisoryAccountHp
2018-06-08 07:45:01,972 INFO  Starting - Batch - updateSupervisoryAccountUpl from /bcrp/prd/application/BatchManager/bin/supervisory.batch
2018-06-08 07:45:01,974 INFO  Execute - Batch - updateSupervisoryAccountUpl
2018-06-08 07:46:38,503 INFO  Completed - Batch - updateSupervisoryAccountUpl from /bcrp/prd/application/BatchManager/bin/supervisory.batch
2018-06-08 07:46:38,503 INFO  Finished - Batch - updateSupervisoryAccountUpl
2018-06-08 07:46:38,503 INFO  Starting - Batch - updateSupervisoryAccountOd from /bcrp/prd/application/BatchManager/bin/supervisory.batch
2018-06-08 07:46:38,505 INFO  Execute - Batch - updateSupervisoryAccountOd
2018-06-08 07:46:38,525 INFO  Completed - Batch - updateSupervisoryAccountOd from /bcrp/prd/application/BatchManager/bin/supervisory.batch
2018-06-08 07:46:38,525 INFO  Finished - Batch - updateSupervisoryAccountOd
2018-06-08 07:46:38,525 INFO  Starting - Batch - updateSupervisoryAccountMg from /bcrp/prd/application/BatchManager/bin/supervisory.batch
2018-06-08 07:46:38,527 INFO  Execute - Batch - updateSupervisoryAccountMg
2018-06-08 07:46:38,545 INFO  Completed - Batch - updateSupervisoryAccountMg from /bcrp/prd/application/BatchManager/bin/supervisory.batch
2018-06-08 07:46:38,545 INFO  Finished - Batch - updateSupervisoryAccountMg
2018-06-08 07:46:38,546 DEBUG --DONE--
