2018-06-26 06:28:01,442 INFO  HTTP_INIT_CLIENT: Starting HTTP interface connecting to server http://localhost:8765/
LOGIN SUCCESSFUL
2018-06-26 06:28:03,694 DEBUG --START--
2018-06-26 06:28:03,699 INFO  Starting - Batch - processHostData from /bcrp/prd/application/BatchManager/bin/Daily.batch
2018-06-26 06:28:03,705 INFO  Execute - Batch - processHostData
2018-06-26 06:57:25,523 INFO  Completed - Batch - processHostData from /bcrp/prd/application/BatchManager/bin/Daily.batch
2018-06-26 06:57:25,523 INFO  Finished - Batch - processHostData
2018-06-26 06:57:25,523 INFO  Starting - Batch - dailyWorkListTabsUpdate from /bcrp/prd/application/BatchManager/bin/Daily.batch
2018-06-26 06:57:25,524 INFO  Execute - Batch - dailyWorkListTabsUpdate
2018-06-26 06:58:25,774 INFO  Completed - Batch - dailyWorkListTabsUpdate from /bcrp/prd/application/BatchManager/bin/Daily.batch
2018-06-26 06:58:25,774 INFO  Finished - Batch - dailyWorkListTabsUpdate
2018-06-26 06:58:25,775 INFO  Starting - Batch - promiseEvaluation from /bcrp/prd/application/BatchManager/bin/Daily.batch
2018-06-26 06:58:25,776 INFO  Execute - Batch - promiseEvaluation
2018-06-26 07:06:55,731 INFO  Completed - Batch - promiseEvaluation from /bcrp/prd/application/BatchManager/bin/Daily.batch
2018-06-26 07:06:55,731 INFO  Finished - Batch - promiseEvaluation
2018-06-26 07:06:55,732 INFO  Starting - Batch - refreshAccountCheck from /bcrp/prd/application/BatchManager/bin/Daily.batch
2018-06-26 07:06:55,734 INFO  Execute - Batch - refreshAccountCheck
2018-06-26 07:06:55,761 INFO  Completed - Batch - refreshAccountCheck from /bcrp/prd/application/BatchManager/bin/Daily.batch
2018-06-26 07:06:55,761 INFO  Finished - Batch - refreshAccountCheck
2018-06-26 07:06:55,762 INFO  Starting - Batch - refreshAccountLoanApplication from /bcrp/prd/application/BatchManager/bin/Daily.batch
2018-06-26 07:06:55,763 INFO  Execute - Batch - refreshAccountLoanApplication
2018-06-26 07:07:45,400 INFO  Completed - Batch - refreshAccountLoanApplication from /bcrp/prd/application/BatchManager/bin/Daily.batch
2018-06-26 07:07:45,401 INFO  Finished - Batch - refreshAccountLoanApplication
2018-06-26 07:07:45,401 INFO  Starting - Batch - refreshAccountCollateral from /bcrp/prd/application/BatchManager/bin/Daily.batch
2018-06-26 07:07:45,403 INFO  Execute - Batch - refreshAccountCollateral
2018-06-26 07:09:57,699 INFO  Completed - Batch - refreshAccountCollateral from /bcrp/prd/application/BatchManager/bin/Daily.batch
2018-06-26 07:09:57,699 INFO  Finished - Batch - refreshAccountCollateral
2018-06-26 07:09:57,700 INFO  Starting - Batch - updateAccountLastStandingInstructions from /bcrp/prd/application/BatchManager/bin/Daily.batch
2018-06-26 07:09:57,701 INFO  Execute - Batch - updateAccountLastStandingInstructions
2018-06-26 07:10:30,505 INFO  Completed - Batch - updateAccountLastStandingInstructions from /bcrp/prd/application/BatchManager/bin/Daily.batch
2018-06-26 07:10:30,505 INFO  Finished - Batch - updateAccountLastStandingInstructions
2018-06-26 07:10:30,505 INFO  Starting - Batch - refreshAccountGuarantor from /bcrp/prd/application/BatchManager/bin/Daily.batch
2018-06-26 07:10:30,507 INFO  Execute - Batch - refreshAccountGuarantor
2018-06-26 07:10:39,036 INFO  Completed - Batch - refreshAccountGuarantor from /bcrp/prd/application/BatchManager/bin/Daily.batch
2018-06-26 07:10:39,036 INFO  Finished - Batch - refreshAccountGuarantor
2018-06-26 07:10:39,037 INFO  Starting - Batch - DAILY_AGENCY_PAYMENT_DELETE_BATCH from /bcrp/prd/application/BatchManager/bin/Daily.batch
2018-06-26 07:10:39,038 INFO  Execute - Batch - DAILY_AGENCY_PAYMENT_DELETE_BATCH
2018-06-26 07:10:39,143 INFO  Completed - Batch - DAILY_AGENCY_PAYMENT_DELETE_BATCH from /bcrp/prd/application/BatchManager/bin/Daily.batch
2018-06-26 07:10:39,144 INFO  Finished - Batch - DAILY_AGENCY_PAYMENT_DELETE_BATCH
2018-06-26 07:10:39,144 INFO  Starting - Batch - DAILY_AGENCY_PAYMENT_INSERT_BATCH from /bcrp/prd/application/BatchManager/bin/Daily.batch
2018-06-26 07:10:39,145 INFO  Execute - Batch - DAILY_AGENCY_PAYMENT_INSERT_BATCH
2018-06-26 07:10:57,767 INFO  Completed - Batch - DAILY_AGENCY_PAYMENT_INSERT_BATCH from /bcrp/prd/application/BatchManager/bin/Daily.batch
2018-06-26 07:10:57,767 INFO  Finished - Batch - DAILY_AGENCY_PAYMENT_INSERT_BATCH
2018-06-26 07:10:57,767 INFO  Starting - Batch - AUTOMATICALLY_UNSUCCESSFUL_EARMARK from /bcrp/prd/application/BatchManager/bin/Daily.batch
2018-06-26 07:10:57,768 INFO  Execute - Batch - AUTOMATICALLY_UNSUCCESSFUL_EARMARK
2018-06-26 07:10:57,798 INFO  Completed - Batch - AUTOMATICALLY_UNSUCCESSFUL_EARMARK from /bcrp/prd/application/BatchManager/bin/Daily.batch
2018-06-26 07:10:57,798 INFO  Finished - Batch - AUTOMATICALLY_UNSUCCESSFUL_EARMARK
2018-06-26 07:10:57,799 INFO  Starting - Batch - RnRCurrScheActualRemainingAmtUpdate from /bcrp/prd/application/BatchManager/bin/Daily.batch
2018-06-26 07:10:57,800 INFO  Execute - Batch - RnRCurrScheActualRemainingAmtUpdate
2018-06-26 07:10:59,262 INFO  Completed - Batch - RnRCurrScheActualRemainingAmtUpdate from /bcrp/prd/application/BatchManager/bin/Daily.batch
2018-06-26 07:10:59,262 INFO  Finished - Batch - RnRCurrScheActualRemainingAmtUpdate
2018-06-26 07:10:59,263 INFO  Starting - Batch - AUTOMATICALLY_UNSUCCESSFUL_VISITATION from /bcrp/prd/application/BatchManager/bin/Daily.batch
2018-06-26 07:10:59,264 INFO  Execute - Batch - AUTOMATICALLY_UNSUCCESSFUL_VISITATION
2018-06-26 07:10:59,300 INFO  Completed - Batch - AUTOMATICALLY_UNSUCCESSFUL_VISITATION from /bcrp/prd/application/BatchManager/bin/Daily.batch
2018-06-26 07:10:59,301 INFO  Finished - Batch - AUTOMATICALLY_UNSUCCESSFUL_VISITATION
2018-06-26 07:10:59,301 INFO  Starting - Batch - ledgerDaily from /bcrp/prd/application/BatchManager/bin/Daily.batch
2018-06-26 07:10:59,302 INFO  Execute - Batch - ledgerDaily
2018-06-26 07:12:07,415 INFO  Completed - Batch - ledgerDaily from /bcrp/prd/application/BatchManager/bin/Daily.batch
2018-06-26 07:12:07,415 INFO  Finished - Batch - ledgerDaily
2018-06-26 07:12:07,416 INFO  Starting - Batch - appAgencyDailyProcess from /bcrp/prd/application/BatchManager/bin/Daily.batch
2018-06-26 07:12:07,417 INFO  Execute - Batch - appAgencyDailyProcess
2018-06-26 07:15:34,503 INFO  Completed - Batch - appAgencyDailyProcess from /bcrp/prd/application/BatchManager/bin/Daily.batch
2018-06-26 07:15:34,504 INFO  Finished - Batch - appAgencyDailyProcess
2018-06-26 07:15:34,504 INFO  Starting - Batch - poolCallingPriority from /bcrp/prd/application/BatchManager/bin/Daily.batch
2018-06-26 07:15:34,505 INFO  Execute - Batch - poolCallingPriority
2018-06-26 07:15:39,545 INFO  Completed - Batch - poolCallingPriority from /bcrp/prd/application/BatchManager/bin/Daily.batch
2018-06-26 07:15:39,545 INFO  Finished - Batch - poolCallingPriority
2018-06-26 07:15:39,545 DEBUG --DONE--
