2018-06-26 20:00:01,931 INFO  HTTP_INIT_CLIENT: Starting HTTP interface connecting to server http://localhost:8765/
LOGIN SUCCESSFUL
2018-06-26 20:00:02,095 DEBUG --START--
2018-06-26 20:00:02,099 INFO  Starting - Batch - contactNumberCleansingUpdates from /bcrp/prd/application/BatchManager/bin/DailyEvening.batch
2018-06-26 20:00:02,105 INFO  Execute - Batch - contactNumberCleansingUpdates
2018-06-26 20:00:42,238 INFO  Completed - Batch - contactNumberCleansingUpdates from /bcrp/prd/application/BatchManager/bin/DailyEvening.batch
2018-06-26 20:00:42,238 INFO  Finished - Batch - contactNumberCleansingUpdates
2018-06-26 20:00:42,238 INFO  Starting - Batch - stagingSMSTreatmentUpdate from /bcrp/prd/application/BatchManager/bin/DailyEvening.batch
2018-06-26 20:00:42,239 INFO  Execute - Batch - stagingSMSTreatmentUpdate
2018-06-26 20:00:57,845 INFO  Completed - Batch - stagingSMSTreatmentUpdate from /bcrp/prd/application/BatchManager/bin/DailyEvening.batch
2018-06-26 20:00:57,845 INFO  Finished - Batch - stagingSMSTreatmentUpdate
2018-06-26 20:00:57,846 INFO  Starting - Batch - searchContactNumberRefresh from /bcrp/prd/application/BatchManager/bin/DailyEvening.batch
2018-06-26 20:00:57,847 INFO  Execute - Batch - searchContactNumberRefresh
2018-06-26 20:07:52,056 INFO  Completed - Batch - searchContactNumberRefresh from /bcrp/prd/application/BatchManager/bin/DailyEvening.batch
2018-06-26 20:07:52,056 INFO  Finished - Batch - searchContactNumberRefresh
2018-06-26 20:07:52,056 INFO  Starting - Batch - updatePmmContactInfo from /bcrp/prd/application/BatchManager/bin/DailyEvening.batch
2018-06-26 20:07:52,058 INFO  Execute - Batch - updatePmmContactInfo
2018-06-26 20:07:53,022 INFO  Completed - Batch - updatePmmContactInfo from /bcrp/prd/application/BatchManager/bin/DailyEvening.batch
2018-06-26 20:07:53,022 INFO  Finished - Batch - updatePmmContactInfo
2018-06-26 20:07:53,022 INFO  Starting - Batch - summarizeAccountHostLegalAction from /bcrp/prd/application/BatchManager/bin/DailyEvening.batch
2018-06-26 20:07:53,023 INFO  Execute - Batch - summarizeAccountHostLegalAction
2018-06-26 20:23:07,937 INFO  Completed - Batch - summarizeAccountHostLegalAction from /bcrp/prd/application/BatchManager/bin/DailyEvening.batch
2018-06-26 20:23:07,937 INFO  Finished - Batch - summarizeAccountHostLegalAction
2018-06-26 20:23:07,937 INFO  Starting - Batch - updateAccountWorklistAssignment from /bcrp/prd/application/BatchManager/bin/DailyEvening.batch
2018-06-26 20:23:07,939 INFO  Execute - Batch - updateAccountWorklistAssignment
2018-06-26 20:24:18,418 INFO  Completed - Batch - updateAccountWorklistAssignment from /bcrp/prd/application/BatchManager/bin/DailyEvening.batch
2018-06-26 20:24:18,418 INFO  Finished - Batch - updateAccountWorklistAssignment
2018-06-26 20:24:18,419 INFO  Starting - Batch - updateAccountWorklistAssignmentMg from /bcrp/prd/application/BatchManager/bin/DailyEvening.batch
2018-06-26 20:24:18,420 INFO  Execute - Batch - updateAccountWorklistAssignmentMg
2018-06-26 20:24:32,294 INFO  Completed - Batch - updateAccountWorklistAssignmentMg from /bcrp/prd/application/BatchManager/bin/DailyEvening.batch
2018-06-26 20:24:32,294 INFO  Finished - Batch - updateAccountWorklistAssignmentMg
2018-06-26 20:24:32,294 INFO  Starting - Batch - refreshAccountCorresspondenceAddress from /bcrp/prd/application/BatchManager/bin/DailyEvening.batch
2018-06-26 20:24:32,295 INFO  Execute - Batch - refreshAccountCorresspondenceAddress
2018-06-26 20:31:45,354 INFO  Completed - Batch - refreshAccountCorresspondenceAddress from /bcrp/prd/application/BatchManager/bin/DailyEvening.batch
2018-06-26 20:31:45,355 INFO  Finished - Batch - refreshAccountCorresspondenceAddress
2018-06-26 20:31:45,355 INFO  Starting - Batch - updateUserAutoInvalid from /bcrp/prd/application/BatchManager/bin/DailyEvening.batch
2018-06-26 20:31:45,356 INFO  Execute - Batch - updateUserAutoInvalid
2018-06-26 20:31:45,396 INFO  Completed - Batch - updateUserAutoInvalid from /bcrp/prd/application/BatchManager/bin/DailyEvening.batch
2018-06-26 20:31:45,397 INFO  Finished - Batch - updateUserAutoInvalid
2018-06-26 20:31:45,397 DEBUG --DONE--
