2018-06-25 20:00:01,603 INFO  HTTP_INIT_CLIENT: Starting HTTP interface connecting to server http://localhost:8765/
LOGIN SUCCESSFUL
2018-06-25 20:00:01,773 DEBUG --START--
2018-06-25 20:00:01,777 INFO  Starting - Batch - contactNumberCleansingUpdates from /bcrp/prd/application/BatchManager/bin/DailyEvening.batch
2018-06-25 20:00:01,782 INFO  Execute - Batch - contactNumberCleansingUpdates
2018-06-25 20:00:28,716 INFO  Completed - Batch - contactNumberCleansingUpdates from /bcrp/prd/application/BatchManager/bin/DailyEvening.batch
2018-06-25 20:00:28,716 INFO  Finished - Batch - contactNumberCleansingUpdates
2018-06-25 20:00:28,716 INFO  Starting - Batch - stagingSMSTreatmentUpdate from /bcrp/prd/application/BatchManager/bin/DailyEvening.batch
2018-06-25 20:00:28,718 INFO  Execute - Batch - stagingSMSTreatmentUpdate
2018-06-25 20:00:59,326 INFO  Completed - Batch - stagingSMSTreatmentUpdate from /bcrp/prd/application/BatchManager/bin/DailyEvening.batch
2018-06-25 20:00:59,327 INFO  Finished - Batch - stagingSMSTreatmentUpdate
2018-06-25 20:00:59,327 INFO  Starting - Batch - searchContactNumberRefresh from /bcrp/prd/application/BatchManager/bin/DailyEvening.batch
2018-06-25 20:00:59,328 INFO  Execute - Batch - searchContactNumberRefresh
2018-06-25 20:09:35,523 INFO  Completed - Batch - searchContactNumberRefresh from /bcrp/prd/application/BatchManager/bin/DailyEvening.batch
2018-06-25 20:09:35,523 INFO  Finished - Batch - searchContactNumberRefresh
2018-06-25 20:09:35,523 INFO  Starting - Batch - updatePmmContactInfo from /bcrp/prd/application/BatchManager/bin/DailyEvening.batch
2018-06-25 20:09:35,524 INFO  Execute - Batch - updatePmmContactInfo
2018-06-25 20:09:36,312 INFO  Completed - Batch - updatePmmContactInfo from /bcrp/prd/application/BatchManager/bin/DailyEvening.batch
2018-06-25 20:09:36,312 INFO  Finished - Batch - updatePmmContactInfo
2018-06-25 20:09:36,312 INFO  Starting - Batch - summarizeAccountHostLegalAction from /bcrp/prd/application/BatchManager/bin/DailyEvening.batch
2018-06-25 20:09:36,314 INFO  Execute - Batch - summarizeAccountHostLegalAction
2018-06-25 20:23:58,417 INFO  Completed - Batch - summarizeAccountHostLegalAction from /bcrp/prd/application/BatchManager/bin/DailyEvening.batch
2018-06-25 20:23:58,418 INFO  Finished - Batch - summarizeAccountHostLegalAction
2018-06-25 20:23:58,418 INFO  Starting - Batch - updateAccountWorklistAssignment from /bcrp/prd/application/BatchManager/bin/DailyEvening.batch
2018-06-25 20:23:58,419 INFO  Execute - Batch - updateAccountWorklistAssignment
2018-06-25 20:26:00,889 INFO  Completed - Batch - updateAccountWorklistAssignment from /bcrp/prd/application/BatchManager/bin/DailyEvening.batch
2018-06-25 20:26:00,889 INFO  Finished - Batch - updateAccountWorklistAssignment
2018-06-25 20:26:00,889 INFO  Starting - Batch - updateAccountWorklistAssignmentMg from /bcrp/prd/application/BatchManager/bin/DailyEvening.batch
2018-06-25 20:26:00,891 INFO  Execute - Batch - updateAccountWorklistAssignmentMg
2018-06-25 20:26:15,312 ERROR Batch failed with return code: UNEXPECTED_EXCEPTION
2018-06-25 20:26:15,312 INFO  Completed - Batch - updateAccountWorklistAssignmentMg from /bcrp/prd/application/BatchManager/bin/DailyEvening.batch
2018-06-25 20:26:15,312 ERROR Error - Batch - updateAccountWorklistAssignmentMg
com.profitera.descriptor.business.ServiceException
	at com.profitera.client.RemoteProgressThread.execute(RemoteProgressThread.java:107)
	at com.profitera.client.ProgressThread.doExecute(ProgressThread.java:54)
	at com.profitera.client.ProgressThread.run(ProgressThread.java:45)
	at com.profitera.batch.main.BatchExe.executeBatch(BatchExe.java:170)
	at com.profitera.batch.main.BatchExe.main(BatchExe.java:245)
