2018-06-11 06:31:01,514 INFO  HTTP_INIT_CLIENT: Starting HTTP interface connecting to server http://localhost:8765/
LOGIN SUCCESSFUL
2018-06-11 06:31:01,988 DEBUG --START--
2018-06-11 06:31:01,994 INFO  Starting - Batch - processHostData from /bcrp/prd/application/BatchManager/bin/Daily.batch
2018-06-11 06:31:01,999 INFO  Execute - Batch - processHostData
2018-06-11 07:00:01,688 INFO  Completed - Batch - processHostData from /bcrp/prd/application/BatchManager/bin/Daily.batch
2018-06-11 07:00:01,688 INFO  Finished - Batch - processHostData
2018-06-11 07:00:01,689 INFO  Starting - Batch - dailyWorkListTabsUpdate from /bcrp/prd/application/BatchManager/bin/Daily.batch
2018-06-11 07:00:01,689 INFO  Execute - Batch - dailyWorkListTabsUpdate
2018-06-11 07:00:44,515 INFO  Completed - Batch - dailyWorkListTabsUpdate from /bcrp/prd/application/BatchManager/bin/Daily.batch
2018-06-11 07:00:44,516 INFO  Finished - Batch - dailyWorkListTabsUpdate
2018-06-11 07:00:44,516 INFO  Starting - Batch - promiseEvaluation from /bcrp/prd/application/BatchManager/bin/Daily.batch
2018-06-11 07:00:44,517 INFO  Execute - Batch - promiseEvaluation
2018-06-11 07:02:35,824 INFO  Completed - Batch - promiseEvaluation from /bcrp/prd/application/BatchManager/bin/Daily.batch
2018-06-11 07:02:35,825 INFO  Finished - Batch - promiseEvaluation
2018-06-11 07:02:35,825 INFO  Starting - Batch - refreshAccountCheck from /bcrp/prd/application/BatchManager/bin/Daily.batch
2018-06-11 07:02:35,827 INFO  Execute - Batch - refreshAccountCheck
2018-06-11 07:02:35,851 INFO  Completed - Batch - refreshAccountCheck from /bcrp/prd/application/BatchManager/bin/Daily.batch
2018-06-11 07:02:35,852 INFO  Finished - Batch - refreshAccountCheck
2018-06-11 07:02:35,852 INFO  Starting - Batch - refreshAccountLoanApplication from /bcrp/prd/application/BatchManager/bin/Daily.batch
2018-06-11 07:02:35,853 INFO  Execute - Batch - refreshAccountLoanApplication
2018-06-11 07:03:29,305 INFO  Completed - Batch - refreshAccountLoanApplication from /bcrp/prd/application/BatchManager/bin/Daily.batch
2018-06-11 07:03:29,305 INFO  Finished - Batch - refreshAccountLoanApplication
2018-06-11 07:03:29,305 INFO  Starting - Batch - refreshAccountCollateral from /bcrp/prd/application/BatchManager/bin/Daily.batch
2018-06-11 07:03:29,307 INFO  Execute - Batch - refreshAccountCollateral
2018-06-11 07:05:49,010 INFO  Completed - Batch - refreshAccountCollateral from /bcrp/prd/application/BatchManager/bin/Daily.batch
2018-06-11 07:05:49,010 INFO  Finished - Batch - refreshAccountCollateral
2018-06-11 07:05:49,011 INFO  Starting - Batch - updateAccountLastStandingInstructions from /bcrp/prd/application/BatchManager/bin/Daily.batch
2018-06-11 07:05:49,012 INFO  Execute - Batch - updateAccountLastStandingInstructions
2018-06-11 07:06:28,693 INFO  Completed - Batch - updateAccountLastStandingInstructions from /bcrp/prd/application/BatchManager/bin/Daily.batch
2018-06-11 07:06:28,693 INFO  Finished - Batch - updateAccountLastStandingInstructions
2018-06-11 07:06:28,693 INFO  Starting - Batch - refreshAccountGuarantor from /bcrp/prd/application/BatchManager/bin/Daily.batch
2018-06-11 07:06:28,694 INFO  Execute - Batch - refreshAccountGuarantor
2018-06-11 07:06:35,658 INFO  Completed - Batch - refreshAccountGuarantor from /bcrp/prd/application/BatchManager/bin/Daily.batch
2018-06-11 07:06:35,658 INFO  Finished - Batch - refreshAccountGuarantor
2018-06-11 07:06:35,658 INFO  Starting - Batch - DAILY_AGENCY_PAYMENT_DELETE_BATCH from /bcrp/prd/application/BatchManager/bin/Daily.batch
2018-06-11 07:06:35,659 INFO  Execute - Batch - DAILY_AGENCY_PAYMENT_DELETE_BATCH
2018-06-11 07:06:35,729 INFO  Completed - Batch - DAILY_AGENCY_PAYMENT_DELETE_BATCH from /bcrp/prd/application/BatchManager/bin/Daily.batch
2018-06-11 07:06:35,729 INFO  Finished - Batch - DAILY_AGENCY_PAYMENT_DELETE_BATCH
2018-06-11 07:06:35,730 INFO  Starting - Batch - DAILY_AGENCY_PAYMENT_INSERT_BATCH from /bcrp/prd/application/BatchManager/bin/Daily.batch
2018-06-11 07:06:35,731 INFO  Execute - Batch - DAILY_AGENCY_PAYMENT_INSERT_BATCH
2018-06-11 07:06:51,252 INFO  Completed - Batch - DAILY_AGENCY_PAYMENT_INSERT_BATCH from /bcrp/prd/application/BatchManager/bin/Daily.batch
2018-06-11 07:06:51,252 INFO  Finished - Batch - DAILY_AGENCY_PAYMENT_INSERT_BATCH
2018-06-11 07:06:51,252 INFO  Starting - Batch - AUTOMATICALLY_UNSUCCESSFUL_EARMARK from /bcrp/prd/application/BatchManager/bin/Daily.batch
2018-06-11 07:06:51,254 INFO  Execute - Batch - AUTOMATICALLY_UNSUCCESSFUL_EARMARK
2018-06-11 07:06:51,273 INFO  Completed - Batch - AUTOMATICALLY_UNSUCCESSFUL_EARMARK from /bcrp/prd/application/BatchManager/bin/Daily.batch
2018-06-11 07:06:51,273 INFO  Finished - Batch - AUTOMATICALLY_UNSUCCESSFUL_EARMARK
2018-06-11 07:06:51,273 INFO  Starting - Batch - RnRCurrScheActualRemainingAmtUpdate from /bcrp/prd/application/BatchManager/bin/Daily.batch
2018-06-11 07:06:51,273 INFO  Execute - Batch - RnRCurrScheActualRemainingAmtUpdate
2018-06-11 07:06:52,726 INFO  Completed - Batch - RnRCurrScheActualRemainingAmtUpdate from /bcrp/prd/application/BatchManager/bin/Daily.batch
2018-06-11 07:06:52,726 INFO  Finished - Batch - RnRCurrScheActualRemainingAmtUpdate
2018-06-11 07:06:52,726 INFO  Starting - Batch - AUTOMATICALLY_UNSUCCESSFUL_VISITATION from /bcrp/prd/application/BatchManager/bin/Daily.batch
2018-06-11 07:06:52,727 INFO  Execute - Batch - AUTOMATICALLY_UNSUCCESSFUL_VISITATION
2018-06-11 07:06:52,747 INFO  Completed - Batch - AUTOMATICALLY_UNSUCCESSFUL_VISITATION from /bcrp/prd/application/BatchManager/bin/Daily.batch
2018-06-11 07:06:52,747 INFO  Finished - Batch - AUTOMATICALLY_UNSUCCESSFUL_VISITATION
2018-06-11 07:06:52,747 INFO  Starting - Batch - ledgerDaily from /bcrp/prd/application/BatchManager/bin/Daily.batch
2018-06-11 07:06:52,748 INFO  Execute - Batch - ledgerDaily
2018-06-11 07:07:56,735 INFO  Completed - Batch - ledgerDaily from /bcrp/prd/application/BatchManager/bin/Daily.batch
2018-06-11 07:07:56,735 INFO  Finished - Batch - ledgerDaily
2018-06-11 07:07:56,735 INFO  Starting - Batch - appAgencyDailyProcess from /bcrp/prd/application/BatchManager/bin/Daily.batch
2018-06-11 07:07:56,736 INFO  Execute - Batch - appAgencyDailyProcess
2018-06-11 07:09:40,792 INFO  Completed - Batch - appAgencyDailyProcess from /bcrp/prd/application/BatchManager/bin/Daily.batch
2018-06-11 07:09:40,793 INFO  Finished - Batch - appAgencyDailyProcess
2018-06-11 07:09:40,793 INFO  Starting - Batch - poolCallingPriority from /bcrp/prd/application/BatchManager/bin/Daily.batch
2018-06-11 07:09:40,794 INFO  Execute - Batch - poolCallingPriority
2018-06-11 07:09:41,291 INFO  Completed - Batch - poolCallingPriority from /bcrp/prd/application/BatchManager/bin/Daily.batch
2018-06-11 07:09:41,292 INFO  Finished - Batch - poolCallingPriority
2018-06-11 07:09:41,292 DEBUG --DONE--
