2018-06-16 20:00:01,544 INFO  HTTP_INIT_CLIENT: Starting HTTP interface connecting to server http://localhost:8765/
LOGIN SUCCESSFUL
2018-06-16 20:00:01,738 DEBUG --START--
2018-06-16 20:00:01,742 INFO  Starting - Batch - contactNumberCleansingUpdates from /bcrp/prd/application/BatchManager/bin/DailyEvening.batch
2018-06-16 20:00:01,747 INFO  Execute - Batch - contactNumberCleansingUpdates
2018-06-16 20:00:29,845 INFO  Completed - Batch - contactNumberCleansingUpdates from /bcrp/prd/application/BatchManager/bin/DailyEvening.batch
2018-06-16 20:00:29,845 INFO  Finished - Batch - contactNumberCleansingUpdates
2018-06-16 20:00:29,845 INFO  Starting - Batch - stagingSMSTreatmentUpdate from /bcrp/prd/application/BatchManager/bin/DailyEvening.batch
2018-06-16 20:00:29,847 INFO  Execute - Batch - stagingSMSTreatmentUpdate
2018-06-16 20:00:29,975 INFO  Completed - Batch - stagingSMSTreatmentUpdate from /bcrp/prd/application/BatchManager/bin/DailyEvening.batch
2018-06-16 20:00:29,975 INFO  Finished - Batch - stagingSMSTreatmentUpdate
2018-06-16 20:00:29,975 INFO  Starting - Batch - searchContactNumberRefresh from /bcrp/prd/application/BatchManager/bin/DailyEvening.batch
2018-06-16 20:00:29,976 INFO  Execute - Batch - searchContactNumberRefresh
2018-06-16 20:06:58,882 INFO  Completed - Batch - searchContactNumberRefresh from /bcrp/prd/application/BatchManager/bin/DailyEvening.batch
2018-06-16 20:06:58,882 INFO  Finished - Batch - searchContactNumberRefresh
2018-06-16 20:06:58,882 INFO  Starting - Batch - updatePmmContactInfo from /bcrp/prd/application/BatchManager/bin/DailyEvening.batch
2018-06-16 20:06:58,883 INFO  Execute - Batch - updatePmmContactInfo
2018-06-16 20:06:59,337 INFO  Completed - Batch - updatePmmContactInfo from /bcrp/prd/application/BatchManager/bin/DailyEvening.batch
2018-06-16 20:06:59,337 INFO  Finished - Batch - updatePmmContactInfo
2018-06-16 20:06:59,338 INFO  Starting - Batch - summarizeAccountHostLegalAction from /bcrp/prd/application/BatchManager/bin/DailyEvening.batch
2018-06-16 20:06:59,339 INFO  Execute - Batch - summarizeAccountHostLegalAction
2018-06-16 20:19:10,555 INFO  Completed - Batch - summarizeAccountHostLegalAction from /bcrp/prd/application/BatchManager/bin/DailyEvening.batch
2018-06-16 20:19:10,556 INFO  Finished - Batch - summarizeAccountHostLegalAction
2018-06-16 20:19:10,556 INFO  Starting - Batch - updateAccountWorklistAssignment from /bcrp/prd/application/BatchManager/bin/DailyEvening.batch
2018-06-16 20:19:10,557 INFO  Execute - Batch - updateAccountWorklistAssignment
2018-06-16 20:20:44,616 INFO  Completed - Batch - updateAccountWorklistAssignment from /bcrp/prd/application/BatchManager/bin/DailyEvening.batch
2018-06-16 20:20:44,616 INFO  Finished - Batch - updateAccountWorklistAssignment
2018-06-16 20:20:44,616 INFO  Starting - Batch - updateAccountWorklistAssignmentMg from /bcrp/prd/application/BatchManager/bin/DailyEvening.batch
2018-06-16 20:20:44,618 INFO  Execute - Batch - updateAccountWorklistAssignmentMg
2018-06-16 20:20:57,655 INFO  Completed - Batch - updateAccountWorklistAssignmentMg from /bcrp/prd/application/BatchManager/bin/DailyEvening.batch
2018-06-16 20:20:57,656 INFO  Finished - Batch - updateAccountWorklistAssignmentMg
2018-06-16 20:20:57,656 INFO  Starting - Batch - refreshAccountCorresspondenceAddress from /bcrp/prd/application/BatchManager/bin/DailyEvening.batch
2018-06-16 20:20:57,657 INFO  Execute - Batch - refreshAccountCorresspondenceAddress
2018-06-16 20:26:42,164 INFO  Completed - Batch - refreshAccountCorresspondenceAddress from /bcrp/prd/application/BatchManager/bin/DailyEvening.batch
2018-06-16 20:26:42,164 INFO  Finished - Batch - refreshAccountCorresspondenceAddress
2018-06-16 20:26:42,164 INFO  Starting - Batch - updateUserAutoInvalid from /bcrp/prd/application/BatchManager/bin/DailyEvening.batch
2018-06-16 20:26:42,166 INFO  Execute - Batch - updateUserAutoInvalid
2018-06-16 20:26:42,222 INFO  Completed - Batch - updateUserAutoInvalid from /bcrp/prd/application/BatchManager/bin/DailyEvening.batch
2018-06-16 20:26:42,223 INFO  Finished - Batch - updateUserAutoInvalid
2018-06-16 20:26:42,223 DEBUG --DONE--
