2018-06-04 20:00:01,944 INFO  HTTP_INIT_CLIENT: Starting HTTP interface connecting to server http://localhost:8765/
LOGIN SUCCESSFUL
2018-06-04 20:00:02,084 DEBUG --START--
2018-06-04 20:00:02,089 INFO  Starting - Batch - contactNumberCleansingUpdates from /bcrp/prd/application/BatchManager/bin/DailyEvening.batch
2018-06-04 20:00:02,094 INFO  Execute - Batch - contactNumberCleansingUpdates
2018-06-04 20:00:29,631 INFO  Completed - Batch - contactNumberCleansingUpdates from /bcrp/prd/application/BatchManager/bin/DailyEvening.batch
2018-06-04 20:00:29,631 INFO  Finished - Batch - contactNumberCleansingUpdates
2018-06-04 20:00:29,631 INFO  Starting - Batch - stagingSMSTreatmentUpdate from /bcrp/prd/application/BatchManager/bin/DailyEvening.batch
2018-06-04 20:00:29,633 INFO  Execute - Batch - stagingSMSTreatmentUpdate
2018-06-04 20:00:29,759 INFO  Completed - Batch - stagingSMSTreatmentUpdate from /bcrp/prd/application/BatchManager/bin/DailyEvening.batch
2018-06-04 20:00:29,759 INFO  Finished - Batch - stagingSMSTreatmentUpdate
2018-06-04 20:00:29,759 INFO  Starting - Batch - searchContactNumberRefresh from /bcrp/prd/application/BatchManager/bin/DailyEvening.batch
2018-06-04 20:00:29,760 INFO  Execute - Batch - searchContactNumberRefresh
2018-06-04 20:07:41,507 INFO  Completed - Batch - searchContactNumberRefresh from /bcrp/prd/application/BatchManager/bin/DailyEvening.batch
2018-06-04 20:07:41,508 INFO  Finished - Batch - searchContactNumberRefresh
2018-06-04 20:07:41,508 INFO  Starting - Batch - updatePmmContactInfo from /bcrp/prd/application/BatchManager/bin/DailyEvening.batch
2018-06-04 20:07:41,509 INFO  Execute - Batch - updatePmmContactInfo
2018-06-04 20:07:42,165 INFO  Completed - Batch - updatePmmContactInfo from /bcrp/prd/application/BatchManager/bin/DailyEvening.batch
2018-06-04 20:07:42,165 INFO  Finished - Batch - updatePmmContactInfo
2018-06-04 20:07:42,166 INFO  Starting - Batch - summarizeAccountHostLegalAction from /bcrp/prd/application/BatchManager/bin/DailyEvening.batch
2018-06-04 20:07:42,167 INFO  Execute - Batch - summarizeAccountHostLegalAction
2018-06-04 20:20:39,611 INFO  Completed - Batch - summarizeAccountHostLegalAction from /bcrp/prd/application/BatchManager/bin/DailyEvening.batch
2018-06-04 20:20:39,611 INFO  Finished - Batch - summarizeAccountHostLegalAction
2018-06-04 20:20:39,612 INFO  Starting - Batch - updateAccountWorklistAssignment from /bcrp/prd/application/BatchManager/bin/DailyEvening.batch
2018-06-04 20:20:39,613 INFO  Execute - Batch - updateAccountWorklistAssignment
2018-06-04 20:22:09,120 INFO  Completed - Batch - updateAccountWorklistAssignment from /bcrp/prd/application/BatchManager/bin/DailyEvening.batch
2018-06-04 20:22:09,120 INFO  Finished - Batch - updateAccountWorklistAssignment
2018-06-04 20:22:09,120 INFO  Starting - Batch - updateAccountWorklistAssignmentMg from /bcrp/prd/application/BatchManager/bin/DailyEvening.batch
2018-06-04 20:22:09,122 INFO  Execute - Batch - updateAccountWorklistAssignmentMg
2018-06-04 20:22:26,159 INFO  Completed - Batch - updateAccountWorklistAssignmentMg from /bcrp/prd/application/BatchManager/bin/DailyEvening.batch
2018-06-04 20:22:26,159 INFO  Finished - Batch - updateAccountWorklistAssignmentMg
2018-06-04 20:22:26,159 INFO  Starting - Batch - refreshAccountCorresspondenceAddress from /bcrp/prd/application/BatchManager/bin/DailyEvening.batch
2018-06-04 20:22:26,161 INFO  Execute - Batch - refreshAccountCorresspondenceAddress
2018-06-04 20:29:53,852 INFO  Completed - Batch - refreshAccountCorresspondenceAddress from /bcrp/prd/application/BatchManager/bin/DailyEvening.batch
2018-06-04 20:29:53,853 INFO  Finished - Batch - refreshAccountCorresspondenceAddress
2018-06-04 20:29:53,853 INFO  Starting - Batch - updateUserAutoInvalid from /bcrp/prd/application/BatchManager/bin/DailyEvening.batch
2018-06-04 20:29:53,854 INFO  Execute - Batch - updateUserAutoInvalid
2018-06-04 20:29:53,895 INFO  Completed - Batch - updateUserAutoInvalid from /bcrp/prd/application/BatchManager/bin/DailyEvening.batch
2018-06-04 20:29:53,895 INFO  Finished - Batch - updateUserAutoInvalid
2018-06-04 20:29:53,895 DEBUG --DONE--
