2018-06-06 07:34:02,321 INFO  HTTP_INIT_CLIENT: Starting HTTP interface connecting to server http://localhost:8765/
LOGIN SUCCESSFUL
2018-06-06 07:34:02,455 DEBUG --START--
2018-06-06 07:34:02,460 INFO  Starting - Batch - updateSupervisoryAccountHp from /bcrp/prd/application/BatchManager/bin/supervisory.batch
2018-06-06 07:34:02,465 INFO  Execute - Batch - updateSupervisoryAccountHp
2018-06-06 07:34:02,485 INFO  Completed - Batch - updateSupervisoryAccountHp from /bcrp/prd/application/BatchManager/bin/supervisory.batch
2018-06-06 07:34:02,485 INFO  Finished - Batch - updateSupervisoryAccountHp
2018-06-06 07:34:02,485 INFO  Starting - Batch - updateSupervisoryAccountUpl from /bcrp/prd/application/BatchManager/bin/supervisory.batch
2018-06-06 07:34:02,487 INFO  Execute - Batch - updateSupervisoryAccountUpl
2018-06-06 07:34:02,506 INFO  Completed - Batch - updateSupervisoryAccountUpl from /bcrp/prd/application/BatchManager/bin/supervisory.batch
2018-06-06 07:34:02,506 INFO  Finished - Batch - updateSupervisoryAccountUpl
2018-06-06 07:34:02,506 INFO  Starting - Batch - updateSupervisoryAccountOd from /bcrp/prd/application/BatchManager/bin/supervisory.batch
2018-06-06 07:34:02,508 INFO  Execute - Batch - updateSupervisoryAccountOd
2018-06-06 07:34:02,526 INFO  Completed - Batch - updateSupervisoryAccountOd from /bcrp/prd/application/BatchManager/bin/supervisory.batch
2018-06-06 07:34:02,526 INFO  Finished - Batch - updateSupervisoryAccountOd
2018-06-06 07:34:02,527 INFO  Starting - Batch - updateSupervisoryAccountMg from /bcrp/prd/application/BatchManager/bin/supervisory.batch
2018-06-06 07:34:02,528 INFO  Execute - Batch - updateSupervisoryAccountMg
2018-06-06 07:34:02,547 INFO  Completed - Batch - updateSupervisoryAccountMg from /bcrp/prd/application/BatchManager/bin/supervisory.batch
2018-06-06 07:34:02,547 INFO  Finished - Batch - updateSupervisoryAccountMg
2018-06-06 07:34:02,547 DEBUG --DONE--
