2018-06-18 06:39:01,922 INFO  HTTP_INIT_CLIENT: Starting HTTP interface connecting to server http://localhost:8765/
LOGIN SUCCESSFUL
2018-06-18 06:39:02,287 DEBUG --START--
2018-06-18 06:39:02,292 INFO  Starting - Batch - processHostData from /bcrp/prd/application/BatchManager/bin/Daily.batch
2018-06-18 06:39:02,298 INFO  Execute - Batch - processHostData
2018-06-18 07:11:08,526 INFO  Completed - Batch - processHostData from /bcrp/prd/application/BatchManager/bin/Daily.batch
2018-06-18 07:11:08,526 INFO  Finished - Batch - processHostData
2018-06-18 07:11:08,526 INFO  Starting - Batch - dailyWorkListTabsUpdate from /bcrp/prd/application/BatchManager/bin/Daily.batch
2018-06-18 07:11:08,527 INFO  Execute - Batch - dailyWorkListTabsUpdate
2018-06-18 07:11:52,685 INFO  Completed - Batch - dailyWorkListTabsUpdate from /bcrp/prd/application/BatchManager/bin/Daily.batch
2018-06-18 07:11:52,685 INFO  Finished - Batch - dailyWorkListTabsUpdate
2018-06-18 07:11:52,686 INFO  Starting - Batch - promiseEvaluation from /bcrp/prd/application/BatchManager/bin/Daily.batch
2018-06-18 07:11:52,687 INFO  Execute - Batch - promiseEvaluation
2018-06-18 07:13:46,993 INFO  Completed - Batch - promiseEvaluation from /bcrp/prd/application/BatchManager/bin/Daily.batch
2018-06-18 07:13:46,993 INFO  Finished - Batch - promiseEvaluation
2018-06-18 07:13:46,993 INFO  Starting - Batch - refreshAccountCheck from /bcrp/prd/application/BatchManager/bin/Daily.batch
2018-06-18 07:13:46,995 INFO  Execute - Batch - refreshAccountCheck
2018-06-18 07:13:47,023 INFO  Completed - Batch - refreshAccountCheck from /bcrp/prd/application/BatchManager/bin/Daily.batch
2018-06-18 07:13:47,023 INFO  Finished - Batch - refreshAccountCheck
2018-06-18 07:13:47,023 INFO  Starting - Batch - refreshAccountLoanApplication from /bcrp/prd/application/BatchManager/bin/Daily.batch
2018-06-18 07:13:47,024 INFO  Execute - Batch - refreshAccountLoanApplication
2018-06-18 07:14:33,502 INFO  Completed - Batch - refreshAccountLoanApplication from /bcrp/prd/application/BatchManager/bin/Daily.batch
2018-06-18 07:14:33,503 INFO  Finished - Batch - refreshAccountLoanApplication
2018-06-18 07:14:33,503 INFO  Starting - Batch - refreshAccountCollateral from /bcrp/prd/application/BatchManager/bin/Daily.batch
2018-06-18 07:14:33,504 INFO  Execute - Batch - refreshAccountCollateral
2018-06-18 07:16:05,855 INFO  Completed - Batch - refreshAccountCollateral from /bcrp/prd/application/BatchManager/bin/Daily.batch
2018-06-18 07:16:05,855 INFO  Finished - Batch - refreshAccountCollateral
2018-06-18 07:16:05,856 INFO  Starting - Batch - updateAccountLastStandingInstructions from /bcrp/prd/application/BatchManager/bin/Daily.batch
2018-06-18 07:16:05,857 INFO  Execute - Batch - updateAccountLastStandingInstructions
2018-06-18 07:16:42,416 INFO  Completed - Batch - updateAccountLastStandingInstructions from /bcrp/prd/application/BatchManager/bin/Daily.batch
2018-06-18 07:16:42,416 INFO  Finished - Batch - updateAccountLastStandingInstructions
2018-06-18 07:16:42,416 INFO  Starting - Batch - refreshAccountGuarantor from /bcrp/prd/application/BatchManager/bin/Daily.batch
2018-06-18 07:16:42,418 INFO  Execute - Batch - refreshAccountGuarantor
2018-06-18 07:16:49,454 INFO  Completed - Batch - refreshAccountGuarantor from /bcrp/prd/application/BatchManager/bin/Daily.batch
2018-06-18 07:16:49,454 INFO  Finished - Batch - refreshAccountGuarantor
2018-06-18 07:16:49,454 INFO  Starting - Batch - DAILY_AGENCY_PAYMENT_DELETE_BATCH from /bcrp/prd/application/BatchManager/bin/Daily.batch
2018-06-18 07:16:49,456 INFO  Execute - Batch - DAILY_AGENCY_PAYMENT_DELETE_BATCH
2018-06-18 07:16:49,525 INFO  Completed - Batch - DAILY_AGENCY_PAYMENT_DELETE_BATCH from /bcrp/prd/application/BatchManager/bin/Daily.batch
2018-06-18 07:16:49,525 INFO  Finished - Batch - DAILY_AGENCY_PAYMENT_DELETE_BATCH
2018-06-18 07:16:49,525 INFO  Starting - Batch - DAILY_AGENCY_PAYMENT_INSERT_BATCH from /bcrp/prd/application/BatchManager/bin/Daily.batch
2018-06-18 07:16:49,527 INFO  Execute - Batch - DAILY_AGENCY_PAYMENT_INSERT_BATCH
2018-06-18 07:17:07,044 INFO  Completed - Batch - DAILY_AGENCY_PAYMENT_INSERT_BATCH from /bcrp/prd/application/BatchManager/bin/Daily.batch
2018-06-18 07:17:07,045 INFO  Finished - Batch - DAILY_AGENCY_PAYMENT_INSERT_BATCH
2018-06-18 07:17:07,045 INFO  Starting - Batch - AUTOMATICALLY_UNSUCCESSFUL_EARMARK from /bcrp/prd/application/BatchManager/bin/Daily.batch
2018-06-18 07:17:07,046 INFO  Execute - Batch - AUTOMATICALLY_UNSUCCESSFUL_EARMARK
2018-06-18 07:17:07,065 INFO  Completed - Batch - AUTOMATICALLY_UNSUCCESSFUL_EARMARK from /bcrp/prd/application/BatchManager/bin/Daily.batch
2018-06-18 07:17:07,065 INFO  Finished - Batch - AUTOMATICALLY_UNSUCCESSFUL_EARMARK
2018-06-18 07:17:07,065 INFO  Starting - Batch - RnRCurrScheActualRemainingAmtUpdate from /bcrp/prd/application/BatchManager/bin/Daily.batch
2018-06-18 07:17:07,067 INFO  Execute - Batch - RnRCurrScheActualRemainingAmtUpdate
2018-06-18 07:17:08,516 INFO  Completed - Batch - RnRCurrScheActualRemainingAmtUpdate from /bcrp/prd/application/BatchManager/bin/Daily.batch
2018-06-18 07:17:08,516 INFO  Finished - Batch - RnRCurrScheActualRemainingAmtUpdate
2018-06-18 07:17:08,516 INFO  Starting - Batch - AUTOMATICALLY_UNSUCCESSFUL_VISITATION from /bcrp/prd/application/BatchManager/bin/Daily.batch
2018-06-18 07:17:08,517 INFO  Execute - Batch - AUTOMATICALLY_UNSUCCESSFUL_VISITATION
2018-06-18 07:17:08,639 INFO  Completed - Batch - AUTOMATICALLY_UNSUCCESSFUL_VISITATION from /bcrp/prd/application/BatchManager/bin/Daily.batch
2018-06-18 07:17:08,639 INFO  Finished - Batch - AUTOMATICALLY_UNSUCCESSFUL_VISITATION
2018-06-18 07:17:08,640 INFO  Starting - Batch - ledgerDaily from /bcrp/prd/application/BatchManager/bin/Daily.batch
2018-06-18 07:17:08,641 INFO  Execute - Batch - ledgerDaily
2018-06-18 07:18:14,406 INFO  Completed - Batch - ledgerDaily from /bcrp/prd/application/BatchManager/bin/Daily.batch
2018-06-18 07:18:14,406 INFO  Finished - Batch - ledgerDaily
2018-06-18 07:18:14,407 INFO  Starting - Batch - appAgencyDailyProcess from /bcrp/prd/application/BatchManager/bin/Daily.batch
2018-06-18 07:18:14,408 INFO  Execute - Batch - appAgencyDailyProcess
2018-06-18 07:19:55,060 INFO  Completed - Batch - appAgencyDailyProcess from /bcrp/prd/application/BatchManager/bin/Daily.batch
2018-06-18 07:19:55,060 INFO  Finished - Batch - appAgencyDailyProcess
2018-06-18 07:19:55,060 INFO  Starting - Batch - poolCallingPriority from /bcrp/prd/application/BatchManager/bin/Daily.batch
2018-06-18 07:19:55,061 INFO  Execute - Batch - poolCallingPriority
2018-06-18 07:19:55,559 INFO  Completed - Batch - poolCallingPriority from /bcrp/prd/application/BatchManager/bin/Daily.batch
2018-06-18 07:19:55,559 INFO  Finished - Batch - poolCallingPriority
2018-06-18 07:19:55,559 DEBUG --DONE--
