2018-06-15 06:17:53,222 INFO  HTTP_INIT_CLIENT: Starting HTTP interface connecting to server http://localhost:8765/
LOGIN SUCCESSFUL
2018-06-15 06:17:54,320 DEBUG --START--
2018-06-15 06:17:54,326 INFO  Starting - Batch - processHostData from /bcrp/prd/application/BatchManager/bin/Daily.batch
2018-06-15 06:17:54,331 INFO  Execute - Batch - processHostData
2018-06-15 06:46:56,152 INFO  Completed - Batch - processHostData from /bcrp/prd/application/BatchManager/bin/Daily.batch
2018-06-15 06:46:56,153 INFO  Finished - Batch - processHostData
2018-06-15 06:46:56,153 INFO  Starting - Batch - dailyWorkListTabsUpdate from /bcrp/prd/application/BatchManager/bin/Daily.batch
2018-06-15 06:46:56,153 INFO  Execute - Batch - dailyWorkListTabsUpdate
2018-06-15 06:47:40,109 INFO  Completed - Batch - dailyWorkListTabsUpdate from /bcrp/prd/application/BatchManager/bin/Daily.batch
2018-06-15 06:47:40,109 INFO  Finished - Batch - dailyWorkListTabsUpdate
2018-06-15 06:47:40,110 INFO  Starting - Batch - promiseEvaluation from /bcrp/prd/application/BatchManager/bin/Daily.batch
2018-06-15 06:47:40,111 INFO  Execute - Batch - promiseEvaluation
2018-06-15 06:53:52,909 INFO  Completed - Batch - promiseEvaluation from /bcrp/prd/application/BatchManager/bin/Daily.batch
2018-06-15 06:53:52,909 INFO  Finished - Batch - promiseEvaluation
2018-06-15 06:53:52,909 INFO  Starting - Batch - refreshAccountCheck from /bcrp/prd/application/BatchManager/bin/Daily.batch
2018-06-15 06:53:52,911 INFO  Execute - Batch - refreshAccountCheck
2018-06-15 06:53:52,935 INFO  Completed - Batch - refreshAccountCheck from /bcrp/prd/application/BatchManager/bin/Daily.batch
2018-06-15 06:53:52,936 INFO  Finished - Batch - refreshAccountCheck
2018-06-15 06:53:52,936 INFO  Starting - Batch - refreshAccountLoanApplication from /bcrp/prd/application/BatchManager/bin/Daily.batch
2018-06-15 06:53:52,937 INFO  Execute - Batch - refreshAccountLoanApplication
2018-06-15 06:54:46,044 INFO  Completed - Batch - refreshAccountLoanApplication from /bcrp/prd/application/BatchManager/bin/Daily.batch
2018-06-15 06:54:46,044 INFO  Finished - Batch - refreshAccountLoanApplication
2018-06-15 06:54:46,044 INFO  Starting - Batch - refreshAccountCollateral from /bcrp/prd/application/BatchManager/bin/Daily.batch
2018-06-15 06:54:46,046 INFO  Execute - Batch - refreshAccountCollateral
2018-06-15 06:56:48,329 INFO  Completed - Batch - refreshAccountCollateral from /bcrp/prd/application/BatchManager/bin/Daily.batch
2018-06-15 06:56:48,329 INFO  Finished - Batch - refreshAccountCollateral
2018-06-15 06:56:48,330 INFO  Starting - Batch - updateAccountLastStandingInstructions from /bcrp/prd/application/BatchManager/bin/Daily.batch
2018-06-15 06:56:48,331 INFO  Execute - Batch - updateAccountLastStandingInstructions
2018-06-15 06:57:26,235 INFO  Completed - Batch - updateAccountLastStandingInstructions from /bcrp/prd/application/BatchManager/bin/Daily.batch
2018-06-15 06:57:26,235 INFO  Finished - Batch - updateAccountLastStandingInstructions
2018-06-15 06:57:26,235 INFO  Starting - Batch - refreshAccountGuarantor from /bcrp/prd/application/BatchManager/bin/Daily.batch
2018-06-15 06:57:26,237 INFO  Execute - Batch - refreshAccountGuarantor
2018-06-15 06:57:34,935 INFO  Completed - Batch - refreshAccountGuarantor from /bcrp/prd/application/BatchManager/bin/Daily.batch
2018-06-15 06:57:34,935 INFO  Finished - Batch - refreshAccountGuarantor
2018-06-15 06:57:34,935 INFO  Starting - Batch - DAILY_AGENCY_PAYMENT_DELETE_BATCH from /bcrp/prd/application/BatchManager/bin/Daily.batch
2018-06-15 06:57:34,936 INFO  Execute - Batch - DAILY_AGENCY_PAYMENT_DELETE_BATCH
2018-06-15 06:57:35,012 INFO  Completed - Batch - DAILY_AGENCY_PAYMENT_DELETE_BATCH from /bcrp/prd/application/BatchManager/bin/Daily.batch
2018-06-15 06:57:35,012 INFO  Finished - Batch - DAILY_AGENCY_PAYMENT_DELETE_BATCH
2018-06-15 06:57:35,013 INFO  Starting - Batch - DAILY_AGENCY_PAYMENT_INSERT_BATCH from /bcrp/prd/application/BatchManager/bin/Daily.batch
2018-06-15 06:57:35,013 INFO  Execute - Batch - DAILY_AGENCY_PAYMENT_INSERT_BATCH
2018-06-15 06:57:52,898 INFO  Completed - Batch - DAILY_AGENCY_PAYMENT_INSERT_BATCH from /bcrp/prd/application/BatchManager/bin/Daily.batch
2018-06-15 06:57:52,899 INFO  Finished - Batch - DAILY_AGENCY_PAYMENT_INSERT_BATCH
2018-06-15 06:57:52,899 INFO  Starting - Batch - AUTOMATICALLY_UNSUCCESSFUL_EARMARK from /bcrp/prd/application/BatchManager/bin/Daily.batch
2018-06-15 06:57:52,900 INFO  Execute - Batch - AUTOMATICALLY_UNSUCCESSFUL_EARMARK
2018-06-15 06:57:52,925 INFO  Completed - Batch - AUTOMATICALLY_UNSUCCESSFUL_EARMARK from /bcrp/prd/application/BatchManager/bin/Daily.batch
2018-06-15 06:57:52,926 INFO  Finished - Batch - AUTOMATICALLY_UNSUCCESSFUL_EARMARK
2018-06-15 06:57:52,926 INFO  Starting - Batch - RnRCurrScheActualRemainingAmtUpdate from /bcrp/prd/application/BatchManager/bin/Daily.batch
2018-06-15 06:57:52,926 INFO  Execute - Batch - RnRCurrScheActualRemainingAmtUpdate
2018-06-15 06:57:54,366 INFO  Completed - Batch - RnRCurrScheActualRemainingAmtUpdate from /bcrp/prd/application/BatchManager/bin/Daily.batch
2018-06-15 06:57:54,366 INFO  Finished - Batch - RnRCurrScheActualRemainingAmtUpdate
2018-06-15 06:57:54,366 INFO  Starting - Batch - AUTOMATICALLY_UNSUCCESSFUL_VISITATION from /bcrp/prd/application/BatchManager/bin/Daily.batch
2018-06-15 06:57:54,367 INFO  Execute - Batch - AUTOMATICALLY_UNSUCCESSFUL_VISITATION
2018-06-15 06:57:54,393 INFO  Completed - Batch - AUTOMATICALLY_UNSUCCESSFUL_VISITATION from /bcrp/prd/application/BatchManager/bin/Daily.batch
2018-06-15 06:57:54,393 INFO  Finished - Batch - AUTOMATICALLY_UNSUCCESSFUL_VISITATION
2018-06-15 06:57:54,394 INFO  Starting - Batch - ledgerDaily from /bcrp/prd/application/BatchManager/bin/Daily.batch
2018-06-15 06:57:54,395 INFO  Execute - Batch - ledgerDaily
2018-06-15 06:58:59,385 INFO  Completed - Batch - ledgerDaily from /bcrp/prd/application/BatchManager/bin/Daily.batch
2018-06-15 06:58:59,386 INFO  Finished - Batch - ledgerDaily
2018-06-15 06:58:59,386 INFO  Starting - Batch - appAgencyDailyProcess from /bcrp/prd/application/BatchManager/bin/Daily.batch
2018-06-15 06:58:59,387 INFO  Execute - Batch - appAgencyDailyProcess
2018-06-15 07:01:19,601 INFO  Completed - Batch - appAgencyDailyProcess from /bcrp/prd/application/BatchManager/bin/Daily.batch
2018-06-15 07:01:19,602 INFO  Finished - Batch - appAgencyDailyProcess
2018-06-15 07:01:19,602 INFO  Starting - Batch - poolCallingPriority from /bcrp/prd/application/BatchManager/bin/Daily.batch
2018-06-15 07:01:19,603 INFO  Execute - Batch - poolCallingPriority
2018-06-15 07:01:23,508 INFO  Completed - Batch - poolCallingPriority from /bcrp/prd/application/BatchManager/bin/Daily.batch
2018-06-15 07:01:23,508 INFO  Finished - Batch - poolCallingPriority
2018-06-15 07:01:23,508 DEBUG --DONE--
