2018-06-01 07:48:02,325 INFO  HTTP_INIT_CLIENT: Starting HTTP interface connecting to server http://localhost:8765/
LOGIN SUCCESSFUL
2018-06-01 07:48:02,632 DEBUG --START--
2018-06-01 07:48:02,638 INFO  Starting - Batch - processHostData from /bcrp/prd/application/BatchManager/bin/Daily.batch
2018-06-01 07:48:02,643 INFO  Execute - Batch - processHostData
2018-06-01 08:17:26,930 INFO  Completed - Batch - processHostData from /bcrp/prd/application/BatchManager/bin/Daily.batch
2018-06-01 08:17:26,930 INFO  Finished - Batch - processHostData
2018-06-01 08:17:26,930 INFO  Starting - Batch - dailyWorkListTabsUpdate from /bcrp/prd/application/BatchManager/bin/Daily.batch
2018-06-01 08:17:26,932 INFO  Execute - Batch - dailyWorkListTabsUpdate
2018-06-01 08:18:14,558 INFO  Completed - Batch - dailyWorkListTabsUpdate from /bcrp/prd/application/BatchManager/bin/Daily.batch
2018-06-01 08:18:14,558 INFO  Finished - Batch - dailyWorkListTabsUpdate
2018-06-01 08:18:14,558 INFO  Starting - Batch - promiseEvaluation from /bcrp/prd/application/BatchManager/bin/Daily.batch
2018-06-01 08:18:14,560 INFO  Execute - Batch - promiseEvaluation
2018-06-01 08:34:46,633 INFO  Completed - Batch - promiseEvaluation from /bcrp/prd/application/BatchManager/bin/Daily.batch
2018-06-01 08:34:46,634 INFO  Finished - Batch - promiseEvaluation
2018-06-01 08:34:46,634 INFO  Starting - Batch - refreshAccountCheck from /bcrp/prd/application/BatchManager/bin/Daily.batch
2018-06-01 08:34:46,635 INFO  Execute - Batch - refreshAccountCheck
2018-06-01 08:34:46,741 INFO  Completed - Batch - refreshAccountCheck from /bcrp/prd/application/BatchManager/bin/Daily.batch
2018-06-01 08:34:46,741 INFO  Finished - Batch - refreshAccountCheck
2018-06-01 08:34:46,742 INFO  Starting - Batch - refreshAccountLoanApplication from /bcrp/prd/application/BatchManager/bin/Daily.batch
2018-06-01 08:34:46,743 INFO  Execute - Batch - refreshAccountLoanApplication
2018-06-01 08:35:45,210 INFO  Completed - Batch - refreshAccountLoanApplication from /bcrp/prd/application/BatchManager/bin/Daily.batch
2018-06-01 08:35:45,210 INFO  Finished - Batch - refreshAccountLoanApplication
2018-06-01 08:35:45,210 INFO  Starting - Batch - refreshAccountCollateral from /bcrp/prd/application/BatchManager/bin/Daily.batch
2018-06-01 08:35:45,212 INFO  Execute - Batch - refreshAccountCollateral
2018-06-01 08:37:56,103 INFO  Completed - Batch - refreshAccountCollateral from /bcrp/prd/application/BatchManager/bin/Daily.batch
2018-06-01 08:37:56,103 INFO  Finished - Batch - refreshAccountCollateral
2018-06-01 08:37:56,103 INFO  Starting - Batch - updateAccountLastStandingInstructions from /bcrp/prd/application/BatchManager/bin/Daily.batch
2018-06-01 08:37:56,105 INFO  Execute - Batch - updateAccountLastStandingInstructions
2018-06-01 08:38:48,946 INFO  Completed - Batch - updateAccountLastStandingInstructions from /bcrp/prd/application/BatchManager/bin/Daily.batch
2018-06-01 08:38:48,946 INFO  Finished - Batch - updateAccountLastStandingInstructions
2018-06-01 08:38:48,946 INFO  Starting - Batch - refreshAccountGuarantor from /bcrp/prd/application/BatchManager/bin/Daily.batch
2018-06-01 08:38:48,948 INFO  Execute - Batch - refreshAccountGuarantor
2018-06-01 08:38:58,893 INFO  Completed - Batch - refreshAccountGuarantor from /bcrp/prd/application/BatchManager/bin/Daily.batch
2018-06-01 08:38:58,893 INFO  Finished - Batch - refreshAccountGuarantor
2018-06-01 08:38:58,894 INFO  Starting - Batch - DAILY_AGENCY_PAYMENT_DELETE_BATCH from /bcrp/prd/application/BatchManager/bin/Daily.batch
2018-06-01 08:38:58,895 INFO  Execute - Batch - DAILY_AGENCY_PAYMENT_DELETE_BATCH
2018-06-01 08:38:58,983 INFO  Completed - Batch - DAILY_AGENCY_PAYMENT_DELETE_BATCH from /bcrp/prd/application/BatchManager/bin/Daily.batch
2018-06-01 08:38:58,984 INFO  Finished - Batch - DAILY_AGENCY_PAYMENT_DELETE_BATCH
2018-06-01 08:38:58,984 INFO  Starting - Batch - DAILY_AGENCY_PAYMENT_INSERT_BATCH from /bcrp/prd/application/BatchManager/bin/Daily.batch
2018-06-01 08:38:58,985 INFO  Execute - Batch - DAILY_AGENCY_PAYMENT_INSERT_BATCH
2018-06-01 08:39:26,343 INFO  Completed - Batch - DAILY_AGENCY_PAYMENT_INSERT_BATCH from /bcrp/prd/application/BatchManager/bin/Daily.batch
2018-06-01 08:39:26,343 INFO  Finished - Batch - DAILY_AGENCY_PAYMENT_INSERT_BATCH
2018-06-01 08:39:26,344 INFO  Starting - Batch - AUTOMATICALLY_UNSUCCESSFUL_EARMARK from /bcrp/prd/application/BatchManager/bin/Daily.batch
2018-06-01 08:39:26,345 INFO  Execute - Batch - AUTOMATICALLY_UNSUCCESSFUL_EARMARK
2018-06-01 08:39:26,382 INFO  Completed - Batch - AUTOMATICALLY_UNSUCCESSFUL_EARMARK from /bcrp/prd/application/BatchManager/bin/Daily.batch
2018-06-01 08:39:26,382 INFO  Finished - Batch - AUTOMATICALLY_UNSUCCESSFUL_EARMARK
2018-06-01 08:39:26,383 INFO  Starting - Batch - RnRCurrScheActualRemainingAmtUpdate from /bcrp/prd/application/BatchManager/bin/Daily.batch
2018-06-01 08:39:26,383 INFO  Execute - Batch - RnRCurrScheActualRemainingAmtUpdate
2018-06-01 08:39:29,155 INFO  Completed - Batch - RnRCurrScheActualRemainingAmtUpdate from /bcrp/prd/application/BatchManager/bin/Daily.batch
2018-06-01 08:39:29,155 INFO  Finished - Batch - RnRCurrScheActualRemainingAmtUpdate
2018-06-01 08:39:29,155 INFO  Starting - Batch - AUTOMATICALLY_UNSUCCESSFUL_VISITATION from /bcrp/prd/application/BatchManager/bin/Daily.batch
2018-06-01 08:39:29,156 INFO  Execute - Batch - AUTOMATICALLY_UNSUCCESSFUL_VISITATION
2018-06-01 08:39:29,202 INFO  Completed - Batch - AUTOMATICALLY_UNSUCCESSFUL_VISITATION from /bcrp/prd/application/BatchManager/bin/Daily.batch
2018-06-01 08:39:29,202 INFO  Finished - Batch - AUTOMATICALLY_UNSUCCESSFUL_VISITATION
2018-06-01 08:39:29,202 INFO  Starting - Batch - ledgerDaily from /bcrp/prd/application/BatchManager/bin/Daily.batch
2018-06-01 08:39:29,203 INFO  Execute - Batch - ledgerDaily
2018-06-01 08:41:16,515 INFO  Completed - Batch - ledgerDaily from /bcrp/prd/application/BatchManager/bin/Daily.batch
2018-06-01 08:41:16,516 INFO  Finished - Batch - ledgerDaily
2018-06-01 08:41:16,516 INFO  Starting - Batch - appAgencyDailyProcess from /bcrp/prd/application/BatchManager/bin/Daily.batch
2018-06-01 08:41:16,517 INFO  Execute - Batch - appAgencyDailyProcess
2018-06-01 08:48:05,791 INFO  Completed - Batch - appAgencyDailyProcess from /bcrp/prd/application/BatchManager/bin/Daily.batch
2018-06-01 08:48:05,791 INFO  Finished - Batch - appAgencyDailyProcess
2018-06-01 08:48:05,791 INFO  Starting - Batch - poolCallingPriority from /bcrp/prd/application/BatchManager/bin/Daily.batch
2018-06-01 08:48:05,792 INFO  Execute - Batch - poolCallingPriority
2018-06-01 08:48:07,219 INFO  Completed - Batch - poolCallingPriority from /bcrp/prd/application/BatchManager/bin/Daily.batch
2018-06-01 08:48:07,220 INFO  Finished - Batch - poolCallingPriority
2018-06-01 08:48:07,220 DEBUG --DONE--
