2018-06-28 06:27:02,177 INFO  HTTP_INIT_CLIENT: Starting HTTP interface connecting to server http://localhost:8765/
LOGIN SUCCESSFUL
2018-06-28 06:27:03,750 DEBUG --START--
2018-06-28 06:27:03,755 INFO  Starting - Batch - processHostData from /bcrp/prd/application/BatchManager/bin/Daily.batch
2018-06-28 06:27:03,760 INFO  Execute - Batch - processHostData
2018-06-28 06:56:27,980 INFO  Completed - Batch - processHostData from /bcrp/prd/application/BatchManager/bin/Daily.batch
2018-06-28 06:56:27,980 INFO  Finished - Batch - processHostData
2018-06-28 06:56:27,980 INFO  Starting - Batch - dailyWorkListTabsUpdate from /bcrp/prd/application/BatchManager/bin/Daily.batch
2018-06-28 06:56:27,982 INFO  Execute - Batch - dailyWorkListTabsUpdate
2018-06-28 06:57:13,960 INFO  Completed - Batch - dailyWorkListTabsUpdate from /bcrp/prd/application/BatchManager/bin/Daily.batch
2018-06-28 06:57:13,960 INFO  Finished - Batch - dailyWorkListTabsUpdate
2018-06-28 06:57:13,960 INFO  Starting - Batch - promiseEvaluation from /bcrp/prd/application/BatchManager/bin/Daily.batch
2018-06-28 06:57:13,962 INFO  Execute - Batch - promiseEvaluation
2018-06-28 07:04:49,866 INFO  Completed - Batch - promiseEvaluation from /bcrp/prd/application/BatchManager/bin/Daily.batch
2018-06-28 07:04:49,867 INFO  Finished - Batch - promiseEvaluation
2018-06-28 07:04:49,867 INFO  Starting - Batch - refreshAccountCheck from /bcrp/prd/application/BatchManager/bin/Daily.batch
2018-06-28 07:04:49,868 INFO  Execute - Batch - refreshAccountCheck
2018-06-28 07:04:49,893 INFO  Completed - Batch - refreshAccountCheck from /bcrp/prd/application/BatchManager/bin/Daily.batch
2018-06-28 07:04:49,893 INFO  Finished - Batch - refreshAccountCheck
2018-06-28 07:04:49,893 INFO  Starting - Batch - refreshAccountLoanApplication from /bcrp/prd/application/BatchManager/bin/Daily.batch
2018-06-28 07:04:49,894 INFO  Execute - Batch - refreshAccountLoanApplication
2018-06-28 07:05:37,397 INFO  Completed - Batch - refreshAccountLoanApplication from /bcrp/prd/application/BatchManager/bin/Daily.batch
2018-06-28 07:05:37,397 INFO  Finished - Batch - refreshAccountLoanApplication
2018-06-28 07:05:37,398 INFO  Starting - Batch - refreshAccountCollateral from /bcrp/prd/application/BatchManager/bin/Daily.batch
2018-06-28 07:05:37,399 INFO  Execute - Batch - refreshAccountCollateral
2018-06-28 07:07:19,865 INFO  Completed - Batch - refreshAccountCollateral from /bcrp/prd/application/BatchManager/bin/Daily.batch
2018-06-28 07:07:19,865 INFO  Finished - Batch - refreshAccountCollateral
2018-06-28 07:07:19,865 INFO  Starting - Batch - updateAccountLastStandingInstructions from /bcrp/prd/application/BatchManager/bin/Daily.batch
2018-06-28 07:07:19,867 INFO  Execute - Batch - updateAccountLastStandingInstructions
2018-06-28 07:07:53,508 INFO  Completed - Batch - updateAccountLastStandingInstructions from /bcrp/prd/application/BatchManager/bin/Daily.batch
2018-06-28 07:07:53,509 INFO  Finished - Batch - updateAccountLastStandingInstructions
2018-06-28 07:07:53,509 INFO  Starting - Batch - refreshAccountGuarantor from /bcrp/prd/application/BatchManager/bin/Daily.batch
2018-06-28 07:07:53,510 INFO  Execute - Batch - refreshAccountGuarantor
2018-06-28 07:08:00,626 INFO  Completed - Batch - refreshAccountGuarantor from /bcrp/prd/application/BatchManager/bin/Daily.batch
2018-06-28 07:08:00,626 INFO  Finished - Batch - refreshAccountGuarantor
2018-06-28 07:08:00,627 INFO  Starting - Batch - DAILY_AGENCY_PAYMENT_DELETE_BATCH from /bcrp/prd/application/BatchManager/bin/Daily.batch
2018-06-28 07:08:00,628 INFO  Execute - Batch - DAILY_AGENCY_PAYMENT_DELETE_BATCH
2018-06-28 07:08:00,707 INFO  Completed - Batch - DAILY_AGENCY_PAYMENT_DELETE_BATCH from /bcrp/prd/application/BatchManager/bin/Daily.batch
2018-06-28 07:08:00,707 INFO  Finished - Batch - DAILY_AGENCY_PAYMENT_DELETE_BATCH
2018-06-28 07:08:00,707 INFO  Starting - Batch - DAILY_AGENCY_PAYMENT_INSERT_BATCH from /bcrp/prd/application/BatchManager/bin/Daily.batch
2018-06-28 07:08:00,709 INFO  Execute - Batch - DAILY_AGENCY_PAYMENT_INSERT_BATCH
2018-06-28 07:08:18,737 INFO  Completed - Batch - DAILY_AGENCY_PAYMENT_INSERT_BATCH from /bcrp/prd/application/BatchManager/bin/Daily.batch
2018-06-28 07:08:18,738 INFO  Finished - Batch - DAILY_AGENCY_PAYMENT_INSERT_BATCH
2018-06-28 07:08:18,738 INFO  Starting - Batch - AUTOMATICALLY_UNSUCCESSFUL_EARMARK from /bcrp/prd/application/BatchManager/bin/Daily.batch
2018-06-28 07:08:18,739 INFO  Execute - Batch - AUTOMATICALLY_UNSUCCESSFUL_EARMARK
2018-06-28 07:08:18,763 INFO  Completed - Batch - AUTOMATICALLY_UNSUCCESSFUL_EARMARK from /bcrp/prd/application/BatchManager/bin/Daily.batch
2018-06-28 07:08:18,763 INFO  Finished - Batch - AUTOMATICALLY_UNSUCCESSFUL_EARMARK
2018-06-28 07:08:18,764 INFO  Starting - Batch - RnRCurrScheActualRemainingAmtUpdate from /bcrp/prd/application/BatchManager/bin/Daily.batch
2018-06-28 07:08:18,765 INFO  Execute - Batch - RnRCurrScheActualRemainingAmtUpdate
2018-06-28 07:08:20,200 INFO  Completed - Batch - RnRCurrScheActualRemainingAmtUpdate from /bcrp/prd/application/BatchManager/bin/Daily.batch
2018-06-28 07:08:20,200 INFO  Finished - Batch - RnRCurrScheActualRemainingAmtUpdate
2018-06-28 07:08:20,200 INFO  Starting - Batch - AUTOMATICALLY_UNSUCCESSFUL_VISITATION from /bcrp/prd/application/BatchManager/bin/Daily.batch
2018-06-28 07:08:20,201 INFO  Execute - Batch - AUTOMATICALLY_UNSUCCESSFUL_VISITATION
2018-06-28 07:08:20,255 INFO  Completed - Batch - AUTOMATICALLY_UNSUCCESSFUL_VISITATION from /bcrp/prd/application/BatchManager/bin/Daily.batch
2018-06-28 07:08:20,255 INFO  Finished - Batch - AUTOMATICALLY_UNSUCCESSFUL_VISITATION
2018-06-28 07:08:20,255 INFO  Starting - Batch - ledgerDaily from /bcrp/prd/application/BatchManager/bin/Daily.batch
2018-06-28 07:08:20,256 INFO  Execute - Batch - ledgerDaily
2018-06-28 07:09:26,261 INFO  Completed - Batch - ledgerDaily from /bcrp/prd/application/BatchManager/bin/Daily.batch
2018-06-28 07:09:26,262 INFO  Finished - Batch - ledgerDaily
2018-06-28 07:09:26,262 INFO  Starting - Batch - appAgencyDailyProcess from /bcrp/prd/application/BatchManager/bin/Daily.batch
2018-06-28 07:09:26,263 INFO  Execute - Batch - appAgencyDailyProcess
2018-06-28 07:12:45,444 INFO  Completed - Batch - appAgencyDailyProcess from /bcrp/prd/application/BatchManager/bin/Daily.batch
2018-06-28 07:12:45,445 INFO  Finished - Batch - appAgencyDailyProcess
2018-06-28 07:12:45,445 INFO  Starting - Batch - poolCallingPriority from /bcrp/prd/application/BatchManager/bin/Daily.batch
2018-06-28 07:12:45,446 INFO  Execute - Batch - poolCallingPriority
2018-06-28 07:12:49,436 INFO  Completed - Batch - poolCallingPriority from /bcrp/prd/application/BatchManager/bin/Daily.batch
2018-06-28 07:12:49,437 INFO  Finished - Batch - poolCallingPriority
2018-06-28 07:12:49,437 DEBUG --DONE--
