2018-06-20 07:18:01,807 INFO  HTTP_INIT_CLIENT: Starting HTTP interface connecting to server http://localhost:8765/
LOGIN SUCCESSFUL
2018-06-20 07:18:01,970 DEBUG --START--
2018-06-20 07:18:01,975 INFO  Starting - Batch - executeWlgHpIlAdhoc from /bcrp/prd/application/BatchManager/bin/DailyAdhocAssignment.batch
2018-06-20 07:18:01,980 INFO  Execute - Batch - executeWlgHpIlAdhoc
2018-06-20 07:18:01,993 INFO  Completed - Batch - executeWlgHpIlAdhoc from /bcrp/prd/application/BatchManager/bin/DailyAdhocAssignment.batch
2018-06-20 07:18:01,993 INFO  Finished - Batch - executeWlgHpIlAdhoc
2018-06-20 07:18:01,993 INFO  Starting - Batch - executeWlgHpPreIlAdhoc from /bcrp/prd/application/BatchManager/bin/DailyAdhocAssignment.batch
2018-06-20 07:18:01,994 INFO  Execute - Batch - executeWlgHpPreIlAdhoc
2018-06-20 07:24:37,518 INFO  Completed - Batch - executeWlgHpPreIlAdhoc from /bcrp/prd/application/BatchManager/bin/DailyAdhocAssignment.batch
2018-06-20 07:24:37,519 INFO  Finished - Batch - executeWlgHpPreIlAdhoc
2018-06-20 07:24:37,519 INFO  Starting - Batch - executeWlgPlIlAdhoc from /bcrp/prd/application/BatchManager/bin/DailyAdhocAssignment.batch
2018-06-20 07:24:37,520 INFO  Execute - Batch - executeWlgPlIlAdhoc
2018-06-20 07:24:37,534 INFO  Completed - Batch - executeWlgPlIlAdhoc from /bcrp/prd/application/BatchManager/bin/DailyAdhocAssignment.batch
2018-06-20 07:24:37,534 INFO  Finished - Batch - executeWlgPlIlAdhoc
2018-06-20 07:24:37,534 INFO  Starting - Batch - executeWlgPlPreIlAdhoc from /bcrp/prd/application/BatchManager/bin/DailyAdhocAssignment.batch
2018-06-20 07:24:37,536 INFO  Execute - Batch - executeWlgPlPreIlAdhoc
2018-06-20 07:24:37,548 INFO  Completed - Batch - executeWlgPlPreIlAdhoc from /bcrp/prd/application/BatchManager/bin/DailyAdhocAssignment.batch
2018-06-20 07:24:37,549 INFO  Finished - Batch - executeWlgPlPreIlAdhoc
2018-06-20 07:24:37,549 INFO  Starting - Batch - executeWlgMgIlAdhoc from /bcrp/prd/application/BatchManager/bin/DailyAdhocAssignment.batch
2018-06-20 07:24:37,550 INFO  Execute - Batch - executeWlgMgIlAdhoc
2018-06-20 07:24:37,562 INFO  Completed - Batch - executeWlgMgIlAdhoc from /bcrp/prd/application/BatchManager/bin/DailyAdhocAssignment.batch
2018-06-20 07:24:37,563 INFO  Finished - Batch - executeWlgMgIlAdhoc
2018-06-20 07:24:37,563 INFO  Starting - Batch - executeWlgMgPreIlAdhoc from /bcrp/prd/application/BatchManager/bin/DailyAdhocAssignment.batch
2018-06-20 07:24:37,564 INFO  Execute - Batch - executeWlgMgPreIlAdhoc
2018-06-20 07:24:37,580 INFO  Completed - Batch - executeWlgMgPreIlAdhoc from /bcrp/prd/application/BatchManager/bin/DailyAdhocAssignment.batch
2018-06-20 07:24:37,580 INFO  Finished - Batch - executeWlgMgPreIlAdhoc
2018-06-20 07:24:37,580 INFO  Starting - Batch - executeWlgOdIlAdhoc from /bcrp/prd/application/BatchManager/bin/DailyAdhocAssignment.batch
2018-06-20 07:24:37,581 INFO  Execute - Batch - executeWlgOdIlAdhoc
2018-06-20 07:24:37,593 INFO  Completed - Batch - executeWlgOdIlAdhoc from /bcrp/prd/application/BatchManager/bin/DailyAdhocAssignment.batch
2018-06-20 07:24:37,594 INFO  Finished - Batch - executeWlgOdIlAdhoc
2018-06-20 07:24:37,594 INFO  Starting - Batch - executeWlgOdPreIlAdhoc from /bcrp/prd/application/BatchManager/bin/DailyAdhocAssignment.batch
2018-06-20 07:24:37,595 INFO  Execute - Batch - executeWlgOdPreIlAdhoc
2018-06-20 07:24:37,607 INFO  Completed - Batch - executeWlgOdPreIlAdhoc from /bcrp/prd/application/BatchManager/bin/DailyAdhocAssignment.batch
2018-06-20 07:24:37,608 INFO  Finished - Batch - executeWlgOdPreIlAdhoc
2018-06-20 07:24:37,608 DEBUG --DONE--
