2018-06-07 07:20:02,255 INFO  HTTP_INIT_CLIENT: Starting HTTP interface connecting to server http://localhost:8765/
LOGIN SUCCESSFUL
2018-06-07 07:20:02,400 DEBUG --START--
2018-06-07 07:20:02,405 INFO  Starting - Batch - executeWlgHpIlAdhoc from /bcrp/prd/application/BatchManager/bin/DailyAdhocAssignment.batch
2018-06-07 07:20:02,410 INFO  Execute - Batch - executeWlgHpIlAdhoc
2018-06-07 07:20:02,421 INFO  Completed - Batch - executeWlgHpIlAdhoc from /bcrp/prd/application/BatchManager/bin/DailyAdhocAssignment.batch
2018-06-07 07:20:02,421 INFO  Finished - Batch - executeWlgHpIlAdhoc
2018-06-07 07:20:02,421 INFO  Starting - Batch - executeWlgHpPreIlAdhoc from /bcrp/prd/application/BatchManager/bin/DailyAdhocAssignment.batch
2018-06-07 07:20:02,421 INFO  Execute - Batch - executeWlgHpPreIlAdhoc
2018-06-07 07:25:59,929 INFO  Completed - Batch - executeWlgHpPreIlAdhoc from /bcrp/prd/application/BatchManager/bin/DailyAdhocAssignment.batch
2018-06-07 07:25:59,929 INFO  Finished - Batch - executeWlgHpPreIlAdhoc
2018-06-07 07:25:59,929 INFO  Starting - Batch - executeWlgPlIlAdhoc from /bcrp/prd/application/BatchManager/bin/DailyAdhocAssignment.batch
2018-06-07 07:25:59,931 INFO  Execute - Batch - executeWlgPlIlAdhoc
2018-06-07 07:25:59,944 INFO  Completed - Batch - executeWlgPlIlAdhoc from /bcrp/prd/application/BatchManager/bin/DailyAdhocAssignment.batch
2018-06-07 07:25:59,945 INFO  Finished - Batch - executeWlgPlIlAdhoc
2018-06-07 07:25:59,945 INFO  Starting - Batch - executeWlgPlPreIlAdhoc from /bcrp/prd/application/BatchManager/bin/DailyAdhocAssignment.batch
2018-06-07 07:25:59,946 INFO  Execute - Batch - executeWlgPlPreIlAdhoc
2018-06-07 07:27:26,202 INFO  Completed - Batch - executeWlgPlPreIlAdhoc from /bcrp/prd/application/BatchManager/bin/DailyAdhocAssignment.batch
2018-06-07 07:27:26,202 INFO  Finished - Batch - executeWlgPlPreIlAdhoc
2018-06-07 07:27:26,202 INFO  Starting - Batch - executeWlgMgIlAdhoc from /bcrp/prd/application/BatchManager/bin/DailyAdhocAssignment.batch
2018-06-07 07:27:26,204 INFO  Execute - Batch - executeWlgMgIlAdhoc
2018-06-07 07:27:26,217 INFO  Completed - Batch - executeWlgMgIlAdhoc from /bcrp/prd/application/BatchManager/bin/DailyAdhocAssignment.batch
2018-06-07 07:27:26,217 INFO  Finished - Batch - executeWlgMgIlAdhoc
2018-06-07 07:27:26,217 INFO  Starting - Batch - executeWlgMgPreIlAdhoc from /bcrp/prd/application/BatchManager/bin/DailyAdhocAssignment.batch
2018-06-07 07:27:26,218 INFO  Execute - Batch - executeWlgMgPreIlAdhoc
2018-06-07 07:27:26,231 INFO  Completed - Batch - executeWlgMgPreIlAdhoc from /bcrp/prd/application/BatchManager/bin/DailyAdhocAssignment.batch
2018-06-07 07:27:26,232 INFO  Finished - Batch - executeWlgMgPreIlAdhoc
2018-06-07 07:27:26,232 INFO  Starting - Batch - executeWlgOdIlAdhoc from /bcrp/prd/application/BatchManager/bin/DailyAdhocAssignment.batch
2018-06-07 07:27:26,233 INFO  Execute - Batch - executeWlgOdIlAdhoc
2018-06-07 07:27:26,245 INFO  Completed - Batch - executeWlgOdIlAdhoc from /bcrp/prd/application/BatchManager/bin/DailyAdhocAssignment.batch
2018-06-07 07:27:26,245 INFO  Finished - Batch - executeWlgOdIlAdhoc
2018-06-07 07:27:26,245 INFO  Starting - Batch - executeWlgOdPreIlAdhoc from /bcrp/prd/application/BatchManager/bin/DailyAdhocAssignment.batch
2018-06-07 07:27:26,247 INFO  Execute - Batch - executeWlgOdPreIlAdhoc
2018-06-07 07:27:26,258 INFO  Completed - Batch - executeWlgOdPreIlAdhoc from /bcrp/prd/application/BatchManager/bin/DailyAdhocAssignment.batch
2018-06-07 07:27:26,259 INFO  Finished - Batch - executeWlgOdPreIlAdhoc
2018-06-07 07:27:26,259 DEBUG --DONE--
