2018-06-18 07:35:02,333 INFO  HTTP_INIT_CLIENT: Starting HTTP interface connecting to server http://localhost:8765/
LOGIN SUCCESSFUL
2018-06-18 07:35:02,493 DEBUG --START--
2018-06-18 07:35:02,497 INFO  Starting - Batch - executeWlgHpIlAdhoc from /bcrp/prd/application/BatchManager/bin/DailyAdhocAssignment.batch
2018-06-18 07:35:02,503 INFO  Execute - Batch - executeWlgHpIlAdhoc
2018-06-18 07:35:02,516 INFO  Completed - Batch - executeWlgHpIlAdhoc from /bcrp/prd/application/BatchManager/bin/DailyAdhocAssignment.batch
2018-06-18 07:35:02,516 INFO  Finished - Batch - executeWlgHpIlAdhoc
2018-06-18 07:35:02,516 INFO  Starting - Batch - executeWlgHpPreIlAdhoc from /bcrp/prd/application/BatchManager/bin/DailyAdhocAssignment.batch
2018-06-18 07:35:02,517 INFO  Execute - Batch - executeWlgHpPreIlAdhoc
2018-06-18 07:43:02,240 INFO  Completed - Batch - executeWlgHpPreIlAdhoc from /bcrp/prd/application/BatchManager/bin/DailyAdhocAssignment.batch
2018-06-18 07:43:02,241 INFO  Finished - Batch - executeWlgHpPreIlAdhoc
2018-06-18 07:43:02,241 INFO  Starting - Batch - executeWlgPlIlAdhoc from /bcrp/prd/application/BatchManager/bin/DailyAdhocAssignment.batch
2018-06-18 07:43:02,242 INFO  Execute - Batch - executeWlgPlIlAdhoc
2018-06-18 07:43:02,301 INFO  Completed - Batch - executeWlgPlIlAdhoc from /bcrp/prd/application/BatchManager/bin/DailyAdhocAssignment.batch
2018-06-18 07:43:02,301 INFO  Finished - Batch - executeWlgPlIlAdhoc
2018-06-18 07:43:02,301 INFO  Starting - Batch - executeWlgPlPreIlAdhoc from /bcrp/prd/application/BatchManager/bin/DailyAdhocAssignment.batch
2018-06-18 07:43:02,303 INFO  Execute - Batch - executeWlgPlPreIlAdhoc
2018-06-18 07:44:34,475 INFO  Completed - Batch - executeWlgPlPreIlAdhoc from /bcrp/prd/application/BatchManager/bin/DailyAdhocAssignment.batch
2018-06-18 07:44:34,475 INFO  Finished - Batch - executeWlgPlPreIlAdhoc
2018-06-18 07:44:34,476 INFO  Starting - Batch - executeWlgMgIlAdhoc from /bcrp/prd/application/BatchManager/bin/DailyAdhocAssignment.batch
2018-06-18 07:44:34,477 INFO  Execute - Batch - executeWlgMgIlAdhoc
2018-06-18 07:44:34,491 INFO  Completed - Batch - executeWlgMgIlAdhoc from /bcrp/prd/application/BatchManager/bin/DailyAdhocAssignment.batch
2018-06-18 07:44:34,492 INFO  Finished - Batch - executeWlgMgIlAdhoc
2018-06-18 07:44:34,492 INFO  Starting - Batch - executeWlgMgPreIlAdhoc from /bcrp/prd/application/BatchManager/bin/DailyAdhocAssignment.batch
2018-06-18 07:44:34,493 INFO  Execute - Batch - executeWlgMgPreIlAdhoc
2018-06-18 07:44:34,509 INFO  Completed - Batch - executeWlgMgPreIlAdhoc from /bcrp/prd/application/BatchManager/bin/DailyAdhocAssignment.batch
2018-06-18 07:44:34,509 INFO  Finished - Batch - executeWlgMgPreIlAdhoc
2018-06-18 07:44:34,510 INFO  Starting - Batch - executeWlgOdIlAdhoc from /bcrp/prd/application/BatchManager/bin/DailyAdhocAssignment.batch
2018-06-18 07:44:34,511 INFO  Execute - Batch - executeWlgOdIlAdhoc
2018-06-18 07:44:34,525 INFO  Completed - Batch - executeWlgOdIlAdhoc from /bcrp/prd/application/BatchManager/bin/DailyAdhocAssignment.batch
2018-06-18 07:44:34,525 INFO  Finished - Batch - executeWlgOdIlAdhoc
2018-06-18 07:44:34,525 INFO  Starting - Batch - executeWlgOdPreIlAdhoc from /bcrp/prd/application/BatchManager/bin/DailyAdhocAssignment.batch
2018-06-18 07:44:34,526 INFO  Execute - Batch - executeWlgOdPreIlAdhoc
2018-06-18 07:44:34,541 INFO  Completed - Batch - executeWlgOdPreIlAdhoc from /bcrp/prd/application/BatchManager/bin/DailyAdhocAssignment.batch
2018-06-18 07:44:34,541 INFO  Finished - Batch - executeWlgOdPreIlAdhoc
2018-06-18 07:44:34,541 DEBUG --DONE--
