2018-06-07 07:42:07,894 INFO  HTTP_INIT_CLIENT: Starting HTTP interface connecting to server http://localhost:8765
LOGIN SUCCESSFUL
2018-06-07 07:42:08,152 DEBUG --START--
2018-06-07 07:42:08,158 INFO  Starting - Batch - processHostData from /carma/application/BatchManager/bin/Daily.batch
2018-06-07 07:42:08,164 INFO  Execute - Batch - processHostData
2018-06-07 08:01:38,791 INFO  Completed - Batch - processHostData from /carma/application/BatchManager/bin/Daily.batch
2018-06-07 08:01:38,791 INFO  Finished - Batch - processHostData
2018-06-07 08:01:38,792 INFO  Starting - Batch - appPaidEvaluationProcess from /carma/application/BatchManager/bin/Daily.batch
2018-06-07 08:01:38,792 INFO  Execute - Batch - appPaidEvaluationProcess
2018-06-07 08:02:24,666 INFO  Completed - Batch - appPaidEvaluationProcess from /carma/application/BatchManager/bin/Daily.batch
2018-06-07 08:02:24,667 INFO  Finished - Batch - appPaidEvaluationProcess
2018-06-07 08:02:24,667 INFO  Starting - Batch - ctiExtraction from /carma/application/BatchManager/bin/Daily.batch
2018-06-07 08:02:24,667 INFO  Execute - Batch - ctiExtraction
2018-06-07 08:06:48,500 INFO  Completed - Batch - ctiExtraction from /carma/application/BatchManager/bin/Daily.batch
2018-06-07 08:06:48,500 INFO  Finished - Batch - ctiExtraction
2018-06-07 08:06:48,500 INFO  Starting - Batch - promiseEvaluation from /carma/application/BatchManager/bin/Daily.batch
2018-06-07 08:06:48,501 INFO  Execute - Batch - promiseEvaluation
2018-06-07 08:08:52,289 INFO  Completed - Batch - promiseEvaluation from /carma/application/BatchManager/bin/Daily.batch
2018-06-07 08:08:52,289 INFO  Finished - Batch - promiseEvaluation
2018-06-07 08:08:52,289 INFO  Starting - Batch - appDailyProcess from /carma/application/BatchManager/bin/Daily.batch
2018-06-07 08:08:52,290 INFO  Execute - Batch - appDailyProcess
2018-06-07 08:12:07,886 INFO  Completed - Batch - appDailyProcess from /carma/application/BatchManager/bin/Daily.batch
2018-06-07 08:12:07,887 INFO  Finished - Batch - appDailyProcess
2018-06-07 08:12:07,887 INFO  Starting - Batch - updateSettlementProposal from /carma/application/BatchManager/bin/Daily.batch
2018-06-07 08:12:07,887 INFO  Execute - Batch - updateSettlementProposal
2018-06-07 08:12:09,188 ERROR Batch failed with return code: SPAWNED_THREAD_ERROR
2018-06-07 08:12:09,188 INFO  Completed - Batch - updateSettlementProposal from /carma/application/BatchManager/bin/Daily.batch
2018-06-07 08:12:09,188 ERROR Error - Batch - updateSettlementProposal
com.profitera.descriptor.business.ServiceException
	at com.profitera.client.RemoteProgressThread.execute(RemoteProgressThread.java:107)
	at com.profitera.client.ProgressThread.doExecute(ProgressThread.java:54)
	at com.profitera.client.ProgressThread.run(ProgressThread.java:45)
	at com.profitera.batch.main.BatchExe.executeBatch(BatchExe.java:170)
	at com.profitera.batch.main.BatchExe.main(BatchExe.java:245)
