2018-06-23 07:29:07,810 INFO  HTTP_INIT_CLIENT: Starting HTTP interface connecting to server http://localhost:8765
LOGIN SUCCESSFUL
2018-06-23 07:29:19,845 DEBUG --START--
2018-06-23 07:29:19,850 INFO  Starting - Batch - processHostData from /carma/application/BatchManager/bin/Daily.batch
2018-06-23 07:29:19,857 INFO  Execute - Batch - processHostData
2018-06-23 07:46:04,175 INFO  Completed - Batch - processHostData from /carma/application/BatchManager/bin/Daily.batch
2018-06-23 07:46:04,176 INFO  Finished - Batch - processHostData
2018-06-23 07:46:04,176 INFO  Starting - Batch - appPaidEvaluationProcess from /carma/application/BatchManager/bin/Daily.batch
2018-06-23 07:46:04,176 INFO  Execute - Batch - appPaidEvaluationProcess
2018-06-23 07:46:31,420 INFO  Completed - Batch - appPaidEvaluationProcess from /carma/application/BatchManager/bin/Daily.batch
2018-06-23 07:46:31,420 INFO  Finished - Batch - appPaidEvaluationProcess
2018-06-23 07:46:31,420 INFO  Starting - Batch - ctiExtraction from /carma/application/BatchManager/bin/Daily.batch
2018-06-23 07:46:31,421 INFO  Execute - Batch - ctiExtraction
2018-06-23 07:49:58,867 INFO  Completed - Batch - ctiExtraction from /carma/application/BatchManager/bin/Daily.batch
2018-06-23 07:49:58,867 INFO  Finished - Batch - ctiExtraction
2018-06-23 07:49:58,867 INFO  Starting - Batch - promiseEvaluation from /carma/application/BatchManager/bin/Daily.batch
2018-06-23 07:49:58,868 INFO  Execute - Batch - promiseEvaluation
2018-06-23 07:52:17,926 INFO  Completed - Batch - promiseEvaluation from /carma/application/BatchManager/bin/Daily.batch
2018-06-23 07:52:17,926 INFO  Finished - Batch - promiseEvaluation
2018-06-23 07:52:17,926 INFO  Starting - Batch - appDailyProcess from /carma/application/BatchManager/bin/Daily.batch
2018-06-23 07:52:17,927 INFO  Execute - Batch - appDailyProcess
2018-06-23 07:55:34,267 INFO  Completed - Batch - appDailyProcess from /carma/application/BatchManager/bin/Daily.batch
2018-06-23 07:55:34,267 INFO  Finished - Batch - appDailyProcess
2018-06-23 07:55:34,267 INFO  Starting - Batch - updateSettlementProposal from /carma/application/BatchManager/bin/Daily.batch
2018-06-23 07:55:34,268 INFO  Execute - Batch - updateSettlementProposal
2018-06-23 07:55:35,992 INFO  Completed - Batch - updateSettlementProposal from /carma/application/BatchManager/bin/Daily.batch
2018-06-23 07:55:35,992 INFO  Finished - Batch - updateSettlementProposal
2018-06-23 07:55:35,992 INFO  Starting - Batch - poolCallingPriority from /carma/application/BatchManager/bin/Daily.batch
2018-06-23 07:55:35,993 INFO  Execute - Batch - poolCallingPriority
2018-06-23 07:55:36,039 INFO  Completed - Batch - poolCallingPriority from /carma/application/BatchManager/bin/Daily.batch
2018-06-23 07:55:36,039 INFO  Finished - Batch - poolCallingPriority
2018-06-23 07:55:36,039 DEBUG --DONE--
