2018-06-18 06:41:06,692 INFO  HTTP_INIT_CLIENT: Starting HTTP interface connecting to server http://localhost:8765
LOGIN SUCCESSFUL
2018-06-18 06:41:06,978 DEBUG --START--
2018-06-18 06:41:06,983 INFO  Starting - Batch - processHostData from /carma/application/BatchManager/bin/Daily.batch
2018-06-18 06:41:06,990 INFO  Execute - Batch - processHostData
2018-06-18 06:47:36,779 INFO  Completed - Batch - processHostData from /carma/application/BatchManager/bin/Daily.batch
2018-06-18 06:47:36,779 INFO  Finished - Batch - processHostData
2018-06-18 06:47:36,779 INFO  Starting - Batch - appPaidEvaluationProcess from /carma/application/BatchManager/bin/Daily.batch
2018-06-18 06:47:36,780 INFO  Execute - Batch - appPaidEvaluationProcess
2018-06-18 06:48:08,772 INFO  Completed - Batch - appPaidEvaluationProcess from /carma/application/BatchManager/bin/Daily.batch
2018-06-18 06:48:08,772 INFO  Finished - Batch - appPaidEvaluationProcess
2018-06-18 06:48:08,772 INFO  Starting - Batch - ctiExtraction from /carma/application/BatchManager/bin/Daily.batch
2018-06-18 06:48:08,773 INFO  Execute - Batch - ctiExtraction
2018-06-18 06:52:15,798 INFO  Completed - Batch - ctiExtraction from /carma/application/BatchManager/bin/Daily.batch
2018-06-18 06:52:15,798 INFO  Finished - Batch - ctiExtraction
2018-06-18 06:52:15,798 INFO  Starting - Batch - promiseEvaluation from /carma/application/BatchManager/bin/Daily.batch
2018-06-18 06:52:15,799 INFO  Execute - Batch - promiseEvaluation
2018-06-18 06:52:38,264 INFO  Completed - Batch - promiseEvaluation from /carma/application/BatchManager/bin/Daily.batch
2018-06-18 06:52:38,264 INFO  Finished - Batch - promiseEvaluation
2018-06-18 06:52:38,264 INFO  Starting - Batch - appDailyProcess from /carma/application/BatchManager/bin/Daily.batch
2018-06-18 06:52:38,265 INFO  Execute - Batch - appDailyProcess
2018-06-18 06:56:09,616 INFO  Completed - Batch - appDailyProcess from /carma/application/BatchManager/bin/Daily.batch
2018-06-18 06:56:09,616 INFO  Finished - Batch - appDailyProcess
2018-06-18 06:56:09,616 INFO  Starting - Batch - updateSettlementProposal from /carma/application/BatchManager/bin/Daily.batch
2018-06-18 06:56:09,617 INFO  Execute - Batch - updateSettlementProposal
2018-06-18 06:56:10,851 INFO  Completed - Batch - updateSettlementProposal from /carma/application/BatchManager/bin/Daily.batch
2018-06-18 06:56:10,852 INFO  Finished - Batch - updateSettlementProposal
2018-06-18 06:56:10,852 INFO  Starting - Batch - poolCallingPriority from /carma/application/BatchManager/bin/Daily.batch
2018-06-18 06:56:10,852 INFO  Execute - Batch - poolCallingPriority
2018-06-18 06:56:10,883 INFO  Completed - Batch - poolCallingPriority from /carma/application/BatchManager/bin/Daily.batch
2018-06-18 06:56:10,884 INFO  Finished - Batch - poolCallingPriority
2018-06-18 06:56:10,884 DEBUG --DONE--
