2018-06-17 07:02:07,929 INFO  HTTP_INIT_CLIENT: Starting HTTP interface connecting to server http://localhost:8765
LOGIN SUCCESSFUL
2018-06-17 07:02:26,980 DEBUG --START--
2018-06-17 07:02:26,986 INFO  Starting - Batch - processHostData from /carma/application/BatchManager/bin/Daily.batch
2018-06-17 07:02:26,992 INFO  Execute - Batch - processHostData
2018-06-17 07:09:42,012 INFO  Completed - Batch - processHostData from /carma/application/BatchManager/bin/Daily.batch
2018-06-17 07:09:42,013 INFO  Finished - Batch - processHostData
2018-06-17 07:09:42,013 INFO  Starting - Batch - appPaidEvaluationProcess from /carma/application/BatchManager/bin/Daily.batch
2018-06-17 07:09:42,014 INFO  Execute - Batch - appPaidEvaluationProcess
2018-06-17 07:10:15,352 INFO  Completed - Batch - appPaidEvaluationProcess from /carma/application/BatchManager/bin/Daily.batch
2018-06-17 07:10:15,352 INFO  Finished - Batch - appPaidEvaluationProcess
2018-06-17 07:10:15,352 INFO  Starting - Batch - ctiExtraction from /carma/application/BatchManager/bin/Daily.batch
2018-06-17 07:10:15,353 INFO  Execute - Batch - ctiExtraction
2018-06-17 07:13:57,805 INFO  Completed - Batch - ctiExtraction from /carma/application/BatchManager/bin/Daily.batch
2018-06-17 07:13:57,806 INFO  Finished - Batch - ctiExtraction
2018-06-17 07:13:57,806 INFO  Starting - Batch - promiseEvaluation from /carma/application/BatchManager/bin/Daily.batch
2018-06-17 07:13:57,806 INFO  Execute - Batch - promiseEvaluation
2018-06-17 07:14:16,656 INFO  Completed - Batch - promiseEvaluation from /carma/application/BatchManager/bin/Daily.batch
2018-06-17 07:14:16,657 INFO  Finished - Batch - promiseEvaluation
2018-06-17 07:14:16,657 INFO  Starting - Batch - appDailyProcess from /carma/application/BatchManager/bin/Daily.batch
2018-06-17 07:14:16,657 INFO  Execute - Batch - appDailyProcess
2018-06-17 07:17:27,484 INFO  Completed - Batch - appDailyProcess from /carma/application/BatchManager/bin/Daily.batch
2018-06-17 07:17:27,484 INFO  Finished - Batch - appDailyProcess
2018-06-17 07:17:27,484 INFO  Starting - Batch - updateSettlementProposal from /carma/application/BatchManager/bin/Daily.batch
2018-06-17 07:17:27,485 INFO  Execute - Batch - updateSettlementProposal
2018-06-17 07:17:28,562 INFO  Completed - Batch - updateSettlementProposal from /carma/application/BatchManager/bin/Daily.batch
2018-06-17 07:17:28,562 INFO  Finished - Batch - updateSettlementProposal
2018-06-17 07:17:28,562 INFO  Starting - Batch - poolCallingPriority from /carma/application/BatchManager/bin/Daily.batch
2018-06-17 07:17:28,563 INFO  Execute - Batch - poolCallingPriority
2018-06-17 07:17:28,600 INFO  Completed - Batch - poolCallingPriority from /carma/application/BatchManager/bin/Daily.batch
2018-06-17 07:17:28,601 INFO  Finished - Batch - poolCallingPriority
2018-06-17 07:17:28,601 DEBUG --DONE--
