2018-06-22 07:14:07,581 INFO  HTTP_INIT_CLIENT: Starting HTTP interface connecting to server http://localhost:8765
LOGIN SUCCESSFUL
2018-06-22 07:14:08,238 DEBUG --START--
2018-06-22 07:14:08,244 INFO  Starting - Batch - processHostData from /carma/application/BatchManager/bin/Daily.batch
2018-06-22 07:14:08,252 INFO  Execute - Batch - processHostData
2018-06-22 07:37:07,338 INFO  Completed - Batch - processHostData from /carma/application/BatchManager/bin/Daily.batch
2018-06-22 07:37:07,338 INFO  Finished - Batch - processHostData
2018-06-22 07:37:07,338 INFO  Starting - Batch - appPaidEvaluationProcess from /carma/application/BatchManager/bin/Daily.batch
2018-06-22 07:37:07,339 INFO  Execute - Batch - appPaidEvaluationProcess
2018-06-22 07:37:36,679 INFO  Completed - Batch - appPaidEvaluationProcess from /carma/application/BatchManager/bin/Daily.batch
2018-06-22 07:37:36,680 INFO  Finished - Batch - appPaidEvaluationProcess
2018-06-22 07:37:36,680 INFO  Starting - Batch - ctiExtraction from /carma/application/BatchManager/bin/Daily.batch
2018-06-22 07:37:36,680 INFO  Execute - Batch - ctiExtraction
2018-06-22 07:41:11,176 INFO  Completed - Batch - ctiExtraction from /carma/application/BatchManager/bin/Daily.batch
2018-06-22 07:41:11,176 INFO  Finished - Batch - ctiExtraction
2018-06-22 07:41:11,176 INFO  Starting - Batch - promiseEvaluation from /carma/application/BatchManager/bin/Daily.batch
2018-06-22 07:41:11,177 INFO  Execute - Batch - promiseEvaluation
2018-06-22 07:42:45,372 INFO  Completed - Batch - promiseEvaluation from /carma/application/BatchManager/bin/Daily.batch
2018-06-22 07:42:45,373 INFO  Finished - Batch - promiseEvaluation
2018-06-22 07:42:45,373 INFO  Starting - Batch - appDailyProcess from /carma/application/BatchManager/bin/Daily.batch
2018-06-22 07:42:45,373 INFO  Execute - Batch - appDailyProcess
2018-06-22 07:45:58,698 INFO  Completed - Batch - appDailyProcess from /carma/application/BatchManager/bin/Daily.batch
2018-06-22 07:45:58,698 INFO  Finished - Batch - appDailyProcess
2018-06-22 07:45:58,698 INFO  Starting - Batch - updateSettlementProposal from /carma/application/BatchManager/bin/Daily.batch
2018-06-22 07:45:58,699 INFO  Execute - Batch - updateSettlementProposal
2018-06-22 07:46:00,406 INFO  Completed - Batch - updateSettlementProposal from /carma/application/BatchManager/bin/Daily.batch
2018-06-22 07:46:00,406 INFO  Finished - Batch - updateSettlementProposal
2018-06-22 07:46:00,406 INFO  Starting - Batch - poolCallingPriority from /carma/application/BatchManager/bin/Daily.batch
2018-06-22 07:46:00,406 INFO  Execute - Batch - poolCallingPriority
2018-06-22 07:46:00,439 INFO  Completed - Batch - poolCallingPriority from /carma/application/BatchManager/bin/Daily.batch
2018-06-22 07:46:00,440 INFO  Finished - Batch - poolCallingPriority
2018-06-22 07:46:00,440 DEBUG --DONE--
